[INFO] [launch]: All log files can be found below /root/.ros/log/2026-06-13-17-04-21-016569-30f666a196dd-10907
[INFO] [launch]: Default logging verbosity is set to INFO
[INFO] [static_transform_publisher-1]: process started with pid [10911]
[INFO] [robot_state_publisher-2]: process started with pid [10912]
[INFO] [move_group-3]: process started with pid [10913]
[INFO] [rviz2-4]: process started with pid [10914]
[INFO] [ros2_control_node-5]: process started with pid [10915]
[INFO] [spawner-6]: process started with pid [10916]
[INFO] [spawner-7]: process started with pid [10917]
[static_transform_publisher-1] [INFO] [1781370265.554209470] [static_transform_publisher0]: Spinning until stopped - publishing transform
[static_transform_publisher-1] translation: ('0.000000', '0.000000', '0.000000')
[static_transform_publisher-1] rotation: ('0.000000', '0.000000', '0.000000', '1.000000')
[static_transform_publisher-1] from 'world' to 'base_link'
[rviz2-4] QStandardPaths: XDG_RUNTIME_DIR not set, defaulting to '/tmp/runtime-root'
[robot_state_publisher-2] [INFO] [1781370265.629337935] [robot_state_publisher]: Robot initialized
[move_group-3] [INFO] [1781370265.681251584] [move_group.moveit.moveit.ros.rdf_loader]: Loaded robot model in 0.0767727 seconds
[move_group-3] [INFO] [1781370265.681470785] [move_group.moveit.moveit.core.robot_model]: Loading robot model 'abb_irb140'...
[rviz2-4] [INFO] [1781370265.966475441] [rviz2]: Stereo is NOT SUPPORTED
[rviz2-4] [INFO] [1781370265.966587791] [rviz2]: OpenGl version: 4.5 (GLSL 4.5)
[rviz2-4] [INFO] [1781370266.040701986] [rviz2]: Stereo is NOT SUPPORTED
[move_group-3] [INFO] [1781370266.066731203] [move_group.moveit.moveit.kinematics.kdl_kinematics_plugin]: Joint weights for group 'manipulator': 1 1 1 1 1 1
[spawner-7] [INFO] [1781370266.126292294] [spawner_joint_state_broadcaster]: waiting for service /controller_manager/list_controllers to become available...
[move_group-3] [INFO] [1781370266.218265901] [move_group.moveit.moveit.ros.planning_scene_monitor]: Publishing maintained planning scene on 'monitored_planning_scene'
[move_group-3] [INFO] [1781370266.218516179] [move_group.moveit.moveit.ros.moveit_cpp]: Listening to 'joint_states' for joint states
[move_group-3] [INFO] [1781370266.219920139] [move_group.moveit.moveit.ros.current_state_monitor]: Listening to joint states on topic 'joint_states'
[move_group-3] [INFO] [1781370266.221346194] [move_group.moveit.moveit.ros.planning_scene_monitor]: Listening to '/attached_collision_object' for attached collision objects
[move_group-3] [INFO] [1781370266.221441227] [move_group.moveit.moveit.ros.planning_scene_monitor]: Stopping existing planning scene publisher.
[move_group-3] [INFO] [1781370266.221734371] [move_group.moveit.moveit.ros.planning_scene_monitor]: Stopped publishing maintained planning scene.
[move_group-3] [INFO] [1781370266.222567383] [move_group.moveit.moveit.ros.planning_scene_monitor]: Publishing maintained planning scene on 'monitored_planning_scene'
[move_group-3] [INFO] [1781370266.222745080] [move_group.moveit.moveit.ros.planning_scene_monitor]: Starting planning scene monitor
[move_group-3] [INFO] [1781370266.223525944] [move_group.moveit.moveit.ros.planning_scene_monitor]: Listening to '/planning_scene'
[move_group-3] [INFO] [1781370266.223553878] [move_group.moveit.moveit.ros.planning_scene_monitor]: Starting world geometry update monitor for collision objects, attached objects, octomap updates.
[move_group-3] [INFO] [1781370266.225263003] [move_group.moveit.moveit.ros.planning_scene_monitor]: Listening to 'collision_object'
[move_group-3] [INFO] [1781370266.225921067] [move_group.moveit.moveit.ros.planning_scene_monitor]: Listening to 'planning_scene_world' for planning scene world geometry
[move_group-3] [WARN] [1781370266.251805865] [move_group.moveit.moveit.ros.occupancy_map_monitor]: Resolution not specified for Octomap. Assuming resolution = 0.1 instead
[move_group-3] [ERROR] [1781370266.251956979] [move_group.moveit.moveit.ros.occupancy_map_monitor]: Exception while loading octomap updater 'occupancy_map_monitor/DepthImageOctomapUpdater': According to the loaded plugin descriptions the class occupancy_map_monitor/DepthImageOctomapUpdater with base class type occupancy_map_monitor::OccupancyMapUpdater does not exist. Declared types are 
[move_group-3] 
[move_group-3] [ERROR] [1781370266.252052326] [move_group.moveit.moveit.ros.occupancy_map_monitor]: Failed to load sensor: `default_sensor` of type: `occupancy_map_monitor/DepthImageOctomapUpdater`
[move_group-3] [ERROR] [1781370266.252088576] [move_group.moveit.moveit.ros.occupancy_map_monitor]: Exception while loading octomap updater 'occupancy_map_monitor/DepthImageOctomapUpdater': According to the loaded plugin descriptions the class occupancy_map_monitor/DepthImageOctomapUpdater with base class type occupancy_map_monitor::OccupancyMapUpdater does not exist. Declared types are 
[move_group-3] 
[move_group-3] [ERROR] [1781370266.252114367] [move_group.moveit.moveit.ros.occupancy_map_monitor]: Failed to load sensor: `kinect_depthimage` of type: `occupancy_map_monitor/DepthImageOctomapUpdater`
[ros2_control_node-5] [INFO] [1781370266.253157739] [controller_manager]: Using Steady (Monotonic) clock for triggering controller manager cycles.
[ros2_control_node-5] [INFO] [1781370266.346814224] [controller_manager]: Subscribing to '/robot_description' topic for robot description.
[ros2_control_node-5] [INFO] [1781370266.353071085] [controller_manager]: update rate is 100 Hz
[ros2_control_node-5] [INFO] [1781370266.353101074] [controller_manager]: Overruns handling is : enabled
[ros2_control_node-5] [INFO] [1781370266.353106294] [controller_manager]: Spawning controller_manager RT thread with scheduler priority: 50
[ros2_control_node-5] [WARN] [1781370266.353226295] [controller_manager]: Could not enable FIFO RT scheduling policy: with error number <1>(Operation not permitted). See [https://control.ros.org/master/doc/ros2_control/controller_manager/doc/userdoc.html] for details on how to enable realtime scheduling.
[ros2_control_node-5] [INFO] [1781370266.357646179] [controller_manager]: Received robot description from topic.
[ros2_control_node-5] [INFO] [1781370266.357711436] [controller_manager]: Enforcing command limits is disabled. Command limits from URDF will be ignored.
[move_group-3] [INFO] [1781370266.382960701] [move_group.moveit.moveit.ros.planning_pipeline]: Successfully loaded planner 'STOMP'
[ros2_control_node-5] terminate called after throwing an instance of 'std::runtime_error'
[ros2_control_node-5]   what():  Joint 'gripper_finger_joint2' has mimic attribute not set to false: Activated mimic joints cannot have command interfaces.
[ros2_control_node-5] Stack trace (most recent call last) in thread 11035:
[ros2_control_node-5] #18   Object "", at 0xffffffffffffffff, in 
[ros2_control_node-5] #17   Object "/usr/lib/x86_64-linux-gnu/libc.so.6", at 0x7f8058750a63, in __clone
[ros2_control_node-5] #16   Object "/usr/lib/x86_64-linux-gnu/libc.so.6", at 0x7f80586c3aa3, in 
[ros2_control_node-5] #15   Object "/usr/lib/x86_64-linux-gnu/libstdc++.so.6.0.33", at 0x7f8058953db3, in 
[ros2_control_node-5] #14   Object "/opt/ros/jazzy/lib/librclcpp.so", at 0x7f8058c299c6, in rclcpp::executors::MultiThreadedExecutor::run(unsigned long)
[ros2_control_node-5] #13   Object "/opt/ros/jazzy/lib/librclcpp.so", at 0x7f8058c16f59, in rclcpp::Executor::execute_any_executable(rclcpp::AnyExecutable&)
[ros2_control_node-5] #12   Object "/opt/ros/jazzy/lib/librclcpp.so", at 0x7f8058c1682a, in rclcpp::Executor::execute_subscription(std::shared_ptr<rclcpp::SubscriptionBase>)
[ros2_control_node-5] #11   Object "/opt/ros/jazzy/lib/libcontroller_manager.so", at 0x7f8058ec9794, in 
[ros2_control_node-5] #10   Object "/opt/ros/jazzy/lib/libcontroller_manager.so", at 0x7f8058e40c9a, in controller_manager::ControllerManager::robot_description_callback(std_msgs::msg::String_<std::allocator<void> > const&)
[ros2_control_node-5] #9    Object "/opt/ros/jazzy/lib/libcontroller_manager.so", at 0x7f8058e3d397, in controller_manager::ControllerManager::init_resource_manager(std::__cxx11::basic_string<char, std::char_traits<char>, std::allocator<char> > const&)
[ros2_control_node-5] #8    Object "/opt/ros/jazzy/lib/libhardware_interface.so", at 0x7f80584c0add, in hardware_interface::ResourceManager::load_and_initialize_components(std::__cxx11::basic_string<char, std::char_traits<char>, std::allocator<char> > const&, unsigned int)
[ros2_control_node-5] #7    Object "/opt/ros/jazzy/lib/libhardware_interface.so", at 0x7f80584770dd, in 
[ros2_control_node-5] #6    Object "/usr/lib/x86_64-linux-gnu/libstdc++.so.6.0.33", at 0x7f8058922390, in __cxa_throw
[ros2_control_node-5] #5    Object "/usr/lib/x86_64-linux-gnu/libstdc++.so.6.0.33", at 0x7f805890ca54, in std::terminate()
[ros2_control_node-5] #4    Object "/usr/lib/x86_64-linux-gnu/libstdc++.so.6.0.33", at 0x7f80589220d9, in 
[ros2_control_node-5] #3    Object "/usr/lib/x86_64-linux-gnu/libstdc++.so.6.0.33", at 0x7f805890cff4, in 
[ros2_control_node-5] #2    Object "/usr/lib/x86_64-linux-gnu/libc.so.6", at 0x7f805864f8fe, in abort
[ros2_control_node-5] #1    Object "/usr/lib/x86_64-linux-gnu/libc.so.6", at 0x7f805866c27d, in raise
[ros2_control_node-5] #0    Object "/usr/lib/x86_64-linux-gnu/libc.so.6", at 0x7f80586c5b2c, in pthread_kill
[ros2_control_node-5] Aborted (Signal sent by tkill() 10915 0)
[ERROR] [ros2_control_node-5]: process has died [pid 10915, exit code -6, cmd '/opt/ros/jazzy/lib/controller_manager/ros2_control_node --ros-args --params-file /root/ros2_projects/abb_project/install/abb_irb140_moveit_config/share/abb_irb140_moveit_config/config/ros2_controllers.yaml -r /controller_manager/robot_description:=/robot_description'].
[move_group-3] [INFO] [1781370266.505113666] [move_group]: Try loading adapter 'default_planning_request_adapters/ResolveConstraintFrames'
[move_group-3] [INFO] [1781370266.518470737] [move_group]: Loaded adapter 'default_planning_request_adapters/ResolveConstraintFrames'
[move_group-3] [INFO] [1781370266.518510305] [move_group]: Try loading adapter 'default_planning_request_adapters/ValidateWorkspaceBounds'
[move_group-3] [INFO] [1781370266.518938530] [move_group]: Loaded adapter 'default_planning_request_adapters/ValidateWorkspaceBounds'
[move_group-3] [INFO] [1781370266.518956034] [move_group]: Try loading adapter 'default_planning_request_adapters/CheckStartStateBounds'
[move_group-3] [INFO] [1781370266.518991263] [move_group]: Loaded adapter 'default_planning_request_adapters/CheckStartStateBounds'
[move_group-3] [INFO] [1781370266.519010340] [move_group]: Try loading adapter 'default_planning_request_adapters/CheckStartStateCollision'
[move_group-3] [INFO] [1781370266.519039427] [move_group]: Loaded adapter 'default_planning_request_adapters/CheckStartStateCollision'
[move_group-3] [INFO] [1781370266.630350529] [move_group]: Try loading adapter 'default_planning_response_adapters/AddTimeOptimalParameterization'
[move_group-3] [INFO] [1781370266.647448041] [move_group]: Loaded adapter 'default_planning_response_adapters/AddTimeOptimalParameterization'
[move_group-3] [INFO] [1781370266.647513148] [move_group]: Try loading adapter 'default_planning_response_adapters/ValidateSolution'
[move_group-3] [INFO] [1781370266.650273521] [move_group]: Loaded adapter 'default_planning_response_adapters/ValidateSolution'
[move_group-3] [INFO] [1781370266.650326574] [move_group]: Try loading adapter 'default_planning_response_adapters/DisplayMotionPath'
[move_group-3] [INFO] [1781370266.651840989] [move_group]: Loaded adapter 'default_planning_response_adapters/DisplayMotionPath'
[move_group-3] [INFO] [1781370266.777737719] [move_group.moveit.moveit.planners.pilz.joint_limits_aggregator]: Reading limits from namespace robot_description_planning
[move_group-3] [INFO] [1781370266.824984560] [move_group.moveit.moveit.planners.pilz.command_planner]: Available plugins: pilz_industrial_motion_planner/PlanningContextLoaderCIRC pilz_industrial_motion_planner/PlanningContextLoaderLIN pilz_industrial_motion_planner/PlanningContextLoaderPTP 
[move_group-3] [INFO] [1781370266.825053815] [move_group.moveit.moveit.planners.pilz.command_planner]: About to load: pilz_industrial_motion_planner/PlanningContextLoaderCIRC
[move_group-3] [INFO] [1781370266.839948773] [move_group.moveit.moveit.planners.pilz.command_planner]: Registered Algorithm [CIRC]
[move_group-3] [INFO] [1781370266.840017276] [move_group.moveit.moveit.planners.pilz.command_planner]: About to load: pilz_industrial_motion_planner/PlanningContextLoaderLIN
[move_group-3] [INFO] [1781370266.851104325] [move_group.moveit.moveit.planners.pilz.command_planner]: Registered Algorithm [LIN]
[move_group-3] [INFO] [1781370266.851171556] [move_group.moveit.moveit.planners.pilz.command_planner]: About to load: pilz_industrial_motion_planner/PlanningContextLoaderPTP
[move_group-3] [INFO] [1781370266.864633041] [move_group.moveit.moveit.planners.pilz.command_planner]: Registered Algorithm [PTP]
[move_group-3] [INFO] [1781370266.864708759] [move_group.moveit.moveit.ros.planning_pipeline]: Successfully loaded planner 'Pilz Industrial Motion Planner'
[rviz2-4] Warning: class_loader.impl: SEVERE WARNING!!! A namespace collision has occurred with plugin factory for class rviz_default_plugins::displays::InteractiveMarkerDisplay. New factory will OVERWRITE existing one. This situation occurs when libraries containing plugins are directly linked against an executable (the one running right now generating this message). Please separate plugins out into their own library or just don't link against the library and use either class_loader::ClassLoader/MultiLibraryClassLoader to open.
[rviz2-4]          at line 321 in /opt/ros/jazzy/include/class_loader/class_loader/class_loader_core.hpp
[move_group-3] [INFO] [1781370266.981669674] [move_group]: Try loading adapter 'default_planning_request_adapters/ResolveConstraintFrames'
[move_group-3] [INFO] [1781370266.995065341] [move_group]: Loaded adapter 'default_planning_request_adapters/ResolveConstraintFrames'
[move_group-3] [INFO] [1781370266.995128524] [move_group]: Try loading adapter 'default_planning_request_adapters/ValidateWorkspaceBounds'
[move_group-3] [INFO] [1781370266.995701051] [move_group]: Loaded adapter 'default_planning_request_adapters/ValidateWorkspaceBounds'
[move_group-3] [INFO] [1781370266.995727422] [move_group]: Try loading adapter 'default_planning_request_adapters/CheckStartStateBounds'
[move_group-3] [INFO] [1781370266.995761960] [move_group]: Loaded adapter 'default_planning_request_adapters/CheckStartStateBounds'
[move_group-3] [INFO] [1781370266.995775206] [move_group]: Try loading adapter 'default_planning_request_adapters/CheckStartStateCollision'
[move_group-3] [INFO] [1781370266.995792058] [move_group]: Loaded adapter 'default_planning_request_adapters/CheckStartStateCollision'
[move_group-3] [INFO] [1781370267.135435199] [move_group]: Try loading adapter 'default_planning_response_adapters/ValidateSolution'
[move_group-3] [INFO] [1781370267.153848907] [move_group]: Loaded adapter 'default_planning_response_adapters/ValidateSolution'
[move_group-3] [INFO] [1781370267.153906209] [move_group]: Try loading adapter 'default_planning_response_adapters/DisplayMotionPath'
[move_group-3] [INFO] [1781370267.154481912] [move_group]: Loaded adapter 'default_planning_response_adapters/DisplayMotionPath'
[move_group-3] [INFO] [1781370267.312077610] [move_group.moveit.moveit.ros.planning_pipeline]: Successfully loaded planner 'CHOMP'
[move_group-3] [INFO] [1781370267.437649476] [move_group]: Try loading adapter 'default_planning_request_adapters/ResolveConstraintFrames'
[move_group-3] [INFO] [1781370267.453532677] [move_group]: Loaded adapter 'default_planning_request_adapters/ResolveConstraintFrames'
[move_group-3] [INFO] [1781370267.453595379] [move_group]: Try loading adapter 'default_planning_request_adapters/ValidateWorkspaceBounds'
[move_group-3] [INFO] [1781370267.454110955] [move_group]: Loaded adapter 'default_planning_request_adapters/ValidateWorkspaceBounds'
[move_group-3] [INFO] [1781370267.454128820] [move_group]: Try loading adapter 'default_planning_request_adapters/CheckStartStateBounds'
[move_group-3] [INFO] [1781370267.454167545] [move_group]: Loaded adapter 'default_planning_request_adapters/CheckStartStateBounds'
[move_group-3] [INFO] [1781370267.454183847] [move_group]: Try loading adapter 'default_planning_request_adapters/CheckStartStateCollision'
[move_group-3] [INFO] [1781370267.454204718] [move_group]: Loaded adapter 'default_planning_request_adapters/CheckStartStateCollision'
[move_group-3] [INFO] [1781370267.592050527] [move_group]: Try loading adapter 'default_planning_response_adapters/AddTimeOptimalParameterization'
[move_group-3] [INFO] [1781370267.608124680] [move_group]: Loaded adapter 'default_planning_response_adapters/AddTimeOptimalParameterization'
[move_group-3] [INFO] [1781370267.608327987] [move_group]: Try loading adapter 'default_planning_response_adapters/ValidateSolution'
[move_group-3] [INFO] [1781370267.609713119] [move_group]: Loaded adapter 'default_planning_response_adapters/ValidateSolution'
[move_group-3] [INFO] [1781370267.609769409] [move_group]: Try loading adapter 'default_planning_response_adapters/DisplayMotionPath'
[move_group-3] [INFO] [1781370267.611162647] [move_group]: Loaded adapter 'default_planning_response_adapters/DisplayMotionPath'
[move_group-3] [INFO] [1781370267.764930507] [move_group.moveit.moveit.ros.planning_pipeline]: Successfully loaded planner 'OMPL'
[move_group-3] [INFO] [1781370267.893968366] [move_group]: Try loading adapter 'default_planning_request_adapters/ResolveConstraintFrames'
[move_group-3] [INFO] [1781370267.908111882] [move_group]: Loaded adapter 'default_planning_request_adapters/ResolveConstraintFrames'
[move_group-3] [INFO] [1781370267.908210434] [move_group]: Try loading adapter 'default_planning_request_adapters/ValidateWorkspaceBounds'
[move_group-3] [INFO] [1781370267.909250754] [move_group]: Loaded adapter 'default_planning_request_adapters/ValidateWorkspaceBounds'
[move_group-3] [INFO] [1781370267.909276053] [move_group]: Try loading adapter 'default_planning_request_adapters/CheckStartStateBounds'
[move_group-3] [INFO] [1781370267.909310851] [move_group]: Loaded adapter 'default_planning_request_adapters/CheckStartStateBounds'
[move_group-3] [INFO] [1781370267.909319869] [move_group]: Try loading adapter 'default_planning_request_adapters/CheckStartStateCollision'
[move_group-3] [INFO] [1781370267.909342373] [move_group]: Loaded adapter 'default_planning_request_adapters/CheckStartStateCollision'
[move_group-3] [INFO] [1781370268.035597902] [move_group]: Try loading adapter 'default_planning_response_adapters/AddTimeOptimalParameterization'
[move_group-3] [INFO] [1781370268.053552133] [move_group]: Loaded adapter 'default_planning_response_adapters/AddTimeOptimalParameterization'
[move_group-3] [INFO] [1781370268.053598574] [move_group]: Try loading adapter 'default_planning_response_adapters/ValidateSolution'
[move_group-3] [INFO] [1781370268.054953317] [move_group]: Loaded adapter 'default_planning_response_adapters/ValidateSolution'
[move_group-3] [INFO] [1781370268.055035017] [move_group]: Try loading adapter 'default_planning_response_adapters/DisplayMotionPath'
[move_group-3] [INFO] [1781370268.056300055] [move_group]: Loaded adapter 'default_planning_response_adapters/DisplayMotionPath'
[move_group-3] [INFO] [1781370268.377293919] [move_group.moveit.moveit.plugins.simple_controller_manager]: Added FollowJointTrajectory controller for joint_trajectory_controller
[move_group-3] [INFO] [1781370268.377570348] [move_group.moveit.moveit.plugins.simple_controller_manager]: Returned 1 controllers in list
[move_group-3] [INFO] [1781370268.377610216] [move_group.moveit.moveit.plugins.simple_controller_manager]: Returned 1 controllers in list
[move_group-3] [INFO] [1781370268.380364069] [move_group.moveit.moveit.ros.trajectory_execution_manager]: Trajectory execution is managing controllers
[move_group-3] [INFO] [1781370268.380426671] [move_group]: MoveGroup debug mode is ON
[move_group-3] [INFO] [1781370268.510825786] [move_group.moveit.moveit.planners.pilz.move_group_sequence_action]: initialize move group sequence action
[move_group-3] [INFO] [1781370268.519640945] [move_group.moveit.moveit.planners.pilz.joint_limits_aggregator]: Reading limits from namespace robot_description_planning
[move_group-3] [INFO] [1781370268.519912074] [move_group.moveit.moveit.planners.pilz.joint_limits_aggregator]: Reading limits from namespace robot_description_planning
[move_group-3] [INFO] [1781370268.522372415] [move_group.moveit.moveit.ros.move_group.executable]: 
[move_group-3] 
[move_group-3] ********************************************************
[move_group-3] * MoveGroup using: 
[move_group-3] *     - apply_planning_scene_service
[move_group-3] *     - clear_octomap_service
[move_group-3] *     - get_group_urdf
[move_group-3] *     - load_geometry_from_file
[move_group-3] *     - CartesianPathService
[move_group-3] *     - execute_trajectory_action
[move_group-3] *     - get_planning_scene_service
[move_group-3] *     - kinematics_service
[move_group-3] *     - move_action
[move_group-3] *     - motion_plan_service
[move_group-3] *     - query_planners_service
[move_group-3] *     - state_validation_service
[move_group-3] *     - save_geometry_to_file
[move_group-3] *     - SequenceAction
[move_group-3] *     - SequenceService
[move_group-3] ********************************************************
[move_group-3] 
[move_group-3] [INFO] [1781370268.522461900] [move_group.moveit.moveit.ros.move_group.context]: MoveGroup context using pipeline ompl
[move_group-3] [INFO] [1781370268.522473152] [move_group.moveit.moveit.ros.move_group.context]: MoveGroup context initialization complete
[move_group-3] [96mLoading 'move_group/ApplyPlanningSceneService'...[0m
[move_group-3] [96mLoading 'move_group/ClearOctomapService'...[0m
[move_group-3] [96mLoading 'move_group/GetUrdfService'...[0m
[move_group-3] [96mLoading 'move_group/LoadGeometryFromFileService'...[0m
[move_group-3] [96mLoading 'move_group/MoveGroupCartesianPathService'...[0m
[move_group-3] [96mLoading 'move_group/MoveGroupExecuteTrajectoryAction'...[0m
[move_group-3] [96mLoading 'move_group/MoveGroupGetPlanningSceneService'...[0m
[move_group-3] [96mLoading 'move_group/MoveGroupKinematicsService'...[0m
[move_group-3] [96mLoading 'move_group/MoveGroupMoveAction'...[0m
[move_group-3] [96mLoading 'move_group/MoveGroupPlanService'...[0m
[move_group-3] [96mLoading 'move_group/MoveGroupQueryPlannersService'...[0m
[move_group-3] [96mLoading 'move_group/MoveGroupStateValidationService'...[0m
[move_group-3] [96mLoading 'move_group/SaveGeometryToFileService'...[0m
[move_group-3] [96mLoading 'pilz_industrial_motion_planner/MoveGroupSequenceAction'...[0m
[move_group-3] [96mLoading 'pilz_industrial_motion_planner/MoveGroupSequenceService'...[0m
[move_group-3] 
[move_group-3] [92mYou can start planning now![0m
[move_group-3] 
[rviz2-4] [ERROR] [1781370270.045287258] [moveit_1278290080.moveit.ros.motion_planning_frame]: Action server: /recognize_objects not available
[rviz2-4] [INFO] [1781370270.075485136] [moveit_1278290080.moveit.ros.motion_planning_frame]: MoveGroup namespace changed: / -> . Reloading params.
[rviz2-4] [INFO] [1781370270.594910461] [moveit_1278290080.moveit.ros.rdf_loader]: Loaded robot model in 0.299672 seconds
[rviz2-4] [INFO] [1781370270.595049332] [moveit_1278290080.moveit.core.robot_model]: Loading robot model 'abb_irb140'...
[rviz2-4] [INFO] [1781370271.137711809] [moveit_1278290080.moveit.kinematics.kdl_kinematics_plugin]: Joint weights for group 'manipulator': 1 1 1 1 1 1
[rviz2-4] [INFO] [1781370271.424476862] [moveit_1278290080.moveit.ros.planning_scene_monitor]: Starting planning scene monitor
[rviz2-4] [INFO] [1781370271.426190757] [moveit_1278290080.moveit.ros.planning_scene_monitor]: Listening to '/monitored_planning_scene'
[rviz2-4] [INFO] [1781370272.599917731] [interactive_marker_display_94134781144336]: Connected on namespace: /rviz_moveit_motion_planning_display/robot_interaction_interactive_marker_topic
[rviz2-4] [INFO] [1781370272.608696627] [moveit_1278290080.moveit.ros.motion_planning_frame]: group manipulator
[rviz2-4] [INFO] [1781370272.608757756] [moveit_1278290080.moveit.ros.motion_planning_frame]: Constructing new MoveGroup connection for group 'manipulator' in namespace ''
[rviz2-4] [INFO] [1781370272.648196469] [interactive_marker_display_94134781144336]: Sending request for interactive markers
[rviz2-4] [INFO] [1781370272.660817915] [moveit_1278290080.moveit.ros.move_group_interface]: Ready to take commands for planning group manipulator.
[rviz2-4] [INFO] [1781370272.662366096] [moveit_1278290080.moveit.ros.motion_planning_frame]: group manipulator
[rviz2-4] [INFO] [1781370272.723260325] [interactive_marker_display_94134781144336]: Service response received for initialization
[spawner-7] [WARN] [1781370276.131664558] [spawner_joint_state_broadcaster]: Could not contact service /controller_manager/list_controllers
[spawner-7] [INFO] [1781370276.132281031] [spawner_joint_state_broadcaster]: waiting for service /controller_manager/list_controllers to become available...
[spawner-6] [WARN] [1781370286.084504442] [ros2_control_controller_spawner_joint_trajectory_controller]: Failed to acquire lock in 20 seconds. Attempt 1 of 5 failed. Retrying in 3 seconds...
[spawner-7] [WARN] [1781370286.143341570] [spawner_joint_state_broadcaster]: Could not contact service /controller_manager/list_controllers
[spawner-7] [INFO] [1781370286.144152794] [spawner_joint_state_broadcaster]: waiting for service /controller_manager/list_controllers to become available...
[spawner-7] [WARN] [1781370296.153732242] [spawner_joint_state_broadcaster]: Could not contact service /controller_manager/list_controllers
[spawner-7] [INFO] [1781370296.154994004] [spawner_joint_state_broadcaster]: waiting for service /controller_manager/list_controllers to become available...
[spawner-7] [WARN] [1781370306.164858399] [spawner_joint_state_broadcaster]: Could not contact service /controller_manager/list_controllers
[spawner-7] [INFO] [1781370306.165603713] [spawner_joint_state_broadcaster]: waiting for service /controller_manager/list_controllers to become available...
[spawner-6] [WARN] [1781370309.087171793] [ros2_control_controller_spawner_joint_trajectory_controller]: Failed to acquire lock in 20 seconds. Attempt 2 of 5 failed. Retrying in 3 seconds...
[spawner-7] [WARN] [1781370316.175870457] [spawner_joint_state_broadcaster]: Could not contact service /controller_manager/list_controllers
[spawner-7] [INFO] [1781370316.176562839] [spawner_joint_state_broadcaster]: waiting for service /controller_manager/list_controllers to become available...
[spawner-7] [WARN] [1781370326.184880406] [spawner_joint_state_broadcaster]: Could not contact service /controller_manager/list_controllers
[spawner-7] [INFO] [1781370326.185354898] [spawner_joint_state_broadcaster]: waiting for service /controller_manager/list_controllers to become available...
[spawner-6] [WARN] [1781370332.097991442] [ros2_control_controller_spawner_joint_trajectory_controller]: Failed to acquire lock in 20 seconds. Attempt 3 of 5 failed. Retrying in 3 seconds...
[spawner-7] [WARN] [1781370336.192966973] [spawner_joint_state_broadcaster]: Could not contact service /controller_manager/list_controllers
[spawner-7] [INFO] [1781370336.193665487] [spawner_joint_state_broadcaster]: waiting for service /controller_manager/list_controllers to become available...
[spawner-7] [WARN] [1781370346.203785009] [spawner_joint_state_broadcaster]: Could not contact service /controller_manager/list_controllers
[spawner-7] [INFO] [1781370346.204529031] [spawner_joint_state_broadcaster]: waiting for service /controller_manager/list_controllers to become available...
[spawner-6] [WARN] [1781370355.146110180] [ros2_control_controller_spawner_joint_trajectory_controller]: Failed to acquire lock in 20 seconds. Attempt 4 of 5 failed. Retrying in 3 seconds...
[spawner-7] [WARN] [1781370356.215341994] [spawner_joint_state_broadcaster]: Could not contact service /controller_manager/list_controllers
[spawner-7] [INFO] [1781370356.216033165] [spawner_joint_state_broadcaster]: waiting for service /controller_manager/list_controllers to become available...
[spawner-7] [WARN] [1781370366.223092937] [spawner_joint_state_broadcaster]: Could not contact service /controller_manager/list_controllers
[spawner-7] [INFO] [1781370366.223834968] [spawner_joint_state_broadcaster]: waiting for service /controller_manager/list_controllers to become available...
[spawner-7] [WARN] [1781370376.235312523] [spawner_joint_state_broadcaster]: Could not contact service /controller_manager/list_controllers
[spawner-7] [INFO] [1781370376.236046155] [spawner_joint_state_broadcaster]: waiting for service /controller_manager/list_controllers to become available...
[spawner-6] [WARN] [1781370378.167403302] [ros2_control_controller_spawner_joint_trajectory_controller]: Failed to acquire lock in 20 seconds. Attempt 5 of 5 failed. Retrying in 3 seconds...
[spawner-6] [ERROR] [1781370381.168537256] [ros2_control_controller_spawner_joint_trajectory_controller]: Failed to acquire lock after multiple attempts.
[ERROR] [spawner-6]: process has died [pid 10916, exit code 1, cmd '/opt/ros/jazzy/lib/controller_manager/spawner joint_trajectory_controller --ros-args'].
[spawner-7] [WARN] [1781370386.246883268] [spawner_joint_state_broadcaster]: Could not contact service /controller_manager/list_controllers
[spawner-7] [INFO] [1781370386.247358028] [spawner_joint_state_broadcaster]: waiting for service /controller_manager/list_controllers to become available...
[spawner-7] [WARN] [1781370396.257308174] [spawner_joint_state_broadcaster]: Could not contact service /controller_manager/list_controllers
[spawner-7] [INFO] [1781370396.257901900] [spawner_joint_state_broadcaster]: waiting for service /controller_manager/list_controllers to become available...
[spawner-7] [WARN] [1781370406.267209555] [spawner_joint_state_broadcaster]: Could not contact service /controller_manager/list_controllers
[spawner-7] [INFO] [1781370406.267720180] [spawner_joint_state_broadcaster]: waiting for service /controller_manager/list_controllers to become available...
[spawner-7] [WARN] [1781370416.277230899] [spawner_joint_state_broadcaster]: Could not contact service /controller_manager/list_controllers
[spawner-7] [INFO] [1781370416.277970781] [spawner_joint_state_broadcaster]: waiting for service /controller_manager/list_controllers to become available...
[spawner-7] [WARN] [1781370426.287606770] [spawner_joint_state_broadcaster]: Could not contact service /controller_manager/list_controllers
[spawner-7] [INFO] [1781370426.288197161] [spawner_joint_state_broadcaster]: waiting for service /controller_manager/list_controllers to become available...
[spawner-7] [WARN] [1781370436.302539440] [spawner_joint_state_broadcaster]: Could not contact service /controller_manager/list_controllers
[spawner-7] [INFO] [1781370436.303351062] [spawner_joint_state_broadcaster]: waiting for service /controller_manager/list_controllers to become available...
[spawner-7] [WARN] [1781370446.314625513] [spawner_joint_state_broadcaster]: Could not contact service /controller_manager/list_controllers
[spawner-7] [INFO] [1781370446.315370683] [spawner_joint_state_broadcaster]: waiting for service /controller_manager/list_controllers to become available...
[spawner-7] [WARN] [1781370456.321425397] [spawner_joint_state_broadcaster]: Could not contact service /controller_manager/list_controllers
[spawner-7] [INFO] [1781370456.322064072] [spawner_joint_state_broadcaster]: waiting for service /controller_manager/list_controllers to become available...
[spawner-7] [WARN] [1781370466.331508105] [spawner_joint_state_broadcaster]: Could not contact service /controller_manager/list_controllers
[spawner-7] [INFO] [1781370466.332193952] [spawner_joint_state_broadcaster]: waiting for service /controller_manager/list_controllers to become available...
[spawner-7] [WARN] [1781370476.342080720] [spawner_joint_state_broadcaster]: Could not contact service /controller_manager/list_controllers
[spawner-7] [INFO] [1781370476.343096348] [spawner_joint_state_broadcaster]: waiting for service /controller_manager/list_controllers to become available...
[spawner-7] [WARN] [1781370486.351835497] [spawner_joint_state_broadcaster]: Could not contact service /controller_manager/list_controllers
[spawner-7] [INFO] [1781370486.352532690] [spawner_joint_state_broadcaster]: waiting for service /controller_manager/list_controllers to become available...
[spawner-7] [WARN] [1781370496.362806101] [spawner_joint_state_broadcaster]: Could not contact service /controller_manager/list_controllers
[spawner-7] [INFO] [1781370496.363665208] [spawner_joint_state_broadcaster]: waiting for service /controller_manager/list_controllers to become available...
[spawner-7] [WARN] [1781370506.377088202] [spawner_joint_state_broadcaster]: Could not contact service /controller_manager/list_controllers
[spawner-7] [INFO] [1781370506.377633733] [spawner_joint_state_broadcaster]: waiting for service /controller_manager/list_controllers to become available...
[spawner-7] [WARN] [1781370516.383602737] [spawner_joint_state_broadcaster]: Could not contact service /controller_manager/list_controllers
[spawner-7] [INFO] [1781370516.384155303] [spawner_joint_state_broadcaster]: waiting for service /controller_manager/list_controllers to become available...
[spawner-7] [WARN] [1781370526.397614284] [spawner_joint_state_broadcaster]: Could not contact service /controller_manager/list_controllers
[spawner-7] [INFO] [1781370526.398381179] [spawner_joint_state_broadcaster]: waiting for service /controller_manager/list_controllers to become available...
[spawner-7] [WARN] [1781370536.406870052] [spawner_joint_state_broadcaster]: Could not contact service /controller_manager/list_controllers
[spawner-7] [INFO] [1781370536.407319147] [spawner_joint_state_broadcaster]: waiting for service /controller_manager/list_controllers to become available...
[spawner-7] [WARN] [1781370546.415785655] [spawner_joint_state_broadcaster]: Could not contact service /controller_manager/list_controllers
[spawner-7] [INFO] [1781370546.417068946] [spawner_joint_state_broadcaster]: waiting for service /controller_manager/list_controllers to become available...
[spawner-7] [WARN] [1781370556.425866341] [spawner_joint_state_broadcaster]: Could not contact service /controller_manager/list_controllers
[spawner-7] [INFO] [1781370556.427423586] [spawner_joint_state_broadcaster]: waiting for service /controller_manager/list_controllers to become available...
[spawner-7] [WARN] [1781370566.436786675] [spawner_joint_state_broadcaster]: Could not contact service /controller_manager/list_controllers
[spawner-7] [INFO] [1781370566.437496096] [spawner_joint_state_broadcaster]: waiting for service /controller_manager/list_controllers to become available...
[spawner-7] [WARN] [1781370576.444593865] [spawner_joint_state_broadcaster]: Could not contact service /controller_manager/list_controllers
[spawner-7] [INFO] [1781370576.445409963] [spawner_joint_state_broadcaster]: waiting for service /controller_manager/list_controllers to become available...
[spawner-7] [WARN] [1781370586.456005543] [spawner_joint_state_broadcaster]: Could not contact service /controller_manager/list_controllers
[spawner-7] [INFO] [1781370586.462250985] [spawner_joint_state_broadcaster]: waiting for service /controller_manager/list_controllers to become available...
[spawner-7] [WARN] [1781370596.476892165] [spawner_joint_state_broadcaster]: Could not contact service /controller_manager/list_controllers
[spawner-7] [INFO] [1781370596.477572952] [spawner_joint_state_broadcaster]: waiting for service /controller_manager/list_controllers to become available...
[spawner-7] [WARN] [1781370606.484678624] [spawner_joint_state_broadcaster]: Could not contact service /controller_manager/list_controllers
[spawner-7] [INFO] [1781370606.485195091] [spawner_joint_state_broadcaster]: waiting for service /controller_manager/list_controllers to become available...
