[INFO] [launch]: All log files can be found below /root/.ros/log/2026-06-15-15-27-12-560537-30f666a196dd-20253
[INFO] [launch]: Default logging verbosity is set to INFO
[INFO] [static_transform_publisher-1]: process started with pid [20257]
[INFO] [robot_state_publisher-2]: process started with pid [20258]
[INFO] [move_group-3]: process started with pid [20259]
[INFO] [rviz2-4]: process started with pid [20260]
[INFO] [ros2_control_node-5]: process started with pid [20261]
[INFO] [spawner-6]: process started with pid [20262]
[INFO] [spawner-7]: process started with pid [20263]
[INFO] [spawner-8]: process started with pid [20264]
[static_transform_publisher-1] [INFO] [1781537236.975813444] [static_transform_publisher0]: Spinning until stopped - publishing transform
[static_transform_publisher-1] translation: ('0.000000', '0.000000', '0.000000')
[static_transform_publisher-1] rotation: ('0.000000', '0.000000', '0.000000', '1.000000')
[static_transform_publisher-1] from 'world' to 'base_link'
[rviz2-4] QStandardPaths: XDG_RUNTIME_DIR not set, defaulting to '/tmp/runtime-root'
[robot_state_publisher-2] [INFO] [1781537237.073934549] [robot_state_publisher]: Robot initialized
[move_group-3] [INFO] [1781537237.117003033] [move_group.moveit.moveit.ros.rdf_loader]: Loaded robot model in 0.0724956 seconds
[move_group-3] [INFO] [1781537237.117220992] [move_group.moveit.moveit.core.robot_model]: Loading robot model 'abb_irb140'...
[rviz2-4] [INFO] [1781537237.435677046] [rviz2]: Stereo is NOT SUPPORTED
[rviz2-4] [INFO] [1781537237.435783982] [rviz2]: OpenGl version: 4.5 (GLSL 4.5)
[move_group-3] [INFO] [1781537237.495887110] [move_group.moveit.moveit.kinematics.kdl_kinematics_plugin]: Joint weights for group 'manipulator': 1 1 1 1 1 1
[rviz2-4] [INFO] [1781537237.509529595] [rviz2]: Stereo is NOT SUPPORTED
[spawner-8] [INFO] [1781537237.541810671] [spawner_joint_state_broadcaster]: waiting for service /controller_manager/list_controllers to become available...
[move_group-3] [INFO] [1781537237.644871641] [move_group.moveit.moveit.ros.planning_scene_monitor]: Publishing maintained planning scene on 'monitored_planning_scene'
[move_group-3] [INFO] [1781537237.645139968] [move_group.moveit.moveit.ros.moveit_cpp]: Listening to 'joint_states' for joint states
[move_group-3] [INFO] [1781537237.646321842] [move_group.moveit.moveit.ros.current_state_monitor]: Listening to joint states on topic 'joint_states'
[move_group-3] [INFO] [1781537237.647393665] [move_group.moveit.moveit.ros.planning_scene_monitor]: Listening to '/attached_collision_object' for attached collision objects
[move_group-3] [INFO] [1781537237.647503666] [move_group.moveit.moveit.ros.planning_scene_monitor]: Stopping existing planning scene publisher.
[move_group-3] [INFO] [1781537237.647698532] [move_group.moveit.moveit.ros.planning_scene_monitor]: Stopped publishing maintained planning scene.
[move_group-3] [INFO] [1781537237.648923649] [move_group.moveit.moveit.ros.planning_scene_monitor]: Publishing maintained planning scene on 'monitored_planning_scene'
[move_group-3] [INFO] [1781537237.649123574] [move_group.moveit.moveit.ros.planning_scene_monitor]: Starting planning scene monitor
[move_group-3] [INFO] [1781537237.650506167] [move_group.moveit.moveit.ros.planning_scene_monitor]: Listening to '/planning_scene'
[move_group-3] [INFO] [1781537237.650548840] [move_group.moveit.moveit.ros.planning_scene_monitor]: Starting world geometry update monitor for collision objects, attached objects, octomap updates.
[move_group-3] [INFO] [1781537237.651514789] [move_group.moveit.moveit.ros.planning_scene_monitor]: Listening to 'collision_object'
[move_group-3] [INFO] [1781537237.652329526] [move_group.moveit.moveit.ros.planning_scene_monitor]: Listening to 'planning_scene_world' for planning scene world geometry
[move_group-3] [WARN] [1781537237.673577428] [move_group.moveit.moveit.ros.occupancy_map_monitor]: Resolution not specified for Octomap. Assuming resolution = 0.1 instead
[move_group-3] [ERROR] [1781537237.673717678] [move_group.moveit.moveit.ros.occupancy_map_monitor]: Exception while loading octomap updater 'occupancy_map_monitor/DepthImageOctomapUpdater': According to the loaded plugin descriptions the class occupancy_map_monitor/DepthImageOctomapUpdater with base class type occupancy_map_monitor::OccupancyMapUpdater does not exist. Declared types are 
[move_group-3] 
[move_group-3] [ERROR] [1781537237.673764729] [move_group.moveit.moveit.ros.occupancy_map_monitor]: Failed to load sensor: `default_sensor` of type: `occupancy_map_monitor/DepthImageOctomapUpdater`
[move_group-3] [ERROR] [1781537237.673777844] [move_group.moveit.moveit.ros.occupancy_map_monitor]: Exception while loading octomap updater 'occupancy_map_monitor/DepthImageOctomapUpdater': According to the loaded plugin descriptions the class occupancy_map_monitor/DepthImageOctomapUpdater with base class type occupancy_map_monitor::OccupancyMapUpdater does not exist. Declared types are 
[move_group-3] 
[move_group-3] [ERROR] [1781537237.673841867] [move_group.moveit.moveit.ros.occupancy_map_monitor]: Failed to load sensor: `kinect_depthimage` of type: `occupancy_map_monitor/DepthImageOctomapUpdater`
[ros2_control_node-5] [INFO] [1781537237.710653127] [controller_manager]: Using Steady (Monotonic) clock for triggering controller manager cycles.
[move_group-3] [INFO] [1781537237.794213623] [move_group.moveit.moveit.ros.planning_pipeline]: Successfully loaded planner 'STOMP'
[ros2_control_node-5] [INFO] [1781537237.817887635] [controller_manager]: Subscribing to '/robot_description' topic for robot description.
[ros2_control_node-5] [INFO] [1781537237.822782064] [controller_manager]: update rate is 100 Hz
[ros2_control_node-5] [INFO] [1781537237.822835327] [controller_manager]: Overruns handling is : enabled
[ros2_control_node-5] [INFO] [1781537237.822851248] [controller_manager]: Spawning controller_manager RT thread with scheduler priority: 50
[ros2_control_node-5] [WARN] [1781537237.823528030] [controller_manager]: Could not enable FIFO RT scheduling policy: with error number <1>(Operation not permitted). See [https://control.ros.org/master/doc/ros2_control/controller_manager/doc/userdoc.html] for details on how to enable realtime scheduling.
[ros2_control_node-5] [INFO] [1781537237.828533643] [controller_manager]: Received robot description from topic.
[ros2_control_node-5] [INFO] [1781537237.828598267] [controller_manager]: Enforcing command limits is disabled. Command limits from URDF will be ignored.
[ros2_control_node-5] [INFO] [1781537237.899664684] [controller_manager]: Loading hardware 'IRB140System' 
[move_group-3] [INFO] [1781537237.909134930] [move_group]: Try loading adapter 'default_planning_request_adapters/ResolveConstraintFrames'
[ros2_control_node-5] [INFO] [1781537237.911675549] [controller_manager]: Loaded hardware 'IRB140System' from plugin 'mock_components/GenericSystem'
[ros2_control_node-5] [INFO] [1781537237.911792404] [controller_manager]: Initialize hardware 'IRB140System' 
[ros2_control_node-5] [INFO] [1781537237.926520849] [controller_manager]: Successful initialization of hardware 'IRB140System'
[ros2_control_node-5] [INFO] [1781537237.926733388] [controller_manager]: Loading hardware 'FakeSystem' 
[ros2_control_node-5] [INFO] [1781537237.926763636] [controller_manager]: Loaded hardware 'FakeSystem' from plugin 'mock_components/GenericSystem'
[ros2_control_node-5] [INFO] [1781537237.926809084] [controller_manager]: Initialize hardware 'FakeSystem' 
[move_group-3] [INFO] [1781537237.928246470] [move_group]: Loaded adapter 'default_planning_request_adapters/ResolveConstraintFrames'
[move_group-3] [INFO] [1781537237.928289663] [move_group]: Try loading adapter 'default_planning_request_adapters/ValidateWorkspaceBounds'
[move_group-3] [INFO] [1781537237.928611933] [move_group]: Loaded adapter 'default_planning_request_adapters/ValidateWorkspaceBounds'
[move_group-3] [INFO] [1781537237.928628024] [move_group]: Try loading adapter 'default_planning_request_adapters/CheckStartStateBounds'
[move_group-3] [INFO] [1781537237.928654415] [move_group]: Loaded adapter 'default_planning_request_adapters/CheckStartStateBounds'
[move_group-3] [INFO] [1781537237.928661829] [move_group]: Try loading adapter 'default_planning_request_adapters/CheckStartStateCollision'
[move_group-3] [INFO] [1781537237.928682649] [move_group]: Loaded adapter 'default_planning_request_adapters/CheckStartStateCollision'
[ros2_control_node-5] [INFO] [1781537237.941015824] [controller_manager]: Successful initialization of hardware 'FakeSystem'
[ros2_control_node-5] [WARN] [1781537237.941115306] [controller_manager]: Exception occurred while importing state interfaces: ResourceStorage: Tried to insert StateInterface with already existing key. Insert[gripper_finger_joint1/velocity]
[ros2_control_node-5] [WARN] [1781537237.941138550] [controller_manager]: Exception occurred while importing state interfaces: ResourceStorage: Tried to insert StateInterface with already existing key. Insert[gripper_finger_joint1/position]
[ros2_control_node-5] [WARN] [1781537237.941158749] [controller_manager]: Exception occurred while importing state interfaces: ResourceStorage: Tried to insert StateInterface with already existing key. Insert[joint_5/velocity]
[ros2_control_node-5] [WARN] [1781537237.941167616] [controller_manager]: Exception occurred while importing state interfaces: ResourceStorage: Tried to insert StateInterface with already existing key. Insert[joint_5/position]
[ros2_control_node-5] [WARN] [1781537237.941173347] [controller_manager]: Exception occurred while importing state interfaces: ResourceStorage: Tried to insert StateInterface with already existing key. Insert[joint_4/velocity]
[ros2_control_node-5] [WARN] [1781537237.941225648] [controller_manager]: Exception occurred while importing state interfaces: ResourceStorage: Tried to insert StateInterface with already existing key. Insert[joint_1/position]
[ros2_control_node-5] [WARN] [1781537237.941236288] [controller_manager]: Exception occurred while importing state interfaces: ResourceStorage: Tried to insert StateInterface with already existing key. Insert[joint_6/velocity]
[ros2_control_node-5] [WARN] [1781537237.941243172] [controller_manager]: Exception occurred while importing state interfaces: ResourceStorage: Tried to insert StateInterface with already existing key. Insert[joint_6/position]
[ros2_control_node-5] [WARN] [1781537237.941250826] [controller_manager]: Exception occurred while importing state interfaces: ResourceStorage: Tried to insert StateInterface with already existing key. Insert[joint_1/velocity]
[ros2_control_node-5] [WARN] [1781537237.941258621] [controller_manager]: Exception occurred while importing state interfaces: ResourceStorage: Tried to insert StateInterface with already existing key. Insert[joint_3/position]
[ros2_control_node-5] [WARN] [1781537237.941265485] [controller_manager]: Exception occurred while importing state interfaces: ResourceStorage: Tried to insert StateInterface with already existing key. Insert[joint_2/position]
[ros2_control_node-5] [WARN] [1781537237.941312315] [controller_manager]: Exception occurred while importing state interfaces: ResourceStorage: Tried to insert StateInterface with already existing key. Insert[joint_2/velocity]
[ros2_control_node-5] [WARN] [1781537237.941322845] [controller_manager]: Exception occurred while importing state interfaces: ResourceStorage: Tried to insert StateInterface with already existing key. Insert[joint_3/velocity]
[ros2_control_node-5] [WARN] [1781537237.941330169] [controller_manager]: Exception occurred while importing state interfaces: ResourceStorage: Tried to insert StateInterface with already existing key. Insert[joint_4/position]
[ros2_control_node-5] [WARN] [1781537237.941336541] [controller_manager]: Importing state interfaces for the hardware 'FakeSystem' returned no state interfaces.
[ros2_control_node-5] [ERROR] [1781537237.941354165] [controller_manager]: Exception of type : St13runtime_error occurred while importing command interfaces for the hardware 'FakeSystem' : ResourceStorage: Tried to insert CommandInterface with already existing key. Insert[gripper_finger_joint1/position]
[ros2_control_node-5] [INFO] [1781537237.941432496] [controller_manager]: Activating component 'FakeSystem'.
[ros2_control_node-5] [INFO] [1781537237.941454278] [resource_manager]: 'configure' hardware 'FakeSystem' 
[ros2_control_node-5] [INFO] [1781537237.941470780] [resource_manager]: Successful 'configure' of hardware 'FakeSystem'
[ros2_control_node-5] [INFO] [1781537237.941478735] [resource_manager]: 'activate' hardware 'FakeSystem' 
[ros2_control_node-5] [INFO] [1781537237.941488905] [resource_manager]: Successful 'activate' of hardware 'FakeSystem'
[ros2_control_node-5] [INFO] [1781537237.941590270] [controller_manager]: Activating component 'IRB140System'.
[ros2_control_node-5] [INFO] [1781537237.941606551] [resource_manager]: 'configure' hardware 'IRB140System' 
[ros2_control_node-5] [INFO] [1781537237.941620077] [resource_manager]: Successful 'configure' of hardware 'IRB140System'
[ros2_control_node-5] [INFO] [1781537237.941629385] [resource_manager]: 'activate' hardware 'IRB140System' 
[ros2_control_node-5] [INFO] [1781537237.941635296] [resource_manager]: Successful 'activate' of hardware 'IRB140System'
[ros2_control_node-5] [INFO] [1781537237.941662889] [controller_manager]: Registering statistics for : FakeSystem
[ros2_control_node-5] [INFO] [1781537237.941733305] [controller_manager]: Registering statistics for : IRB140System
[ros2_control_node-5] [INFO] [1781537237.941801476] [controller_manager]: Resource Manager has been successfully initialized. Starting Controller Manager services...
[move_group-3] [INFO] [1781537238.036858615] [move_group]: Try loading adapter 'default_planning_response_adapters/AddTimeOptimalParameterization'
[ros2_control_node-5] [INFO] [1781537238.044967681] [controller_manager]: Loading controller : 'joint_state_broadcaster' of type 'joint_state_broadcaster/JointStateBroadcaster'
[ros2_control_node-5] [INFO] [1781537238.045030892] [controller_manager]: Loading controller 'joint_state_broadcaster'
[move_group-3] [INFO] [1781537238.052290684] [move_group]: Loaded adapter 'default_planning_response_adapters/AddTimeOptimalParameterization'
[move_group-3] [INFO] [1781537238.052352362] [move_group]: Try loading adapter 'default_planning_response_adapters/ValidateSolution'
[move_group-3] [INFO] [1781537238.055216715] [move_group]: Loaded adapter 'default_planning_response_adapters/ValidateSolution'
[move_group-3] [INFO] [1781537238.055268284] [move_group]: Try loading adapter 'default_planning_response_adapters/DisplayMotionPath'
[move_group-3] [INFO] [1781537238.056237820] [move_group]: Loaded adapter 'default_planning_response_adapters/DisplayMotionPath'
[ros2_control_node-5] [INFO] [1781537238.106192680] [controller_manager]: Controller 'joint_state_broadcaster' node arguments: --ros-args --params-file /root/ros2_projects/abb_project/install/abb_irb140_moveit_config/share/abb_irb140_moveit_config/config/ros2_controllers.yaml 
[spawner-8] [INFO] [1781537238.135716576] [spawner_joint_state_broadcaster]: Loaded joint_state_broadcaster
[ros2_control_node-5] [INFO] [1781537238.137477997] [controller_manager]: Configuring controller: 'joint_state_broadcaster'
[ros2_control_node-5] [INFO] [1781537238.137714862] [joint_state_broadcaster]: 'joints' or 'interfaces' parameter is empty. All available state interfaces will be published
[ros2_control_node-5] [INFO] [1781537238.176550701] [controller_manager]: Activating controllers: [ joint_state_broadcaster ]
[move_group-3] [INFO] [1781537238.177155475] [move_group.moveit.moveit.planners.pilz.joint_limits_aggregator]: Reading limits from namespace robot_description_planning
[ros2_control_node-5] [INFO] [1781537238.184313661] [controller_manager]: Successfully switched controllers!
[spawner-8] [INFO] [1781537238.196925092] [spawner_joint_state_broadcaster]: Configured and activated joint_state_broadcaster
[move_group-3] [INFO] [1781537238.232191482] [move_group.moveit.moveit.planners.pilz.command_planner]: Available plugins: pilz_industrial_motion_planner/PlanningContextLoaderCIRC pilz_industrial_motion_planner/PlanningContextLoaderLIN pilz_industrial_motion_planner/PlanningContextLoaderPTP 
[move_group-3] [INFO] [1781537238.232270003] [move_group.moveit.moveit.planners.pilz.command_planner]: About to load: pilz_industrial_motion_planner/PlanningContextLoaderCIRC
[move_group-3] [INFO] [1781537238.246820676] [move_group.moveit.moveit.planners.pilz.command_planner]: Registered Algorithm [CIRC]
[move_group-3] [INFO] [1781537238.246898596] [move_group.moveit.moveit.planners.pilz.command_planner]: About to load: pilz_industrial_motion_planner/PlanningContextLoaderLIN
[move_group-3] [INFO] [1781537238.259257179] [move_group.moveit.moveit.planners.pilz.command_planner]: Registered Algorithm [LIN]
[move_group-3] [INFO] [1781537238.259312255] [move_group.moveit.moveit.planners.pilz.command_planner]: About to load: pilz_industrial_motion_planner/PlanningContextLoaderPTP
[move_group-3] [INFO] [1781537238.272021688] [move_group.moveit.moveit.planners.pilz.command_planner]: Registered Algorithm [PTP]
[move_group-3] [INFO] [1781537238.272097745] [move_group.moveit.moveit.ros.planning_pipeline]: Successfully loaded planner 'Pilz Industrial Motion Planner'
[spawner-7] [INFO] [1781537238.340316714] [spawner_gripper_controller]: waiting for service /controller_manager/list_controllers to become available...
[INFO] [spawner-8]: process has finished cleanly [pid 20264]
[move_group-3] [INFO] [1781537238.385691538] [move_group]: Try loading adapter 'default_planning_request_adapters/ResolveConstraintFrames'
[move_group-3] [INFO] [1781537238.400316884] [move_group]: Loaded adapter 'default_planning_request_adapters/ResolveConstraintFrames'
[move_group-3] [INFO] [1781537238.400367932] [move_group]: Try loading adapter 'default_planning_request_adapters/ValidateWorkspaceBounds'
[move_group-3] [INFO] [1781537238.400847084] [move_group]: Loaded adapter 'default_planning_request_adapters/ValidateWorkspaceBounds'
[move_group-3] [INFO] [1781537238.400864337] [move_group]: Try loading adapter 'default_planning_request_adapters/CheckStartStateBounds'
[move_group-3] [INFO] [1781537238.400901329] [move_group]: Loaded adapter 'default_planning_request_adapters/CheckStartStateBounds'
[move_group-3] [INFO] [1781537238.400914774] [move_group]: Try loading adapter 'default_planning_request_adapters/CheckStartStateCollision'
[move_group-3] [INFO] [1781537238.400940404] [move_group]: Loaded adapter 'default_planning_request_adapters/CheckStartStateCollision'
[rviz2-4] Warning: class_loader.impl: SEVERE WARNING!!! A namespace collision has occurred with plugin factory for class rviz_default_plugins::displays::InteractiveMarkerDisplay. New factory will OVERWRITE existing one. This situation occurs when libraries containing plugins are directly linked against an executable (the one running right now generating this message). Please separate plugins out into their own library or just don't link against the library and use either class_loader::ClassLoader/MultiLibraryClassLoader to open.
[rviz2-4]          at line 321 in /opt/ros/jazzy/include/class_loader/class_loader/class_loader_core.hpp
[move_group-3] [INFO] [1781537238.532957660] [move_group]: Try loading adapter 'default_planning_response_adapters/ValidateSolution'
[move_group-3] [INFO] [1781537238.550125571] [move_group]: Loaded adapter 'default_planning_response_adapters/ValidateSolution'
[move_group-3] [INFO] [1781537238.550177941] [move_group]: Try loading adapter 'default_planning_response_adapters/DisplayMotionPath'
[move_group-3] [INFO] [1781537238.550771614] [move_group]: Loaded adapter 'default_planning_response_adapters/DisplayMotionPath'
[move_group-3] [INFO] [1781537238.688432713] [move_group.moveit.moveit.ros.planning_pipeline]: Successfully loaded planner 'CHOMP'
[move_group-3] [INFO] [1781537238.810232431] [move_group]: Try loading adapter 'default_planning_request_adapters/ResolveConstraintFrames'
[move_group-3] [INFO] [1781537238.825254300] [move_group]: Loaded adapter 'default_planning_request_adapters/ResolveConstraintFrames'
[move_group-3] [INFO] [1781537238.825302192] [move_group]: Try loading adapter 'default_planning_request_adapters/ValidateWorkspaceBounds'
[move_group-3] [INFO] [1781537238.825753260] [move_group]: Loaded adapter 'default_planning_request_adapters/ValidateWorkspaceBounds'
[move_group-3] [INFO] [1781537238.825776756] [move_group]: Try loading adapter 'default_planning_request_adapters/CheckStartStateBounds'
[move_group-3] [INFO] [1781537238.825812565] [move_group]: Loaded adapter 'default_planning_request_adapters/CheckStartStateBounds'
[move_group-3] [INFO] [1781537238.825825660] [move_group]: Try loading adapter 'default_planning_request_adapters/CheckStartStateCollision'
[move_group-3] [INFO] [1781537238.825845257] [move_group]: Loaded adapter 'default_planning_request_adapters/CheckStartStateCollision'
[move_group-3] [INFO] [1781537238.952445880] [move_group]: Try loading adapter 'default_planning_response_adapters/AddTimeOptimalParameterization'
[move_group-3] [INFO] [1781537238.968771078] [move_group]: Loaded adapter 'default_planning_response_adapters/AddTimeOptimalParameterization'
[move_group-3] [INFO] [1781537238.968822357] [move_group]: Try loading adapter 'default_planning_response_adapters/ValidateSolution'
[move_group-3] [INFO] [1781537238.969525630] [move_group]: Loaded adapter 'default_planning_response_adapters/ValidateSolution'
[move_group-3] [INFO] [1781537238.969600685] [move_group]: Try loading adapter 'default_planning_response_adapters/DisplayMotionPath'
[move_group-3] [INFO] [1781537238.970187905] [move_group]: Loaded adapter 'default_planning_response_adapters/DisplayMotionPath'
[move_group-3] [INFO] [1781537239.113171988] [move_group.moveit.moveit.ros.planning_pipeline]: Successfully loaded planner 'OMPL'
[move_group-3] [INFO] [1781537239.233463448] [move_group]: Try loading adapter 'default_planning_request_adapters/ResolveConstraintFrames'
[move_group-3] [INFO] [1781537239.247779279] [move_group]: Loaded adapter 'default_planning_request_adapters/ResolveConstraintFrames'
[move_group-3] [INFO] [1781537239.247824146] [move_group]: Try loading adapter 'default_planning_request_adapters/ValidateWorkspaceBounds'
[move_group-3] [INFO] [1781537239.248303899] [move_group]: Loaded adapter 'default_planning_request_adapters/ValidateWorkspaceBounds'
[move_group-3] [INFO] [1781537239.248321873] [move_group]: Try loading adapter 'default_planning_request_adapters/CheckStartStateBounds'
[move_group-3] [INFO] [1781537239.248353084] [move_group]: Loaded adapter 'default_planning_request_adapters/CheckStartStateBounds'
[move_group-3] [INFO] [1781537239.248360107] [move_group]: Try loading adapter 'default_planning_request_adapters/CheckStartStateCollision'
[move_group-3] [INFO] [1781537239.248377751] [move_group]: Loaded adapter 'default_planning_request_adapters/CheckStartStateCollision'
[move_group-3] [INFO] [1781537239.377832150] [move_group]: Try loading adapter 'default_planning_response_adapters/AddTimeOptimalParameterization'
[move_group-3] [INFO] [1781537239.394339298] [move_group]: Loaded adapter 'default_planning_response_adapters/AddTimeOptimalParameterization'
[move_group-3] [INFO] [1781537239.394394294] [move_group]: Try loading adapter 'default_planning_response_adapters/ValidateSolution'
[move_group-3] [INFO] [1781537239.395047050] [move_group]: Loaded adapter 'default_planning_response_adapters/ValidateSolution'
[move_group-3] [INFO] [1781537239.395069414] [move_group]: Try loading adapter 'default_planning_response_adapters/DisplayMotionPath'
[move_group-3] [INFO] [1781537239.395632056] [move_group]: Loaded adapter 'default_planning_response_adapters/DisplayMotionPath'
[move_group-3] [INFO] [1781537239.620346712] [move_group.moveit.moveit.plugins.simple_controller_manager]: Added FollowJointTrajectory controller for joint_trajectory_controller
[move_group-3] [INFO] [1781537239.620419342] [move_group.moveit.moveit.plugins.simple_controller_manager]: gripper_controller will command a max effort of: 0
[move_group-3] [INFO] [1781537239.624847765] [move_group.moveit.moveit.plugins.simple_controller_manager]: Added GripperCommand controller for gripper_controller
[move_group-3] [INFO] [1781537239.625661163] [move_group.moveit.moveit.plugins.simple_controller_manager]: Returned 2 controllers in list
[move_group-3] [INFO] [1781537239.625726569] [move_group.moveit.moveit.plugins.simple_controller_manager]: Returned 2 controllers in list
[move_group-3] [INFO] [1781537239.626927698] [move_group.moveit.moveit.ros.trajectory_execution_manager]: Trajectory execution is managing controllers
[move_group-3] [INFO] [1781537239.626974468] [move_group]: MoveGroup debug mode is ON
[move_group-3] [INFO] [1781537239.733995844] [move_group.moveit.moveit.planners.pilz.move_group_sequence_action]: initialize move group sequence action
[move_group-3] [INFO] [1781537239.738959916] [move_group.moveit.moveit.planners.pilz.joint_limits_aggregator]: Reading limits from namespace robot_description_planning
[move_group-3] [INFO] [1781537239.739181031] [move_group.moveit.moveit.planners.pilz.joint_limits_aggregator]: Reading limits from namespace robot_description_planning
[move_group-3] [INFO] [1781537239.740493335] [move_group.moveit.moveit.ros.move_group.executable]: 
[move_group-3] 
[move_group-3] ********************************************************
[move_group-3] * MoveGroup using: 
[move_group-3] *     - apply_planning_scene_service
[move_group-3] *     - clear_octomap_service
[move_group-3] *     - get_group_urdf
[move_group-3] *     - load_geometry_from_file
[move_group-3] *     - CartesianPathService
[move_group-3] *     - execute_trajectory_action
[move_group-3] *     - get_planning_scene_service
[move_group-3] *     - kinematics_service
[move_group-3] *     - move_action
[move_group-3] *     - motion_plan_service
[move_group-3] *     - query_planners_service
[move_group-3] *     - state_validation_service
[move_group-3] *     - save_geometry_to_file
[move_group-3] *     - SequenceAction
[move_group-3] *     - SequenceService
[move_group-3] ********************************************************
[move_group-3] 
[move_group-3] [INFO] [1781537239.740586167] [move_group.moveit.moveit.ros.move_group.context]: MoveGroup context using pipeline ompl
[move_group-3] [INFO] [1781537239.740595956] [move_group.moveit.moveit.ros.move_group.context]: MoveGroup context initialization complete
[move_group-3] [96mLoading 'move_group/ApplyPlanningSceneService'...[0m
[move_group-3] [96mLoading 'move_group/ClearOctomapService'...[0m
[move_group-3] [96mLoading 'move_group/GetUrdfService'...[0m
[move_group-3] [96mLoading 'move_group/LoadGeometryFromFileService'...[0m
[move_group-3] [96mLoading 'move_group/MoveGroupCartesianPathService'...[0m
[move_group-3] [96mLoading 'move_group/MoveGroupExecuteTrajectoryAction'...[0m
[move_group-3] [96mLoading 'move_group/MoveGroupGetPlanningSceneService'...[0m
[move_group-3] [96mLoading 'move_group/MoveGroupKinematicsService'...[0m
[move_group-3] [96mLoading 'move_group/MoveGroupMoveAction'...[0m
[move_group-3] [96mLoading 'move_group/MoveGroupPlanService'...[0m
[move_group-3] [96mLoading 'move_group/MoveGroupQueryPlannersService'...[0m
[move_group-3] [96mLoading 'move_group/MoveGroupStateValidationService'...[0m
[move_group-3] [96mLoading 'move_group/SaveGeometryToFileService'...[0m
[move_group-3] [96mLoading 'pilz_industrial_motion_planner/MoveGroupSequenceAction'...[0m
[move_group-3] [96mLoading 'pilz_industrial_motion_planner/MoveGroupSequenceService'...[0m
[move_group-3] 
[move_group-3] [92mYou can start planning now![0m
[move_group-3] 
[ros2_control_node-5] [INFO] [1781537240.842424288] [controller_manager]: Loading controller : 'gripper_controller' of type 'position_controllers/GripperActionController'
[ros2_control_node-5] [INFO] [1781537240.842483041] [controller_manager]: Loading controller 'gripper_controller'
[ros2_control_node-5] [INFO] [1781537240.859371128] [controller_manager]: Controller 'gripper_controller' node arguments: --ros-args --params-file /root/ros2_projects/abb_project/install/abb_irb140_moveit_config/share/abb_irb140_moveit_config/config/ros2_controllers.yaml 
[ros2_control_node-5] [WARN] [1781537240.880146125] [gripper_controller]: [Deprecated]: the `position_controllers/GripperActionController` and `effort_controllers::GripperActionController` controllers are replaced by 'parallel_gripper_controllers/GripperActionController' controller
[spawner-7] [INFO] [1781537240.884096978] [spawner_gripper_controller]: Loaded gripper_controller
[ros2_control_node-5] [INFO] [1781537240.885860101] [controller_manager]: Configuring controller: 'gripper_controller'
[ros2_control_node-5] [INFO] [1781537240.885933071] [gripper_controller]: Action status changes will be monitored at 20.000000 Hz.
[ros2_control_node-5] [INFO] [1781537240.894747851] [controller_manager]: Activating controllers: [ gripper_controller ]
[ros2_control_node-5] [INFO] [1781537240.908656630] [controller_manager]: Successfully switched controllers!
[spawner-7] [INFO] [1781537240.914163392] [spawner_gripper_controller]: Configured and activated gripper_controller
[spawner-6] [INFO] [1781537241.058612972] [spawner_joint_trajectory_controller]: waiting for service /controller_manager/list_controllers to become available...
[INFO] [spawner-7]: process has finished cleanly [pid 20263]
[rviz2-4] [ERROR] [1781537241.507521265] [moveit_1374898312.moveit.ros.motion_planning_frame]: Action server: /recognize_objects not available
[rviz2-4] [INFO] [1781537241.527860453] [moveit_1374898312.moveit.ros.motion_planning_frame]: MoveGroup namespace changed: / -> . Reloading params.
[rviz2-4] [INFO] [1781537241.971507565] [moveit_1374898312.moveit.ros.rdf_loader]: Loaded robot model in 0.229614 seconds
[rviz2-4] [INFO] [1781537241.971904228] [moveit_1374898312.moveit.core.robot_model]: Loading robot model 'abb_irb140'...
[rviz2-4] [INFO] [1781537242.542741816] [moveit_1374898312.moveit.kinematics.kdl_kinematics_plugin]: Joint weights for group 'manipulator': 1 1 1 1 1 1
[ros2_control_node-5] [INFO] [1781537242.564867193] [controller_manager]: Loading controller : 'joint_trajectory_controller' of type 'joint_trajectory_controller/JointTrajectoryController'
[ros2_control_node-5] [INFO] [1781537242.564913913] [controller_manager]: Loading controller 'joint_trajectory_controller'
[ros2_control_node-5] [INFO] [1781537242.591907444] [controller_manager]: Controller 'joint_trajectory_controller' node arguments: --ros-args --params-file /root/ros2_projects/abb_project/install/abb_irb140_moveit_config/share/abb_irb140_moveit_config/config/ros2_controllers.yaml 
[spawner-6] [INFO] [1781537242.829565710] [spawner_joint_trajectory_controller]: Loaded joint_trajectory_controller
[ros2_control_node-5] [INFO] [1781537242.839619033] [controller_manager]: Configuring controller: 'joint_trajectory_controller'
[ros2_control_node-5] [INFO] [1781537242.840624649] [joint_trajectory_controller]: No specific joint names are used for command interfaces. Using 'joints' parameter.
[ros2_control_node-5] [INFO] [1781537242.840728839] [joint_trajectory_controller]: Command interfaces are [position] and state interfaces are [position velocity].
[ros2_control_node-5] [INFO] [1781537242.840979211] [joint_trajectory_controller]: Using 'splines' interpolation method.
[ros2_control_node-5] [INFO] [1781537242.850328812] [joint_trajectory_controller]: Action status changes will be monitored at 20.00 Hz.
[ros2_control_node-5] [INFO] [1781537242.878623859] [joint_trajectory_controller]: Setting initial scaling factor to 1.000000
[ros2_control_node-5] [INFO] [1781537242.878667313] [joint_trajectory_controller]: No scaling interface set. This controller will not read speed scaling from the hardware.
[rviz2-4] [INFO] [1781537242.907951294] [moveit_1374898312.moveit.ros.planning_scene_monitor]: Starting planning scene monitor
[rviz2-4] [INFO] [1781537242.909783850] [moveit_1374898312.moveit.ros.planning_scene_monitor]: Listening to '/monitored_planning_scene'
[ros2_control_node-5] [INFO] [1781537242.968292574] [controller_manager]: Activating controllers: [ joint_trajectory_controller ]
[ros2_control_node-5] [INFO] [1781537242.973082846] [controller_manager]: Successfully switched controllers!
[spawner-6] [INFO] [1781537242.984275459] [spawner_joint_trajectory_controller]: Configured and activated joint_trajectory_controller
[INFO] [spawner-6]: process has finished cleanly [pid 20262]
[rviz2-4] [INFO] [1781537244.006366087] [interactive_marker_display_94428198373200]: Connected on namespace: /rviz_moveit_motion_planning_display/robot_interaction_interactive_marker_topic
[rviz2-4] [INFO] [1781537244.008826882] [moveit_1374898312.moveit.ros.robot_interaction]: No active joints or end effectors found for group 'gripper'. Make sure that kinematics.yaml is loaded in this node's namespace.
[rviz2-4] [INFO] [1781537244.009446224] [moveit_1374898312.moveit.ros.robot_interaction]: No active joints or end effectors found for group 'gripper'. Make sure that kinematics.yaml is loaded in this node's namespace.
[rviz2-4] [INFO] [1781537244.015947844] [moveit_1374898312.moveit.ros.motion_planning_frame]: group gripper
[rviz2-4] [INFO] [1781537244.015999303] [moveit_1374898312.moveit.ros.motion_planning_frame]: Constructing new MoveGroup connection for group 'gripper' in namespace ''
[rviz2-4] [INFO] [1781537244.036466316] [moveit_1374898312.moveit.ros.move_group_interface]: Ready to take commands for planning group gripper.
[rviz2-4] [INFO] [1781537244.037188870] [moveit_1374898312.moveit.ros.motion_planning_frame]: group gripper
[rviz2-4] [INFO] [1781537244.055166711] [interactive_marker_display_94428198373200]: Sending request for interactive markers
[rviz2-4] [INFO] [1781537244.114527578] [interactive_marker_display_94428198373200]: Service response received for initialization
[move_group-3] [INFO] [1781537249.411497341] [move_group.moveit.moveit.ros.move_group.move_action]: MoveGroupMoveAction: Received request
[rviz2-4] [INFO] [1781537249.411857354] [moveit_1374898312.moveit.ros.move_group_interface]: Plan and Execute request accepted
[move_group-3] [INFO] [1781537249.412029415] [move_group.moveit.moveit.ros.move_group.move_action]: executing..
[move_group-3] [INFO] [1781537249.413236368] [move_group.moveit.moveit.ros.move_group.move_action]: Combined planning and execution request received for MoveGroup action. Forwarding to planning and execution pipeline.
[move_group-3] [INFO] [1781537249.413343304] [move_group.moveit.moveit.ros.plan_execution]: Planning attempt 1 of at most 1
[move_group-3] [INFO] [1781537249.413384192] [move_group.moveit.moveit.ros.move_group.capability]: Using planning pipeline 'ompl'
[move_group-3] [INFO] [1781537249.413930254] [move_group]: Calling PlanningRequestAdapter 'ResolveConstraintFrames'
[move_group-3] [INFO] [1781537249.413968006] [move_group]: Calling PlanningRequestAdapter 'ValidateWorkspaceBounds'
[move_group-3] [INFO] [1781537249.413983516] [move_group]: Calling PlanningRequestAdapter 'CheckStartStateBounds'
[move_group-3] [INFO] [1781537249.414017231] [move_group]: Calling PlanningRequestAdapter 'CheckStartStateCollision'
[move_group-3] [INFO] [1781537249.416412090] [move_group.moveit.moveit.planners.ompl.model_based_planning_context]: Planner configuration 'gripper' will use planner 'geometric::RRTConnect'. Additional configuration parameters will be set when the planner is constructed.
[move_group-3] [INFO] [1781537249.417474194] [move_group]: Calling Planner 'OMPL'
[move_group-3] [INFO] [1781537249.435997356] [move_group]: Calling PlanningResponseAdapter 'AddTimeOptimalParameterization'
[move_group-3] [INFO] [1781537249.436809770] [move_group]: Calling PlanningResponseAdapter 'ValidateSolution'
[move_group-3] [INFO] [1781537249.436961512] [move_group]: Calling PlanningResponseAdapter 'DisplayMotionPath'
[move_group-3] [WARN] [1781537249.437162589] [move_group.moveit.moveit.ros.planning_pipeline]: The planner plugin did not fill out the 'planner_id' field of the MotionPlanResponse. Setting it to the planner ID name of the MotionPlanRequest assuming that the planner plugin does warn you if it does not use the requested planner.
[move_group-3] [INFO] [1781537249.437377736] [move_group.moveit.moveit.plugins.simple_controller_manager]: Returned 2 controllers in list
[move_group-3] [INFO] [1781537249.437410749] [move_group.moveit.moveit.plugins.simple_controller_manager]: Returned 2 controllers in list
[move_group-3] [INFO] [1781537249.437542710] [move_group.moveit.moveit.ros.trajectory_execution_manager]: Validating trajectory with allowed_start_tolerance 0.01
[move_group-3] [INFO] [1781537249.443274071] [move_group.moveit.moveit.ros.trajectory_execution_manager]: Starting trajectory execution ...
[move_group-3] [INFO] [1781537249.443369995] [move_group.moveit.moveit.plugins.simple_controller_manager]: Returned 2 controllers in list
[move_group-3] [INFO] [1781537249.443390294] [move_group.moveit.moveit.plugins.simple_controller_manager]: Returned 2 controllers in list
[ros2_control_node-5] [INFO] [1781537249.444115499] [gripper_controller]: Received & accepted new action goal
[move_group-3] [INFO] [1781537249.523304437] [move_group.moveit.moveit.ros.trajectory_execution_manager]: Completed trajectory execution with status SUCCEEDED ...
[move_group-3] [INFO] [1781537249.533462831] [move_group.moveit.moveit.ros.move_group.move_action]: Solution was found and executed.
[rviz2-4] [INFO] [1781537249.533827744] [moveit_1374898312.moveit.ros.move_group_interface]: Plan and Execute request complete!
[rviz2-4] [INFO] [1781537252.699982644] [moveit_1374898312.moveit.ros.motion_planning_frame]: group manipulator
[rviz2-4] [INFO] [1781537252.700048220] [moveit_1374898312.moveit.ros.motion_planning_frame]: Constructing new MoveGroup connection for group 'manipulator' in namespace ''
[rviz2-4] [INFO] [1781537252.718786843] [moveit_1374898312.moveit.ros.move_group_interface]: Ready to take commands for planning group manipulator.
[move_group-3] [INFO] [1781537256.753109539] [move_group.moveit.moveit.ros.move_group.move_action]: MoveGroupMoveAction: Received request
[rviz2-4] [INFO] [1781537256.753475845] [moveit_1374898312.moveit.ros.move_group_interface]: Plan and Execute request accepted
[move_group-3] [INFO] [1781537256.753504039] [move_group.moveit.moveit.ros.move_group.move_action]: executing..
[move_group-3] [INFO] [1781537256.763168376] [move_group.moveit.moveit.ros.move_group.move_action]: Combined planning and execution request received for MoveGroup action. Forwarding to planning and execution pipeline.
[move_group-3] [INFO] [1781537256.763268739] [move_group.moveit.moveit.ros.plan_execution]: Planning attempt 1 of at most 1
[move_group-3] [INFO] [1781537256.763318084] [move_group.moveit.moveit.ros.move_group.capability]: Using planning pipeline 'ompl'
[move_group-3] [INFO] [1781537256.763390193] [move_group]: Calling PlanningRequestAdapter 'ResolveConstraintFrames'
[move_group-3] [INFO] [1781537256.763409249] [move_group]: Calling PlanningRequestAdapter 'ValidateWorkspaceBounds'
[move_group-3] [INFO] [1781537256.763422004] [move_group]: Calling PlanningRequestAdapter 'CheckStartStateBounds'
[move_group-3] [INFO] [1781537256.763439367] [move_group]: Calling PlanningRequestAdapter 'CheckStartStateCollision'
[move_group-3] [INFO] [1781537256.763804771] [move_group.moveit.moveit.planners.ompl.model_based_planning_context]: Planner configuration 'manipulator' will use planner 'geometric::RRTConnect'. Additional configuration parameters will be set when the planner is constructed.
[move_group-3] [INFO] [1781537256.763901246] [move_group]: Calling Planner 'OMPL'
[move_group-3] [INFO] [1781537256.790402485] [move_group]: Calling PlanningResponseAdapter 'AddTimeOptimalParameterization'
[move_group-3] [INFO] [1781537256.808965783] [move_group]: Calling PlanningResponseAdapter 'ValidateSolution'
[move_group-3] [INFO] [1781537256.810510036] [move_group]: Calling PlanningResponseAdapter 'DisplayMotionPath'
[move_group-3] [WARN] [1781537256.810802539] [move_group.moveit.moveit.ros.planning_pipeline]: The planner plugin did not fill out the 'planner_id' field of the MotionPlanResponse. Setting it to the planner ID name of the MotionPlanRequest assuming that the planner plugin does warn you if it does not use the requested planner.
[move_group-3] [INFO] [1781537256.810987235] [move_group.moveit.moveit.plugins.simple_controller_manager]: Returned 2 controllers in list
[move_group-3] [INFO] [1781537256.811020468] [move_group.moveit.moveit.plugins.simple_controller_manager]: Returned 2 controllers in list
[move_group-3] [INFO] [1781537256.811125140] [move_group.moveit.moveit.ros.trajectory_execution_manager]: Validating trajectory with allowed_start_tolerance 0.01
[move_group-3] [INFO] [1781537256.813473831] [move_group.moveit.moveit.ros.trajectory_execution_manager]: Starting trajectory execution ...
[move_group-3] [INFO] [1781537256.813558754] [move_group.moveit.moveit.plugins.simple_controller_manager]: Returned 2 controllers in list
[move_group-3] [INFO] [1781537256.813598721] [move_group.moveit.moveit.plugins.simple_controller_manager]: Returned 2 controllers in list
[move_group-3] [INFO] [1781537256.813724954] [moveit.simple_controller_manager.follow_joint_trajectory_controller_handle]: sending trajectory to joint_trajectory_controller
[ros2_control_node-5] [INFO] [1781537256.814472173] [joint_trajectory_controller]: Received new action goal
[ros2_control_node-5] [INFO] [1781537256.814557317] [joint_trajectory_controller]: Accepted new action goal
[move_group-3] [INFO] [1781537256.814946495] [moveit.simple_controller_manager.follow_joint_trajectory_controller_handle]: joint_trajectory_controller started execution
[move_group-3] [INFO] [1781537256.814960562] [moveit.simple_controller_manager.follow_joint_trajectory_controller_handle]: Goal request accepted!
[ros2_control_node-5] [INFO] [1781537269.242678866] [joint_trajectory_controller]: Goal reached, success!
[move_group-3] [INFO] [1781537269.265301898] [moveit.simple_controller_manager.follow_joint_trajectory_controller_handle]: Controller 'joint_trajectory_controller' successfully finished
[move_group-3] [INFO] [1781537269.293121388] [move_group.moveit.moveit.ros.trajectory_execution_manager]: Completed trajectory execution with status SUCCEEDED ...
[move_group-3] [INFO] [1781537269.293727984] [move_group.moveit.moveit.ros.move_group.move_action]: Solution was found and executed.
[rviz2-4] [INFO] [1781537269.294419999] [moveit_1374898312.moveit.ros.move_group_interface]: Plan and Execute request complete!
[rviz2-4] [INFO] [1781537271.023049425] [moveit_1374898312.moveit.ros.robot_interaction]: No active joints or end effectors found for group 'gripper'. Make sure that kinematics.yaml is loaded in this node's namespace.
[rviz2-4] [INFO] [1781537271.023734523] [moveit_1374898312.moveit.ros.motion_planning_frame]: group gripper
[rviz2-4] [INFO] [1781537271.023764992] [moveit_1374898312.moveit.ros.motion_planning_frame]: Constructing new MoveGroup connection for group 'gripper' in namespace ''
[rviz2-4] [INFO] [1781537271.039793684] [moveit_1374898312.moveit.ros.move_group_interface]: Ready to take commands for planning group gripper.
[move_group-3] [INFO] [1781537273.302385362] [move_group.moveit.moveit.ros.move_group.move_action]: MoveGroupMoveAction: Received request
[rviz2-4] [INFO] [1781537273.302727637] [moveit_1374898312.moveit.ros.move_group_interface]: Plan and Execute request accepted
[move_group-3] [INFO] [1781537273.302763656] [move_group.moveit.moveit.ros.move_group.move_action]: executing..
[move_group-3] [INFO] [1781537273.311174854] [move_group.moveit.moveit.ros.move_group.move_action]: Combined planning and execution request received for MoveGroup action. Forwarding to planning and execution pipeline.
[move_group-3] [INFO] [1781537273.311279806] [move_group.moveit.moveit.ros.plan_execution]: Planning attempt 1 of at most 1
[move_group-3] [INFO] [1781537273.311315555] [move_group.moveit.moveit.ros.move_group.capability]: Using planning pipeline 'ompl'
[move_group-3] [INFO] [1781537273.311412541] [move_group]: Calling PlanningRequestAdapter 'ResolveConstraintFrames'
[move_group-3] [INFO] [1781537273.311473057] [move_group]: Calling PlanningRequestAdapter 'ValidateWorkspaceBounds'
[move_group-3] [INFO] [1781537273.311494048] [move_group]: Calling PlanningRequestAdapter 'CheckStartStateBounds'
[move_group-3] [INFO] [1781537273.311506341] [move_group]: Calling PlanningRequestAdapter 'CheckStartStateCollision'
[move_group-3] [INFO] [1781537273.311968559] [move_group.moveit.moveit.planners.ompl.model_based_planning_context]: Planner configuration 'gripper' will use planner 'geometric::RRTConnect'. Additional configuration parameters will be set when the planner is constructed.
[move_group-3] [INFO] [1781537273.312059705] [move_group]: Calling Planner 'OMPL'
[move_group-3] [INFO] [1781537273.328808004] [move_group]: Calling PlanningResponseAdapter 'AddTimeOptimalParameterization'
[move_group-3] [INFO] [1781537273.329211208] [move_group]: Calling PlanningResponseAdapter 'ValidateSolution'
[move_group-3] [INFO] [1781537273.329311401] [move_group]: Calling PlanningResponseAdapter 'DisplayMotionPath'
[move_group-3] [WARN] [1781537273.329462772] [move_group.moveit.moveit.ros.planning_pipeline]: The planner plugin did not fill out the 'planner_id' field of the MotionPlanResponse. Setting it to the planner ID name of the MotionPlanRequest assuming that the planner plugin does warn you if it does not use the requested planner.
[move_group-3] [INFO] [1781537273.329715838] [move_group.moveit.moveit.plugins.simple_controller_manager]: Returned 2 controllers in list
[move_group-3] [INFO] [1781537273.329770804] [move_group.moveit.moveit.plugins.simple_controller_manager]: Returned 2 controllers in list
[move_group-3] [INFO] [1781537273.329847461] [move_group.moveit.moveit.ros.trajectory_execution_manager]: Validating trajectory with allowed_start_tolerance 0.01
[move_group-3] [INFO] [1781537273.331286917] [move_group.moveit.moveit.ros.trajectory_execution_manager]: Starting trajectory execution ...
[move_group-3] [INFO] [1781537273.331369395] [move_group.moveit.moveit.plugins.simple_controller_manager]: Returned 2 controllers in list
[move_group-3] [INFO] [1781537273.331404824] [move_group.moveit.moveit.plugins.simple_controller_manager]: Returned 2 controllers in list
[ros2_control_node-5] [INFO] [1781537273.331930975] [gripper_controller]: Received & accepted new action goal
[move_group-3] [INFO] [1781537273.411253524] [move_group.moveit.moveit.ros.trajectory_execution_manager]: Completed trajectory execution with status SUCCEEDED ...
[move_group-3] [INFO] [1781537273.411454901] [move_group.moveit.moveit.ros.move_group.move_action]: Solution was found and executed.
[rviz2-4] [INFO] [1781537273.412314573] [moveit_1374898312.moveit.ros.move_group_interface]: Plan and Execute request complete!
[ros2_control_node-5] [WARN] [1781537297.061902494] [controller_manager]: Overrun detected! The controller manager missed its desired rate of 100 Hz. The loop took 11.379453 ms (missed cycles : 2).
