[INFO] [launch]: All log files can be found below /root/.ros/log/2026-06-15-15-42-10-793169-30f666a196dd-20547
[INFO] [launch]: Default logging verbosity is set to INFO
[INFO] [static_transform_publisher-1]: process started with pid [20551]
[INFO] [robot_state_publisher-2]: process started with pid [20552]
[INFO] [move_group-3]: process started with pid [20553]
[INFO] [rviz2-4]: process started with pid [20554]
[INFO] [ros2_control_node-5]: process started with pid [20555]
[INFO] [spawner-6]: process started with pid [20556]
[INFO] [spawner-7]: process started with pid [20557]
[INFO] [spawner-8]: process started with pid [20558]
[INFO] [pick_and_place_demo-9]: process started with pid [20559]
[static_transform_publisher-1] [INFO] [1781538135.352847072] [static_transform_publisher0]: Spinning until stopped - publishing transform
[static_transform_publisher-1] translation: ('0.000000', '0.000000', '0.000000')
[static_transform_publisher-1] rotation: ('0.000000', '0.000000', '0.000000', '1.000000')
[static_transform_publisher-1] from 'world' to 'base_link'
[robot_state_publisher-2] [INFO] [1781538135.440058864] [robot_state_publisher]: Robot initialized
[rviz2-4] QStandardPaths: XDG_RUNTIME_DIR not set, defaulting to '/tmp/runtime-root'
[pick_and_place_demo-9] [INFO] [1781538135.527510729] [moveit_2606176512.moveit.ros.rdf_loader]: Loaded robot model in 0.0898086 seconds
[pick_and_place_demo-9] [INFO] [1781538135.527682277] [moveit_2606176512.moveit.core.robot_model]: Loading robot model 'abb_irb140'...
[move_group-3] [INFO] [1781538135.561025992] [move_group.moveit.moveit.ros.rdf_loader]: Loaded robot model in 0.0922051 seconds
[move_group-3] [INFO] [1781538135.561201909] [move_group.moveit.moveit.core.robot_model]: Loading robot model 'abb_irb140'...
[move_group-3] [INFO] [1781538135.903719959] [move_group.moveit.moveit.kinematics.kdl_kinematics_plugin]: Joint weights for group 'manipulator': 1 1 1 1 1 1
[pick_and_place_demo-9] [INFO] [1781538135.904560054] [moveit_2606176512.moveit.kinematics.kdl_kinematics_plugin]: Joint weights for group 'manipulator': 1 1 1 1 1 1
[spawner-6] [INFO] [1781538135.950307557] [spawner_joint_trajectory_controller]: waiting for service /controller_manager/list_controllers to become available...
[move_group-3] [INFO] [1781538136.114950474] [move_group.moveit.moveit.ros.planning_scene_monitor]: Publishing maintained planning scene on 'monitored_planning_scene'
[move_group-3] [INFO] [1781538136.115203127] [move_group.moveit.moveit.ros.moveit_cpp]: Listening to 'joint_states' for joint states
[move_group-3] [INFO] [1781538136.117341734] [move_group.moveit.moveit.ros.current_state_monitor]: Listening to joint states on topic 'joint_states'
[move_group-3] [INFO] [1781538136.118380409] [move_group.moveit.moveit.ros.planning_scene_monitor]: Listening to '/attached_collision_object' for attached collision objects
[move_group-3] [INFO] [1781538136.118436416] [move_group.moveit.moveit.ros.planning_scene_monitor]: Stopping existing planning scene publisher.
[move_group-3] [INFO] [1781538136.118660573] [move_group.moveit.moveit.ros.planning_scene_monitor]: Stopped publishing maintained planning scene.
[move_group-3] [INFO] [1781538136.119392271] [move_group.moveit.moveit.ros.planning_scene_monitor]: Publishing maintained planning scene on 'monitored_planning_scene'
[move_group-3] [INFO] [1781538136.119535886] [move_group.moveit.moveit.ros.planning_scene_monitor]: Starting planning scene monitor
[move_group-3] [INFO] [1781538136.121390203] [move_group.moveit.moveit.ros.planning_scene_monitor]: Listening to '/planning_scene'
[move_group-3] [INFO] [1781538136.121435189] [move_group.moveit.moveit.ros.planning_scene_monitor]: Starting world geometry update monitor for collision objects, attached objects, octomap updates.
[move_group-3] [INFO] [1781538136.122290814] [move_group.moveit.moveit.ros.planning_scene_monitor]: Listening to 'collision_object'
[move_group-3] [INFO] [1781538136.123182638] [move_group.moveit.moveit.ros.planning_scene_monitor]: Listening to 'planning_scene_world' for planning scene world geometry
[ros2_control_node-5] [INFO] [1781538136.134667713] [controller_manager]: Using Steady (Monotonic) clock for triggering controller manager cycles.
[move_group-3] [WARN] [1781538136.148761315] [move_group.moveit.moveit.ros.occupancy_map_monitor]: Resolution not specified for Octomap. Assuming resolution = 0.1 instead
[move_group-3] [ERROR] [1781538136.149095664] [move_group.moveit.moveit.ros.occupancy_map_monitor]: Exception while loading octomap updater 'occupancy_map_monitor/DepthImageOctomapUpdater': According to the loaded plugin descriptions the class occupancy_map_monitor/DepthImageOctomapUpdater with base class type occupancy_map_monitor::OccupancyMapUpdater does not exist. Declared types are 
[move_group-3] 
[move_group-3] [ERROR] [1781538136.149150769] [move_group.moveit.moveit.ros.occupancy_map_monitor]: Failed to load sensor: `default_sensor` of type: `occupancy_map_monitor/DepthImageOctomapUpdater`
[move_group-3] [ERROR] [1781538136.149173673] [move_group.moveit.moveit.ros.occupancy_map_monitor]: Exception while loading octomap updater 'occupancy_map_monitor/DepthImageOctomapUpdater': According to the loaded plugin descriptions the class occupancy_map_monitor/DepthImageOctomapUpdater with base class type occupancy_map_monitor::OccupancyMapUpdater does not exist. Declared types are 
[move_group-3] 
[move_group-3] [ERROR] [1781538136.149199813] [move_group.moveit.moveit.ros.occupancy_map_monitor]: Failed to load sensor: `kinect_depthimage` of type: `occupancy_map_monitor/DepthImageOctomapUpdater`
[rviz2-4] [INFO] [1781538136.204883531] [rviz2]: Stereo is NOT SUPPORTED
[rviz2-4] [INFO] [1781538136.204989403] [rviz2]: OpenGl version: 4.5 (GLSL 4.5)
[ros2_control_node-5] [INFO] [1781538136.257806317] [controller_manager]: Subscribing to '/robot_description' topic for robot description.
[ros2_control_node-5] [INFO] [1781538136.264279286] [controller_manager]: update rate is 100 Hz
[ros2_control_node-5] [INFO] [1781538136.264332969] [controller_manager]: Overruns handling is : enabled
[ros2_control_node-5] [INFO] [1781538136.264346294] [controller_manager]: Spawning controller_manager RT thread with scheduler priority: 50
[ros2_control_node-5] [WARN] [1781538136.264483386] [controller_manager]: Could not enable FIFO RT scheduling policy: with error number <1>(Operation not permitted). See [https://control.ros.org/master/doc/ros2_control/controller_manager/doc/userdoc.html] for details on how to enable realtime scheduling.
[ros2_control_node-5] [INFO] [1781538136.268233473] [controller_manager]: Received robot description from topic.
[ros2_control_node-5] [INFO] [1781538136.268299349] [controller_manager]: Enforcing command limits is disabled. Command limits from URDF will be ignored.
[rviz2-4] [INFO] [1781538136.294214582] [rviz2]: Stereo is NOT SUPPORTED
[move_group-3] [INFO] [1781538136.316629265] [move_group.moveit.moveit.ros.planning_pipeline]: Successfully loaded planner 'STOMP'
[ros2_control_node-5] [INFO] [1781538136.358170043] [controller_manager]: Loading hardware 'IRB140System' 
[ros2_control_node-5] [INFO] [1781538136.374125945] [controller_manager]: Loaded hardware 'IRB140System' from plugin 'mock_components/GenericSystem'
[ros2_control_node-5] [INFO] [1781538136.374251124] [controller_manager]: Initialize hardware 'IRB140System' 
[ros2_control_node-5] [INFO] [1781538136.392137884] [controller_manager]: Successful initialization of hardware 'IRB140System'
[ros2_control_node-5] [INFO] [1781538136.392355049] [controller_manager]: Loading hardware 'FakeSystem' 
[ros2_control_node-5] [INFO] [1781538136.392389836] [controller_manager]: Loaded hardware 'FakeSystem' from plugin 'mock_components/GenericSystem'
[ros2_control_node-5] [INFO] [1781538136.392435984] [controller_manager]: Initialize hardware 'FakeSystem' 
[ros2_control_node-5] [INFO] [1781538136.408611364] [controller_manager]: Successful initialization of hardware 'FakeSystem'
[ros2_control_node-5] [WARN] [1781538136.408720844] [controller_manager]: Exception occurred while importing state interfaces: ResourceStorage: Tried to insert StateInterface with already existing key. Insert[gripper_finger_joint1/velocity]
[ros2_control_node-5] [WARN] [1781538136.408736253] [controller_manager]: Exception occurred while importing state interfaces: ResourceStorage: Tried to insert StateInterface with already existing key. Insert[gripper_finger_joint1/position]
[ros2_control_node-5] [WARN] [1781538136.408744900] [controller_manager]: Exception occurred while importing state interfaces: ResourceStorage: Tried to insert StateInterface with already existing key. Insert[joint_5/velocity]
[ros2_control_node-5] [WARN] [1781538136.408752234] [controller_manager]: Exception occurred while importing state interfaces: ResourceStorage: Tried to insert StateInterface with already existing key. Insert[joint_5/position]
[ros2_control_node-5] [WARN] [1781538136.408759327] [controller_manager]: Exception occurred while importing state interfaces: ResourceStorage: Tried to insert StateInterface with already existing key. Insert[joint_4/velocity]
[ros2_control_node-5] [WARN] [1781538136.408766300] [controller_manager]: Exception occurred while importing state interfaces: ResourceStorage: Tried to insert StateInterface with already existing key. Insert[joint_1/position]
[ros2_control_node-5] [WARN] [1781538136.408773394] [controller_manager]: Exception occurred while importing state interfaces: ResourceStorage: Tried to insert StateInterface with already existing key. Insert[joint_6/velocity]
[ros2_control_node-5] [WARN] [1781538136.408781179] [controller_manager]: Exception occurred while importing state interfaces: ResourceStorage: Tried to insert StateInterface with already existing key. Insert[joint_6/position]
[ros2_control_node-5] [WARN] [1781538136.408789134] [controller_manager]: Exception occurred while importing state interfaces: ResourceStorage: Tried to insert StateInterface with already existing key. Insert[joint_1/velocity]
[ros2_control_node-5] [WARN] [1781538136.408796568] [controller_manager]: Exception occurred while importing state interfaces: ResourceStorage: Tried to insert StateInterface with already existing key. Insert[joint_3/position]
[ros2_control_node-5] [WARN] [1781538136.408804013] [controller_manager]: Exception occurred while importing state interfaces: ResourceStorage: Tried to insert StateInterface with already existing key. Insert[joint_2/position]
[ros2_control_node-5] [WARN] [1781538136.408857755] [controller_manager]: Exception occurred while importing state interfaces: ResourceStorage: Tried to insert StateInterface with already existing key. Insert[joint_2/velocity]
[ros2_control_node-5] [WARN] [1781538136.408877824] [controller_manager]: Exception occurred while importing state interfaces: ResourceStorage: Tried to insert StateInterface with already existing key. Insert[joint_3/velocity]
[ros2_control_node-5] [WARN] [1781538136.408887131] [controller_manager]: Exception occurred while importing state interfaces: ResourceStorage: Tried to insert StateInterface with already existing key. Insert[joint_4/position]
[ros2_control_node-5] [WARN] [1781538136.408893724] [controller_manager]: Importing state interfaces for the hardware 'FakeSystem' returned no state interfaces.
[ros2_control_node-5] [ERROR] [1781538136.408913351] [controller_manager]: Exception of type : St13runtime_error occurred while importing command interfaces for the hardware 'FakeSystem' : ResourceStorage: Tried to insert CommandInterface with already existing key. Insert[gripper_finger_joint1/position]
[ros2_control_node-5] [INFO] [1781538136.408992052] [controller_manager]: Activating component 'FakeSystem'.
[ros2_control_node-5] [INFO] [1781538136.409006810] [resource_manager]: 'configure' hardware 'FakeSystem' 
[ros2_control_node-5] [INFO] [1781538136.409020787] [resource_manager]: Successful 'configure' of hardware 'FakeSystem'
[ros2_control_node-5] [INFO] [1781538136.409025927] [resource_manager]: 'activate' hardware 'FakeSystem' 
[ros2_control_node-5] [INFO] [1781538136.409035775] [resource_manager]: Successful 'activate' of hardware 'FakeSystem'
[ros2_control_node-5] [INFO] [1781538136.409142690] [controller_manager]: Activating component 'IRB140System'.
[ros2_control_node-5] [INFO] [1781538136.409159682] [resource_manager]: 'configure' hardware 'IRB140System' 
[ros2_control_node-5] [INFO] [1781538136.409170803] [resource_manager]: Successful 'configure' of hardware 'IRB140System'
[ros2_control_node-5] [INFO] [1781538136.409177446] [resource_manager]: 'activate' hardware 'IRB140System' 
[ros2_control_node-5] [INFO] [1781538136.409185151] [resource_manager]: Successful 'activate' of hardware 'IRB140System'
[ros2_control_node-5] [INFO] [1781538136.409212974] [controller_manager]: Registering statistics for : FakeSystem
[ros2_control_node-5] [INFO] [1781538136.409285382] [controller_manager]: Registering statistics for : IRB140System
[ros2_control_node-5] [INFO] [1781538136.409364934] [controller_manager]: Resource Manager has been successfully initialized. Starting Controller Manager services...
[move_group-3] [INFO] [1781538136.443816726] [move_group]: Try loading adapter 'default_planning_request_adapters/ResolveConstraintFrames'
[ros2_control_node-5] [INFO] [1781538136.453296555] [controller_manager]: Loading controller : 'joint_trajectory_controller' of type 'joint_trajectory_controller/JointTrajectoryController'
[ros2_control_node-5] [INFO] [1781538136.453349476] [controller_manager]: Loading controller 'joint_trajectory_controller'
[move_group-3] [INFO] [1781538136.462691556] [move_group]: Loaded adapter 'default_planning_request_adapters/ResolveConstraintFrames'
[move_group-3] [INFO] [1781538136.462753724] [move_group]: Try loading adapter 'default_planning_request_adapters/ValidateWorkspaceBounds'
[move_group-3] [INFO] [1781538136.463883784] [move_group]: Loaded adapter 'default_planning_request_adapters/ValidateWorkspaceBounds'
[move_group-3] [INFO] [1781538136.463920083] [move_group]: Try loading adapter 'default_planning_request_adapters/CheckStartStateBounds'
[move_group-3] [INFO] [1781538136.463962404] [move_group]: Loaded adapter 'default_planning_request_adapters/CheckStartStateBounds'
[move_group-3] [INFO] [1781538136.463984727] [move_group]: Try loading adapter 'default_planning_request_adapters/CheckStartStateCollision'
[move_group-3] [INFO] [1781538136.464123642] [move_group]: Loaded adapter 'default_planning_request_adapters/CheckStartStateCollision'
[ros2_control_node-5] [INFO] [1781538136.479373213] [controller_manager]: Controller 'joint_trajectory_controller' node arguments: --ros-args --params-file /root/ros2_projects/abb_project/install/abb_irb140_moveit_config/share/abb_irb140_moveit_config/config/ros2_controllers.yaml 
[move_group-3] [INFO] [1781538136.574216371] [move_group]: Try loading adapter 'default_planning_response_adapters/AddTimeOptimalParameterization'
[move_group-3] [INFO] [1781538136.589606230] [move_group]: Loaded adapter 'default_planning_response_adapters/AddTimeOptimalParameterization'
[move_group-3] [INFO] [1781538136.589661255] [move_group]: Try loading adapter 'default_planning_response_adapters/ValidateSolution'
[move_group-3] [INFO] [1781538136.594482087] [move_group]: Loaded adapter 'default_planning_response_adapters/ValidateSolution'
[move_group-3] [INFO] [1781538136.594557511] [move_group]: Try loading adapter 'default_planning_response_adapters/DisplayMotionPath'
[move_group-3] [INFO] [1781538136.595507106] [move_group]: Loaded adapter 'default_planning_response_adapters/DisplayMotionPath'
[spawner-6] [INFO] [1781538136.598259396] [spawner_joint_trajectory_controller]: Loaded joint_trajectory_controller
[ros2_control_node-5] [INFO] [1781538136.600915932] [controller_manager]: Configuring controller: 'joint_trajectory_controller'
[ros2_control_node-5] [INFO] [1781538136.601332097] [joint_trajectory_controller]: No specific joint names are used for command interfaces. Using 'joints' parameter.
[ros2_control_node-5] [INFO] [1781538136.601393054] [joint_trajectory_controller]: Command interfaces are [position] and state interfaces are [position velocity].
[ros2_control_node-5] [INFO] [1781538136.601425245] [joint_trajectory_controller]: Using 'splines' interpolation method.
[ros2_control_node-5] [INFO] [1781538136.612198094] [joint_trajectory_controller]: Action status changes will be monitored at 20.00 Hz.
[ros2_control_node-5] [INFO] [1781538136.622787236] [joint_trajectory_controller]: Setting initial scaling factor to 1.000000
[ros2_control_node-5] [INFO] [1781538136.622837482] [joint_trajectory_controller]: No scaling interface set. This controller will not read speed scaling from the hardware.
[ros2_control_node-5] [INFO] [1781538136.627651629] [controller_manager]: Activating controllers: [ joint_trajectory_controller ]
[ros2_control_node-5] [INFO] [1781538136.635253255] [controller_manager]: Successfully switched controllers!
[spawner-6] [INFO] [1781538136.646430995] [spawner_joint_trajectory_controller]: Configured and activated joint_trajectory_controller
[move_group-3] [INFO] [1781538136.748951834] [move_group.moveit.moveit.planners.pilz.joint_limits_aggregator]: Reading limits from namespace robot_description_planning
[spawner-7] [INFO] [1781538136.793904338] [spawner_gripper_controller]: waiting for service /controller_manager/list_controllers to become available...
[move_group-3] [INFO] [1781538136.810624914] [move_group.moveit.moveit.planners.pilz.command_planner]: Available plugins: pilz_industrial_motion_planner/PlanningContextLoaderCIRC pilz_industrial_motion_planner/PlanningContextLoaderLIN pilz_industrial_motion_planner/PlanningContextLoaderPTP 
[move_group-3] [INFO] [1781538136.810710487] [move_group.moveit.moveit.planners.pilz.command_planner]: About to load: pilz_industrial_motion_planner/PlanningContextLoaderCIRC
[INFO] [spawner-6]: process has finished cleanly [pid 20556]
[move_group-3] [INFO] [1781538136.830235527] [move_group.moveit.moveit.planners.pilz.command_planner]: Registered Algorithm [CIRC]
[move_group-3] [INFO] [1781538136.830309318] [move_group.moveit.moveit.planners.pilz.command_planner]: About to load: pilz_industrial_motion_planner/PlanningContextLoaderLIN
[move_group-3] [INFO] [1781538136.847366455] [move_group.moveit.moveit.planners.pilz.command_planner]: Registered Algorithm [LIN]
[move_group-3] [INFO] [1781538136.847439505] [move_group.moveit.moveit.planners.pilz.command_planner]: About to load: pilz_industrial_motion_planner/PlanningContextLoaderPTP
[move_group-3] [INFO] [1781538136.863751528] [move_group.moveit.moveit.planners.pilz.command_planner]: Registered Algorithm [PTP]
[move_group-3] [INFO] [1781538136.863821191] [move_group.moveit.moveit.ros.planning_pipeline]: Successfully loaded planner 'Pilz Industrial Motion Planner'
[move_group-3] [INFO] [1781538136.965297765] [move_group]: Try loading adapter 'default_planning_request_adapters/ResolveConstraintFrames'
[move_group-3] [INFO] [1781538136.978650880] [move_group]: Loaded adapter 'default_planning_request_adapters/ResolveConstraintFrames'
[move_group-3] [INFO] [1781538136.978704803] [move_group]: Try loading adapter 'default_planning_request_adapters/ValidateWorkspaceBounds'
[move_group-3] [INFO] [1781538136.979214125] [move_group]: Loaded adapter 'default_planning_request_adapters/ValidateWorkspaceBounds'
[move_group-3] [INFO] [1781538136.979230777] [move_group]: Try loading adapter 'default_planning_request_adapters/CheckStartStateBounds'
[move_group-3] [INFO] [1781538136.979256196] [move_group]: Loaded adapter 'default_planning_request_adapters/CheckStartStateBounds'
[move_group-3] [INFO] [1781538136.979262588] [move_group]: Try loading adapter 'default_planning_request_adapters/CheckStartStateCollision'
[move_group-3] [INFO] [1781538136.979276995] [move_group]: Loaded adapter 'default_planning_request_adapters/CheckStartStateCollision'
[ros2_control_node-5] [INFO] [1781538137.046875161] [controller_manager]: Loading controller : 'gripper_controller' of type 'position_controllers/GripperActionController'
[ros2_control_node-5] [INFO] [1781538137.046934895] [controller_manager]: Loading controller 'gripper_controller'
[ros2_control_node-5] [INFO] [1781538137.062444106] [controller_manager]: Controller 'gripper_controller' node arguments: --ros-args --params-file /root/ros2_projects/abb_project/install/abb_irb140_moveit_config/share/abb_irb140_moveit_config/config/ros2_controllers.yaml 
[ros2_control_node-5] [WARN] [1781538137.087886475] [gripper_controller]: [Deprecated]: the `position_controllers/GripperActionController` and `effort_controllers::GripperActionController` controllers are replaced by 'parallel_gripper_controllers/GripperActionController' controller
[move_group-3] [INFO] [1781538137.094781574] [move_group]: Try loading adapter 'default_planning_response_adapters/ValidateSolution'
[spawner-7] [INFO] [1781538137.096667463] [spawner_gripper_controller]: Loaded gripper_controller
[ros2_control_node-5] [INFO] [1781538137.099062413] [controller_manager]: Configuring controller: 'gripper_controller'
[ros2_control_node-5] [INFO] [1781538137.099157003] [gripper_controller]: Action status changes will be monitored at 20.000000 Hz.
[ros2_control_node-5] [INFO] [1781538137.107712693] [controller_manager]: Activating controllers: [ gripper_controller ]
[move_group-3] [INFO] [1781538137.112631432] [move_group]: Loaded adapter 'default_planning_response_adapters/ValidateSolution'
[move_group-3] [INFO] [1781538137.112664304] [move_group]: Try loading adapter 'default_planning_response_adapters/DisplayMotionPath'
[move_group-3] [INFO] [1781538137.113320086] [move_group]: Loaded adapter 'default_planning_response_adapters/DisplayMotionPath'
[ros2_control_node-5] [INFO] [1781538137.120600802] [controller_manager]: Successfully switched controllers!
[spawner-7] [INFO] [1781538137.126546431] [spawner_gripper_controller]: Configured and activated gripper_controller
[move_group-3] [INFO] [1781538137.252495215] [move_group.moveit.moveit.ros.planning_pipeline]: Successfully loaded planner 'CHOMP'
[INFO] [spawner-7]: process has finished cleanly [pid 20557]
[spawner-8] [INFO] [1781538137.282843543] [spawner_joint_state_broadcaster]: waiting for service /controller_manager/list_controllers to become available...
[rviz2-4] Warning: class_loader.impl: SEVERE WARNING!!! A namespace collision has occurred with plugin factory for class rviz_default_plugins::displays::InteractiveMarkerDisplay. New factory will OVERWRITE existing one. This situation occurs when libraries containing plugins are directly linked against an executable (the one running right now generating this message). Please separate plugins out into their own library or just don't link against the library and use either class_loader::ClassLoader/MultiLibraryClassLoader to open.
[rviz2-4]          at line 321 in /opt/ros/jazzy/include/class_loader/class_loader/class_loader_core.hpp
[move_group-3] [INFO] [1781538137.385677370] [move_group]: Try loading adapter 'default_planning_request_adapters/ResolveConstraintFrames'
[move_group-3] [INFO] [1781538137.405150025] [move_group]: Loaded adapter 'default_planning_request_adapters/ResolveConstraintFrames'
[move_group-3] [INFO] [1781538137.405194259] [move_group]: Try loading adapter 'default_planning_request_adapters/ValidateWorkspaceBounds'
[move_group-3] [INFO] [1781538137.405713711] [move_group]: Loaded adapter 'default_planning_request_adapters/ValidateWorkspaceBounds'
[move_group-3] [INFO] [1781538137.405732998] [move_group]: Try loading adapter 'default_planning_request_adapters/CheckStartStateBounds'
[move_group-3] [INFO] [1781538137.405766121] [move_group]: Loaded adapter 'default_planning_request_adapters/CheckStartStateBounds'
[move_group-3] [INFO] [1781538137.405779266] [move_group]: Try loading adapter 'default_planning_request_adapters/CheckStartStateCollision'
[move_group-3] [INFO] [1781538137.405898093] [move_group]: Loaded adapter 'default_planning_request_adapters/CheckStartStateCollision'
[move_group-3] [INFO] [1781538137.525049702] [move_group]: Try loading adapter 'default_planning_response_adapters/AddTimeOptimalParameterization'
[ros2_control_node-5] [INFO] [1781538137.535829508] [controller_manager]: Loading controller : 'joint_state_broadcaster' of type 'joint_state_broadcaster/JointStateBroadcaster'
[ros2_control_node-5] [INFO] [1781538137.535909400] [controller_manager]: Loading controller 'joint_state_broadcaster'
[move_group-3] [INFO] [1781538137.542722404] [move_group]: Loaded adapter 'default_planning_response_adapters/AddTimeOptimalParameterization'
[move_group-3] [INFO] [1781538137.542778791] [move_group]: Try loading adapter 'default_planning_response_adapters/ValidateSolution'
[move_group-3] [INFO] [1781538137.543956108] [move_group]: Loaded adapter 'default_planning_response_adapters/ValidateSolution'
[move_group-3] [INFO] [1781538137.543984673] [move_group]: Try loading adapter 'default_planning_response_adapters/DisplayMotionPath'
[move_group-3] [INFO] [1781538137.544696681] [move_group]: Loaded adapter 'default_planning_response_adapters/DisplayMotionPath'
[ros2_control_node-5] [INFO] [1781538137.604186272] [controller_manager]: Controller 'joint_state_broadcaster' node arguments: --ros-args --params-file /root/ros2_projects/abb_project/install/abb_irb140_moveit_config/share/abb_irb140_moveit_config/config/ros2_controllers.yaml 
[spawner-8] [INFO] [1781538137.636229318] [spawner_joint_state_broadcaster]: Loaded joint_state_broadcaster
[ros2_control_node-5] [INFO] [1781538137.637934953] [controller_manager]: Configuring controller: 'joint_state_broadcaster'
[ros2_control_node-5] [INFO] [1781538137.638056665] [joint_state_broadcaster]: 'joints' or 'interfaces' parameter is empty. All available state interfaces will be published
[ros2_control_node-5] [INFO] [1781538137.667048108] [controller_manager]: Activating controllers: [ joint_state_broadcaster ]
[ros2_control_node-5] [INFO] [1781538137.675035874] [controller_manager]: Successfully switched controllers!
[spawner-8] [INFO] [1781538137.686577468] [spawner_joint_state_broadcaster]: Configured and activated joint_state_broadcaster
[move_group-3] [INFO] [1781538137.724522423] [move_group.moveit.moveit.ros.planning_pipeline]: Successfully loaded planner 'OMPL'
[INFO] [spawner-8]: process has finished cleanly [pid 20558]
[move_group-3] [INFO] [1781538137.859747867] [move_group]: Try loading adapter 'default_planning_request_adapters/ResolveConstraintFrames'
[move_group-3] [INFO] [1781538137.874574086] [move_group]: Loaded adapter 'default_planning_request_adapters/ResolveConstraintFrames'
[move_group-3] [INFO] [1781538137.874634001] [move_group]: Try loading adapter 'default_planning_request_adapters/ValidateWorkspaceBounds'
[move_group-3] [INFO] [1781538137.875334087] [move_group]: Loaded adapter 'default_planning_request_adapters/ValidateWorkspaceBounds'
[move_group-3] [INFO] [1781538137.875360598] [move_group]: Try loading adapter 'default_planning_request_adapters/CheckStartStateBounds'
[move_group-3] [INFO] [1781538137.875397698] [move_group]: Loaded adapter 'default_planning_request_adapters/CheckStartStateBounds'
[move_group-3] [INFO] [1781538137.875411545] [move_group]: Try loading adapter 'default_planning_request_adapters/CheckStartStateCollision'
[move_group-3] [INFO] [1781538137.875432635] [move_group]: Loaded adapter 'default_planning_request_adapters/CheckStartStateCollision'
[move_group-3] [INFO] [1781538137.995441709] [move_group]: Try loading adapter 'default_planning_response_adapters/AddTimeOptimalParameterization'
[move_group-3] [INFO] [1781538138.012170969] [move_group]: Loaded adapter 'default_planning_response_adapters/AddTimeOptimalParameterization'
[move_group-3] [INFO] [1781538138.012221185] [move_group]: Try loading adapter 'default_planning_response_adapters/ValidateSolution'
[move_group-3] [INFO] [1781538138.013054295] [move_group]: Loaded adapter 'default_planning_response_adapters/ValidateSolution'
[move_group-3] [INFO] [1781538138.013076497] [move_group]: Try loading adapter 'default_planning_response_adapters/DisplayMotionPath'
[move_group-3] [INFO] [1781538138.013950174] [move_group]: Loaded adapter 'default_planning_response_adapters/DisplayMotionPath'
[move_group-3] [INFO] [1781538138.255112871] [move_group.moveit.moveit.plugins.simple_controller_manager]: Added FollowJointTrajectory controller for joint_trajectory_controller
[move_group-3] [INFO] [1781538138.255186030] [move_group.moveit.moveit.plugins.simple_controller_manager]: gripper_controller will command a max effort of: 0
[move_group-3] [INFO] [1781538138.260477017] [move_group.moveit.moveit.plugins.simple_controller_manager]: Added GripperCommand controller for gripper_controller
[move_group-3] [INFO] [1781538138.260739288] [move_group.moveit.moveit.plugins.simple_controller_manager]: Returned 2 controllers in list
[move_group-3] [INFO] [1781538138.260782330] [move_group.moveit.moveit.plugins.simple_controller_manager]: Returned 2 controllers in list
[move_group-3] [INFO] [1781538138.261331198] [move_group.moveit.moveit.ros.trajectory_execution_manager]: Trajectory execution is managing controllers
[move_group-3] [INFO] [1781538138.261457198] [move_group]: MoveGroup debug mode is ON
[pick_and_place_demo-9] [INFO] [1781538138.361422684] [moveit_2606176512.moveit.ros.move_group_interface]: Ready to take commands for planning group manipulator.
[pick_and_place_demo-9] [INFO] [1781538138.378167259] [moveit_2606176512.moveit.ros.move_group_interface]: Ready to take commands for planning group gripper.
[pick_and_place_demo-9] [INFO] [1781538138.378226212] [robot_controller]: Planning frame: base_link
[pick_and_place_demo-9] [INFO] [1781538138.378237754] [robot_controller]: End effector link: gripper_grasp_frame
[pick_and_place_demo-9] [INFO] [1781538138.378243264] [demo]: Starting side-grasp pick and place demo
[pick_and_place_demo-9] [INFO] [1781538138.378346391] [moveit_2606176512.moveit.ros.move_group_interface]: MoveGroup action client/server ready
[move_group-3] [INFO] [1781538138.379660901] [move_group.moveit.moveit.planners.pilz.move_group_sequence_action]: initialize move group sequence action
[move_group-3] [INFO] [1781538138.384966758] [move_group.moveit.moveit.planners.pilz.joint_limits_aggregator]: Reading limits from namespace robot_description_planning
[move_group-3] [INFO] [1781538138.385248085] [move_group.moveit.moveit.planners.pilz.joint_limits_aggregator]: Reading limits from namespace robot_description_planning
[move_group-3] [INFO] [1781538138.387175504] [move_group.moveit.moveit.ros.move_group.executable]: 
[move_group-3] 
[move_group-3] ********************************************************
[move_group-3] * MoveGroup using: 
[move_group-3] *     - apply_planning_scene_service
[move_group-3] *     - clear_octomap_service
[move_group-3] *     - get_group_urdf
[move_group-3] *     - load_geometry_from_file
[move_group-3] *     - CartesianPathService
[move_group-3] *     - execute_trajectory_action
[move_group-3] *     - get_planning_scene_service
[move_group-3] *     - kinematics_service
[move_group-3] *     - move_action
[move_group-3] *     - motion_plan_service
[move_group-3] *     - query_planners_service
[move_group-3] *     - state_validation_service
[move_group-3] *     - save_geometry_to_file
[move_group-3] *     - SequenceAction
[move_group-3] *     - SequenceService
[move_group-3] ********************************************************
[move_group-3] 
[move_group-3] [INFO] [1781538138.387260536] [move_group.moveit.moveit.ros.move_group.context]: MoveGroup context using pipeline ompl
[move_group-3] [INFO] [1781538138.387270655] [move_group.moveit.moveit.ros.move_group.context]: MoveGroup context initialization complete
[move_group-3] [96mLoading 'move_group/ApplyPlanningSceneService'...[0m
[move_group-3] [96mLoading 'move_group/ClearOctomapService'...[0m
[move_group-3] [96mLoading 'move_group/GetUrdfService'...[0m
[move_group-3] [96mLoading 'move_group/LoadGeometryFromFileService'...[0m
[move_group-3] [96mLoading 'move_group/MoveGroupCartesianPathService'...[0m
[move_group-3] [96mLoading 'move_group/MoveGroupExecuteTrajectoryAction'...[0m
[move_group-3] [96mLoading 'move_group/MoveGroupGetPlanningSceneService'...[0m
[move_group-3] [96mLoading 'move_group/MoveGroupKinematicsService'...[0m
[move_group-3] [96mLoading 'move_group/MoveGroupMoveAction'...[0m
[move_group-3] [96mLoading 'move_group/MoveGroupPlanService'...[0m
[move_group-3] [96mLoading 'move_group/MoveGroupQueryPlannersService'...[0m
[move_group-3] [96mLoading 'move_group/MoveGroupStateValidationService'...[0m
[move_group-3] [96mLoading 'move_group/SaveGeometryToFileService'...[0m
[move_group-3] [96mLoading 'pilz_industrial_motion_planner/MoveGroupSequenceAction'...[0m
[move_group-3] [96mLoading 'pilz_industrial_motion_planner/MoveGroupSequenceService'...[0m
[move_group-3] 
[move_group-3] [92mYou can start planning now![0m
[move_group-3] 
[move_group-3] [INFO] [1781538138.389435921] [move_group.moveit.moveit.ros.move_group.move_action]: MoveGroupMoveAction: Received request
[pick_and_place_demo-9] [INFO] [1781538138.390080618] [moveit_2606176512.moveit.ros.move_group_interface]: Planning request accepted
[move_group-3] [INFO] [1781538138.390460286] [move_group.moveit.moveit.ros.move_group.move_action]: executing..
[move_group-3] [INFO] [1781538138.395243561] [move_group.moveit.moveit.ros.move_group.move_action]: Planning request received for MoveGroup action. Forwarding to planning pipeline.
[move_group-3] [INFO] [1781538138.395509299] [move_group]: Calling PlanningRequestAdapter 'ResolveConstraintFrames'
[move_group-3] [INFO] [1781538138.395555537] [move_group]: Calling PlanningRequestAdapter 'ValidateWorkspaceBounds'
[move_group-3] [WARN] [1781538138.395566498] [move_group.moveit.moveit.ros.validate_workspace_bounds]: It looks like the planning volume was not specified. Using default values.
[move_group-3] [INFO] [1781538138.395581336] [move_group]: Calling PlanningRequestAdapter 'CheckStartStateBounds'
[move_group-3] [INFO] [1781538138.395619048] [move_group]: Calling PlanningRequestAdapter 'CheckStartStateCollision'
[move_group-3] [INFO] [1781538138.400183888] [move_group.moveit.moveit.planners.ompl.model_based_planning_context]: Planner configuration 'manipulator' will use planner 'geometric::RRTConnect'. Additional configuration parameters will be set when the planner is constructed.
[move_group-3] [INFO] [1781538138.401431122] [move_group]: Calling Planner 'OMPL'
[move_group-3] [INFO] [1781538138.426085735] [move_group]: Calling PlanningResponseAdapter 'AddTimeOptimalParameterization'
[move_group-3] [INFO] [1781538138.426197058] [move_group]: Calling PlanningResponseAdapter 'ValidateSolution'
[move_group-3] [INFO] [1781538138.426237525] [move_group]: Calling PlanningResponseAdapter 'DisplayMotionPath'
[move_group-3] [WARN] [1781538138.426341593] [move_group.moveit.moveit.ros.planning_pipeline]: The planner plugin did not fill out the 'planner_id' field of the MotionPlanResponse. Setting it to the planner ID name of the MotionPlanRequest assuming that the planner plugin does warn you if it does not use the requested planner.
[move_group-3] [INFO] [1781538138.426430854] [move_group.moveit.moveit.ros.move_group.move_action]: Motion plan was computed successfully.
[pick_and_place_demo-9] [INFO] [1781538138.426798064] [moveit_2606176512.moveit.ros.move_group_interface]: Planning request complete!
[pick_and_place_demo-9] [INFO] [1781538138.427617156] [moveit_2606176512.moveit.ros.move_group_interface]: time taken to generate plan: 0.024391 seconds
[move_group-3] [INFO] [1781538138.428284090] [move_group.moveit.moveit.ros.move_group.clear_octomap_service]: Execution request received
[move_group-3] [INFO] [1781538138.428392998] [move_group.moveit.moveit.plugins.simple_controller_manager]: Returned 2 controllers in list
[move_group-3] [INFO] [1781538138.428426381] [move_group.moveit.moveit.plugins.simple_controller_manager]: Returned 2 controllers in list
[move_group-3] [INFO] [1781538138.428580686] [move_group.moveit.moveit.ros.trajectory_execution_manager]: Validating trajectory with allowed_start_tolerance 0.01
[pick_and_place_demo-9] [INFO] [1781538138.428409973] [moveit_2606176512.moveit.ros.move_group_interface]: Execute request accepted
[move_group-3] [INFO] [1781538138.435352851] [move_group.moveit.moveit.ros.trajectory_execution_manager]: Starting trajectory execution ...
[move_group-3] [INFO] [1781538138.435441831] [move_group.moveit.moveit.plugins.simple_controller_manager]: Returned 2 controllers in list
[move_group-3] [INFO] [1781538138.435460777] [move_group.moveit.moveit.plugins.simple_controller_manager]: Returned 2 controllers in list
[move_group-3] [INFO] [1781538138.435614190] [moveit.simple_controller_manager.follow_joint_trajectory_controller_handle]: sending trajectory to joint_trajectory_controller
[ros2_control_node-5] [INFO] [1781538138.436082795] [joint_trajectory_controller]: Received new action goal
[ros2_control_node-5] [INFO] [1781538138.436119114] [joint_trajectory_controller]: Accepted new action goal
[move_group-3] [INFO] [1781538138.436761179] [moveit.simple_controller_manager.follow_joint_trajectory_controller_handle]: joint_trajectory_controller started execution
[move_group-3] [INFO] [1781538138.436781748] [moveit.simple_controller_manager.follow_joint_trajectory_controller_handle]: Goal request accepted!
[ros2_control_node-5] [INFO] [1781538138.444930722] [joint_trajectory_controller]: Goal reached, success!
[move_group-3] [INFO] [1781538138.487000116] [moveit.simple_controller_manager.follow_joint_trajectory_controller_handle]: Controller 'joint_trajectory_controller' successfully finished
[move_group-3] [INFO] [1781538138.515018901] [move_group.moveit.moveit.ros.trajectory_execution_manager]: Completed trajectory execution with status SUCCEEDED ...
[move_group-3] [INFO] [1781538138.515170133] [move_group.moveit.moveit.ros.move_group.clear_octomap_service]: Execution completed: SUCCEEDED
[pick_and_place_demo-9] [INFO] [1781538138.515592617] [moveit_2606176512.moveit.ros.move_group_interface]: Execute request success!
[pick_and_place_demo-9] [INFO] [1781538138.547296728] [robot_controller]: Table added to planning scene
[rviz2-4] [ERROR] [1781538140.402845779] [moveit_953423486.moveit.ros.motion_planning_frame]: Action server: /recognize_objects not available
[rviz2-4] [INFO] [1781538140.426054646] [moveit_953423486.moveit.ros.motion_planning_frame]: MoveGroup namespace changed: / -> . Reloading params.
[pick_and_place_demo-9] [INFO] [1781538140.573867387] [robot_controller]: Box added
[pick_and_place_demo-9] [INFO] [1781538140.586909026] [moveit_2606176512.moveit.ros.move_group_interface]: MoveGroup action client/server ready
[move_group-3] [INFO] [1781538140.587499713] [move_group.moveit.moveit.ros.move_group.move_action]: MoveGroupMoveAction: Received request
[pick_and_place_demo-9] [INFO] [1781538140.587703613] [moveit_2606176512.moveit.ros.move_group_interface]: Planning request accepted
[move_group-3] [INFO] [1781538140.587840735] [move_group.moveit.moveit.ros.move_group.move_action]: executing..
[move_group-3] [INFO] [1781538140.593778929] [move_group.moveit.moveit.ros.move_group.move_action]: Planning request received for MoveGroup action. Forwarding to planning pipeline.
[move_group-3] [INFO] [1781538140.593966807] [move_group]: Calling PlanningRequestAdapter 'ResolveConstraintFrames'
[move_group-3] [INFO] [1781538140.593989991] [move_group]: Calling PlanningRequestAdapter 'ValidateWorkspaceBounds'
[move_group-3] [WARN] [1781538140.593994680] [move_group.moveit.moveit.ros.validate_workspace_bounds]: It looks like the planning volume was not specified. Using default values.
[move_group-3] [INFO] [1781538140.594003828] [move_group]: Calling PlanningRequestAdapter 'CheckStartStateBounds'
[move_group-3] [INFO] [1781538140.594025299] [move_group]: Calling PlanningRequestAdapter 'CheckStartStateCollision'
[move_group-3] [INFO] [1781538140.594337244] [move_group.moveit.moveit.planners.ompl.model_based_planning_context]: Planner configuration 'gripper' will use planner 'geometric::RRTConnect'. Additional configuration parameters will be set when the planner is constructed.
[move_group-3] [INFO] [1781538140.594473264] [move_group]: Calling Planner 'OMPL'
[move_group-3] [INFO] [1781538140.611258962] [move_group]: Calling PlanningResponseAdapter 'AddTimeOptimalParameterization'
[move_group-3] [INFO] [1781538140.613885164] [move_group]: Calling PlanningResponseAdapter 'ValidateSolution'
[move_group-3] [INFO] [1781538140.614094153] [move_group]: Calling PlanningResponseAdapter 'DisplayMotionPath'
[move_group-3] [WARN] [1781538140.614229281] [move_group.moveit.moveit.ros.planning_pipeline]: The planner plugin did not fill out the 'planner_id' field of the MotionPlanResponse. Setting it to the planner ID name of the MotionPlanRequest assuming that the planner plugin does warn you if it does not use the requested planner.
[move_group-3] [INFO] [1781538140.614279988] [move_group.moveit.moveit.ros.move_group.move_action]: Motion plan was computed successfully.
[pick_and_place_demo-9] [INFO] [1781538140.614599586] [moveit_2606176512.moveit.ros.move_group_interface]: Planning request complete!
[pick_and_place_demo-9] [INFO] [1781538140.614649191] [moveit_2606176512.moveit.ros.move_group_interface]: time taken to generate plan: 0.0163264 seconds
[move_group-3] [INFO] [1781538140.615228797] [move_group.moveit.moveit.ros.move_group.clear_octomap_service]: Execution request received
[move_group-3] [INFO] [1781538140.615307297] [move_group.moveit.moveit.plugins.simple_controller_manager]: Returned 2 controllers in list
[move_group-3] [INFO] [1781538140.615339188] [move_group.moveit.moveit.plugins.simple_controller_manager]: Returned 2 controllers in list
[move_group-3] [INFO] [1781538140.615506407] [move_group.moveit.moveit.ros.trajectory_execution_manager]: Validating trajectory with allowed_start_tolerance 0.01
[pick_and_place_demo-9] [INFO] [1781538140.615397900] [moveit_2606176512.moveit.ros.move_group_interface]: Execute request accepted
[move_group-3] [INFO] [1781538140.623915139] [move_group.moveit.moveit.ros.trajectory_execution_manager]: Starting trajectory execution ...
[move_group-3] [INFO] [1781538140.624012104] [move_group.moveit.moveit.plugins.simple_controller_manager]: Returned 2 controllers in list
[move_group-3] [INFO] [1781538140.624085080] [move_group.moveit.moveit.plugins.simple_controller_manager]: Returned 2 controllers in list
[ros2_control_node-5] [INFO] [1781538140.624718840] [gripper_controller]: Received & accepted new action goal
[move_group-3] [INFO] [1781538140.703567640] [move_group.moveit.moveit.ros.trajectory_execution_manager]: Completed trajectory execution with status SUCCEEDED ...
[move_group-3] [INFO] [1781538140.703708539] [move_group.moveit.moveit.ros.move_group.clear_octomap_service]: Execution completed: SUCCEEDED
[pick_and_place_demo-9] [INFO] [1781538140.704353720] [moveit_2606176512.moveit.ros.move_group_interface]: Execute request success!
[pick_and_place_demo-9] [INFO] [1781538140.704448842] [robot_controller]: moveToPose target x=0.345 y=0.200 z=0.115
[pick_and_place_demo-9] [INFO] [1781538140.704602425] [moveit_2606176512.moveit.ros.move_group_interface]: MoveGroup action client/server ready
[move_group-3] [INFO] [1781538140.705118841] [move_group.moveit.moveit.ros.move_group.move_action]: MoveGroupMoveAction: Received request
[move_group-3] [INFO] [1781538140.705417951] [move_group.moveit.moveit.ros.move_group.move_action]: executing..
[pick_and_place_demo-9] [INFO] [1781538140.705495149] [moveit_2606176512.moveit.ros.move_group_interface]: Planning request accepted
[move_group-3] [INFO] [1781538140.713720767] [move_group.moveit.moveit.ros.move_group.move_action]: Planning request received for MoveGroup action. Forwarding to planning pipeline.
[move_group-3] [INFO] [1781538140.713962940] [move_group]: Calling PlanningRequestAdapter 'ResolveConstraintFrames'
[move_group-3] [INFO] [1781538140.714017985] [move_group]: Calling PlanningRequestAdapter 'ValidateWorkspaceBounds'
[move_group-3] [WARN] [1781538140.714033184] [move_group.moveit.moveit.ros.validate_workspace_bounds]: It looks like the planning volume was not specified. Using default values.
[move_group-3] [INFO] [1781538140.714101183] [move_group]: Calling PlanningRequestAdapter 'CheckStartStateBounds'
[move_group-3] [INFO] [1781538140.714138685] [move_group]: Calling PlanningRequestAdapter 'CheckStartStateCollision'
[move_group-3] [INFO] [1781538140.714714183] [move_group.moveit.moveit.planners.ompl.model_based_planning_context]: Planner configuration 'manipulator' will use planner 'geometric::RRTConnect'. Additional configuration parameters will be set when the planner is constructed.
[move_group-3] [INFO] [1781538140.714780329] [move_group]: Calling Planner 'OMPL'
[rviz2-4] [ERROR] [1781538140.721102494] [moveit_953423486.moveit.ros.trajectory_visualization]: No robot state or robot model loaded
[move_group-3] [INFO] [1781538140.801056464] [move_group]: Calling PlanningResponseAdapter 'AddTimeOptimalParameterization'
[move_group-3] [INFO] [1781538140.819832177] [move_group]: Calling PlanningResponseAdapter 'ValidateSolution'
[move_group-3] [INFO] [1781538140.821580343] [move_group]: Calling PlanningResponseAdapter 'DisplayMotionPath'
[move_group-3] [WARN] [1781538140.821959868] [move_group.moveit.moveit.ros.planning_pipeline]: The planner plugin did not fill out the 'planner_id' field of the MotionPlanResponse. Setting it to the planner ID name of the MotionPlanRequest assuming that the planner plugin does warn you if it does not use the requested planner.
[move_group-3] [INFO] [1781538140.822115385] [move_group.moveit.moveit.ros.move_group.move_action]: Motion plan was computed successfully.
[pick_and_place_demo-9] [INFO] [1781538140.822670986] [moveit_2606176512.moveit.ros.move_group_interface]: Planning request complete!
[pick_and_place_demo-9] [INFO] [1781538140.822846962] [moveit_2606176512.moveit.ros.move_group_interface]: time taken to generate plan: 0.0859928 seconds
[move_group-3] [INFO] [1781538140.823509686] [move_group.moveit.moveit.ros.move_group.clear_octomap_service]: Execution request received
[move_group-3] [INFO] [1781538140.823586724] [move_group.moveit.moveit.plugins.simple_controller_manager]: Returned 2 controllers in list
[move_group-3] [INFO] [1781538140.823614707] [move_group.moveit.moveit.plugins.simple_controller_manager]: Returned 2 controllers in list
[move_group-3] [INFO] [1781538140.823700871] [move_group.moveit.moveit.ros.trajectory_execution_manager]: Validating trajectory with allowed_start_tolerance 0.01
[pick_and_place_demo-9] [INFO] [1781538140.823646397] [moveit_2606176512.moveit.ros.move_group_interface]: Execute request accepted
[move_group-3] [INFO] [1781538140.834593361] [move_group.moveit.moveit.ros.trajectory_execution_manager]: Starting trajectory execution ...
[move_group-3] [INFO] [1781538140.834704222] [move_group.moveit.moveit.plugins.simple_controller_manager]: Returned 2 controllers in list
[move_group-3] [INFO] [1781538140.834752645] [move_group.moveit.moveit.plugins.simple_controller_manager]: Returned 2 controllers in list
[move_group-3] [INFO] [1781538140.834896489] [moveit.simple_controller_manager.follow_joint_trajectory_controller_handle]: sending trajectory to joint_trajectory_controller
[ros2_control_node-5] [INFO] [1781538140.835375774] [joint_trajectory_controller]: Received new action goal
[ros2_control_node-5] [INFO] [1781538140.835461048] [joint_trajectory_controller]: Accepted new action goal
[move_group-3] [INFO] [1781538140.836089961] [moveit.simple_controller_manager.follow_joint_trajectory_controller_handle]: joint_trajectory_controller started execution
[move_group-3] [INFO] [1781538140.836103216] [moveit.simple_controller_manager.follow_joint_trajectory_controller_handle]: Goal request accepted!
[rviz2-4] [ERROR] [1781538140.898976331] [moveit_953423486.moveit.ros.trajectory_visualization]: No robot state or robot model loaded
[rviz2-4] [INFO] [1781538140.914594919] [moveit_953423486.moveit.ros.rdf_loader]: Loaded robot model in 0.268604 seconds
[rviz2-4] [INFO] [1781538140.914731770] [moveit_953423486.moveit.core.robot_model]: Loading robot model 'abb_irb140'...
[rviz2-4] [ERROR] [1781538140.951191057] [moveit_953423486.moveit.ros.trajectory_visualization]: No robot state or robot model loaded
[rviz2-4] [INFO] [1781538141.526568297] [moveit_953423486.moveit.kinematics.kdl_kinematics_plugin]: Joint weights for group 'manipulator': 1 1 1 1 1 1
[rviz2-4] [INFO] [1781538141.856883025] [moveit_953423486.moveit.ros.planning_scene_monitor]: Starting planning scene monitor
[rviz2-4] [INFO] [1781538141.857863059] [moveit_953423486.moveit.ros.planning_scene_monitor]: Listening to '/monitored_planning_scene'
[rviz2-4] [INFO] [1781538142.968897956] [interactive_marker_display_94177506570064]: Connected on namespace: /rviz_moveit_motion_planning_display/robot_interaction_interactive_marker_topic
[rviz2-4] [INFO] [1781538142.971606175] [moveit_953423486.moveit.ros.robot_interaction]: No active joints or end effectors found for group 'gripper'. Make sure that kinematics.yaml is loaded in this node's namespace.
[rviz2-4] [INFO] [1781538142.972253450] [moveit_953423486.moveit.ros.robot_interaction]: No active joints or end effectors found for group 'gripper'. Make sure that kinematics.yaml is loaded in this node's namespace.
[rviz2-4] [INFO] [1781538143.049516673] [moveit_953423486.moveit.ros.motion_planning_frame]: group gripper
[rviz2-4] [INFO] [1781538143.049563603] [moveit_953423486.moveit.ros.motion_planning_frame]: Constructing new MoveGroup connection for group 'gripper' in namespace ''
[rviz2-4] [INFO] [1781538143.071069176] [moveit_953423486.moveit.ros.move_group_interface]: Ready to take commands for planning group gripper.
[rviz2-4] [INFO] [1781538143.071826973] [moveit_953423486.moveit.ros.motion_planning_frame]: group gripper
[rviz2-4] [INFO] [1781538143.086848375] [interactive_marker_display_94177506570064]: Sending request for interactive markers
[rviz2-4] [INFO] [1781538143.261123191] [interactive_marker_display_94177506570064]: Service response received for initialization
[ros2_control_node-5] [INFO] [1781538153.296810433] [joint_trajectory_controller]: Goal reached, success!
[move_group-3] [INFO] [1781538153.336781941] [moveit.simple_controller_manager.follow_joint_trajectory_controller_handle]: Controller 'joint_trajectory_controller' successfully finished
[move_group-3] [INFO] [1781538153.363737561] [move_group.moveit.moveit.ros.trajectory_execution_manager]: Completed trajectory execution with status SUCCEEDED ...
[move_group-3] [INFO] [1781538153.364061099] [move_group.moveit.moveit.ros.move_group.clear_octomap_service]: Execution completed: SUCCEEDED
[pick_and_place_demo-9] [INFO] [1781538153.364586984] [moveit_2606176512.moveit.ros.move_group_interface]: Execute request success!
[pick_and_place_demo-9] [INFO] [1781538153.366522774] [moveit_2606176512.moveit.ros.current_state_monitor]: Listening to joint states on topic 'joint_states'
[pick_and_place_demo-9] [INFO] [1781538153.373925494] [robot_controller]: Current grasp frame pose: x=0.345 y=0.200 z=0.115
[pick_and_place_demo-9] [INFO] [1781538153.383647965] [robot_controller]: moveLinear from x=0.345 y=0.200 z=0.115 to x=0.465 y=0.200 z=0.115
[move_group-3] [INFO] [1781538153.394793349] [move_group.moveit.moveit.ros.move_group.cartesian_path_service_capability]: Received request to compute Cartesian path
[move_group-3] [INFO] [1781538153.395022607] [move_group.moveit.moveit.ros.move_group.cartesian_path_service_capability]: Attempting to follow 1 waypoints for link 'gripper_grasp_frame' using a step of 0.010000 m and jump threshold 0.000000 (in global reference frame)
[move_group-3] [INFO] [1781538153.401151239] [move_group.moveit.moveit.ros.move_group.cartesian_path_service_capability]: Computed Cartesian path with 14 points (followed 100.000000% of requested trajectory)
[pick_and_place_demo-9] [INFO] [1781538153.402090914] [robot_controller]: Cartesian fraction = 1.000
[pick_and_place_demo-9] [INFO] [1781538153.402729375] [moveit_2606176512.moveit.ros.move_group_interface]: Execute request accepted
[move_group-3] [INFO] [1781538153.402607282] [move_group.moveit.moveit.ros.move_group.clear_octomap_service]: Execution request received
[move_group-3] [INFO] [1781538153.402662878] [move_group.moveit.moveit.plugins.simple_controller_manager]: Returned 2 controllers in list
[move_group-3] [INFO] [1781538153.402693947] [move_group.moveit.moveit.plugins.simple_controller_manager]: Returned 2 controllers in list
[move_group-3] [INFO] [1781538153.402822253] [move_group.moveit.moveit.ros.trajectory_execution_manager]: Validating trajectory with allowed_start_tolerance 0.01
[move_group-3] [INFO] [1781538153.403863423] [move_group.moveit.moveit.ros.trajectory_execution_manager]: Starting trajectory execution ...
[move_group-3] [INFO] [1781538153.403920542] [move_group.moveit.moveit.plugins.simple_controller_manager]: Returned 2 controllers in list
[move_group-3] [INFO] [1781538153.403960077] [move_group.moveit.moveit.plugins.simple_controller_manager]: Returned 2 controllers in list
[move_group-3] [INFO] [1781538153.404144039] [moveit.simple_controller_manager.follow_joint_trajectory_controller_handle]: sending trajectory to joint_trajectory_controller
[ros2_control_node-5] [INFO] [1781538153.404488258] [joint_trajectory_controller]: Received new action goal
[ros2_control_node-5] [INFO] [1781538153.404528545] [joint_trajectory_controller]: Accepted new action goal
[move_group-3] [INFO] [1781538153.404817998] [moveit.simple_controller_manager.follow_joint_trajectory_controller_handle]: joint_trajectory_controller started execution
[move_group-3] [INFO] [1781538153.404830231] [moveit.simple_controller_manager.follow_joint_trajectory_controller_handle]: Goal request accepted!
[ros2_control_node-5] [INFO] [1781538155.803346130] [joint_trajectory_controller]: Goal reached, success!
[move_group-3] [INFO] [1781538155.805468607] [moveit.simple_controller_manager.follow_joint_trajectory_controller_handle]: Controller 'joint_trajectory_controller' successfully finished
[move_group-3] [INFO] [1781538155.833683258] [move_group.moveit.moveit.ros.trajectory_execution_manager]: Completed trajectory execution with status SUCCEEDED ...
[move_group-3] [INFO] [1781538155.833848731] [move_group.moveit.moveit.ros.move_group.clear_octomap_service]: Execution completed: SUCCEEDED
[pick_and_place_demo-9] [INFO] [1781538155.834273833] [moveit_2606176512.moveit.ros.move_group_interface]: Execute request success!
[pick_and_place_demo-9] [INFO] [1781538155.835156882] [robot_controller]: Before closeGripper
[pick_and_place_demo-9] [INFO] [1781538155.835333229] [moveit_2606176512.moveit.ros.move_group_interface]: MoveGroup action client/server ready
[move_group-3] [INFO] [1781538155.835815951] [move_group.moveit.moveit.ros.move_group.move_action]: MoveGroupMoveAction: Received request
[pick_and_place_demo-9] [INFO] [1781538155.836078612] [moveit_2606176512.moveit.ros.move_group_interface]: Planning request accepted
[move_group-3] [INFO] [1781538155.836192990] [move_group.moveit.moveit.ros.move_group.move_action]: executing..
[move_group-3] [INFO] [1781538155.843744183] [move_group.moveit.moveit.ros.move_group.move_action]: Planning request received for MoveGroup action. Forwarding to planning pipeline.
[move_group-3] [INFO] [1781538155.843930810] [move_group]: Calling PlanningRequestAdapter 'ResolveConstraintFrames'
[move_group-3] [INFO] [1781538155.843983220] [move_group]: Calling PlanningRequestAdapter 'ValidateWorkspaceBounds'
[move_group-3] [WARN] [1781538155.843991826] [move_group.moveit.moveit.ros.validate_workspace_bounds]: It looks like the planning volume was not specified. Using default values.
[move_group-3] [INFO] [1781538155.844003939] [move_group]: Calling PlanningRequestAdapter 'CheckStartStateBounds'
[move_group-3] [INFO] [1781538155.844020020] [move_group]: Calling PlanningRequestAdapter 'CheckStartStateCollision'
[move_group-3] [INFO] [1781538155.844398564] [move_group.moveit.moveit.planners.ompl.model_based_planning_context]: Planner configuration 'gripper' will use planner 'geometric::RRTConnect'. Additional configuration parameters will be set when the planner is constructed.
[move_group-3] [INFO] [1781538155.844455563] [move_group]: Calling Planner 'OMPL'
[move_group-3] [INFO] [1781538155.847026457] [move_group.moveit.moveit.core.kinematic_constraints]: Constraint satisfied:: Joint name: 'gripper_finger_joint1', actual value: 0.000032, desired value: 0.000000, tolerance_above: 0.000100, tolerance_below: 0.000100
[move_group-3] [INFO] [1781538155.847159712] [move_group.moveit.moveit.core.moveit_collision_detection_fcl]: Found a contact between 'box' (type 'Object') and 'gripper_leftfinger' (type 'Robot link'), which constitutes a collision. Contact information is not stored.
[move_group-3] [INFO] [1781538155.847172356] [move_group.moveit.moveit.core.moveit_collision_detection_fcl]: Collision checking is considered complete (collision was found and 0 contacts are stored)
[move_group-3] [ERROR] [1781538155.854631994] [move_group.moveit.moveit.planners.ompl.planner_manager]: ./src/ompl/geometric/planners/rrt/src/RRTConnect.cpp:265 - gripper/gripper: Unable to sample any valid states for goal tree
[move_group-3] [WARN] [1781538155.854795356] [move_group.moveit.moveit.planners.ompl.model_based_planning_context]: Invalid goal state
[move_group-3] [ERROR] [1781538155.854834010] [move_group.moveit.moveit.planners.ompl.model_based_planning_context]: Unable to solve the planning problem
[move_group-3] [ERROR] [1781538155.854962776] [move_group]: Planner 'OMPL' failed with error code GOAL_STATE_INVALID
[move_group-3] [ERROR] [1781538155.854996170] [move_group.moveit.moveit.ros.move_group.move_action]: Generating a plan with planning pipeline failed.
[move_group-3] [INFO] [1781538155.855021679] [move_group.moveit.moveit.ros.move_group.move_action]: FAILURE
[pick_and_place_demo-9] [INFO] [1781538155.855934214] [moveit_2606176512.moveit.ros.move_group_interface]: Planning request aborted
[pick_and_place_demo-9] [ERROR] [1781538155.857006823] [moveit_2606176512.moveit.ros.move_group_interface]: MoveGroupInterface::plan() failed or timeout reached
[pick_and_place_demo-9] [ERROR] [1781538155.857071397] [robot_controller]: Failed to plan gripper closing
[pick_and_place_demo-9] [ERROR] [1781538155.857091685] [robot_controller]: closeGripper failed
[pick_and_place_demo-9] [ERROR] [1781538155.857103809] [demo]: pick failed
[ERROR] [pick_and_place_demo-9]: process has died [pid 20559, exit code 1, cmd '/root/ros2_projects/abb_project/install/abb_irb140_apps/lib/abb_irb140_apps/pick_and_place_demo --ros-args --params-file /tmp/launch_params_j0j55ylq'].
