[INFO] [launch]: All log files can be found below /root/.ros/log/2026-06-15-15-20-19-597585-30f666a196dd-20018
[INFO] [launch]: Default logging verbosity is set to INFO
[INFO] [static_transform_publisher-1]: process started with pid [20022]
[INFO] [robot_state_publisher-2]: process started with pid [20023]
[INFO] [move_group-3]: process started with pid [20024]
[INFO] [rviz2-4]: process started with pid [20025]
[INFO] [ros2_control_node-5]: process started with pid [20026]
[INFO] [spawner-6]: process started with pid [20027]
[INFO] [spawner-7]: process started with pid [20028]
[INFO] [spawner-8]: process started with pid [20029]
[INFO] [pick_and_place_demo-9]: process started with pid [20030]
[static_transform_publisher-1] [INFO] [1781536824.507897540] [static_transform_publisher0]: Spinning until stopped - publishing transform
[static_transform_publisher-1] translation: ('0.000000', '0.000000', '0.000000')
[static_transform_publisher-1] rotation: ('0.000000', '0.000000', '0.000000', '1.000000')
[static_transform_publisher-1] from 'world' to 'base_link'
[rviz2-4] QStandardPaths: XDG_RUNTIME_DIR not set, defaulting to '/tmp/runtime-root'
[robot_state_publisher-2] [INFO] [1781536824.594572034] [robot_state_publisher]: Robot initialized
[move_group-3] [INFO] [1781536824.640236746] [move_group.moveit.moveit.ros.rdf_loader]: Loaded robot model in 0.0710225 seconds
[move_group-3] [INFO] [1781536824.640437873] [move_group.moveit.moveit.core.robot_model]: Loading robot model 'abb_irb140'...
[pick_and_place_demo-9] [INFO] [1781536824.704664216] [moveit_4081613652.moveit.ros.rdf_loader]: Loaded robot model in 0.0975768 seconds
[pick_and_place_demo-9] [INFO] [1781536824.704899699] [moveit_4081613652.moveit.core.robot_model]: Loading robot model 'abb_irb140'...
[move_group-3] [INFO] [1781536825.068486444] [move_group.moveit.moveit.kinematics.kdl_kinematics_plugin]: Joint weights for group 'manipulator': 1 1 1 1 1 1
[rviz2-4] [INFO] [1781536825.094242705] [rviz2]: Stereo is NOT SUPPORTED
[rviz2-4] [INFO] [1781536825.094344130] [rviz2]: OpenGl version: 4.5 (GLSL 4.5)
[pick_and_place_demo-9] [INFO] [1781536825.118340093] [moveit_4081613652.moveit.kinematics.kdl_kinematics_plugin]: Joint weights for group 'manipulator': 1 1 1 1 1 1
[rviz2-4] [INFO] [1781536825.163460454] [rviz2]: Stereo is NOT SUPPORTED
[spawner-7] [INFO] [1781536825.220597626] [spawner_gripper_controller]: waiting for service /controller_manager/list_controllers to become available...
[move_group-3] [INFO] [1781536825.236657280] [move_group.moveit.moveit.ros.planning_scene_monitor]: Publishing maintained planning scene on 'monitored_planning_scene'
[move_group-3] [INFO] [1781536825.236924764] [move_group.moveit.moveit.ros.moveit_cpp]: Listening to 'joint_states' for joint states
[move_group-3] [INFO] [1781536825.238863426] [move_group.moveit.moveit.ros.current_state_monitor]: Listening to joint states on topic 'joint_states'
[move_group-3] [INFO] [1781536825.239666051] [move_group.moveit.moveit.ros.planning_scene_monitor]: Listening to '/attached_collision_object' for attached collision objects
[move_group-3] [INFO] [1781536825.239694807] [move_group.moveit.moveit.ros.planning_scene_monitor]: Stopping existing planning scene publisher.
[move_group-3] [INFO] [1781536825.239964085] [move_group.moveit.moveit.ros.planning_scene_monitor]: Stopped publishing maintained planning scene.
[move_group-3] [INFO] [1781536825.240616310] [move_group.moveit.moveit.ros.planning_scene_monitor]: Publishing maintained planning scene on 'monitored_planning_scene'
[move_group-3] [INFO] [1781536825.240758604] [move_group.moveit.moveit.ros.planning_scene_monitor]: Starting planning scene monitor
[move_group-3] [INFO] [1781536825.242806656] [move_group.moveit.moveit.ros.planning_scene_monitor]: Listening to '/planning_scene'
[move_group-3] [INFO] [1781536825.242865019] [move_group.moveit.moveit.ros.planning_scene_monitor]: Starting world geometry update monitor for collision objects, attached objects, octomap updates.
[move_group-3] [INFO] [1781536825.243670509] [move_group.moveit.moveit.ros.planning_scene_monitor]: Listening to 'collision_object'
[move_group-3] [INFO] [1781536825.244495547] [move_group.moveit.moveit.ros.planning_scene_monitor]: Listening to 'planning_scene_world' for planning scene world geometry
[move_group-3] [WARN] [1781536825.270685776] [move_group.moveit.moveit.ros.occupancy_map_monitor]: Resolution not specified for Octomap. Assuming resolution = 0.1 instead
[move_group-3] [ERROR] [1781536825.270856524] [move_group.moveit.moveit.ros.occupancy_map_monitor]: Exception while loading octomap updater 'occupancy_map_monitor/DepthImageOctomapUpdater': According to the loaded plugin descriptions the class occupancy_map_monitor/DepthImageOctomapUpdater with base class type occupancy_map_monitor::OccupancyMapUpdater does not exist. Declared types are 
[move_group-3] 
[move_group-3] [ERROR] [1781536825.270933252] [move_group.moveit.moveit.ros.occupancy_map_monitor]: Failed to load sensor: `default_sensor` of type: `occupancy_map_monitor/DepthImageOctomapUpdater`
[move_group-3] [ERROR] [1781536825.270984040] [move_group.moveit.moveit.ros.occupancy_map_monitor]: Exception while loading octomap updater 'occupancy_map_monitor/DepthImageOctomapUpdater': According to the loaded plugin descriptions the class occupancy_map_monitor/DepthImageOctomapUpdater with base class type occupancy_map_monitor::OccupancyMapUpdater does not exist. Declared types are 
[move_group-3] 
[move_group-3] [ERROR] [1781536825.271026111] [move_group.moveit.moveit.ros.occupancy_map_monitor]: Failed to load sensor: `kinect_depthimage` of type: `occupancy_map_monitor/DepthImageOctomapUpdater`
[ros2_control_node-5] [INFO] [1781536825.294370985] [controller_manager]: Using Steady (Monotonic) clock for triggering controller manager cycles.
[ros2_control_node-5] [INFO] [1781536825.395696232] [controller_manager]: Subscribing to '/robot_description' topic for robot description.
[move_group-3] [INFO] [1781536825.396298180] [move_group.moveit.moveit.ros.planning_pipeline]: Successfully loaded planner 'STOMP'
[ros2_control_node-5] [INFO] [1781536825.402238408] [controller_manager]: update rate is 100 Hz
[ros2_control_node-5] [INFO] [1781536825.402286971] [controller_manager]: Overruns handling is : enabled
[ros2_control_node-5] [INFO] [1781536825.402293594] [controller_manager]: Spawning controller_manager RT thread with scheduler priority: 50
[ros2_control_node-5] [WARN] [1781536825.402413232] [controller_manager]: Could not enable FIFO RT scheduling policy: with error number <1>(Operation not permitted). See [https://control.ros.org/master/doc/ros2_control/controller_manager/doc/userdoc.html] for details on how to enable realtime scheduling.
[ros2_control_node-5] [INFO] [1781536825.406641620] [controller_manager]: Received robot description from topic.
[ros2_control_node-5] [INFO] [1781536825.406696386] [controller_manager]: Enforcing command limits is disabled. Command limits from URDF will be ignored.
[ros2_control_node-5] [INFO] [1781536825.479162985] [controller_manager]: Loading hardware 'IRB140System' 
[ros2_control_node-5] [INFO] [1781536825.494889088] [controller_manager]: Loaded hardware 'IRB140System' from plugin 'mock_components/GenericSystem'
[ros2_control_node-5] [INFO] [1781536825.494992327] [controller_manager]: Initialize hardware 'IRB140System' 
[ros2_control_node-5] [INFO] [1781536825.510678541] [controller_manager]: Successful initialization of hardware 'IRB140System'
[ros2_control_node-5] [INFO] [1781536825.510885189] [controller_manager]: Loading hardware 'FakeSystem' 
[ros2_control_node-5] [INFO] [1781536825.510912231] [controller_manager]: Loaded hardware 'FakeSystem' from plugin 'mock_components/GenericSystem'
[ros2_control_node-5] [INFO] [1781536825.510949733] [controller_manager]: Initialize hardware 'FakeSystem' 
[move_group-3] [INFO] [1781536825.521506254] [move_group]: Try loading adapter 'default_planning_request_adapters/ResolveConstraintFrames'
[ros2_control_node-5] [INFO] [1781536825.527184104] [controller_manager]: Successful initialization of hardware 'FakeSystem'
[ros2_control_node-5] [WARN] [1781536825.527288105] [controller_manager]: Exception occurred while importing state interfaces: ResourceStorage: Tried to insert StateInterface with already existing key. Insert[gripper_finger_joint1/velocity]
[ros2_control_node-5] [WARN] [1781536825.527311059] [controller_manager]: Exception occurred while importing state interfaces: ResourceStorage: Tried to insert StateInterface with already existing key. Insert[gripper_finger_joint1/position]
[ros2_control_node-5] [WARN] [1781536825.527320557] [controller_manager]: Exception occurred while importing state interfaces: ResourceStorage: Tried to insert StateInterface with already existing key. Insert[joint_5/velocity]
[ros2_control_node-5] [WARN] [1781536825.527326488] [controller_manager]: Exception occurred while importing state interfaces: ResourceStorage: Tried to insert StateInterface with already existing key. Insert[joint_5/position]
[ros2_control_node-5] [WARN] [1781536825.527332230] [controller_manager]: Exception occurred while importing state interfaces: ResourceStorage: Tried to insert StateInterface with already existing key. Insert[joint_4/velocity]
[ros2_control_node-5] [WARN] [1781536825.527343401] [controller_manager]: Exception occurred while importing state interfaces: ResourceStorage: Tried to insert StateInterface with already existing key. Insert[joint_1/position]
[ros2_control_node-5] [WARN] [1781536825.527359392] [controller_manager]: Exception occurred while importing state interfaces: ResourceStorage: Tried to insert StateInterface with already existing key. Insert[joint_6/velocity]
[ros2_control_node-5] [WARN] [1781536825.527368269] [controller_manager]: Exception occurred while importing state interfaces: ResourceStorage: Tried to insert StateInterface with already existing key. Insert[joint_6/position]
[ros2_control_node-5] [WARN] [1781536825.527376385] [controller_manager]: Exception occurred while importing state interfaces: ResourceStorage: Tried to insert StateInterface with already existing key. Insert[joint_1/velocity]
[ros2_control_node-5] [WARN] [1781536825.527460777] [controller_manager]: Exception occurred while importing state interfaces: ResourceStorage: Tried to insert StateInterface with already existing key. Insert[joint_3/position]
[ros2_control_node-5] [WARN] [1781536825.527474093] [controller_manager]: Exception occurred while importing state interfaces: ResourceStorage: Tried to insert StateInterface with already existing key. Insert[joint_2/position]
[ros2_control_node-5] [WARN] [1781536825.527526754] [controller_manager]: Exception occurred while importing state interfaces: ResourceStorage: Tried to insert StateInterface with already existing key. Insert[joint_2/velocity]
[ros2_control_node-5] [WARN] [1781536825.527550991] [controller_manager]: Exception occurred while importing state interfaces: ResourceStorage: Tried to insert StateInterface with already existing key. Insert[joint_3/velocity]
[ros2_control_node-5] [WARN] [1781536825.527568534] [controller_manager]: Exception occurred while importing state interfaces: ResourceStorage: Tried to insert StateInterface with already existing key. Insert[joint_4/position]
[ros2_control_node-5] [WARN] [1781536825.527576680] [controller_manager]: Importing state interfaces for the hardware 'FakeSystem' returned no state interfaces.
[ros2_control_node-5] [ERROR] [1781536825.527595176] [controller_manager]: Exception of type : St13runtime_error occurred while importing command interfaces for the hardware 'FakeSystem' : ResourceStorage: Tried to insert CommandInterface with already existing key. Insert[gripper_finger_joint1/position]
[ros2_control_node-5] [INFO] [1781536825.527669579] [controller_manager]: Activating component 'FakeSystem'.
[ros2_control_node-5] [INFO] [1781536825.527688195] [resource_manager]: 'configure' hardware 'FakeSystem' 
[ros2_control_node-5] [INFO] [1781536825.527707572] [resource_manager]: Successful 'configure' of hardware 'FakeSystem'
[ros2_control_node-5] [INFO] [1781536825.527717351] [resource_manager]: 'activate' hardware 'FakeSystem' 
[ros2_control_node-5] [INFO] [1781536825.527727761] [resource_manager]: Successful 'activate' of hardware 'FakeSystem'
[ros2_control_node-5] [INFO] [1781536825.527812755] [controller_manager]: Activating component 'IRB140System'.
[ros2_control_node-5] [INFO] [1781536825.527831661] [resource_manager]: 'configure' hardware 'IRB140System' 
[ros2_control_node-5] [INFO] [1781536825.527844686] [resource_manager]: Successful 'configure' of hardware 'IRB140System'
[ros2_control_node-5] [INFO] [1781536825.527854515] [resource_manager]: 'activate' hardware 'IRB140System' 
[ros2_control_node-5] [INFO] [1781536825.527859615] [resource_manager]: Successful 'activate' of hardware 'IRB140System'
[ros2_control_node-5] [INFO] [1781536825.527887959] [controller_manager]: Registering statistics for : FakeSystem
[ros2_control_node-5] [INFO] [1781536825.527958896] [controller_manager]: Registering statistics for : IRB140System
[ros2_control_node-5] [INFO] [1781536825.528039962] [controller_manager]: Resource Manager has been successfully initialized. Starting Controller Manager services...
[move_group-3] [INFO] [1781536825.540593767] [move_group]: Loaded adapter 'default_planning_request_adapters/ResolveConstraintFrames'
[move_group-3] [INFO] [1781536825.540649935] [move_group]: Try loading adapter 'default_planning_request_adapters/ValidateWorkspaceBounds'
[move_group-3] [INFO] [1781536825.541306940] [move_group]: Loaded adapter 'default_planning_request_adapters/ValidateWorkspaceBounds'
[move_group-3] [INFO] [1781536825.541326618] [move_group]: Try loading adapter 'default_planning_request_adapters/CheckStartStateBounds'
[move_group-3] [INFO] [1781536825.541362287] [move_group]: Loaded adapter 'default_planning_request_adapters/CheckStartStateBounds'
[move_group-3] [INFO] [1781536825.541376524] [move_group]: Try loading adapter 'default_planning_request_adapters/CheckStartStateCollision'
[move_group-3] [INFO] [1781536825.541407233] [move_group]: Loaded adapter 'default_planning_request_adapters/CheckStartStateCollision'
[move_group-3] [INFO] [1781536825.652204952] [move_group]: Try loading adapter 'default_planning_response_adapters/AddTimeOptimalParameterization'
[move_group-3] [INFO] [1781536825.668088300] [move_group]: Loaded adapter 'default_planning_response_adapters/AddTimeOptimalParameterization'
[move_group-3] [INFO] [1781536825.668137736] [move_group]: Try loading adapter 'default_planning_response_adapters/ValidateSolution'
[move_group-3] [INFO] [1781536825.670786000] [move_group]: Loaded adapter 'default_planning_response_adapters/ValidateSolution'
[move_group-3] [INFO] [1781536825.670833992] [move_group]: Try loading adapter 'default_planning_response_adapters/DisplayMotionPath'
[move_group-3] [INFO] [1781536825.671648560] [move_group]: Loaded adapter 'default_planning_response_adapters/DisplayMotionPath'
[move_group-3] [INFO] [1781536825.794077267] [move_group.moveit.moveit.planners.pilz.joint_limits_aggregator]: Reading limits from namespace robot_description_planning
[move_group-3] [INFO] [1781536825.848766812] [move_group.moveit.moveit.planners.pilz.command_planner]: Available plugins: pilz_industrial_motion_planner/PlanningContextLoaderCIRC pilz_industrial_motion_planner/PlanningContextLoaderLIN pilz_industrial_motion_planner/PlanningContextLoaderPTP 
[move_group-3] [INFO] [1781536825.848862536] [move_group.moveit.moveit.planners.pilz.command_planner]: About to load: pilz_industrial_motion_planner/PlanningContextLoaderCIRC
[move_group-3] [INFO] [1781536825.864472765] [move_group.moveit.moveit.planners.pilz.command_planner]: Registered Algorithm [CIRC]
[move_group-3] [INFO] [1781536825.864540997] [move_group.moveit.moveit.planners.pilz.command_planner]: About to load: pilz_industrial_motion_planner/PlanningContextLoaderLIN
[move_group-3] [INFO] [1781536825.880965791] [move_group.moveit.moveit.planners.pilz.command_planner]: Registered Algorithm [LIN]
[move_group-3] [INFO] [1781536825.881051236] [move_group.moveit.moveit.planners.pilz.command_planner]: About to load: pilz_industrial_motion_planner/PlanningContextLoaderPTP
[move_group-3] [INFO] [1781536825.897589621] [move_group.moveit.moveit.planners.pilz.command_planner]: Registered Algorithm [PTP]
[move_group-3] [INFO] [1781536825.897660558] [move_group.moveit.moveit.ros.planning_pipeline]: Successfully loaded planner 'Pilz Industrial Motion Planner'
[move_group-3] [INFO] [1781536826.005082845] [move_group]: Try loading adapter 'default_planning_request_adapters/ResolveConstraintFrames'
[move_group-3] [INFO] [1781536826.018396182] [move_group]: Loaded adapter 'default_planning_request_adapters/ResolveConstraintFrames'
[move_group-3] [INFO] [1781536826.018455857] [move_group]: Try loading adapter 'default_planning_request_adapters/ValidateWorkspaceBounds'
[move_group-3] [INFO] [1781536826.018941802] [move_group]: Loaded adapter 'default_planning_request_adapters/ValidateWorkspaceBounds'
[move_group-3] [INFO] [1781536826.018960909] [move_group]: Try loading adapter 'default_planning_request_adapters/CheckStartStateBounds'
[move_group-3] [INFO] [1781536826.018988081] [move_group]: Loaded adapter 'default_planning_request_adapters/CheckStartStateBounds'
[move_group-3] [INFO] [1781536826.018995936] [move_group]: Try loading adapter 'default_planning_request_adapters/CheckStartStateCollision'
[move_group-3] [INFO] [1781536826.019023059] [move_group]: Loaded adapter 'default_planning_request_adapters/CheckStartStateCollision'
[rviz2-4] Warning: class_loader.impl: SEVERE WARNING!!! A namespace collision has occurred with plugin factory for class rviz_default_plugins::displays::InteractiveMarkerDisplay. New factory will OVERWRITE existing one. This situation occurs when libraries containing plugins are directly linked against an executable (the one running right now generating this message). Please separate plugins out into their own library or just don't link against the library and use either class_loader::ClassLoader/MultiLibraryClassLoader to open.
[rviz2-4]          at line 321 in /opt/ros/jazzy/include/class_loader/class_loader/class_loader_core.hpp
[move_group-3] [INFO] [1781536826.152097059] [move_group]: Try loading adapter 'default_planning_response_adapters/ValidateSolution'
[move_group-3] [INFO] [1781536826.170724918] [move_group]: Loaded adapter 'default_planning_response_adapters/ValidateSolution'
[move_group-3] [INFO] [1781536826.170757701] [move_group]: Try loading adapter 'default_planning_response_adapters/DisplayMotionPath'
[move_group-3] [INFO] [1781536826.171264216] [move_group]: Loaded adapter 'default_planning_response_adapters/DisplayMotionPath'
[move_group-3] [INFO] [1781536826.315299951] [move_group.moveit.moveit.ros.planning_pipeline]: Successfully loaded planner 'CHOMP'
[move_group-3] [INFO] [1781536826.443436729] [move_group]: Try loading adapter 'default_planning_request_adapters/ResolveConstraintFrames'
[move_group-3] [INFO] [1781536826.458526841] [move_group]: Loaded adapter 'default_planning_request_adapters/ResolveConstraintFrames'
[move_group-3] [INFO] [1781536826.458591906] [move_group]: Try loading adapter 'default_planning_request_adapters/ValidateWorkspaceBounds'
[move_group-3] [INFO] [1781536826.459040780] [move_group]: Loaded adapter 'default_planning_request_adapters/ValidateWorkspaceBounds'
[move_group-3] [INFO] [1781536826.459058164] [move_group]: Try loading adapter 'default_planning_request_adapters/CheckStartStateBounds'
[move_group-3] [INFO] [1781536826.459097078] [move_group]: Loaded adapter 'default_planning_request_adapters/CheckStartStateBounds'
[move_group-3] [INFO] [1781536826.459110053] [move_group]: Try loading adapter 'default_planning_request_adapters/CheckStartStateCollision'
[move_group-3] [INFO] [1781536826.459136384] [move_group]: Loaded adapter 'default_planning_request_adapters/CheckStartStateCollision'
[move_group-3] [INFO] [1781536826.588123728] [move_group]: Try loading adapter 'default_planning_response_adapters/AddTimeOptimalParameterization'
[move_group-3] [INFO] [1781536826.604776104] [move_group]: Loaded adapter 'default_planning_response_adapters/AddTimeOptimalParameterization'
[move_group-3] [INFO] [1781536826.604811272] [move_group]: Try loading adapter 'default_planning_response_adapters/ValidateSolution'
[move_group-3] [INFO] [1781536826.605630468] [move_group]: Loaded adapter 'default_planning_response_adapters/ValidateSolution'
[move_group-3] [INFO] [1781536826.605654425] [move_group]: Try loading adapter 'default_planning_response_adapters/DisplayMotionPath'
[move_group-3] [INFO] [1781536826.606543626] [move_group]: Loaded adapter 'default_planning_response_adapters/DisplayMotionPath'
[move_group-3] [INFO] [1781536826.766210090] [move_group.moveit.moveit.ros.planning_pipeline]: Successfully loaded planner 'OMPL'
[move_group-3] [INFO] [1781536826.894983041] [move_group]: Try loading adapter 'default_planning_request_adapters/ResolveConstraintFrames'
[move_group-3] [INFO] [1781536826.910203251] [move_group]: Loaded adapter 'default_planning_request_adapters/ResolveConstraintFrames'
[move_group-3] [INFO] [1781536826.910265490] [move_group]: Try loading adapter 'default_planning_request_adapters/ValidateWorkspaceBounds'
[move_group-3] [INFO] [1781536826.910704325] [move_group]: Loaded adapter 'default_planning_request_adapters/ValidateWorkspaceBounds'
[move_group-3] [INFO] [1781536826.910721378] [move_group]: Try loading adapter 'default_planning_request_adapters/CheckStartStateBounds'
[move_group-3] [INFO] [1781536826.910749723] [move_group]: Loaded adapter 'default_planning_request_adapters/CheckStartStateBounds'
[move_group-3] [INFO] [1781536826.910756405] [move_group]: Try loading adapter 'default_planning_request_adapters/CheckStartStateCollision'
[move_group-3] [INFO] [1781536826.910771034] [move_group]: Loaded adapter 'default_planning_request_adapters/CheckStartStateCollision'
[move_group-3] [INFO] [1781536827.037858756] [move_group]: Try loading adapter 'default_planning_response_adapters/AddTimeOptimalParameterization'
[move_group-3] [INFO] [1781536827.054384196] [move_group]: Loaded adapter 'default_planning_response_adapters/AddTimeOptimalParameterization'
[move_group-3] [INFO] [1781536827.054440274] [move_group]: Try loading adapter 'default_planning_response_adapters/ValidateSolution'
[move_group-3] [INFO] [1781536827.055086839] [move_group]: Loaded adapter 'default_planning_response_adapters/ValidateSolution'
[move_group-3] [INFO] [1781536827.055109072] [move_group]: Try loading adapter 'default_planning_response_adapters/DisplayMotionPath'
[move_group-3] [INFO] [1781536827.055664821] [move_group]: Loaded adapter 'default_planning_response_adapters/DisplayMotionPath'
[move_group-3] [INFO] [1781536827.318008915] [move_group.moveit.moveit.plugins.simple_controller_manager]: Added FollowJointTrajectory controller for joint_trajectory_controller
[move_group-3] [INFO] [1781536827.318083288] [move_group.moveit.moveit.plugins.simple_controller_manager]: gripper_controller will command a max effort of: 0
[move_group-3] [INFO] [1781536827.322687591] [move_group.moveit.moveit.plugins.simple_controller_manager]: Added GripperCommand controller for gripper_controller
[move_group-3] [INFO] [1781536827.323003048] [move_group.moveit.moveit.plugins.simple_controller_manager]: Returned 2 controllers in list
[move_group-3] [INFO] [1781536827.323033888] [move_group.moveit.moveit.plugins.simple_controller_manager]: Returned 2 controllers in list
[move_group-3] [INFO] [1781536827.323731119] [move_group.moveit.moveit.ros.trajectory_execution_manager]: Trajectory execution is managing controllers
[move_group-3] [INFO] [1781536827.323768491] [move_group]: MoveGroup debug mode is ON
[pick_and_place_demo-9] [INFO] [1781536827.427539258] [moveit_4081613652.moveit.ros.move_group_interface]: Ready to take commands for planning group manipulator.
[pick_and_place_demo-9] [INFO] [1781536827.445348797] [moveit_4081613652.moveit.ros.move_group_interface]: Ready to take commands for planning group gripper.
[pick_and_place_demo-9] [INFO] [1781536827.445392852] [robot_controller]: Planning frame: base_link
[pick_and_place_demo-9] [INFO] [1781536827.445425796] [robot_controller]: End effector link: gripper_grasp_frame
[pick_and_place_demo-9] [INFO] [1781536827.445440103] [demo]: Starting pick and place demo
[pick_and_place_demo-9] [INFO] [1781536827.445551317] [moveit_4081613652.moveit.ros.move_group_interface]: MoveGroup action client/server ready
[move_group-3] [INFO] [1781536827.449015367] [move_group.moveit.moveit.planners.pilz.move_group_sequence_action]: initialize move group sequence action
[move_group-3] [INFO] [1781536827.454659955] [move_group.moveit.moveit.planners.pilz.joint_limits_aggregator]: Reading limits from namespace robot_description_planning
[move_group-3] [INFO] [1781536827.454869959] [move_group.moveit.moveit.planners.pilz.joint_limits_aggregator]: Reading limits from namespace robot_description_planning
[move_group-3] [INFO] [1781536827.456530586] [move_group.moveit.moveit.ros.move_group.executable]: 
[move_group-3] 
[move_group-3] ********************************************************
[move_group-3] * MoveGroup using: 
[move_group-3] *     - apply_planning_scene_service
[move_group-3] *     - clear_octomap_service
[move_group-3] *     - get_group_urdf
[move_group-3] *     - load_geometry_from_file
[move_group-3] *     - CartesianPathService
[move_group-3] *     - execute_trajectory_action
[move_group-3] *     - get_planning_scene_service
[move_group-3] *     - kinematics_service
[move_group-3] *     - move_action
[move_group-3] *     - motion_plan_service
[move_group-3] *     - query_planners_service
[move_group-3] *     - state_validation_service
[move_group-3] *     - save_geometry_to_file
[move_group-3] *     - SequenceAction
[move_group-3] *     - SequenceService
[move_group-3] ********************************************************
[move_group-3] 
[move_group-3] [INFO] [1781536827.456610701] [move_group.moveit.moveit.ros.move_group.context]: MoveGroup context using pipeline ompl
[move_group-3] [INFO] [1781536827.456620800] [move_group.moveit.moveit.ros.move_group.context]: MoveGroup context initialization complete
[move_group-3] [96mLoading 'move_group/ApplyPlanningSceneService'...[0m
[move_group-3] [96mLoading 'move_group/ClearOctomapService'...[0m
[move_group-3] [96mLoading 'move_group/GetUrdfService'...[0m
[move_group-3] [96mLoading 'move_group/LoadGeometryFromFileService'...[0m
[move_group-3] [96mLoading 'move_group/MoveGroupCartesianPathService'...[0m
[move_group-3] [96mLoading 'move_group/MoveGroupExecuteTrajectoryAction'...[0m
[move_group-3] [96mLoading 'move_group/MoveGroupGetPlanningSceneService'...[0m
[move_group-3] [96mLoading 'move_group/MoveGroupKinematicsService'...[0m
[move_group-3] [96mLoading 'move_group/MoveGroupMoveAction'...[0m
[move_group-3] [96mLoading 'move_group/MoveGroupPlanService'...[0m
[move_group-3] [96mLoading 'move_group/MoveGroupQueryPlannersService'...[0m
[move_group-3] [96mLoading 'move_group/MoveGroupStateValidationService'...[0m
[move_group-3] [96mLoading 'move_group/SaveGeometryToFileService'...[0m
[move_group-3] [96mLoading 'pilz_industrial_motion_planner/MoveGroupSequenceAction'...[0m
[move_group-3] [96mLoading 'pilz_industrial_motion_planner/MoveGroupSequenceService'...[0m
[move_group-3] 
[move_group-3] [92mYou can start planning now![0m
[move_group-3] 
[move_group-3] [INFO] [1781536827.459931864] [move_group.moveit.moveit.ros.move_group.move_action]: MoveGroupMoveAction: Received request
[pick_and_place_demo-9] [INFO] [1781536827.460396439] [moveit_4081613652.moveit.ros.move_group_interface]: Planning request accepted
[move_group-3] [INFO] [1781536827.461313765] [move_group.moveit.moveit.ros.move_group.move_action]: executing..
[move_group-3] [INFO] [1781536828.461629882] [move_group.moveit.moveit.ros.current_state_monitor]: Didn't receive robot state (joint angles) with recent timestamp within 1.000000 seconds. Requested time 1781536827.461518, but latest received state has time 0.000000.
[move_group-3] Check clock synchronization if your are running ROS across multiple machines!
[move_group-3] [WARN] [1781536828.461700849] [move_group.moveit.moveit.ros.planning_scene_monitor]: Failed to fetch current robot state.
[move_group-3] [INFO] [1781536828.461813024] [move_group.moveit.moveit.ros.move_group.move_action]: Planning request received for MoveGroup action. Forwarding to planning pipeline.
[move_group-3] [INFO] [1781536828.462107872] [move_group]: Calling PlanningRequestAdapter 'ResolveConstraintFrames'
[move_group-3] [INFO] [1781536828.462147158] [move_group]: Calling PlanningRequestAdapter 'ValidateWorkspaceBounds'
[move_group-3] [WARN] [1781536828.462155564] [move_group.moveit.moveit.ros.validate_workspace_bounds]: It looks like the planning volume was not specified. Using default values.
[move_group-3] [INFO] [1781536828.462166595] [move_group]: Calling PlanningRequestAdapter 'CheckStartStateBounds'
[move_group-3] [INFO] [1781536828.462202254] [move_group]: Calling PlanningRequestAdapter 'CheckStartStateCollision'
[move_group-3] [INFO] [1781536828.466281195] [move_group.moveit.moveit.planners.ompl.model_based_planning_context]: Planner configuration 'manipulator' will use planner 'geometric::RRTConnect'. Additional configuration parameters will be set when the planner is constructed.
[move_group-3] [INFO] [1781536828.467555077] [move_group]: Calling Planner 'OMPL'
[move_group-3] [INFO] [1781536828.480812547] [move_group]: Calling PlanningResponseAdapter 'AddTimeOptimalParameterization'
[move_group-3] [ERROR] [1781536828.480939481] [move_group.moveit.moveit.core.time_optimal_trajectory_generation]: No acceleration limit was defined for joint joint_1! You have to define acceleration limits in the URDF or joint_limits.yaml
[move_group-3] [ERROR] [1781536828.480984437] [move_group.moveit.moveit.ros.add_time_optimal_parameterization]: Response adapter 'AddTimeOptimalParameterization' failed to generate a trajectory.
[move_group-3] [ERROR] [1781536828.481014395] [move_group]: PlanningResponseAdapter 'AddTimeOptimalParameterization' failed with error code FAILURE
[move_group-3] [ERROR] [1781536828.481029935] [move_group.moveit.moveit.ros.move_group.move_action]: Generating a plan with planning pipeline failed.
[move_group-3] [INFO] [1781536828.481062768] [move_group.moveit.moveit.ros.move_group.move_action]: FAILURE
[pick_and_place_demo-9] [INFO] [1781536828.481593270] [moveit_4081613652.moveit.ros.move_group_interface]: Planning request aborted
[pick_and_place_demo-9] [ERROR] [1781536828.481642245] [moveit_4081613652.moveit.ros.move_group_interface]: MoveGroupInterface::plan() failed or timeout reached
[pick_and_place_demo-9] [ERROR] [1781536828.481736635] [robot_controller]: Planning failed
[pick_and_place_demo-9] [INFO] [1781536828.514528508] [robot_controller]: Table added to planning scene
[ros2_control_node-5] [INFO] [1781536828.725169547] [controller_manager]: Loading controller : 'gripper_controller' of type 'position_controllers/GripperActionController'
[ros2_control_node-5] [INFO] [1781536828.725227940] [controller_manager]: Loading controller 'gripper_controller'
[ros2_control_node-5] [INFO] [1781536828.745487277] [controller_manager]: Controller 'gripper_controller' node arguments: --ros-args --params-file /root/ros2_projects/abb_project/install/abb_irb140_moveit_config/share/abb_irb140_moveit_config/config/ros2_controllers.yaml 
[ros2_control_node-5] [WARN] [1781536828.767909249] [gripper_controller]: [Deprecated]: the `position_controllers/GripperActionController` and `effort_controllers::GripperActionController` controllers are replaced by 'parallel_gripper_controllers/GripperActionController' controller
[spawner-7] [INFO] [1781536828.774813099] [spawner_gripper_controller]: Loaded gripper_controller
[ros2_control_node-5] [INFO] [1781536828.776730169] [controller_manager]: Configuring controller: 'gripper_controller'
[ros2_control_node-5] [INFO] [1781536828.776943479] [gripper_controller]: Action status changes will be monitored at 20.000000 Hz.
[ros2_control_node-5] [INFO] [1781536828.785116582] [controller_manager]: Activating controllers: [ gripper_controller ]
[ros2_control_node-5] [INFO] [1781536828.802261796] [controller_manager]: Successfully switched controllers!
[spawner-7] [INFO] [1781536828.804435299] [spawner_gripper_controller]: Configured and activated gripper_controller
[spawner-6] [INFO] [1781536828.940094748] [spawner_joint_trajectory_controller]: waiting for service /controller_manager/list_controllers to become available...
[INFO] [spawner-7]: process has finished cleanly [pid 20028]
[rviz2-4] [ERROR] [1781536829.157845141] [moveit_2776667501.moveit.ros.motion_planning_frame]: Action server: /recognize_objects not available
[rviz2-4] [INFO] [1781536829.181572915] [moveit_2776667501.moveit.ros.motion_planning_frame]: MoveGroup namespace changed: / -> . Reloading params.
[ros2_control_node-5] [INFO] [1781536829.193128883] [controller_manager]: Loading controller : 'joint_trajectory_controller' of type 'joint_trajectory_controller/JointTrajectoryController'
[ros2_control_node-5] [INFO] [1781536829.193189479] [controller_manager]: Loading controller 'joint_trajectory_controller'
[ros2_control_node-5] [INFO] [1781536829.212955873] [controller_manager]: Controller 'joint_trajectory_controller' node arguments: --ros-args --params-file /root/ros2_projects/abb_project/install/abb_irb140_moveit_config/share/abb_irb140_moveit_config/config/ros2_controllers.yaml 
[spawner-6] [INFO] [1781536829.324206303] [spawner_joint_trajectory_controller]: Loaded joint_trajectory_controller
[ros2_control_node-5] [INFO] [1781536829.326693761] [controller_manager]: Configuring controller: 'joint_trajectory_controller'
[ros2_control_node-5] [INFO] [1781536829.326968099] [joint_trajectory_controller]: No specific joint names are used for command interfaces. Using 'joints' parameter.
[ros2_control_node-5] [INFO] [1781536829.327027614] [joint_trajectory_controller]: Command interfaces are [position] and state interfaces are [position velocity].
[ros2_control_node-5] [INFO] [1781536829.327059816] [joint_trajectory_controller]: Using 'splines' interpolation method.
[ros2_control_node-5] [INFO] [1781536829.331205766] [joint_trajectory_controller]: Action status changes will be monitored at 20.00 Hz.
[ros2_control_node-5] [INFO] [1781536829.340265194] [joint_trajectory_controller]: Setting initial scaling factor to 1.000000
[ros2_control_node-5] [INFO] [1781536829.340320511] [joint_trajectory_controller]: No scaling interface set. This controller will not read speed scaling from the hardware.
[ros2_control_node-5] [INFO] [1781536829.346486273] [controller_manager]: Activating controllers: [ joint_trajectory_controller ]
[ros2_control_node-5] [INFO] [1781536829.353176551] [controller_manager]: Successfully switched controllers!
[spawner-6] [INFO] [1781536829.364758373] [spawner_joint_trajectory_controller]: Configured and activated joint_trajectory_controller
[INFO] [spawner-6]: process has finished cleanly [pid 20027]
[ros2_control_node-5] [INFO] [1781536829.569492771] [controller_manager]: Loading controller : 'joint_state_broadcaster' of type 'joint_state_broadcaster/JointStateBroadcaster'
[ros2_control_node-5] [INFO] [1781536829.569538920] [controller_manager]: Loading controller 'joint_state_broadcaster'
[ros2_control_node-5] [INFO] [1781536829.695969628] [controller_manager]: Controller 'joint_state_broadcaster' node arguments: --ros-args --params-file /root/ros2_projects/abb_project/install/abb_irb140_moveit_config/share/abb_irb140_moveit_config/config/ros2_controllers.yaml 
[spawner-8] [INFO] [1781536829.974598979] [spawner_joint_state_broadcaster]: Loaded joint_state_broadcaster
[rviz2-4] [INFO] [1781536829.981689808] [moveit_2776667501.moveit.ros.rdf_loader]: Loaded robot model in 0.581528 seconds
[rviz2-4] [INFO] [1781536829.981798317] [moveit_2776667501.moveit.core.robot_model]: Loading robot model 'abb_irb140'...
[ros2_control_node-5] [INFO] [1781536830.061467467] [controller_manager]: Configuring controller: 'joint_state_broadcaster'
[ros2_control_node-5] [INFO] [1781536830.061769518] [joint_state_broadcaster]: 'joints' or 'interfaces' parameter is empty. All available state interfaces will be published
[ros2_control_node-5] [INFO] [1781536830.126509763] [controller_manager]: Activating controllers: [ joint_state_broadcaster ]
[ros2_control_node-5] [INFO] [1781536830.133644804] [controller_manager]: Successfully switched controllers!
[spawner-8] [INFO] [1781536830.144744351] [spawner_joint_state_broadcaster]: Configured and activated joint_state_broadcaster
[INFO] [spawner-8]: process has finished cleanly [pid 20029]
[rviz2-4] [INFO] [1781536830.490418667] [moveit_2776667501.moveit.kinematics.kdl_kinematics_plugin]: Joint weights for group 'manipulator': 1 1 1 1 1 1
[pick_and_place_demo-9] [INFO] [1781536830.625614722] [robot_controller]: Box added
[pick_and_place_demo-9] [INFO] [1781536830.641958844] [moveit_4081613652.moveit.ros.move_group_interface]: MoveGroup action client/server ready
[move_group-3] [INFO] [1781536830.642621248] [move_group.moveit.moveit.ros.move_group.move_action]: MoveGroupMoveAction: Received request
[pick_and_place_demo-9] [INFO] [1781536830.643194812] [moveit_4081613652.moveit.ros.move_group_interface]: Planning request accepted
[move_group-3] [INFO] [1781536830.643265698] [move_group.moveit.moveit.ros.move_group.move_action]: executing..
[move_group-3] [INFO] [1781536830.663258657] [move_group.moveit.moveit.ros.move_group.move_action]: Planning request received for MoveGroup action. Forwarding to planning pipeline.
[move_group-3] [INFO] [1781536830.663395160] [move_group]: Calling PlanningRequestAdapter 'ResolveConstraintFrames'
[move_group-3] [INFO] [1781536830.663411512] [move_group]: Calling PlanningRequestAdapter 'ValidateWorkspaceBounds'
[move_group-3] [WARN] [1781536830.663415940] [move_group.moveit.moveit.ros.validate_workspace_bounds]: It looks like the planning volume was not specified. Using default values.
[move_group-3] [INFO] [1781536830.663425138] [move_group]: Calling PlanningRequestAdapter 'CheckStartStateBounds'
[move_group-3] [INFO] [1781536830.663450226] [move_group]: Calling PlanningRequestAdapter 'CheckStartStateCollision'
[move_group-3] [INFO] [1781536830.663880575] [move_group.moveit.moveit.planners.ompl.model_based_planning_context]: Planner configuration 'gripper' will use planner 'geometric::RRTConnect'. Additional configuration parameters will be set when the planner is constructed.
[move_group-3] [INFO] [1781536830.664029872] [move_group]: Calling Planner 'OMPL'
[move_group-3] [INFO] [1781536830.687197890] [move_group]: Calling PlanningResponseAdapter 'AddTimeOptimalParameterization'
[move_group-3] [ERROR] [1781536830.687284898] [move_group.moveit.moveit.core.time_optimal_trajectory_generation]: No acceleration limit was defined for joint gripper_finger_joint1! You have to define acceleration limits in the URDF or joint_limits.yaml
[move_group-3] [ERROR] [1781536830.687326899] [move_group.moveit.moveit.ros.add_time_optimal_parameterization]: Response adapter 'AddTimeOptimalParameterization' failed to generate a trajectory.
[move_group-3] [ERROR] [1781536830.687405841] [move_group]: PlanningResponseAdapter 'AddTimeOptimalParameterization' failed with error code FAILURE
[move_group-3] [ERROR] [1781536830.687432482] [move_group.moveit.moveit.ros.move_group.move_action]: Generating a plan with planning pipeline failed.
[move_group-3] [INFO] [1781536830.687497637] [move_group.moveit.moveit.ros.move_group.move_action]: FAILURE
[pick_and_place_demo-9] [INFO] [1781536830.687981532] [moveit_4081613652.moveit.ros.move_group_interface]: Planning request aborted
[pick_and_place_demo-9] [ERROR] [1781536830.688662560] [moveit_4081613652.moveit.ros.move_group_interface]: MoveGroupInterface::plan() failed or timeout reached
[pick_and_place_demo-9] [ERROR] [1781536830.688712366] [robot_controller]: Failed to plan gripper opening
[pick_and_place_demo-9] [INFO] [1781536830.688859829] [moveit_4081613652.moveit.ros.move_group_interface]: MoveGroup action client/server ready
[move_group-3] [INFO] [1781536830.689322340] [move_group.moveit.moveit.ros.move_group.move_action]: MoveGroupMoveAction: Received request
[pick_and_place_demo-9] [INFO] [1781536830.689607849] [moveit_4081613652.moveit.ros.move_group_interface]: Planning request accepted
[move_group-3] [INFO] [1781536830.689677073] [move_group.moveit.moveit.ros.move_group.move_action]: executing..
[move_group-3] [INFO] [1781536830.693307311] [move_group.moveit.moveit.ros.move_group.move_action]: Planning request received for MoveGroup action. Forwarding to planning pipeline.
[move_group-3] [INFO] [1781536830.693539638] [move_group]: Calling PlanningRequestAdapter 'ResolveConstraintFrames'
[move_group-3] [INFO] [1781536830.693573112] [move_group]: Calling PlanningRequestAdapter 'ValidateWorkspaceBounds'
[move_group-3] [WARN] [1781536830.693578142] [move_group.moveit.moveit.ros.validate_workspace_bounds]: It looks like the planning volume was not specified. Using default values.
[move_group-3] [INFO] [1781536830.693588191] [move_group]: Calling PlanningRequestAdapter 'CheckStartStateBounds'
[move_group-3] [INFO] [1781536830.693602248] [move_group]: Calling PlanningRequestAdapter 'CheckStartStateCollision'
[move_group-3] [INFO] [1781536830.694129193] [move_group.moveit.moveit.planners.ompl.model_based_planning_context]: Planner configuration 'manipulator' will use planner 'geometric::RRTConnect'. Additional configuration parameters will be set when the planner is constructed.
[move_group-3] [INFO] [1781536830.694217272] [move_group]: Calling Planner 'OMPL'
[rviz2-4] [INFO] [1781536830.825953969] [moveit_2776667501.moveit.ros.planning_scene_monitor]: Starting planning scene monitor
[rviz2-4] [INFO] [1781536830.827066561] [moveit_2776667501.moveit.ros.planning_scene_monitor]: Listening to '/monitored_planning_scene'
[rviz2-4] [INFO] [1781536831.997556139] [interactive_marker_display_94781228012336]: Connected on namespace: /rviz_moveit_motion_planning_display/robot_interaction_interactive_marker_topic
[rviz2-4] [INFO] [1781536832.001105545] [moveit_2776667501.moveit.ros.robot_interaction]: No active joints or end effectors found for group 'gripper'. Make sure that kinematics.yaml is loaded in this node's namespace.
[rviz2-4] [INFO] [1781536832.001895923] [moveit_2776667501.moveit.ros.robot_interaction]: No active joints or end effectors found for group 'gripper'. Make sure that kinematics.yaml is loaded in this node's namespace.
[rviz2-4] [INFO] [1781536832.008132238] [moveit_2776667501.moveit.ros.motion_planning_frame]: group gripper
[rviz2-4] [INFO] [1781536832.008164690] [moveit_2776667501.moveit.ros.motion_planning_frame]: Constructing new MoveGroup connection for group 'gripper' in namespace ''
[rviz2-4] [INFO] [1781536832.032373712] [moveit_2776667501.moveit.ros.move_group_interface]: Ready to take commands for planning group gripper.
[rviz2-4] [INFO] [1781536832.033476233] [moveit_2776667501.moveit.ros.motion_planning_frame]: group gripper
[rviz2-4] [INFO] [1781536832.045017440] [interactive_marker_display_94781228012336]: Sending request for interactive markers
[rviz2-4] [INFO] [1781536832.123456250] [interactive_marker_display_94781228012336]: Service response received for initialization
[move_group-3] [ERROR] [1781536835.701063405] [move_group.moveit.moveit.planners.ompl.planner_manager]: ./src/ompl/geometric/planners/rrt/src/RRTConnect.cpp:265 - manipulator/manipulator: Unable to sample any valid states for goal tree
[move_group-3] [WARN] [1781536835.701293228] [move_group.moveit.moveit.planners.ompl.model_based_planning_context]: Invalid goal state
[move_group-3] [ERROR] [1781536835.703881834] [move_group.moveit.moveit.planners.ompl.model_based_planning_context]: Unable to solve the planning problem
[move_group-3] [ERROR] [1781536835.704070838] [move_group]: Planner 'OMPL' failed with error code GOAL_STATE_INVALID
[move_group-3] [ERROR] [1781536835.704114682] [move_group.moveit.moveit.ros.move_group.move_action]: Generating a plan with planning pipeline failed.
[move_group-3] [INFO] [1781536835.704156603] [move_group.moveit.moveit.ros.move_group.move_action]: FAILURE
[pick_and_place_demo-9] [INFO] [1781536835.704873260] [moveit_4081613652.moveit.ros.move_group_interface]: Planning request aborted
[pick_and_place_demo-9] [ERROR] [1781536835.705186413] [moveit_4081613652.moveit.ros.move_group_interface]: MoveGroupInterface::plan() failed or timeout reached
[pick_and_place_demo-9] [ERROR] [1781536835.705233063] [robot_controller]: Planning failed
[pick_and_place_demo-9] [INFO] [1781536835.705416115] [moveit_4081613652.moveit.ros.move_group_interface]: MoveGroup action client/server ready
[move_group-3] [INFO] [1781536835.705739106] [move_group.moveit.moveit.ros.move_group.move_action]: MoveGroupMoveAction: Received request
[move_group-3] [INFO] [1781536835.705987846] [move_group.moveit.moveit.ros.move_group.move_action]: executing..
[pick_and_place_demo-9] [INFO] [1781536835.707580831] [moveit_4081613652.moveit.ros.move_group_interface]: Planning request accepted
[move_group-3] [INFO] [1781536835.713405474] [move_group.moveit.moveit.ros.move_group.move_action]: Planning request received for MoveGroup action. Forwarding to planning pipeline.
[move_group-3] [INFO] [1781536835.713577165] [move_group]: Calling PlanningRequestAdapter 'ResolveConstraintFrames'
[move_group-3] [INFO] [1781536835.713619005] [move_group]: Calling PlanningRequestAdapter 'ValidateWorkspaceBounds'
[move_group-3] [WARN] [1781536835.713628634] [move_group.moveit.moveit.ros.validate_workspace_bounds]: It looks like the planning volume was not specified. Using default values.
[move_group-3] [INFO] [1781536835.713643853] [move_group]: Calling PlanningRequestAdapter 'CheckStartStateBounds'
[move_group-3] [INFO] [1781536835.713667428] [move_group]: Calling PlanningRequestAdapter 'CheckStartStateCollision'
[move_group-3] [INFO] [1781536835.714037270] [move_group.moveit.moveit.planners.ompl.model_based_planning_context]: Planner configuration 'manipulator' will use planner 'geometric::RRTConnect'. Additional configuration parameters will be set when the planner is constructed.
[move_group-3] [INFO] [1781536835.714094220] [move_group]: Calling Planner 'OMPL'
[move_group-3] [INFO] [1781536835.727467012] [move_group]: Calling PlanningResponseAdapter 'AddTimeOptimalParameterization'
[move_group-3] [ERROR] [1781536835.727554150] [move_group.moveit.moveit.core.time_optimal_trajectory_generation]: No acceleration limit was defined for joint joint_1! You have to define acceleration limits in the URDF or joint_limits.yaml
[move_group-3] [ERROR] [1781536835.727606601] [move_group.moveit.moveit.ros.add_time_optimal_parameterization]: Response adapter 'AddTimeOptimalParameterization' failed to generate a trajectory.
[move_group-3] [ERROR] [1781536835.727648451] [move_group]: PlanningResponseAdapter 'AddTimeOptimalParameterization' failed with error code FAILURE
[move_group-3] [ERROR] [1781536835.727669672] [move_group.moveit.moveit.ros.move_group.move_action]: Generating a plan with planning pipeline failed.
[move_group-3] [INFO] [1781536835.727704159] [move_group.moveit.moveit.ros.move_group.move_action]: FAILURE
[pick_and_place_demo-9] [INFO] [1781536835.728167302] [moveit_4081613652.moveit.ros.move_group_interface]: Planning request aborted
[pick_and_place_demo-9] [ERROR] [1781536835.728704263] [moveit_4081613652.moveit.ros.move_group_interface]: MoveGroupInterface::plan() failed or timeout reached
[pick_and_place_demo-9] [ERROR] [1781536835.728752916] [robot_controller]: Planning failed
[pick_and_place_demo-9] [INFO] [1781536835.728920268] [moveit_4081613652.moveit.ros.move_group_interface]: MoveGroup action client/server ready
[move_group-3] [INFO] [1781536835.729192482] [move_group.moveit.moveit.ros.move_group.move_action]: MoveGroupMoveAction: Received request
[pick_and_place_demo-9] [INFO] [1781536835.729408608] [moveit_4081613652.moveit.ros.move_group_interface]: Planning request accepted
[move_group-3] [INFO] [1781536835.729777078] [move_group.moveit.moveit.ros.move_group.move_action]: executing..
[move_group-3] [INFO] [1781536835.733212141] [move_group.moveit.moveit.ros.move_group.move_action]: Planning request received for MoveGroup action. Forwarding to planning pipeline.
[move_group-3] [INFO] [1781536835.733346860] [move_group]: Calling PlanningRequestAdapter 'ResolveConstraintFrames'
[move_group-3] [INFO] [1781536835.733385594] [move_group]: Calling PlanningRequestAdapter 'ValidateWorkspaceBounds'
[move_group-3] [WARN] [1781536835.733398880] [move_group.moveit.moveit.ros.validate_workspace_bounds]: It looks like the planning volume was not specified. Using default values.
[move_group-3] [INFO] [1781536835.733428487] [move_group]: Calling PlanningRequestAdapter 'CheckStartStateBounds'
[move_group-3] [INFO] [1781536835.733450900] [move_group]: Calling PlanningRequestAdapter 'CheckStartStateCollision'
[move_group-3] [INFO] [1781536835.733797698] [move_group.moveit.moveit.planners.ompl.model_based_planning_context]: Planner configuration 'manipulator' will use planner 'geometric::RRTConnect'. Additional configuration parameters will be set when the planner is constructed.
[move_group-3] [INFO] [1781536835.733852333] [move_group]: Calling Planner 'OMPL'
[move_group-3] [INFO] [1781536835.759730907] [move_group]: Calling PlanningResponseAdapter 'AddTimeOptimalParameterization'
[move_group-3] [ERROR] [1781536835.759841170] [move_group.moveit.moveit.core.time_optimal_trajectory_generation]: No acceleration limit was defined for joint joint_1! You have to define acceleration limits in the URDF or joint_limits.yaml
[move_group-3] [ERROR] [1781536835.760057125] [move_group.moveit.moveit.ros.add_time_optimal_parameterization]: Response adapter 'AddTimeOptimalParameterization' failed to generate a trajectory.
[move_group-3] [ERROR] [1781536835.760621612] [move_group]: PlanningResponseAdapter 'AddTimeOptimalParameterization' failed with error code FAILURE
[move_group-3] [ERROR] [1781536835.760758576] [move_group.moveit.moveit.ros.move_group.move_action]: Generating a plan with planning pipeline failed.
[move_group-3] [INFO] [1781536835.760884111] [move_group.moveit.moveit.ros.move_group.move_action]: FAILURE
[pick_and_place_demo-9] [INFO] [1781536835.761790692] [moveit_4081613652.moveit.ros.move_group_interface]: Planning request aborted
[pick_and_place_demo-9] [ERROR] [1781536835.762204292] [moveit_4081613652.moveit.ros.move_group_interface]: MoveGroupInterface::plan() failed or timeout reached
[pick_and_place_demo-9] [ERROR] [1781536835.762271902] [robot_controller]: Planning failed
[INFO] [pick_and_place_demo-9]: process has finished cleanly [pid 20030]
[rviz2-4] [INFO] [1781536857.449224962] [moveit_2776667501.moveit.ros.planning_scene_monitor]: Stopping planning scene monitor
[INFO] [rviz2-4]: process has finished cleanly [pid 20025]
