[INFO] [launch]: All log files can be found below /root/.ros/log/2026-06-15-16-16-01-523633-30f666a196dd-21094
[INFO] [launch]: Default logging verbosity is set to INFO
[INFO] [static_transform_publisher-1]: process started with pid [21098]
[INFO] [robot_state_publisher-2]: process started with pid [21099]
[INFO] [move_group-3]: process started with pid [21100]
[INFO] [rviz2-4]: process started with pid [21101]
[INFO] [ros2_control_node-5]: process started with pid [21102]
[INFO] [spawner-6]: process started with pid [21103]
[INFO] [spawner-7]: process started with pid [21104]
[INFO] [spawner-8]: process started with pid [21105]
[INFO] [pick_and_place_demo-9]: process started with pid [21106]
[static_transform_publisher-1] [INFO] [1781540166.204361935] [static_transform_publisher0]: Spinning until stopped - publishing transform
[static_transform_publisher-1] translation: ('0.000000', '0.000000', '0.000000')
[static_transform_publisher-1] rotation: ('0.000000', '0.000000', '0.000000', '1.000000')
[static_transform_publisher-1] from 'world' to 'base_link'
[robot_state_publisher-2] [INFO] [1781540166.308154165] [robot_state_publisher]: Robot initialized
[rviz2-4] QStandardPaths: XDG_RUNTIME_DIR not set, defaulting to '/tmp/runtime-root'
[move_group-3] [INFO] [1781540166.350462015] [move_group.moveit.moveit.ros.rdf_loader]: Loaded robot model in 0.0969491 seconds
[move_group-3] [INFO] [1781540166.350632047] [move_group.moveit.moveit.core.robot_model]: Loading robot model 'abb_irb140'...
[pick_and_place_demo-9] [INFO] [1781540166.360069170] [moveit_2369314817.moveit.ros.rdf_loader]: Loaded robot model in 0.0886978 seconds
[pick_and_place_demo-9] [INFO] [1781540166.360222298] [moveit_2369314817.moveit.core.robot_model]: Loading robot model 'abb_irb140'...
[move_group-3] [INFO] [1781540166.682778504] [move_group.moveit.moveit.kinematics.kdl_kinematics_plugin]: Joint weights for group 'manipulator': 1 1 1 1 1 1
[pick_and_place_demo-9] [INFO] [1781540166.682791339] [moveit_2369314817.moveit.kinematics.kdl_kinematics_plugin]: Joint weights for group 'manipulator': 1 1 1 1 1 1
[spawner-8] [INFO] [1781540166.842346435] [spawner_joint_state_broadcaster]: waiting for service /controller_manager/list_controllers to become available...
[move_group-3] [INFO] [1781540166.864310715] [move_group.moveit.moveit.ros.planning_scene_monitor]: Publishing maintained planning scene on 'monitored_planning_scene'
[move_group-3] [INFO] [1781540166.864545623] [move_group.moveit.moveit.ros.moveit_cpp]: Listening to 'joint_states' for joint states
[move_group-3] [INFO] [1781540166.866813975] [move_group.moveit.moveit.ros.current_state_monitor]: Listening to joint states on topic 'joint_states'
[move_group-3] [INFO] [1781540166.867802472] [move_group.moveit.moveit.ros.planning_scene_monitor]: Listening to '/attached_collision_object' for attached collision objects
[move_group-3] [INFO] [1781540166.867853892] [move_group.moveit.moveit.ros.planning_scene_monitor]: Stopping existing planning scene publisher.
[move_group-3] [INFO] [1781540166.868101344] [move_group.moveit.moveit.ros.planning_scene_monitor]: Stopped publishing maintained planning scene.
[move_group-3] [INFO] [1781540166.869440815] [move_group.moveit.moveit.ros.planning_scene_monitor]: Publishing maintained planning scene on 'monitored_planning_scene'
[move_group-3] [INFO] [1781540166.869853790] [move_group.moveit.moveit.ros.planning_scene_monitor]: Starting planning scene monitor
[move_group-3] [INFO] [1781540166.871544005] [move_group.moveit.moveit.ros.planning_scene_monitor]: Listening to '/planning_scene'
[move_group-3] [INFO] [1781540166.871594574] [move_group.moveit.moveit.ros.planning_scene_monitor]: Starting world geometry update monitor for collision objects, attached objects, octomap updates.
[move_group-3] [INFO] [1781540166.872545548] [move_group.moveit.moveit.ros.planning_scene_monitor]: Listening to 'collision_object'
[move_group-3] [INFO] [1781540166.873743883] [move_group.moveit.moveit.ros.planning_scene_monitor]: Listening to 'planning_scene_world' for planning scene world geometry
[move_group-3] [WARN] [1781540166.895219617] [move_group.moveit.moveit.ros.occupancy_map_monitor]: Resolution not specified for Octomap. Assuming resolution = 0.1 instead
[move_group-3] [ERROR] [1781540166.895608215] [move_group.moveit.moveit.ros.occupancy_map_monitor]: Exception while loading octomap updater 'occupancy_map_monitor/DepthImageOctomapUpdater': According to the loaded plugin descriptions the class occupancy_map_monitor/DepthImageOctomapUpdater with base class type occupancy_map_monitor::OccupancyMapUpdater does not exist. Declared types are 
[move_group-3] 
[move_group-3] [ERROR] [1781540166.895664144] [move_group.moveit.moveit.ros.occupancy_map_monitor]: Failed to load sensor: `default_sensor` of type: `occupancy_map_monitor/DepthImageOctomapUpdater`
[move_group-3] [ERROR] [1781540166.895678391] [move_group.moveit.moveit.ros.occupancy_map_monitor]: Exception while loading octomap updater 'occupancy_map_monitor/DepthImageOctomapUpdater': According to the loaded plugin descriptions the class occupancy_map_monitor/DepthImageOctomapUpdater with base class type occupancy_map_monitor::OccupancyMapUpdater does not exist. Declared types are 
[move_group-3] 
[move_group-3] [ERROR] [1781540166.895687229] [move_group.moveit.moveit.ros.occupancy_map_monitor]: Failed to load sensor: `kinect_depthimage` of type: `occupancy_map_monitor/DepthImageOctomapUpdater`
[ros2_control_node-5] [INFO] [1781540166.944784499] [controller_manager]: Using Steady (Monotonic) clock for triggering controller manager cycles.
[rviz2-4] [INFO] [1781540166.948637169] [rviz2]: Stereo is NOT SUPPORTED
[rviz2-4] [INFO] [1781540166.948885092] [rviz2]: OpenGl version: 4.5 (GLSL 4.5)
[rviz2-4] [INFO] [1781540167.031162935] [rviz2]: Stereo is NOT SUPPORTED
[ros2_control_node-5] [INFO] [1781540167.048036315] [controller_manager]: Subscribing to '/robot_description' topic for robot description.
[move_group-3] [INFO] [1781540167.048606177] [move_group.moveit.moveit.ros.planning_pipeline]: Successfully loaded planner 'STOMP'
[ros2_control_node-5] [INFO] [1781540167.055452001] [controller_manager]: update rate is 100 Hz
[ros2_control_node-5] [INFO] [1781540167.055497550] [controller_manager]: Overruns handling is : enabled
[ros2_control_node-5] [INFO] [1781540167.055503933] [controller_manager]: Spawning controller_manager RT thread with scheduler priority: 50
[ros2_control_node-5] [WARN] [1781540167.055647342] [controller_manager]: Could not enable FIFO RT scheduling policy: with error number <1>(Operation not permitted). See [https://control.ros.org/master/doc/ros2_control/controller_manager/doc/userdoc.html] for details on how to enable realtime scheduling.
[ros2_control_node-5] [INFO] [1781540167.058454234] [controller_manager]: Received robot description from topic.
[ros2_control_node-5] [INFO] [1781540167.058507257] [controller_manager]: Enforcing command limits is disabled. Command limits from URDF will be ignored.
[ros2_control_node-5] [INFO] [1781540167.134267707] [controller_manager]: Loading hardware 'IRB140System' 
[ros2_control_node-5] [INFO] [1781540167.150142187] [controller_manager]: Loaded hardware 'IRB140System' from plugin 'mock_components/GenericSystem'
[ros2_control_node-5] [INFO] [1781540167.150265307] [controller_manager]: Initialize hardware 'IRB140System' 
[move_group-3] [INFO] [1781540167.165214427] [move_group]: Try loading adapter 'default_planning_request_adapters/ResolveConstraintFrames'
[ros2_control_node-5] [INFO] [1781540167.169411135] [controller_manager]: Successful initialization of hardware 'IRB140System'
[ros2_control_node-5] [INFO] [1781540167.169794722] [controller_manager]: Activating component 'IRB140System'.
[ros2_control_node-5] [INFO] [1781540167.169816985] [resource_manager]: 'configure' hardware 'IRB140System' 
[ros2_control_node-5] [INFO] [1781540167.169828137] [resource_manager]: Successful 'configure' of hardware 'IRB140System'
[ros2_control_node-5] [INFO] [1781540167.169834119] [resource_manager]: 'activate' hardware 'IRB140System' 
[ros2_control_node-5] [INFO] [1781540167.169840742] [resource_manager]: Successful 'activate' of hardware 'IRB140System'
[ros2_control_node-5] [INFO] [1781540167.169967069] [controller_manager]: Registering statistics for : IRB140System
[ros2_control_node-5] [INFO] [1781540167.170138362] [controller_manager]: Resource Manager has been successfully initialized. Starting Controller Manager services...
[move_group-3] [INFO] [1781540167.187025731] [move_group]: Loaded adapter 'default_planning_request_adapters/ResolveConstraintFrames'
[move_group-3] [INFO] [1781540167.187071370] [move_group]: Try loading adapter 'default_planning_request_adapters/ValidateWorkspaceBounds'
[move_group-3] [INFO] [1781540167.188106728] [move_group]: Loaded adapter 'default_planning_request_adapters/ValidateWorkspaceBounds'
[move_group-3] [INFO] [1781540167.188163069] [move_group]: Try loading adapter 'default_planning_request_adapters/CheckStartStateBounds'
[move_group-3] [INFO] [1781540167.188310686] [move_group]: Loaded adapter 'default_planning_request_adapters/CheckStartStateBounds'
[move_group-3] [INFO] [1781540167.188353850] [move_group]: Try loading adapter 'default_planning_request_adapters/CheckStartStateCollision'
[move_group-3] [INFO] [1781540167.188377376] [move_group]: Loaded adapter 'default_planning_request_adapters/CheckStartStateCollision'
[move_group-3] [INFO] [1781540167.298398989] [move_group]: Try loading adapter 'default_planning_response_adapters/AddTimeOptimalParameterization'
[move_group-3] [INFO] [1781540167.315113697] [move_group]: Loaded adapter 'default_planning_response_adapters/AddTimeOptimalParameterization'
[move_group-3] [INFO] [1781540167.315168283] [move_group]: Try loading adapter 'default_planning_response_adapters/ValidateSolution'
[move_group-3] [INFO] [1781540167.320056692] [move_group]: Loaded adapter 'default_planning_response_adapters/ValidateSolution'
[move_group-3] [INFO] [1781540167.320085969] [move_group]: Try loading adapter 'default_planning_response_adapters/DisplayMotionPath'
[move_group-3] [INFO] [1781540167.321070528] [move_group]: Loaded adapter 'default_planning_response_adapters/DisplayMotionPath'
[ros2_control_node-5] [INFO] [1781540167.345362351] [controller_manager]: Loading controller : 'joint_state_broadcaster' of type 'joint_state_broadcaster/JointStateBroadcaster'
[ros2_control_node-5] [INFO] [1781540167.345435263] [controller_manager]: Loading controller 'joint_state_broadcaster'
[ros2_control_node-5] [INFO] [1781540167.412640012] [controller_manager]: Controller 'joint_state_broadcaster' node arguments: --ros-args --params-file /root/ros2_projects/abb_project/install/abb_irb140_moveit_config/share/abb_irb140_moveit_config/config/ros2_controllers.yaml 
[spawner-8] [INFO] [1781540167.448114893] [spawner_joint_state_broadcaster]: Loaded joint_state_broadcaster
[ros2_control_node-5] [INFO] [1781540167.450188005] [controller_manager]: Configuring controller: 'joint_state_broadcaster'
[ros2_control_node-5] [INFO] [1781540167.450450266] [joint_state_broadcaster]: 'joints' or 'interfaces' parameter is empty. All available state interfaces will be published
[move_group-3] [INFO] [1781540167.459352364] [move_group.moveit.moveit.planners.pilz.joint_limits_aggregator]: Reading limits from namespace robot_description_planning
[ros2_control_node-5] [INFO] [1781540167.508503957] [controller_manager]: Activating controllers: [ joint_state_broadcaster ]
[move_group-3] [INFO] [1781540167.511343772] [move_group.moveit.moveit.planners.pilz.command_planner]: Available plugins: pilz_industrial_motion_planner/PlanningContextLoaderCIRC pilz_industrial_motion_planner/PlanningContextLoaderLIN pilz_industrial_motion_planner/PlanningContextLoaderPTP 
[move_group-3] [INFO] [1781540167.511413528] [move_group.moveit.moveit.planners.pilz.command_planner]: About to load: pilz_industrial_motion_planner/PlanningContextLoaderCIRC
[ros2_control_node-5] [INFO] [1781540167.516162355] [controller_manager]: Successfully switched controllers!
[spawner-8] [INFO] [1781540167.527641408] [spawner_joint_state_broadcaster]: Configured and activated joint_state_broadcaster
[move_group-3] [INFO] [1781540167.530966712] [move_group.moveit.moveit.planners.pilz.command_planner]: Registered Algorithm [CIRC]
[move_group-3] [INFO] [1781540167.531033562] [move_group.moveit.moveit.planners.pilz.command_planner]: About to load: pilz_industrial_motion_planner/PlanningContextLoaderLIN
[move_group-3] [INFO] [1781540167.548320588] [move_group.moveit.moveit.planners.pilz.command_planner]: Registered Algorithm [LIN]
[move_group-3] [INFO] [1781540167.548391235] [move_group.moveit.moveit.planners.pilz.command_planner]: About to load: pilz_industrial_motion_planner/PlanningContextLoaderPTP
[move_group-3] [INFO] [1781540167.567635198] [move_group.moveit.moveit.planners.pilz.command_planner]: Registered Algorithm [PTP]
[move_group-3] [INFO] [1781540167.567706247] [move_group.moveit.moveit.ros.planning_pipeline]: Successfully loaded planner 'Pilz Industrial Motion Planner'
[spawner-6] [INFO] [1781540167.663089634] [spawner_joint_trajectory_controller]: waiting for service /controller_manager/list_controllers to become available...
[INFO] [spawner-8]: process has finished cleanly [pid 21105]
[move_group-3] [INFO] [1781540167.697662102] [move_group]: Try loading adapter 'default_planning_request_adapters/ResolveConstraintFrames'
[move_group-3] [INFO] [1781540167.711245351] [move_group]: Loaded adapter 'default_planning_request_adapters/ResolveConstraintFrames'
[move_group-3] [INFO] [1781540167.711290679] [move_group]: Try loading adapter 'default_planning_request_adapters/ValidateWorkspaceBounds'
[move_group-3] [INFO] [1781540167.711996966] [move_group]: Loaded adapter 'default_planning_request_adapters/ValidateWorkspaceBounds'
[move_group-3] [INFO] [1781540167.712045260] [move_group]: Try loading adapter 'default_planning_request_adapters/CheckStartStateBounds'
[move_group-3] [INFO] [1781540167.712078996] [move_group]: Loaded adapter 'default_planning_request_adapters/CheckStartStateBounds'
[move_group-3] [INFO] [1781540167.712083976] [move_group]: Try loading adapter 'default_planning_request_adapters/CheckStartStateCollision'
[move_group-3] [INFO] [1781540167.712094646] [move_group]: Loaded adapter 'default_planning_request_adapters/CheckStartStateCollision'
[move_group-3] [INFO] [1781540167.828435947] [move_group]: Try loading adapter 'default_planning_response_adapters/ValidateSolution'
[move_group-3] [INFO] [1781540167.843559383] [move_group]: Loaded adapter 'default_planning_response_adapters/ValidateSolution'
[move_group-3] [INFO] [1781540167.844033287] [move_group]: Try loading adapter 'default_planning_response_adapters/DisplayMotionPath'
[move_group-3] [INFO] [1781540167.845275348] [move_group]: Loaded adapter 'default_planning_response_adapters/DisplayMotionPath'
[ros2_control_node-5] [INFO] [1781540167.916520366] [controller_manager]: Loading controller : 'joint_trajectory_controller' of type 'joint_trajectory_controller/JointTrajectoryController'
[ros2_control_node-5] [INFO] [1781540167.916573069] [controller_manager]: Loading controller 'joint_trajectory_controller'
[ros2_control_node-5] [INFO] [1781540167.938039510] [controller_manager]: Controller 'joint_trajectory_controller' node arguments: --ros-args --params-file /root/ros2_projects/abb_project/install/abb_irb140_moveit_config/share/abb_irb140_moveit_config/config/ros2_controllers.yaml 
[move_group-3] [INFO] [1781540167.990060963] [move_group.moveit.moveit.ros.planning_pipeline]: Successfully loaded planner 'CHOMP'
[spawner-6] [INFO] [1781540168.047583625] [spawner_joint_trajectory_controller]: Loaded joint_trajectory_controller
[rviz2-4] Warning: class_loader.impl: SEVERE WARNING!!! A namespace collision has occurred with plugin factory for class rviz_default_plugins::displays::InteractiveMarkerDisplay. New factory will OVERWRITE existing one. This situation occurs when libraries containing plugins are directly linked against an executable (the one running right now generating this message). Please separate plugins out into their own library or just don't link against the library and use either class_loader::ClassLoader/MultiLibraryClassLoader to open.
[rviz2-4]          at line 321 in /opt/ros/jazzy/include/class_loader/class_loader/class_loader_core.hpp
[move_group-3] [INFO] [1781540168.114362404] [move_group]: Try loading adapter 'default_planning_request_adapters/ResolveConstraintFrames'
[move_group-3] [INFO] [1781540168.130855129] [move_group]: Loaded adapter 'default_planning_request_adapters/ResolveConstraintFrames'
[move_group-3] [INFO] [1781540168.130883595] [move_group]: Try loading adapter 'default_planning_request_adapters/ValidateWorkspaceBounds'
[move_group-3] [INFO] [1781540168.131199681] [move_group]: Loaded adapter 'default_planning_request_adapters/ValidateWorkspaceBounds'
[move_group-3] [INFO] [1781540168.131215181] [move_group]: Try loading adapter 'default_planning_request_adapters/CheckStartStateBounds'
[move_group-3] [INFO] [1781540168.131246101] [move_group]: Loaded adapter 'default_planning_request_adapters/CheckStartStateBounds'
[move_group-3] [INFO] [1781540168.131261120] [move_group]: Try loading adapter 'default_planning_request_adapters/CheckStartStateCollision'
[move_group-3] [INFO] [1781540168.131284295] [move_group]: Loaded adapter 'default_planning_request_adapters/CheckStartStateCollision'
[ros2_control_node-5] [INFO] [1781540168.131697752] [controller_manager]: Configuring controller: 'joint_trajectory_controller'
[ros2_control_node-5] [INFO] [1781540168.131999009] [joint_trajectory_controller]: No specific joint names are used for command interfaces. Using 'joints' parameter.
[ros2_control_node-5] [INFO] [1781540168.132038275] [joint_trajectory_controller]: Command interfaces are [position] and state interfaces are [position velocity].
[ros2_control_node-5] [INFO] [1781540168.132063374] [joint_trajectory_controller]: Using 'splines' interpolation method.
[ros2_control_node-5] [INFO] [1781540168.135560911] [joint_trajectory_controller]: Action status changes will be monitored at 20.00 Hz.
[ros2_control_node-5] [INFO] [1781540168.147023143] [joint_trajectory_controller]: Setting initial scaling factor to 1.000000
[ros2_control_node-5] [INFO] [1781540168.147084643] [joint_trajectory_controller]: No scaling interface set. This controller will not read speed scaling from the hardware.
[ros2_control_node-5] [INFO] [1781540168.159882169] [controller_manager]: Activating controllers: [ joint_trajectory_controller ]
[ros2_control_node-5] [INFO] [1781540168.166383485] [controller_manager]: Successfully switched controllers!
[spawner-6] [INFO] [1781540168.177461196] [spawner_joint_trajectory_controller]: Configured and activated joint_trajectory_controller
[move_group-3] [INFO] [1781540168.275380077] [move_group]: Try loading adapter 'default_planning_response_adapters/AddTimeOptimalParameterization'
[move_group-3] [INFO] [1781540168.294119340] [move_group]: Loaded adapter 'default_planning_response_adapters/AddTimeOptimalParameterization'
[move_group-3] [INFO] [1781540168.294177764] [move_group]: Try loading adapter 'default_planning_response_adapters/ValidateSolution'
[move_group-3] [INFO] [1781540168.294940671] [move_group]: Loaded adapter 'default_planning_response_adapters/ValidateSolution'
[move_group-3] [INFO] [1781540168.294972814] [move_group]: Try loading adapter 'default_planning_response_adapters/DisplayMotionPath'
[move_group-3] [INFO] [1781540168.295779787] [move_group]: Loaded adapter 'default_planning_response_adapters/DisplayMotionPath'
[spawner-7] [INFO] [1781540168.316044781] [spawner_gripper_controller]: waiting for service /controller_manager/list_controllers to become available...
[INFO] [spawner-6]: process has finished cleanly [pid 21103]
[move_group-3] [INFO] [1781540168.468883663] [move_group.moveit.moveit.ros.planning_pipeline]: Successfully loaded planner 'OMPL'
[ros2_control_node-5] [INFO] [1781540168.569015748] [controller_manager]: Loading controller : 'gripper_controller' of type 'position_controllers/GripperActionController'
[ros2_control_node-5] [INFO] [1781540168.569066497] [controller_manager]: Loading controller 'gripper_controller'
[ros2_control_node-5] [INFO] [1781540168.586855008] [controller_manager]: Controller 'gripper_controller' node arguments: --ros-args --params-file /root/ros2_projects/abb_project/install/abb_irb140_moveit_config/share/abb_irb140_moveit_config/config/ros2_controllers.yaml 
[move_group-3] [INFO] [1781540168.598147600] [move_group]: Try loading adapter 'default_planning_request_adapters/ResolveConstraintFrames'
[ros2_control_node-5] [WARN] [1781540168.612117592] [gripper_controller]: [Deprecated]: the `position_controllers/GripperActionController` and `effort_controllers::GripperActionController` controllers are replaced by 'parallel_gripper_controllers/GripperActionController' controller
[spawner-7] [INFO] [1781540168.617632863] [spawner_gripper_controller]: Loaded gripper_controller
[ros2_control_node-5] [INFO] [1781540168.619839836] [controller_manager]: Configuring controller: 'gripper_controller'
[ros2_control_node-5] [INFO] [1781540168.619931164] [gripper_controller]: Action status changes will be monitored at 20.000000 Hz.
[move_group-3] [INFO] [1781540168.620938186] [move_group]: Loaded adapter 'default_planning_request_adapters/ResolveConstraintFrames'
[move_group-3] [INFO] [1781540168.620982072] [move_group]: Try loading adapter 'default_planning_request_adapters/ValidateWorkspaceBounds'
[move_group-3] [INFO] [1781540168.621862748] [move_group]: Loaded adapter 'default_planning_request_adapters/ValidateWorkspaceBounds'
[move_group-3] [INFO] [1781540168.621887446] [move_group]: Try loading adapter 'default_planning_request_adapters/CheckStartStateBounds'
[move_group-3] [INFO] [1781540168.621930841] [move_group]: Loaded adapter 'default_planning_request_adapters/CheckStartStateBounds'
[move_group-3] [INFO] [1781540168.621944828] [move_group]: Try loading adapter 'default_planning_request_adapters/CheckStartStateCollision'
[move_group-3] [INFO] [1781540168.621961521] [move_group]: Loaded adapter 'default_planning_request_adapters/CheckStartStateCollision'
[ros2_control_node-5] [INFO] [1781540168.628651252] [controller_manager]: Activating controllers: [ gripper_controller ]
[ros2_control_node-5] [INFO] [1781540168.641868426] [controller_manager]: Successfully switched controllers!
[spawner-7] [INFO] [1781540168.647580390] [spawner_gripper_controller]: Configured and activated gripper_controller
[move_group-3] [INFO] [1781540168.762619309] [move_group]: Try loading adapter 'default_planning_response_adapters/AddTimeOptimalParameterization'
[move_group-3] [INFO] [1781540168.779469225] [move_group]: Loaded adapter 'default_planning_response_adapters/AddTimeOptimalParameterization'
[move_group-3] [INFO] [1781540168.779526677] [move_group]: Try loading adapter 'default_planning_response_adapters/ValidateSolution'
[move_group-3] [INFO] [1781540168.780412934] [move_group]: Loaded adapter 'default_planning_response_adapters/ValidateSolution'
[move_group-3] [INFO] [1781540168.780452482] [move_group]: Try loading adapter 'default_planning_response_adapters/DisplayMotionPath'
[move_group-3] [INFO] [1781540168.781347707] [move_group]: Loaded adapter 'default_planning_response_adapters/DisplayMotionPath'
[INFO] [spawner-7]: process has finished cleanly [pid 21104]
[move_group-3] [INFO] [1781540169.038625765] [move_group.moveit.moveit.plugins.simple_controller_manager]: Added FollowJointTrajectory controller for joint_trajectory_controller
[move_group-3] [INFO] [1781540169.038700450] [move_group.moveit.moveit.plugins.simple_controller_manager]: gripper_controller will command a max effort of: 0
[move_group-3] [INFO] [1781540169.044788128] [move_group.moveit.moveit.plugins.simple_controller_manager]: Added GripperCommand controller for gripper_controller
[move_group-3] [INFO] [1781540169.045085177] [move_group.moveit.moveit.plugins.simple_controller_manager]: Returned 2 controllers in list
[move_group-3] [INFO] [1781540169.045114955] [move_group.moveit.moveit.plugins.simple_controller_manager]: Returned 2 controllers in list
[move_group-3] [INFO] [1781540169.045622575] [move_group.moveit.moveit.ros.trajectory_execution_manager]: Trajectory execution is managing controllers
[move_group-3] [INFO] [1781540169.045657282] [move_group]: MoveGroup debug mode is ON
[pick_and_place_demo-9] [INFO] [1781540169.149378372] [moveit_2369314817.moveit.ros.move_group_interface]: Ready to take commands for planning group manipulator.
[pick_and_place_demo-9] [INFO] [1781540169.165511060] [moveit_2369314817.moveit.ros.move_group_interface]: Ready to take commands for planning group gripper.
[pick_and_place_demo-9] [INFO] [1781540169.165590926] [robot_controller]: Planning frame: base_link
[pick_and_place_demo-9] [INFO] [1781540169.165629862] [robot_controller]: End effector link: gripper_grasp_frame
[pick_and_place_demo-9] [INFO] [1781540169.165643238] [demo]: Starting side-grasp pick and place demo
[pick_and_place_demo-9] [INFO] [1781540169.165730698] [moveit_2369314817.moveit.ros.move_group_interface]: MoveGroup action client/server ready
[move_group-3] [INFO] [1781540169.169656731] [move_group.moveit.moveit.planners.pilz.move_group_sequence_action]: initialize move group sequence action
[move_group-3] [INFO] [1781540169.175284211] [move_group.moveit.moveit.planners.pilz.joint_limits_aggregator]: Reading limits from namespace robot_description_planning
[move_group-3] [INFO] [1781540169.175533777] [move_group.moveit.moveit.planners.pilz.joint_limits_aggregator]: Reading limits from namespace robot_description_planning
[move_group-3] [INFO] [1781540169.176764146] [move_group.moveit.moveit.ros.move_group.executable]: 
[move_group-3] 
[move_group-3] ********************************************************
[move_group-3] * MoveGroup using: 
[move_group-3] *     - apply_planning_scene_service
[move_group-3] *     - clear_octomap_service
[move_group-3] *     - get_group_urdf
[move_group-3] *     - load_geometry_from_file
[move_group-3] *     - CartesianPathService
[move_group-3] *     - execute_trajectory_action
[move_group-3] *     - get_planning_scene_service
[move_group-3] *     - kinematics_service
[move_group-3] *     - move_action
[move_group-3] *     - motion_plan_service
[move_group-3] *     - query_planners_service
[move_group-3] *     - state_validation_service
[move_group-3] *     - save_geometry_to_file
[move_group-3] *     - SequenceAction
[move_group-3] *     - SequenceService
[move_group-3] ********************************************************
[move_group-3] 
[move_group-3] [INFO] [1781540169.176852057] [move_group.moveit.moveit.ros.move_group.context]: MoveGroup context using pipeline ompl
[move_group-3] [INFO] [1781540169.176879250] [move_group.moveit.moveit.ros.move_group.context]: MoveGroup context initialization complete
[move_group-3] [96mLoading 'move_group/ApplyPlanningSceneService'...[0m
[move_group-3] [96mLoading 'move_group/ClearOctomapService'...[0m
[move_group-3] [96mLoading 'move_group/GetUrdfService'...[0m
[move_group-3] [96mLoading 'move_group/LoadGeometryFromFileService'...[0m
[move_group-3] [96mLoading 'move_group/MoveGroupCartesianPathService'...[0m
[move_group-3] [96mLoading 'move_group/MoveGroupExecuteTrajectoryAction'...[0m
[move_group-3] [96mLoading 'move_group/MoveGroupGetPlanningSceneService'...[0m
[move_group-3] [96mLoading 'move_group/MoveGroupKinematicsService'...[0m
[move_group-3] [96mLoading 'move_group/MoveGroupMoveAction'...[0m
[move_group-3] [96mLoading 'move_group/MoveGroupPlanService'...[0m
[move_group-3] [96mLoading 'move_group/MoveGroupQueryPlannersService'...[0m
[move_group-3] [96mLoading 'move_group/MoveGroupStateValidationService'...[0m
[move_group-3] [96mLoading 'move_group/SaveGeometryToFileService'...[0m
[move_group-3] [96mLoading 'pilz_industrial_motion_planner/MoveGroupSequenceAction'...[0m
[move_group-3] [96mLoading 'pilz_industrial_motion_planner/MoveGroupSequenceService'...[0m
[move_group-3] 
[move_group-3] [92mYou can start planning now![0m
[move_group-3] 
[move_group-3] [INFO] [1781540169.178608261] [move_group.moveit.moveit.ros.move_group.move_action]: MoveGroupMoveAction: Received request
[pick_and_place_demo-9] [INFO] [1781540169.179140528] [moveit_2369314817.moveit.ros.move_group_interface]: Planning request accepted
[move_group-3] [INFO] [1781540169.179160527] [move_group.moveit.moveit.ros.move_group.move_action]: executing..
[move_group-3] [INFO] [1781540169.186451757] [move_group.moveit.moveit.ros.move_group.move_action]: Planning request received for MoveGroup action. Forwarding to planning pipeline.
[move_group-3] [INFO] [1781540169.186777030] [move_group]: Calling PlanningRequestAdapter 'ResolveConstraintFrames'
[move_group-3] [INFO] [1781540169.186829473] [move_group]: Calling PlanningRequestAdapter 'ValidateWorkspaceBounds'
[move_group-3] [WARN] [1781540169.186839392] [move_group.moveit.moveit.ros.validate_workspace_bounds]: It looks like the planning volume was not specified. Using default values.
[move_group-3] [INFO] [1781540169.186855614] [move_group]: Calling PlanningRequestAdapter 'CheckStartStateBounds'
[move_group-3] [INFO] [1781540169.186885963] [move_group]: Calling PlanningRequestAdapter 'CheckStartStateCollision'
[move_group-3] [INFO] [1781540169.191009080] [move_group.moveit.moveit.planners.ompl.model_based_planning_context]: Planner configuration 'manipulator' will use planner 'geometric::RRTConnect'. Additional configuration parameters will be set when the planner is constructed.
[move_group-3] [INFO] [1781540169.192333905] [move_group]: Calling Planner 'OMPL'
[move_group-3] [INFO] [1781540169.215320153] [move_group]: Calling PlanningResponseAdapter 'AddTimeOptimalParameterization'
[move_group-3] [INFO] [1781540169.215423755] [move_group]: Calling PlanningResponseAdapter 'ValidateSolution'
[move_group-3] [INFO] [1781540169.215463101] [move_group]: Calling PlanningResponseAdapter 'DisplayMotionPath'
[move_group-3] [WARN] [1781540169.215571022] [move_group.moveit.moveit.ros.planning_pipeline]: The planner plugin did not fill out the 'planner_id' field of the MotionPlanResponse. Setting it to the planner ID name of the MotionPlanRequest assuming that the planner plugin does warn you if it does not use the requested planner.
[move_group-3] [INFO] [1781540169.215641539] [move_group.moveit.moveit.ros.move_group.move_action]: Motion plan was computed successfully.
[pick_and_place_demo-9] [INFO] [1781540169.216083949] [moveit_2369314817.moveit.ros.move_group_interface]: Planning request complete!
[pick_and_place_demo-9] [INFO] [1781540169.216355341] [moveit_2369314817.moveit.ros.move_group_interface]: time taken to generate plan: 0.0227471 seconds
[move_group-3] [INFO] [1781540169.216965897] [move_group.moveit.moveit.ros.move_group.clear_octomap_service]: Execution request received
[move_group-3] [INFO] [1781540169.217046174] [move_group.moveit.moveit.plugins.simple_controller_manager]: Returned 2 controllers in list
[move_group-3] [INFO] [1781540169.217098766] [move_group.moveit.moveit.plugins.simple_controller_manager]: Returned 2 controllers in list
[pick_and_place_demo-9] [INFO] [1781540169.217086323] [moveit_2369314817.moveit.ros.move_group_interface]: Execute request accepted
[move_group-3] [INFO] [1781540169.217212628] [move_group.moveit.moveit.ros.trajectory_execution_manager]: Validating trajectory with allowed_start_tolerance 0.01
[move_group-3] [INFO] [1781540169.226520232] [move_group.moveit.moveit.ros.trajectory_execution_manager]: Starting trajectory execution ...
[move_group-3] [INFO] [1781540169.226646418] [move_group.moveit.moveit.plugins.simple_controller_manager]: Returned 2 controllers in list
[move_group-3] [INFO] [1781540169.226683871] [move_group.moveit.moveit.plugins.simple_controller_manager]: Returned 2 controllers in list
[move_group-3] [INFO] [1781540169.226824445] [moveit.simple_controller_manager.follow_joint_trajectory_controller_handle]: sending trajectory to joint_trajectory_controller
[ros2_control_node-5] [INFO] [1781540169.227320733] [joint_trajectory_controller]: Received new action goal
[ros2_control_node-5] [INFO] [1781540169.227363205] [joint_trajectory_controller]: Accepted new action goal
[move_group-3] [INFO] [1781540169.227643471] [moveit.simple_controller_manager.follow_joint_trajectory_controller_handle]: joint_trajectory_controller started execution
[move_group-3] [INFO] [1781540169.227664773] [moveit.simple_controller_manager.follow_joint_trajectory_controller_handle]: Goal request accepted!
[ros2_control_node-5] [INFO] [1781540169.235996618] [joint_trajectory_controller]: Goal reached, success!
[move_group-3] [INFO] [1781540169.278209937] [moveit.simple_controller_manager.follow_joint_trajectory_controller_handle]: Controller 'joint_trajectory_controller' successfully finished
[move_group-3] [INFO] [1781540169.306203615] [move_group.moveit.moveit.ros.trajectory_execution_manager]: Completed trajectory execution with status SUCCEEDED ...
[move_group-3] [INFO] [1781540169.306367879] [move_group.moveit.moveit.ros.move_group.clear_octomap_service]: Execution completed: SUCCEEDED
[pick_and_place_demo-9] [INFO] [1781540169.306825779] [moveit_2369314817.moveit.ros.move_group_interface]: Execute request success!
[pick_and_place_demo-9] [INFO] [1781540169.338066362] [robot_controller]: Table added to planning scene
[rviz2-4] [ERROR] [1781540171.163462642] [moveit_3790647493.moveit.ros.motion_planning_frame]: Action server: /recognize_objects not available
[rviz2-4] [INFO] [1781540171.186577800] [moveit_3790647493.moveit.ros.motion_planning_frame]: MoveGroup namespace changed: / -> . Reloading params.
[pick_and_place_demo-9] [INFO] [1781540171.366687011] [robot_controller]: Box added
[pick_and_place_demo-9] [INFO] [1781540171.379823814] [moveit_2369314817.moveit.ros.move_group_interface]: MoveGroup action client/server ready
[move_group-3] [INFO] [1781540171.380414747] [move_group.moveit.moveit.ros.move_group.move_action]: MoveGroupMoveAction: Received request
[pick_and_place_demo-9] [INFO] [1781540171.380676796] [moveit_2369314817.moveit.ros.move_group_interface]: Planning request accepted
[move_group-3] [INFO] [1781540171.380707998] [move_group.moveit.moveit.ros.move_group.move_action]: executing..
[move_group-3] [INFO] [1781540171.386413112] [move_group.moveit.moveit.ros.move_group.move_action]: Planning request received for MoveGroup action. Forwarding to planning pipeline.
[move_group-3] [INFO] [1781540171.386580638] [move_group]: Calling PlanningRequestAdapter 'ResolveConstraintFrames'
[move_group-3] [INFO] [1781540171.386602691] [move_group]: Calling PlanningRequestAdapter 'ValidateWorkspaceBounds'
[move_group-3] [WARN] [1781540171.386607360] [move_group.moveit.moveit.ros.validate_workspace_bounds]: It looks like the planning volume was not specified. Using default values.
[move_group-3] [INFO] [1781540171.386616989] [move_group]: Calling PlanningRequestAdapter 'CheckStartStateBounds'
[move_group-3] [INFO] [1781540171.386637740] [move_group]: Calling PlanningRequestAdapter 'CheckStartStateCollision'
[move_group-3] [INFO] [1781540171.387080924] [move_group.moveit.moveit.planners.ompl.model_based_planning_context]: Planner configuration 'gripper' will use planner 'geometric::RRTConnect'. Additional configuration parameters will be set when the planner is constructed.
[move_group-3] [INFO] [1781540171.387186249] [move_group]: Calling Planner 'OMPL'
[move_group-3] [INFO] [1781540171.403037005] [move_group]: Calling PlanningResponseAdapter 'AddTimeOptimalParameterization'
[move_group-3] [INFO] [1781540171.405219800] [move_group]: Calling PlanningResponseAdapter 'ValidateSolution'
[move_group-3] [INFO] [1781540171.405403388] [move_group]: Calling PlanningResponseAdapter 'DisplayMotionPath'
[move_group-3] [WARN] [1781540171.405592807] [move_group.moveit.moveit.ros.planning_pipeline]: The planner plugin did not fill out the 'planner_id' field of the MotionPlanResponse. Setting it to the planner ID name of the MotionPlanRequest assuming that the planner plugin does warn you if it does not use the requested planner.
[move_group-3] [INFO] [1781540171.405674655] [move_group.moveit.moveit.ros.move_group.move_action]: Motion plan was computed successfully.
[pick_and_place_demo-9] [INFO] [1781540171.405985471] [moveit_2369314817.moveit.ros.move_group_interface]: Planning request complete!
[pick_and_place_demo-9] [INFO] [1781540171.406310605] [moveit_2369314817.moveit.ros.move_group_interface]: time taken to generate plan: 0.015387 seconds
[move_group-3] [INFO] [1781540171.406918610] [move_group.moveit.moveit.ros.move_group.clear_octomap_service]: Execution request received
[move_group-3] [INFO] [1781540171.406967525] [move_group.moveit.moveit.plugins.simple_controller_manager]: Returned 2 controllers in list
[move_group-3] [INFO] [1781540171.407001101] [move_group.moveit.moveit.plugins.simple_controller_manager]: Returned 2 controllers in list
[move_group-3] [INFO] [1781540171.407079494] [move_group.moveit.moveit.ros.trajectory_execution_manager]: Validating trajectory with allowed_start_tolerance 0.01
[pick_and_place_demo-9] [INFO] [1781540171.407031130] [moveit_2369314817.moveit.ros.move_group_interface]: Execute request accepted
[move_group-3] [INFO] [1781540171.416499567] [move_group.moveit.moveit.ros.trajectory_execution_manager]: Starting trajectory execution ...
[move_group-3] [INFO] [1781540171.416587488] [move_group.moveit.moveit.plugins.simple_controller_manager]: Returned 2 controllers in list
[move_group-3] [INFO] [1781540171.416618569] [move_group.moveit.moveit.plugins.simple_controller_manager]: Returned 2 controllers in list
[ros2_control_node-5] [INFO] [1781540171.417049709] [gripper_controller]: Received & accepted new action goal
[rviz2-4] [ERROR] [1781540171.488055377] [moveit_3790647493.moveit.ros.trajectory_visualization]: No robot state or robot model loaded
[move_group-3] [INFO] [1781540171.496467685] [move_group.moveit.moveit.ros.trajectory_execution_manager]: Completed trajectory execution with status SUCCEEDED ...
[move_group-3] [INFO] [1781540171.496635185] [move_group.moveit.moveit.ros.move_group.clear_octomap_service]: Execution completed: SUCCEEDED
[pick_and_place_demo-9] [INFO] [1781540171.497373090] [moveit_2369314817.moveit.ros.move_group_interface]: Execute request success!
[pick_and_place_demo-9] [INFO] [1781540171.497854338] [robot_controller]: moveToPose target x=0.345 y=0.200 z=0.115
[pick_and_place_demo-9] [INFO] [1781540171.498002467] [moveit_2369314817.moveit.ros.move_group_interface]: MoveGroup action client/server ready
[move_group-3] [INFO] [1781540171.498546919] [move_group.moveit.moveit.ros.move_group.move_action]: MoveGroupMoveAction: Received request
[pick_and_place_demo-9] [INFO] [1781540171.498843387] [moveit_2369314817.moveit.ros.move_group_interface]: Planning request accepted
[move_group-3] [INFO] [1781540171.499124034] [move_group.moveit.moveit.ros.move_group.move_action]: executing..
[move_group-3] [INFO] [1781540171.509778673] [move_group.moveit.moveit.ros.move_group.move_action]: Planning request received for MoveGroup action. Forwarding to planning pipeline.
[move_group-3] [INFO] [1781540171.510067466] [move_group]: Calling PlanningRequestAdapter 'ResolveConstraintFrames'
[move_group-3] [INFO] [1781540171.510107193] [move_group]: Calling PlanningRequestAdapter 'ValidateWorkspaceBounds'
[move_group-3] [WARN] [1781540171.510114257] [move_group.moveit.moveit.ros.validate_workspace_bounds]: It looks like the planning volume was not specified. Using default values.
[move_group-3] [INFO] [1781540171.510305282] [move_group]: Calling PlanningRequestAdapter 'CheckStartStateBounds'
[move_group-3] [INFO] [1781540171.510345381] [move_group]: Calling PlanningRequestAdapter 'CheckStartStateCollision'
[move_group-3] [INFO] [1781540171.513377488] [move_group.moveit.moveit.planners.ompl.model_based_planning_context]: Planner configuration 'manipulator' will use planner 'geometric::RRTConnect'. Additional configuration parameters will be set when the planner is constructed.
[move_group-3] [INFO] [1781540171.513495528] [move_group]: Calling Planner 'OMPL'
[move_group-3] [INFO] [1781540171.582015130] [move_group]: Calling PlanningResponseAdapter 'AddTimeOptimalParameterization'
[move_group-3] [INFO] [1781540171.587404485] [move_group]: Calling PlanningResponseAdapter 'ValidateSolution'
[move_group-3] [INFO] [1781540171.588684771] [move_group]: Calling PlanningResponseAdapter 'DisplayMotionPath'
[move_group-3] [WARN] [1781540171.588892015] [move_group.moveit.moveit.ros.planning_pipeline]: The planner plugin did not fill out the 'planner_id' field of the MotionPlanResponse. Setting it to the planner ID name of the MotionPlanRequest assuming that the planner plugin does warn you if it does not use the requested planner.
[move_group-3] [INFO] [1781540171.588997831] [move_group.moveit.moveit.ros.move_group.move_action]: Motion plan was computed successfully.
[pick_and_place_demo-9] [INFO] [1781540171.589731752] [moveit_2369314817.moveit.ros.move_group_interface]: Planning request complete!
[pick_and_place_demo-9] [INFO] [1781540171.590241716] [moveit_2369314817.moveit.ros.move_group_interface]: time taken to generate plan: 0.0676246 seconds
[pick_and_place_demo-9] [INFO] [1781540171.590882525] [moveit_2369314817.moveit.ros.move_group_interface]: Execute request accepted
[move_group-3] [INFO] [1781540171.590845985] [move_group.moveit.moveit.ros.move_group.clear_octomap_service]: Execution request received
[move_group-3] [INFO] [1781540171.590909439] [move_group.moveit.moveit.plugins.simple_controller_manager]: Returned 2 controllers in list
[move_group-3] [INFO] [1781540171.590964576] [move_group.moveit.moveit.plugins.simple_controller_manager]: Returned 2 controllers in list
[move_group-3] [INFO] [1781540171.591116242] [move_group.moveit.moveit.ros.trajectory_execution_manager]: Validating trajectory with allowed_start_tolerance 0.01
[move_group-3] [INFO] [1781540171.597232964] [move_group.moveit.moveit.ros.trajectory_execution_manager]: Starting trajectory execution ...
[move_group-3] [INFO] [1781540171.597412004] [move_group.moveit.moveit.plugins.simple_controller_manager]: Returned 2 controllers in list
[move_group-3] [INFO] [1781540171.598048955] [move_group.moveit.moveit.plugins.simple_controller_manager]: Returned 2 controllers in list
[move_group-3] [INFO] [1781540171.599376783] [moveit.simple_controller_manager.follow_joint_trajectory_controller_handle]: sending trajectory to joint_trajectory_controller
[ros2_control_node-5] [INFO] [1781540171.599989988] [joint_trajectory_controller]: Received new action goal
[ros2_control_node-5] [INFO] [1781540171.600056819] [joint_trajectory_controller]: Accepted new action goal
[move_group-3] [INFO] [1781540171.600966130] [moveit.simple_controller_manager.follow_joint_trajectory_controller_handle]: joint_trajectory_controller started execution
[move_group-3] [INFO] [1781540171.600984256] [moveit.simple_controller_manager.follow_joint_trajectory_controller_handle]: Goal request accepted!
[rviz2-4] [INFO] [1781540171.655900141] [moveit_3790647493.moveit.ros.rdf_loader]: Loaded robot model in 0.243383 seconds
[rviz2-4] [INFO] [1781540171.656029914] [moveit_3790647493.moveit.core.robot_model]: Loading robot model 'abb_irb140'...
[rviz2-4] [ERROR] [1781540171.669952402] [moveit_3790647493.moveit.ros.trajectory_visualization]: No robot state or robot model loaded
[rviz2-4] [ERROR] [1781540171.718367896] [moveit_3790647493.moveit.ros.trajectory_visualization]: No robot state or robot model loaded
[rviz2-4] [INFO] [1781540172.253473069] [moveit_3790647493.moveit.kinematics.kdl_kinematics_plugin]: Joint weights for group 'manipulator': 1 1 1 1 1 1
[rviz2-4] [INFO] [1781540172.527942624] [moveit_3790647493.moveit.ros.planning_scene_monitor]: Starting planning scene monitor
[rviz2-4] [INFO] [1781540172.529211387] [moveit_3790647493.moveit.ros.planning_scene_monitor]: Listening to '/monitored_planning_scene'
[rviz2-4] [INFO] [1781540173.642404533] [interactive_marker_display_94801059746976]: Connected on namespace: /rviz_moveit_motion_planning_display/robot_interaction_interactive_marker_topic
[rviz2-4] [INFO] [1781540173.645254708] [moveit_3790647493.moveit.ros.robot_interaction]: No active joints or end effectors found for group 'gripper'. Make sure that kinematics.yaml is loaded in this node's namespace.
[rviz2-4] [INFO] [1781540173.645864506] [moveit_3790647493.moveit.ros.robot_interaction]: No active joints or end effectors found for group 'gripper'. Make sure that kinematics.yaml is loaded in this node's namespace.
[rviz2-4] [INFO] [1781540173.652799000] [moveit_3790647493.moveit.ros.motion_planning_frame]: group gripper
[rviz2-4] [INFO] [1781540173.652846162] [moveit_3790647493.moveit.ros.motion_planning_frame]: Constructing new MoveGroup connection for group 'gripper' in namespace ''
[rviz2-4] [INFO] [1781540173.675446381] [moveit_3790647493.moveit.ros.move_group_interface]: Ready to take commands for planning group gripper.
[rviz2-4] [INFO] [1781540173.676468172] [moveit_3790647493.moveit.ros.motion_planning_frame]: group gripper
[rviz2-4] [INFO] [1781540173.695826413] [interactive_marker_display_94801059746976]: Sending request for interactive markers
[rviz2-4] [INFO] [1781540173.751989735] [interactive_marker_display_94801059746976]: Service response received for initialization
[ros2_control_node-5] [INFO] [1781540178.756016435] [joint_trajectory_controller]: Goal reached, success!
[move_group-3] [INFO] [1781540178.801648304] [moveit.simple_controller_manager.follow_joint_trajectory_controller_handle]: Controller 'joint_trajectory_controller' successfully finished
[move_group-3] [INFO] [1781540178.826522083] [move_group.moveit.moveit.ros.trajectory_execution_manager]: Completed trajectory execution with status SUCCEEDED ...
[move_group-3] [INFO] [1781540178.826726582] [move_group.moveit.moveit.ros.move_group.clear_octomap_service]: Execution completed: SUCCEEDED
[pick_and_place_demo-9] [INFO] [1781540178.827141341] [moveit_2369314817.moveit.ros.move_group_interface]: Execute request success!
[pick_and_place_demo-9] [INFO] [1781540178.829390698] [moveit_2369314817.moveit.ros.current_state_monitor]: Listening to joint states on topic 'joint_states'
[pick_and_place_demo-9] [INFO] [1781540178.836634131] [robot_controller]: Current grasp frame pose: x=0.345 y=0.200 z=0.115
[pick_and_place_demo-9] [INFO] [1781540178.846478607] [robot_controller]: moveLinear from x=0.345 y=0.200 z=0.115 to x=0.465 y=0.200 z=0.115
[move_group-3] [INFO] [1781540178.856787010] [move_group.moveit.moveit.ros.move_group.cartesian_path_service_capability]: Received request to compute Cartesian path
[move_group-3] [INFO] [1781540178.856909800] [move_group.moveit.moveit.ros.move_group.cartesian_path_service_capability]: Attempting to follow 1 waypoints for link 'gripper_grasp_frame' using a step of 0.010000 m and jump threshold 0.000000 (in global reference frame)
[move_group-3] [INFO] [1781540178.860252174] [move_group.moveit.moveit.ros.move_group.cartesian_path_service_capability]: Computed Cartesian path with 13 points (followed 100.000000% of requested trajectory)
[pick_and_place_demo-9] [INFO] [1781540178.860900270] [robot_controller]: Cartesian fraction = 1.000
[pick_and_place_demo-9] [INFO] [1781540178.861557718] [moveit_2369314817.moveit.ros.move_group_interface]: Execute request accepted
[move_group-3] [INFO] [1781540178.861558450] [move_group.moveit.moveit.ros.move_group.clear_octomap_service]: Execution request received
[move_group-3] [INFO] [1781540178.861607135] [move_group.moveit.moveit.plugins.simple_controller_manager]: Returned 2 controllers in list
[move_group-3] [INFO] [1781540178.861625571] [move_group.moveit.moveit.plugins.simple_controller_manager]: Returned 2 controllers in list
[move_group-3] [INFO] [1781540178.861674185] [move_group.moveit.moveit.ros.trajectory_execution_manager]: Validating trajectory with allowed_start_tolerance 0.01
[move_group-3] [INFO] [1781540178.866792591] [move_group.moveit.moveit.ros.trajectory_execution_manager]: Starting trajectory execution ...
[move_group-3] [INFO] [1781540178.866926862] [move_group.moveit.moveit.plugins.simple_controller_manager]: Returned 2 controllers in list
[move_group-3] [INFO] [1781540178.866973172] [move_group.moveit.moveit.plugins.simple_controller_manager]: Returned 2 controllers in list
[move_group-3] [INFO] [1781540178.867150338] [moveit.simple_controller_manager.follow_joint_trajectory_controller_handle]: sending trajectory to joint_trajectory_controller
[ros2_control_node-5] [INFO] [1781540178.867578191] [joint_trajectory_controller]: Received new action goal
[ros2_control_node-5] [INFO] [1781540178.867610244] [joint_trajectory_controller]: Accepted new action goal
[move_group-3] [INFO] [1781540178.867972710] [moveit.simple_controller_manager.follow_joint_trajectory_controller_handle]: joint_trajectory_controller started execution
[move_group-3] [INFO] [1781540178.867984623] [moveit.simple_controller_manager.follow_joint_trajectory_controller_handle]: Goal request accepted!
[ros2_control_node-5] [INFO] [1781540181.262202221] [joint_trajectory_controller]: Goal reached, success!
[move_group-3] [INFO] [1781540181.264516649] [moveit.simple_controller_manager.follow_joint_trajectory_controller_handle]: Controller 'joint_trajectory_controller' successfully finished
[move_group-3] [INFO] [1781540181.292676236] [move_group.moveit.moveit.ros.trajectory_execution_manager]: Completed trajectory execution with status SUCCEEDED ...
[move_group-3] [INFO] [1781540181.292888939] [move_group.moveit.moveit.ros.move_group.clear_octomap_service]: Execution completed: SUCCEEDED
[pick_and_place_demo-9] [INFO] [1781540181.293248870] [moveit_2369314817.moveit.ros.move_group_interface]: Execute request success!
[pick_and_place_demo-9] [INFO] [1781540181.293360757] [robot_controller]: Before attachBox
[pick_and_place_demo-9] [INFO] [1781540183.309382945] [robot_controller]: Box attached
[pick_and_place_demo-9] [INFO] [1781540183.328745729] [robot_controller]: After attachBox
[pick_and_place_demo-9] [INFO] [1781540183.328780086] [robot_controller]: Before closeGripper
[pick_and_place_demo-9] [INFO] [1781540183.328894178] [moveit_2369314817.moveit.ros.move_group_interface]: MoveGroup action client/server ready
[move_group-3] [INFO] [1781540183.329564530] [move_group.moveit.moveit.ros.move_group.move_action]: MoveGroupMoveAction: Received request
[move_group-3] [INFO] [1781540183.329835287] [move_group.moveit.moveit.ros.move_group.move_action]: executing..
[pick_and_place_demo-9] [INFO] [1781540183.329974426] [moveit_2369314817.moveit.ros.move_group_interface]: Planning request accepted
[move_group-3] [INFO] [1781540183.332739842] [move_group.moveit.moveit.ros.move_group.move_action]: Planning request received for MoveGroup action. Forwarding to planning pipeline.
[move_group-3] [INFO] [1781540183.332920683] [move_group]: Calling PlanningRequestAdapter 'ResolveConstraintFrames'
[move_group-3] [INFO] [1781540183.332950511] [move_group]: Calling PlanningRequestAdapter 'ValidateWorkspaceBounds'
[move_group-3] [WARN] [1781540183.332958006] [move_group.moveit.moveit.ros.validate_workspace_bounds]: It looks like the planning volume was not specified. Using default values.
[move_group-3] [INFO] [1781540183.332973065] [move_group]: Calling PlanningRequestAdapter 'CheckStartStateBounds'
[move_group-3] [INFO] [1781540183.332992332] [move_group]: Calling PlanningRequestAdapter 'CheckStartStateCollision'
[move_group-3] [INFO] [1781540183.333407930] [move_group.moveit.moveit.planners.ompl.model_based_planning_context]: Planner configuration 'gripper' will use planner 'geometric::RRTConnect'. Additional configuration parameters will be set when the planner is constructed.
[move_group-3] [INFO] [1781540183.333496232] [move_group]: Calling Planner 'OMPL'
[move_group-3] [INFO] [1781540183.378933600] [move_group]: Calling PlanningResponseAdapter 'AddTimeOptimalParameterization'
[move_group-3] [INFO] [1781540183.384350649] [move_group]: Calling PlanningResponseAdapter 'ValidateSolution'
[move_group-3] [INFO] [1781540183.385028817] [move_group]: Calling PlanningResponseAdapter 'DisplayMotionPath'
[move_group-3] [WARN] [1781540183.385223645] [move_group.moveit.moveit.ros.planning_pipeline]: The planner plugin did not fill out the 'planner_id' field of the MotionPlanResponse. Setting it to the planner ID name of the MotionPlanRequest assuming that the planner plugin does warn you if it does not use the requested planner.
[move_group-3] [INFO] [1781540183.385294353] [move_group.moveit.moveit.ros.move_group.move_action]: Motion plan was computed successfully.
[pick_and_place_demo-9] [INFO] [1781540183.386030754] [moveit_2369314817.moveit.ros.move_group_interface]: Planning request complete!
[pick_and_place_demo-9] [INFO] [1781540183.386270991] [moveit_2369314817.moveit.ros.move_group_interface]: time taken to generate plan: 0.0451024 seconds
[move_group-3] [INFO] [1781540183.386772265] [move_group.moveit.moveit.ros.move_group.clear_octomap_service]: Execution request received
[move_group-3] [INFO] [1781540183.386825007] [move_group.moveit.moveit.plugins.simple_controller_manager]: Returned 2 controllers in list
[move_group-3] [INFO] [1781540183.386849605] [move_group.moveit.moveit.plugins.simple_controller_manager]: Returned 2 controllers in list
[pick_and_place_demo-9] [INFO] [1781540183.386780911] [moveit_2369314817.moveit.ros.move_group_interface]: Execute request accepted
[move_group-3] [INFO] [1781540183.386984327] [move_group.moveit.moveit.ros.trajectory_execution_manager]: Validating trajectory with allowed_start_tolerance 0.01
[move_group-3] [INFO] [1781540183.392776063] [move_group.moveit.moveit.ros.trajectory_execution_manager]: Starting trajectory execution ...
[move_group-3] [INFO] [1781540183.392891437] [move_group.moveit.moveit.plugins.simple_controller_manager]: Returned 2 controllers in list
[move_group-3] [INFO] [1781540183.392986783] [move_group.moveit.moveit.plugins.simple_controller_manager]: Returned 2 controllers in list
[ros2_control_node-5] [INFO] [1781540183.393548414] [gripper_controller]: Received & accepted new action goal
[move_group-3] [INFO] [1781540183.472685362] [move_group.moveit.moveit.ros.trajectory_execution_manager]: Completed trajectory execution with status SUCCEEDED ...
[move_group-3] [INFO] [1781540183.472879883] [move_group.moveit.moveit.ros.move_group.clear_octomap_service]: Execution completed: SUCCEEDED
[pick_and_place_demo-9] [INFO] [1781540183.473484365] [moveit_2369314817.moveit.ros.move_group_interface]: Execute request success!
[pick_and_place_demo-9] [INFO] [1781540183.473828854] [robot_controller]: After closeGripper
[pick_and_place_demo-9] [INFO] [1781540183.482658824] [robot_controller]: moveLinear from x=0.465 y=0.200 z=0.115 to x=0.345 y=0.200 z=0.115
[move_group-3] [INFO] [1781540183.493241972] [move_group.moveit.moveit.ros.move_group.cartesian_path_service_capability]: Received request to compute Cartesian path
[move_group-3] [INFO] [1781540183.493441981] [move_group.moveit.moveit.ros.move_group.cartesian_path_service_capability]: Attempting to follow 1 waypoints for link 'gripper_grasp_frame' using a step of 0.010000 m and jump threshold 0.000000 (in global reference frame)
[move_group-3] [INFO] [1781540183.503540692] [move_group.moveit.moveit.ros.move_group.cartesian_path_service_capability]: Computed Cartesian path with 1 points (followed 0.000000% of requested trajectory)
[pick_and_place_demo-9] [INFO] [1781540183.506672008] [robot_controller]: Cartesian fraction = 0.000
[pick_and_place_demo-9] [ERROR] [1781540183.506737195] [robot_controller]: Cartesian path failed
[pick_and_place_demo-9] [ERROR] [1781540183.506787433] [demo]: pick failed
[ERROR] [pick_and_place_demo-9]: process has died [pid 21106, exit code 1, cmd '/root/ros2_projects/abb_project/install/abb_irb140_apps/lib/abb_irb140_apps/pick_and_place_demo --ros-args --params-file /tmp/launch_params_yy943l3n'].
