[INFO] [launch]: All log files can be found below /root/.ros/log/2026-06-15-14-00-14-038864-30f666a196dd-19290
[INFO] [launch]: Default logging verbosity is set to INFO
[INFO] [static_transform_publisher-1]: process started with pid [19294]
[INFO] [robot_state_publisher-2]: process started with pid [19295]
[INFO] [move_group-3]: process started with pid [19296]
[INFO] [rviz2-4]: process started with pid [19297]
[INFO] [ros2_control_node-5]: process started with pid [19298]
[INFO] [spawner-6]: process started with pid [19299]
[INFO] [spawner-7]: process started with pid [19300]
[INFO] [spawner-8]: process started with pid [19301]
[INFO] [pick_and_place_demo-9]: process started with pid [19302]
[static_transform_publisher-1] [INFO] [1781532019.082006292] [static_transform_publisher0]: Spinning until stopped - publishing transform
[static_transform_publisher-1] translation: ('0.000000', '0.000000', '0.000000')
[static_transform_publisher-1] rotation: ('0.000000', '0.000000', '0.000000', '1.000000')
[static_transform_publisher-1] from 'world' to 'base_link'
[robot_state_publisher-2] [INFO] [1781532019.183170962] [robot_state_publisher]: Robot initialized
[rviz2-4] QStandardPaths: XDG_RUNTIME_DIR not set, defaulting to '/tmp/runtime-root'
[move_group-3] [INFO] [1781532019.255595167] [move_group.moveit.moveit.ros.rdf_loader]: Loaded robot model in 0.0808534 seconds
[move_group-3] [INFO] [1781532019.255784049] [move_group.moveit.moveit.core.robot_model]: Loading robot model 'abb_irb140'...
[pick_and_place_demo-9] [INFO] [1781532019.261163929] [moveit_1717303578.moveit.ros.rdf_loader]: Loaded robot model in 0.091593 seconds
[pick_and_place_demo-9] [INFO] [1781532019.261349596] [moveit_1717303578.moveit.core.robot_model]: Loading robot model 'abb_irb140'...
[move_group-3] [INFO] [1781532019.651595563] [move_group.moveit.moveit.kinematics.kdl_kinematics_plugin]: Joint weights for group 'manipulator': 1 1 1 1 1 1
[pick_and_place_demo-9] [INFO] [1781532019.654424254] [moveit_1717303578.moveit.kinematics.kdl_kinematics_plugin]: Joint weights for group 'manipulator': 1 1 1 1 1 1
[spawner-7] [INFO] [1781532019.739010886] [spawner_gripper_controller]: waiting for service /controller_manager/list_controllers to become available...
[move_group-3] [INFO] [1781532019.848150871] [move_group.moveit.moveit.ros.planning_scene_monitor]: Publishing maintained planning scene on 'monitored_planning_scene'
[move_group-3] [INFO] [1781532019.848882195] [move_group.moveit.moveit.ros.moveit_cpp]: Listening to 'joint_states' for joint states
[move_group-3] [INFO] [1781532019.851521422] [move_group.moveit.moveit.ros.current_state_monitor]: Listening to joint states on topic 'joint_states'
[move_group-3] [INFO] [1781532019.853264899] [move_group.moveit.moveit.ros.planning_scene_monitor]: Listening to '/attached_collision_object' for attached collision objects
[move_group-3] [INFO] [1781532019.853350353] [move_group.moveit.moveit.ros.planning_scene_monitor]: Stopping existing planning scene publisher.
[move_group-3] [INFO] [1781532019.853638296] [move_group.moveit.moveit.ros.planning_scene_monitor]: Stopped publishing maintained planning scene.
[move_group-3] [INFO] [1781532019.855034126] [move_group.moveit.moveit.ros.planning_scene_monitor]: Publishing maintained planning scene on 'monitored_planning_scene'
[move_group-3] [INFO] [1781532019.855403365] [move_group.moveit.moveit.ros.planning_scene_monitor]: Starting planning scene monitor
[move_group-3] [INFO] [1781532019.858110622] [move_group.moveit.moveit.ros.planning_scene_monitor]: Listening to '/planning_scene'
[move_group-3] [INFO] [1781532019.858166529] [move_group.moveit.moveit.ros.planning_scene_monitor]: Starting world geometry update monitor for collision objects, attached objects, octomap updates.
[ros2_control_node-5] [INFO] [1781532019.858847075] [controller_manager]: Using Steady (Monotonic) clock for triggering controller manager cycles.
[move_group-3] [INFO] [1781532019.860209180] [move_group.moveit.moveit.ros.planning_scene_monitor]: Listening to 'collision_object'
[move_group-3] [INFO] [1781532019.861786027] [move_group.moveit.moveit.ros.planning_scene_monitor]: Listening to 'planning_scene_world' for planning scene world geometry
[move_group-3] [WARN] [1781532019.883879294] [move_group.moveit.moveit.ros.occupancy_map_monitor]: Resolution not specified for Octomap. Assuming resolution = 0.1 instead
[move_group-3] [ERROR] [1781532019.884274804] [move_group.moveit.moveit.ros.occupancy_map_monitor]: Exception while loading octomap updater 'occupancy_map_monitor/DepthImageOctomapUpdater': According to the loaded plugin descriptions the class occupancy_map_monitor/DepthImageOctomapUpdater with base class type occupancy_map_monitor::OccupancyMapUpdater does not exist. Declared types are 
[move_group-3] 
[move_group-3] [ERROR] [1781532019.884347323] [move_group.moveit.moveit.ros.occupancy_map_monitor]: Failed to load sensor: `default_sensor` of type: `occupancy_map_monitor/DepthImageOctomapUpdater`
[move_group-3] [ERROR] [1781532019.884379735] [move_group.moveit.moveit.ros.occupancy_map_monitor]: Exception while loading octomap updater 'occupancy_map_monitor/DepthImageOctomapUpdater': According to the loaded plugin descriptions the class occupancy_map_monitor/DepthImageOctomapUpdater with base class type occupancy_map_monitor::OccupancyMapUpdater does not exist. Declared types are 
[move_group-3] 
[move_group-3] [ERROR] [1781532019.884405234] [move_group.moveit.moveit.ros.occupancy_map_monitor]: Failed to load sensor: `kinect_depthimage` of type: `occupancy_map_monitor/DepthImageOctomapUpdater`
[rviz2-4] [INFO] [1781532019.949402707] [rviz2]: Stereo is NOT SUPPORTED
[rviz2-4] [INFO] [1781532019.949513329] [rviz2]: OpenGl version: 4.5 (GLSL 4.5)
[ros2_control_node-5] [INFO] [1781532019.986110468] [controller_manager]: Subscribing to '/robot_description' topic for robot description.
[ros2_control_node-5] [INFO] [1781532019.992123172] [controller_manager]: update rate is 100 Hz
[ros2_control_node-5] [INFO] [1781532019.992167447] [controller_manager]: Overruns handling is : enabled
[ros2_control_node-5] [INFO] [1781532019.992174180] [controller_manager]: Spawning controller_manager RT thread with scheduler priority: 50
[ros2_control_node-5] [WARN] [1781532019.992322055] [controller_manager]: Could not enable FIFO RT scheduling policy: with error number <1>(Operation not permitted). See [https://control.ros.org/master/doc/ros2_control/controller_manager/doc/userdoc.html] for details on how to enable realtime scheduling.
[ros2_control_node-5] [INFO] [1781532019.996153975] [controller_manager]: Received robot description from topic.
[ros2_control_node-5] [INFO] [1781532019.996227486] [controller_manager]: Enforcing command limits is disabled. Command limits from URDF will be ignored.
[move_group-3] [INFO] [1781532020.032372977] [move_group.moveit.moveit.ros.planning_pipeline]: Successfully loaded planner 'STOMP'
[rviz2-4] [INFO] [1781532020.037751603] [rviz2]: Stereo is NOT SUPPORTED
[ros2_control_node-5] [INFO] [1781532020.075563894] [controller_manager]: Loading hardware 'IRB140System' 
[ros2_control_node-5] [INFO] [1781532020.090791511] [controller_manager]: Loaded hardware 'IRB140System' from plugin 'mock_components/GenericSystem'
[ros2_control_node-5] [INFO] [1781532020.090901713] [controller_manager]: Initialize hardware 'IRB140System' 
[ros2_control_node-5] [INFO] [1781532020.108080484] [controller_manager]: Successful initialization of hardware 'IRB140System'
[ros2_control_node-5] [INFO] [1781532020.108370421] [controller_manager]: Loading hardware 'FakeSystem' 
[ros2_control_node-5] [INFO] [1781532020.108399006] [controller_manager]: Loaded hardware 'FakeSystem' from plugin 'mock_components/GenericSystem'
[ros2_control_node-5] [INFO] [1781532020.108444363] [controller_manager]: Initialize hardware 'FakeSystem' 
[ros2_control_node-5] [INFO] [1781532020.126986674] [controller_manager]: Successful initialization of hardware 'FakeSystem'
[ros2_control_node-5] [WARN] [1781532020.127099671] [controller_manager]: Exception occurred while importing state interfaces: ResourceStorage: Tried to insert StateInterface with already existing key. Insert[gripper_finger_joint1/velocity]
[ros2_control_node-5] [WARN] [1781532020.127113858] [controller_manager]: Exception occurred while importing state interfaces: ResourceStorage: Tried to insert StateInterface with already existing key. Insert[gripper_finger_joint1/position]
[ros2_control_node-5] [WARN] [1781532020.127120180] [controller_manager]: Exception occurred while importing state interfaces: ResourceStorage: Tried to insert StateInterface with already existing key. Insert[joint_5/velocity]
[ros2_control_node-5] [WARN] [1781532020.127126121] [controller_manager]: Exception occurred while importing state interfaces: ResourceStorage: Tried to insert StateInterface with already existing key. Insert[joint_5/position]
[ros2_control_node-5] [WARN] [1781532020.127131812] [controller_manager]: Exception occurred while importing state interfaces: ResourceStorage: Tried to insert StateInterface with already existing key. Insert[joint_4/velocity]
[ros2_control_node-5] [WARN] [1781532020.127137383] [controller_manager]: Exception occurred while importing state interfaces: ResourceStorage: Tried to insert StateInterface with already existing key. Insert[joint_1/position]
[ros2_control_node-5] [WARN] [1781532020.127143094] [controller_manager]: Exception occurred while importing state interfaces: ResourceStorage: Tried to insert StateInterface with already existing key. Insert[joint_6/velocity]
[ros2_control_node-5] [WARN] [1781532020.127148594] [controller_manager]: Exception occurred while importing state interfaces: ResourceStorage: Tried to insert StateInterface with already existing key. Insert[joint_6/position]
[ros2_control_node-5] [WARN] [1781532020.127154015] [controller_manager]: Exception occurred while importing state interfaces: ResourceStorage: Tried to insert StateInterface with already existing key. Insert[joint_1/velocity]
[ros2_control_node-5] [WARN] [1781532020.127159576] [controller_manager]: Exception occurred while importing state interfaces: ResourceStorage: Tried to insert StateInterface with already existing key. Insert[joint_3/position]
[ros2_control_node-5] [WARN] [1781532020.127165006] [controller_manager]: Exception occurred while importing state interfaces: ResourceStorage: Tried to insert StateInterface with already existing key. Insert[joint_2/position]
[ros2_control_node-5] [WARN] [1781532020.127212337] [controller_manager]: Exception occurred while importing state interfaces: ResourceStorage: Tried to insert StateInterface with already existing key. Insert[joint_2/velocity]
[ros2_control_node-5] [WARN] [1781532020.127233507] [controller_manager]: Exception occurred while importing state interfaces: ResourceStorage: Tried to insert StateInterface with already existing key. Insert[joint_3/velocity]
[ros2_control_node-5] [WARN] [1781532020.127243627] [controller_manager]: Exception occurred while importing state interfaces: ResourceStorage: Tried to insert StateInterface with already existing key. Insert[joint_4/position]
[ros2_control_node-5] [WARN] [1781532020.127281089] [controller_manager]: Importing state interfaces for the hardware 'FakeSystem' returned no state interfaces.
[ros2_control_node-5] [ERROR] [1781532020.127298913] [controller_manager]: Exception of type : St13runtime_error occurred while importing command interfaces for the hardware 'FakeSystem' : ResourceStorage: Tried to insert CommandInterface with already existing key. Insert[gripper_finger_joint1/position]
[ros2_control_node-5] [INFO] [1781532020.127362164] [controller_manager]: Activating component 'FakeSystem'.
[ros2_control_node-5] [INFO] [1781532020.127371442] [resource_manager]: 'configure' hardware 'FakeSystem' 
[ros2_control_node-5] [INFO] [1781532020.127382964] [resource_manager]: Successful 'configure' of hardware 'FakeSystem'
[ros2_control_node-5] [INFO] [1781532020.127387092] [resource_manager]: 'activate' hardware 'FakeSystem' 
[ros2_control_node-5] [INFO] [1781532020.127394947] [resource_manager]: Successful 'activate' of hardware 'FakeSystem'
[ros2_control_node-5] [INFO] [1781532020.127541429] [controller_manager]: Activating component 'IRB140System'.
[ros2_control_node-5] [INFO] [1781532020.127558812] [resource_manager]: 'configure' hardware 'IRB140System' 
[ros2_control_node-5] [INFO] [1781532020.127571036] [resource_manager]: Successful 'configure' of hardware 'IRB140System'
[ros2_control_node-5] [INFO] [1781532020.127577788] [resource_manager]: 'activate' hardware 'IRB140System' 
[ros2_control_node-5] [INFO] [1781532020.127582427] [resource_manager]: Successful 'activate' of hardware 'IRB140System'
[ros2_control_node-5] [INFO] [1781532020.127602276] [controller_manager]: Registering statistics for : FakeSystem
[ros2_control_node-5] [INFO] [1781532020.127652472] [controller_manager]: Registering statistics for : IRB140System
[ros2_control_node-5] [INFO] [1781532020.127701686] [controller_manager]: Resource Manager has been successfully initialized. Starting Controller Manager services...
[move_group-3] [INFO] [1781532020.160706581] [move_group]: Try loading adapter 'default_planning_request_adapters/ResolveConstraintFrames'
[move_group-3] [INFO] [1781532020.175584349] [move_group]: Loaded adapter 'default_planning_request_adapters/ResolveConstraintFrames'
[move_group-3] [INFO] [1781532020.175642630] [move_group]: Try loading adapter 'default_planning_request_adapters/ValidateWorkspaceBounds'
[move_group-3] [INFO] [1781532020.176454639] [move_group]: Loaded adapter 'default_planning_request_adapters/ValidateWorkspaceBounds'
[move_group-3] [INFO] [1781532020.176478756] [move_group]: Try loading adapter 'default_planning_request_adapters/CheckStartStateBounds'
[move_group-3] [INFO] [1781532020.176505537] [move_group]: Loaded adapter 'default_planning_request_adapters/CheckStartStateBounds'
[move_group-3] [INFO] [1781532020.176511559] [move_group]: Try loading adapter 'default_planning_request_adapters/CheckStartStateCollision'
[move_group-3] [INFO] [1781532020.176528161] [move_group]: Loaded adapter 'default_planning_request_adapters/CheckStartStateCollision'
[ros2_control_node-5] [INFO] [1781532020.237529446] [controller_manager]: Loading controller : 'gripper_controller' of type 'position_controllers/GripperActionController'
[ros2_control_node-5] [INFO] [1781532020.237586305] [controller_manager]: Loading controller 'gripper_controller'
[ros2_control_node-5] [INFO] [1781532020.256744980] [controller_manager]: Controller 'gripper_controller' node arguments: --ros-args --params-file /root/ros2_projects/abb_project/install/abb_irb140_moveit_config/share/abb_irb140_moveit_config/config/ros2_controllers.yaml 
[ros2_control_node-5] [WARN] [1781532020.283354145] [gripper_controller]: [Deprecated]: the `position_controllers/GripperActionController` and `effort_controllers::GripperActionController` controllers are replaced by 'parallel_gripper_controllers/GripperActionController' controller
[spawner-7] [INFO] [1781532020.290519352] [spawner_gripper_controller]: Loaded gripper_controller
[move_group-3] [INFO] [1781532020.295237969] [move_group]: Try loading adapter 'default_planning_response_adapters/AddTimeOptimalParameterization'
[move_group-3] [INFO] [1781532020.311511239] [move_group]: Loaded adapter 'default_planning_response_adapters/AddTimeOptimalParameterization'
[move_group-3] [INFO] [1781532020.311579620] [move_group]: Try loading adapter 'default_planning_response_adapters/ValidateSolution'
[move_group-3] [INFO] [1781532020.315851562] [move_group]: Loaded adapter 'default_planning_response_adapters/ValidateSolution'
[move_group-3] [INFO] [1781532020.315896308] [move_group]: Try loading adapter 'default_planning_response_adapters/DisplayMotionPath'
[move_group-3] [INFO] [1781532020.317420518] [move_group]: Loaded adapter 'default_planning_response_adapters/DisplayMotionPath'
[ros2_control_node-5] [INFO] [1781532020.373448449] [controller_manager]: Configuring controller: 'gripper_controller'
[ros2_control_node-5] [INFO] [1781532020.373652140] [gripper_controller]: Action status changes will be monitored at 20.000000 Hz.
[ros2_control_node-5] [INFO] [1781532020.380858856] [controller_manager]: Activating controllers: [ gripper_controller ]
[ros2_control_node-5] [INFO] [1781532020.402303548] [controller_manager]: Successfully switched controllers!
[ros2_control_node-5] [WARN] [1781532020.402305509] [controller_manager]: Overrun might occur, Total time : 14134.392 us (Expected < 10000.000 us) --> Read time : 22.513 us, Update time : 14103.844 us (Switch time : 14088.445 us (Switch chained mode time : 1.152 us, perform mode change time : 8.847 us, Activation time : 14052.656 us, Deactivation time : 1.092 us)), Write time : 8.035 us
[ros2_control_node-5] [WARN] [1781532020.402438224] [controller_manager]: Overrun detected! The controller manager missed its desired rate of 100 Hz. The loop took 14.358692 ms (missed cycles : 2).
[spawner-7] [INFO] [1781532020.409627517] [spawner_gripper_controller]: Configured and activated gripper_controller
[move_group-3] [INFO] [1781532020.459130624] [move_group.moveit.moveit.planners.pilz.joint_limits_aggregator]: Reading limits from namespace robot_description_planning
[move_group-3] [INFO] [1781532020.514849958] [move_group.moveit.moveit.planners.pilz.command_planner]: Available plugins: pilz_industrial_motion_planner/PlanningContextLoaderCIRC pilz_industrial_motion_planner/PlanningContextLoaderLIN pilz_industrial_motion_planner/PlanningContextLoaderPTP 
[move_group-3] [INFO] [1781532020.514951172] [move_group.moveit.moveit.planners.pilz.command_planner]: About to load: pilz_industrial_motion_planner/PlanningContextLoaderCIRC
[move_group-3] [INFO] [1781532020.531969344] [move_group.moveit.moveit.planners.pilz.command_planner]: Registered Algorithm [CIRC]
[move_group-3] [INFO] [1781532020.532042104] [move_group.moveit.moveit.planners.pilz.command_planner]: About to load: pilz_industrial_motion_planner/PlanningContextLoaderLIN
[move_group-3] [INFO] [1781532020.546675249] [move_group.moveit.moveit.planners.pilz.command_planner]: Registered Algorithm [LIN]
[move_group-3] [INFO] [1781532020.546747518] [move_group.moveit.moveit.planners.pilz.command_planner]: About to load: pilz_industrial_motion_planner/PlanningContextLoaderPTP
[spawner-6] [INFO] [1781532020.558280408] [spawner_joint_trajectory_controller]: waiting for service /controller_manager/list_controllers to become available...
[move_group-3] [INFO] [1781532020.569540757] [move_group.moveit.moveit.planners.pilz.command_planner]: Registered Algorithm [PTP]
[move_group-3] [INFO] [1781532020.569650397] [move_group.moveit.moveit.ros.planning_pipeline]: Successfully loaded planner 'Pilz Industrial Motion Planner'
[INFO] [spawner-7]: process has finished cleanly [pid 19300]
[move_group-3] [INFO] [1781532020.695149117] [move_group]: Try loading adapter 'default_planning_request_adapters/ResolveConstraintFrames'
[move_group-3] [INFO] [1781532020.710873731] [move_group]: Loaded adapter 'default_planning_request_adapters/ResolveConstraintFrames'
[move_group-3] [INFO] [1781532020.710937884] [move_group]: Try loading adapter 'default_planning_request_adapters/ValidateWorkspaceBounds'
[move_group-3] [INFO] [1781532020.711603262] [move_group]: Loaded adapter 'default_planning_request_adapters/ValidateWorkspaceBounds'
[move_group-3] [INFO] [1781532020.711645383] [move_group]: Try loading adapter 'default_planning_request_adapters/CheckStartStateBounds'
[move_group-3] [INFO] [1781532020.711683857] [move_group]: Loaded adapter 'default_planning_request_adapters/CheckStartStateBounds'
[move_group-3] [INFO] [1781532020.711692663] [move_group]: Try loading adapter 'default_planning_request_adapters/CheckStartStateCollision'
[move_group-3] [INFO] [1781532020.711710027] [move_group]: Loaded adapter 'default_planning_request_adapters/CheckStartStateCollision'
[ros2_control_node-5] [INFO] [1781532020.811354330] [controller_manager]: Loading controller : 'joint_trajectory_controller' of type 'joint_trajectory_controller/JointTrajectoryController'
[ros2_control_node-5] [INFO] [1781532020.811407321] [controller_manager]: Loading controller 'joint_trajectory_controller'
[move_group-3] [INFO] [1781532020.823540094] [move_group]: Try loading adapter 'default_planning_response_adapters/ValidateSolution'
[ros2_control_node-5] [INFO] [1781532020.830193666] [controller_manager]: Controller 'joint_trajectory_controller' node arguments: --ros-args --params-file /root/ros2_projects/abb_project/install/abb_irb140_moveit_config/share/abb_irb140_moveit_config/config/ros2_controllers.yaml 
[move_group-3] [INFO] [1781532020.842939287] [move_group]: Loaded adapter 'default_planning_response_adapters/ValidateSolution'
[move_group-3] [INFO] [1781532020.842977771] [move_group]: Try loading adapter 'default_planning_response_adapters/DisplayMotionPath'
[move_group-3] [INFO] [1781532020.843455458] [move_group]: Loaded adapter 'default_planning_response_adapters/DisplayMotionPath'
[spawner-6] [INFO] [1781532020.970078254] [spawner_joint_trajectory_controller]: Loaded joint_trajectory_controller
[ros2_control_node-5] [INFO] [1781532020.972679499] [controller_manager]: Configuring controller: 'joint_trajectory_controller'
[ros2_control_node-5] [INFO] [1781532020.973009372] [joint_trajectory_controller]: No specific joint names are used for command interfaces. Using 'joints' parameter.
[ros2_control_node-5] [INFO] [1781532020.973072042] [joint_trajectory_controller]: Command interfaces are [position] and state interfaces are [position velocity].
[ros2_control_node-5] [INFO] [1781532020.973113522] [joint_trajectory_controller]: Using 'splines' interpolation method.
[ros2_control_node-5] [INFO] [1781532020.977402466] [joint_trajectory_controller]: Action status changes will be monitored at 20.00 Hz.
[ros2_control_node-5] [INFO] [1781532020.988844532] [joint_trajectory_controller]: Setting initial scaling factor to 1.000000
[ros2_control_node-5] [INFO] [1781532020.988933703] [joint_trajectory_controller]: No scaling interface set. This controller will not read speed scaling from the hardware.
[move_group-3] [INFO] [1781532020.992521441] [move_group.moveit.moveit.ros.planning_pipeline]: Successfully loaded planner 'CHOMP'
[ros2_control_node-5] [INFO] [1781532021.001918413] [controller_manager]: Activating controllers: [ joint_trajectory_controller ]
[ros2_control_node-5] [INFO] [1781532021.008554153] [controller_manager]: Successfully switched controllers!
[spawner-6] [INFO] [1781532021.019869274] [spawner_joint_trajectory_controller]: Configured and activated joint_trajectory_controller
[rviz2-4] Warning: class_loader.impl: SEVERE WARNING!!! A namespace collision has occurred with plugin factory for class rviz_default_plugins::displays::InteractiveMarkerDisplay. New factory will OVERWRITE existing one. This situation occurs when libraries containing plugins are directly linked against an executable (the one running right now generating this message). Please separate plugins out into their own library or just don't link against the library and use either class_loader::ClassLoader/MultiLibraryClassLoader to open.
[rviz2-4]          at line 321 in /opt/ros/jazzy/include/class_loader/class_loader/class_loader_core.hpp
[move_group-3] [INFO] [1781532021.130421648] [move_group]: Try loading adapter 'default_planning_request_adapters/ResolveConstraintFrames'
[move_group-3] [INFO] [1781532021.144572887] [move_group]: Loaded adapter 'default_planning_request_adapters/ResolveConstraintFrames'
[move_group-3] [INFO] [1781532021.144633974] [move_group]: Try loading adapter 'default_planning_request_adapters/ValidateWorkspaceBounds'
[move_group-3] [INFO] [1781532021.145118214] [move_group]: Loaded adapter 'default_planning_request_adapters/ValidateWorkspaceBounds'
[move_group-3] [INFO] [1781532021.145134044] [move_group]: Try loading adapter 'default_planning_request_adapters/CheckStartStateBounds'
[move_group-3] [INFO] [1781532021.145166336] [move_group]: Loaded adapter 'default_planning_request_adapters/CheckStartStateBounds'
[move_group-3] [INFO] [1781532021.145180654] [move_group]: Try loading adapter 'default_planning_request_adapters/CheckStartStateCollision'
[move_group-3] [INFO] [1781532021.145200933] [move_group]: Loaded adapter 'default_planning_request_adapters/CheckStartStateCollision'
[spawner-8] [INFO] [1781532021.166256507] [spawner_joint_state_broadcaster]: waiting for service /controller_manager/list_controllers to become available...
[INFO] [spawner-6]: process has finished cleanly [pid 19299]
[move_group-3] [INFO] [1781532021.293403168] [move_group]: Try loading adapter 'default_planning_response_adapters/AddTimeOptimalParameterization'
[move_group-3] [INFO] [1781532021.311851464] [move_group]: Loaded adapter 'default_planning_response_adapters/AddTimeOptimalParameterization'
[move_group-3] [INFO] [1781532021.311906971] [move_group]: Try loading adapter 'default_planning_response_adapters/ValidateSolution'
[move_group-3] [INFO] [1781532021.312651330] [move_group]: Loaded adapter 'default_planning_response_adapters/ValidateSolution'
[move_group-3] [INFO] [1781532021.312699873] [move_group]: Try loading adapter 'default_planning_response_adapters/DisplayMotionPath'
[move_group-3] [INFO] [1781532021.313476134] [move_group]: Loaded adapter 'default_planning_response_adapters/DisplayMotionPath'
[move_group-3] [INFO] [1781532021.490849341] [move_group.moveit.moveit.ros.planning_pipeline]: Successfully loaded planner 'OMPL'
[move_group-3] [INFO] [1781532021.617761463] [move_group]: Try loading adapter 'default_planning_request_adapters/ResolveConstraintFrames'
[move_group-3] [INFO] [1781532021.632857987] [move_group]: Loaded adapter 'default_planning_request_adapters/ResolveConstraintFrames'
[move_group-3] [INFO] [1781532021.632916379] [move_group]: Try loading adapter 'default_planning_request_adapters/ValidateWorkspaceBounds'
[move_group-3] [INFO] [1781532021.633439122] [move_group]: Loaded adapter 'default_planning_request_adapters/ValidateWorkspaceBounds'
[move_group-3] [INFO] [1781532021.633456465] [move_group]: Try loading adapter 'default_planning_request_adapters/CheckStartStateBounds'
[move_group-3] [INFO] [1781532021.633483567] [move_group]: Loaded adapter 'default_planning_request_adapters/CheckStartStateBounds'
[move_group-3] [INFO] [1781532021.633491302] [move_group]: Try loading adapter 'default_planning_request_adapters/CheckStartStateCollision'
[move_group-3] [INFO] [1781532021.633505850] [move_group]: Loaded adapter 'default_planning_request_adapters/CheckStartStateCollision'
[move_group-3] [INFO] [1781532021.764015770] [move_group]: Try loading adapter 'default_planning_response_adapters/AddTimeOptimalParameterization'
[move_group-3] [INFO] [1781532021.781027518] [move_group]: Loaded adapter 'default_planning_response_adapters/AddTimeOptimalParameterization'
[move_group-3] [INFO] [1781532021.781082013] [move_group]: Try loading adapter 'default_planning_response_adapters/ValidateSolution'
[move_group-3] [INFO] [1781532021.781821523] [move_group]: Loaded adapter 'default_planning_response_adapters/ValidateSolution'
[move_group-3] [INFO] [1781532021.781846541] [move_group]: Try loading adapter 'default_planning_response_adapters/DisplayMotionPath'
[move_group-3] [INFO] [1781532021.782592062] [move_group]: Loaded adapter 'default_planning_response_adapters/DisplayMotionPath'
[move_group-3] [INFO] [1781532022.051216768] [move_group.moveit.moveit.plugins.simple_controller_manager]: Added FollowJointTrajectory controller for joint_trajectory_controller
[move_group-3] [INFO] [1781532022.051310478] [move_group.moveit.moveit.plugins.simple_controller_manager]: gripper_controller will command a max effort of: 0
[move_group-3] [INFO] [1781532022.056934436] [move_group.moveit.moveit.plugins.simple_controller_manager]: Added GripperCommand controller for gripper_controller
[move_group-3] [INFO] [1781532022.057275050] [move_group.moveit.moveit.plugins.simple_controller_manager]: Returned 2 controllers in list
[move_group-3] [INFO] [1781532022.057306591] [move_group.moveit.moveit.plugins.simple_controller_manager]: Returned 2 controllers in list
[move_group-3] [INFO] [1781532022.058471577] [move_group.moveit.moveit.ros.trajectory_execution_manager]: Trajectory execution is managing controllers
[move_group-3] [INFO] [1781532022.058552733] [move_group]: MoveGroup debug mode is ON
[pick_and_place_demo-9] [INFO] [1781532022.161110469] [moveit_1717303578.moveit.ros.move_group_interface]: Ready to take commands for planning group manipulator.
[pick_and_place_demo-9] [INFO] [1781532022.179812883] [moveit_1717303578.moveit.ros.move_group_interface]: Ready to take commands for planning group gripper.
[pick_and_place_demo-9] [INFO] [1781532022.179874411] [robot_controller]: Planning frame: base_link
[pick_and_place_demo-9] [INFO] [1781532022.179908617] [robot_controller]: End effector link: gripper_grasp_frame
[pick_and_place_demo-9] [INFO] [1781532022.179921962] [demo]: Starting pick and place demo
[pick_and_place_demo-9] [INFO] [1781532022.180028166] [moveit_1717303578.moveit.ros.move_group_interface]: MoveGroup action client/server ready
[move_group-3] [INFO] [1781532022.181489111] [move_group.moveit.moveit.planners.pilz.move_group_sequence_action]: initialize move group sequence action
[move_group-3] [INFO] [1781532022.187664217] [move_group.moveit.moveit.planners.pilz.joint_limits_aggregator]: Reading limits from namespace robot_description_planning
[move_group-3] [INFO] [1781532022.187879751] [move_group.moveit.moveit.planners.pilz.joint_limits_aggregator]: Reading limits from namespace robot_description_planning
[move_group-3] [INFO] [1781532022.189536582] [move_group.moveit.moveit.ros.move_group.executable]: 
[move_group-3] 
[move_group-3] ********************************************************
[move_group-3] * MoveGroup using: 
[move_group-3] *     - apply_planning_scene_service
[move_group-3] *     - clear_octomap_service
[move_group-3] *     - get_group_urdf
[move_group-3] *     - load_geometry_from_file
[move_group-3] *     - CartesianPathService
[move_group-3] *     - execute_trajectory_action
[move_group-3] *     - get_planning_scene_service
[move_group-3] *     - kinematics_service
[move_group-3] *     - move_action
[move_group-3] *     - motion_plan_service
[move_group-3] *     - query_planners_service
[move_group-3] *     - state_validation_service
[move_group-3] *     - save_geometry_to_file
[move_group-3] *     - SequenceAction
[move_group-3] *     - SequenceService
[move_group-3] ********************************************************
[move_group-3] 
[move_group-3] [INFO] [1781532022.189613389] [move_group.moveit.moveit.ros.move_group.context]: MoveGroup context using pipeline ompl
[move_group-3] [INFO] [1781532022.189623749] [move_group.moveit.moveit.ros.move_group.context]: MoveGroup context initialization complete
[move_group-3] [96mLoading 'move_group/ApplyPlanningSceneService'...[0m
[move_group-3] [96mLoading 'move_group/ClearOctomapService'...[0m
[move_group-3] [96mLoading 'move_group/GetUrdfService'...[0m
[move_group-3] [96mLoading 'move_group/LoadGeometryFromFileService'...[0m
[move_group-3] [96mLoading 'move_group/MoveGroupCartesianPathService'...[0m
[move_group-3] [96mLoading 'move_group/MoveGroupExecuteTrajectoryAction'...[0m
[move_group-3] [96mLoading 'move_group/MoveGroupGetPlanningSceneService'...[0m
[move_group-3] [96mLoading 'move_group/MoveGroupKinematicsService'...[0m
[move_group-3] [96mLoading 'move_group/MoveGroupMoveAction'...[0m
[move_group-3] [96mLoading 'move_group/MoveGroupPlanService'...[0m
[move_group-3] [96mLoading 'move_group/MoveGroupQueryPlannersService'...[0m
[move_group-3] [96mLoading 'move_group/MoveGroupStateValidationService'...[0m
[move_group-3] [96mLoading 'move_group/SaveGeometryToFileService'...[0m
[move_group-3] [96mLoading 'pilz_industrial_motion_planner/MoveGroupSequenceAction'...[0m
[move_group-3] [96mLoading 'pilz_industrial_motion_planner/MoveGroupSequenceService'...[0m
[move_group-3] 
[move_group-3] [92mYou can start planning now![0m
[move_group-3] 
[move_group-3] [INFO] [1781532022.192537924] [move_group.moveit.moveit.ros.move_group.move_action]: MoveGroupMoveAction: Received request
[move_group-3] [INFO] [1781532022.193363128] [move_group.moveit.moveit.ros.move_group.move_action]: executing..
[pick_and_place_demo-9] [INFO] [1781532022.193815406] [moveit_1717303578.moveit.ros.move_group_interface]: Planning request accepted
[ros2_control_node-5] [INFO] [1781532022.919520003] [controller_manager]: Loading controller : 'joint_state_broadcaster' of type 'joint_state_broadcaster/JointStateBroadcaster'
[ros2_control_node-5] [INFO] [1781532022.919571642] [controller_manager]: Loading controller 'joint_state_broadcaster'
[ros2_control_node-5] [INFO] [1781532022.985893890] [controller_manager]: Controller 'joint_state_broadcaster' node arguments: --ros-args --params-file /root/ros2_projects/abb_project/install/abb_irb140_moveit_config/share/abb_irb140_moveit_config/config/ros2_controllers.yaml 
[spawner-8] [INFO] [1781532023.019717159] [spawner_joint_state_broadcaster]: Loaded joint_state_broadcaster
[ros2_control_node-5] [INFO] [1781532023.021704051] [controller_manager]: Configuring controller: 'joint_state_broadcaster'
[ros2_control_node-5] [INFO] [1781532023.021837196] [joint_state_broadcaster]: 'joints' or 'interfaces' parameter is empty. All available state interfaces will be published
[ros2_control_node-5] [INFO] [1781532023.060683045] [controller_manager]: Activating controllers: [ joint_state_broadcaster ]
[ros2_control_node-5] [INFO] [1781532023.068362357] [controller_manager]: Successfully switched controllers!
[move_group-3] [INFO] [1781532023.078775772] [move_group.moveit.moveit.ros.move_group.move_action]: Planning request received for MoveGroup action. Forwarding to planning pipeline.
[move_group-3] [INFO] [1781532023.079024840] [move_group]: Calling PlanningRequestAdapter 'ResolveConstraintFrames'
[move_group-3] [INFO] [1781532023.079083523] [move_group]: Calling PlanningRequestAdapter 'ValidateWorkspaceBounds'
[move_group-3] [WARN] [1781532023.079092039] [move_group.moveit.moveit.ros.validate_workspace_bounds]: It looks like the planning volume was not specified. Using default values.
[move_group-3] [INFO] [1781532023.079102639] [move_group]: Calling PlanningRequestAdapter 'CheckStartStateBounds'
[move_group-3] [INFO] [1781532023.079123079] [move_group]: Calling PlanningRequestAdapter 'CheckStartStateCollision'
[spawner-8] [INFO] [1781532023.080052209] [spawner_joint_state_broadcaster]: Configured and activated joint_state_broadcaster
[move_group-3] [INFO] [1781532023.087352316] [move_group.moveit.moveit.planners.ompl.model_based_planning_context]: Planner configuration 'manipulator' will use planner 'geometric::RRTConnect'. Additional configuration parameters will be set when the planner is constructed.
[move_group-3] [INFO] [1781532023.089189553] [move_group]: Calling Planner 'OMPL'
[move_group-3] [INFO] [1781532023.102324207] [move_group]: Calling PlanningResponseAdapter 'AddTimeOptimalParameterization'
[move_group-3] [INFO] [1781532023.102443546] [move_group]: Calling PlanningResponseAdapter 'ValidateSolution'
[move_group-3] [INFO] [1781532023.102586902] [move_group]: Calling PlanningResponseAdapter 'DisplayMotionPath'
[move_group-3] [WARN] [1781532023.102736629] [move_group.moveit.moveit.ros.planning_pipeline]: The planner plugin did not fill out the 'planner_id' field of the MotionPlanResponse. Setting it to the planner ID name of the MotionPlanRequest assuming that the planner plugin does warn you if it does not use the requested planner.
[move_group-3] [INFO] [1781532023.102838184] [move_group.moveit.moveit.ros.move_group.move_action]: Motion plan was computed successfully.
[pick_and_place_demo-9] [INFO] [1781532023.103284892] [moveit_1717303578.moveit.ros.move_group_interface]: Planning request complete!
[pick_and_place_demo-9] [INFO] [1781532023.103632118] [moveit_1717303578.moveit.ros.move_group_interface]: time taken to generate plan: 0.0126709 seconds
[move_group-3] [INFO] [1781532023.104302115] [move_group.moveit.moveit.ros.move_group.clear_octomap_service]: Execution request received
[pick_and_place_demo-9] [INFO] [1781532023.104332042] [moveit_1717303578.moveit.ros.move_group_interface]: Execute request accepted
[move_group-3] [INFO] [1781532023.104393190] [move_group.moveit.moveit.plugins.simple_controller_manager]: Returned 2 controllers in list
[move_group-3] [INFO] [1781532023.104427316] [move_group.moveit.moveit.plugins.simple_controller_manager]: Returned 2 controllers in list
[move_group-3] [INFO] [1781532023.104607932] [move_group.moveit.moveit.ros.trajectory_execution_manager]: Validating trajectory with allowed_start_tolerance 0.01
[move_group-3] [INFO] [1781532023.108793087] [move_group.moveit.moveit.ros.trajectory_execution_manager]: Starting trajectory execution ...
[move_group-3] [INFO] [1781532023.108941252] [move_group.moveit.moveit.plugins.simple_controller_manager]: Returned 2 controllers in list
[move_group-3] [INFO] [1781532023.108970117] [move_group.moveit.moveit.plugins.simple_controller_manager]: Returned 2 controllers in list
[move_group-3] [INFO] [1781532023.109130235] [moveit.simple_controller_manager.follow_joint_trajectory_controller_handle]: sending trajectory to joint_trajectory_controller
[ros2_control_node-5] [INFO] [1781532023.109696933] [joint_trajectory_controller]: Received new action goal
[ros2_control_node-5] [INFO] [1781532023.109743342] [joint_trajectory_controller]: Accepted new action goal
[move_group-3] [INFO] [1781532023.110169710] [moveit.simple_controller_manager.follow_joint_trajectory_controller_handle]: joint_trajectory_controller started execution
[move_group-3] [INFO] [1781532023.110200409] [moveit.simple_controller_manager.follow_joint_trajectory_controller_handle]: Goal request accepted!
[ros2_control_node-5] [INFO] [1781532023.118261106] [joint_trajectory_controller]: Goal reached, success!
[move_group-3] [INFO] [1781532023.160460259] [moveit.simple_controller_manager.follow_joint_trajectory_controller_handle]: Controller 'joint_trajectory_controller' successfully finished
[move_group-3] [INFO] [1781532023.188380391] [move_group.moveit.moveit.ros.trajectory_execution_manager]: Completed trajectory execution with status SUCCEEDED ...
[move_group-3] [INFO] [1781532023.188532146] [move_group.moveit.moveit.ros.move_group.clear_octomap_service]: Execution completed: SUCCEEDED
[pick_and_place_demo-9] [INFO] [1781532023.189102267] [moveit_1717303578.moveit.ros.move_group_interface]: Execute request success!
[pick_and_place_demo-9] [INFO] [1781532023.220573110] [robot_controller]: Table added to planning scene
[INFO] [spawner-8]: process has finished cleanly [pid 19301]
[rviz2-4] [ERROR] [1781532024.190603163] [moveit_2895671773.moveit.ros.motion_planning_frame]: Action server: /recognize_objects not available
[rviz2-4] [INFO] [1781532024.215520796] [moveit_2895671773.moveit.ros.motion_planning_frame]: MoveGroup namespace changed: / -> . Reloading params.
[rviz2-4] [ERROR] [1781532024.489937690] [moveit_2895671773.moveit.ros.trajectory_visualization]: No robot state or robot model loaded
[rviz2-4] [INFO] [1781532024.626727878] [moveit_2895671773.moveit.ros.rdf_loader]: Loaded robot model in 0.213157 seconds
[rviz2-4] [INFO] [1781532024.626847157] [moveit_2895671773.moveit.core.robot_model]: Loading robot model 'abb_irb140'...
[rviz2-4] [INFO] [1781532025.161047007] [moveit_2895671773.moveit.kinematics.kdl_kinematics_plugin]: Joint weights for group 'manipulator': 1 1 1 1 1 1
[pick_and_place_demo-9] [INFO] [1781532025.249428297] [robot_controller]: Box added
[pick_and_place_demo-9] [INFO] [1781532025.266991701] [moveit_1717303578.moveit.ros.move_group_interface]: MoveGroup action client/server ready
[move_group-3] [INFO] [1781532025.268347945] [move_group.moveit.moveit.ros.move_group.move_action]: MoveGroupMoveAction: Received request
[move_group-3] [INFO] [1781532025.268608244] [move_group.moveit.moveit.ros.move_group.move_action]: executing..
[pick_and_place_demo-9] [INFO] [1781532025.269121149] [moveit_1717303578.moveit.ros.move_group_interface]: Planning request accepted
[move_group-3] [INFO] [1781532025.278990855] [move_group.moveit.moveit.ros.move_group.move_action]: Planning request received for MoveGroup action. Forwarding to planning pipeline.
[move_group-3] [INFO] [1781532025.279667332] [move_group]: Calling PlanningRequestAdapter 'ResolveConstraintFrames'
[move_group-3] [INFO] [1781532025.279877756] [move_group]: Calling PlanningRequestAdapter 'ValidateWorkspaceBounds'
[move_group-3] [WARN] [1781532025.279917042] [move_group.moveit.moveit.ros.validate_workspace_bounds]: It looks like the planning volume was not specified. Using default values.
[move_group-3] [INFO] [1781532025.280009839] [move_group]: Calling PlanningRequestAdapter 'CheckStartStateBounds'
[move_group-3] [INFO] [1781532025.280046961] [move_group]: Calling PlanningRequestAdapter 'CheckStartStateCollision'
[move_group-3] [INFO] [1781532025.280576237] [move_group.moveit.moveit.planners.ompl.model_based_planning_context]: Planner configuration 'gripper' will use planner 'geometric::RRTConnect'. Additional configuration parameters will be set when the planner is constructed.
[move_group-3] [INFO] [1781532025.280687361] [move_group]: Calling Planner 'OMPL'
[move_group-3] [INFO] [1781532025.299561429] [move_group]: Calling PlanningResponseAdapter 'AddTimeOptimalParameterization'
[move_group-3] [INFO] [1781532025.311050603] [move_group]: Calling PlanningResponseAdapter 'ValidateSolution'
[move_group-3] [INFO] [1781532025.311404703] [move_group]: Calling PlanningResponseAdapter 'DisplayMotionPath'
[move_group-3] [WARN] [1781532025.311561664] [move_group.moveit.moveit.ros.planning_pipeline]: The planner plugin did not fill out the 'planner_id' field of the MotionPlanResponse. Setting it to the planner ID name of the MotionPlanRequest assuming that the planner plugin does warn you if it does not use the requested planner.
[move_group-3] [INFO] [1781532025.311619535] [move_group.moveit.moveit.ros.move_group.move_action]: Motion plan was computed successfully.
[pick_and_place_demo-9] [INFO] [1781532025.312360639] [moveit_1717303578.moveit.ros.move_group_interface]: Planning request complete!
[pick_and_place_demo-9] [INFO] [1781532025.313372280] [moveit_1717303578.moveit.ros.move_group_interface]: time taken to generate plan: 0.0171035 seconds
[move_group-3] [INFO] [1781532025.315845698] [move_group.moveit.moveit.ros.move_group.clear_octomap_service]: Execution request received
[move_group-3] [INFO] [1781532025.315921985] [move_group.moveit.moveit.plugins.simple_controller_manager]: Returned 2 controllers in list
[move_group-3] [INFO] [1781532025.315949838] [move_group.moveit.moveit.plugins.simple_controller_manager]: Returned 2 controllers in list
[pick_and_place_demo-9] [INFO] [1781532025.315896356] [moveit_1717303578.moveit.ros.move_group_interface]: Execute request accepted
[move_group-3] [INFO] [1781532025.316086440] [move_group.moveit.moveit.ros.trajectory_execution_manager]: Validating trajectory with allowed_start_tolerance 0.01
[move_group-3] [INFO] [1781532025.319479844] [move_group.moveit.moveit.ros.trajectory_execution_manager]: Starting trajectory execution ...
[move_group-3] [INFO] [1781532025.319575317] [move_group.moveit.moveit.plugins.simple_controller_manager]: Returned 2 controllers in list
[move_group-3] [INFO] [1781532025.319607028] [move_group.moveit.moveit.plugins.simple_controller_manager]: Returned 2 controllers in list
[ros2_control_node-5] [INFO] [1781532025.320525291] [gripper_controller]: Received & accepted new action goal
[rviz2-4] [ERROR] [1781532025.327982285] [moveit_2895671773.moveit.ros.trajectory_visualization]: No robot state or robot model loaded
[move_group-3] [INFO] [1781532025.399250842] [move_group.moveit.moveit.ros.trajectory_execution_manager]: Completed trajectory execution with status SUCCEEDED ...
[move_group-3] [INFO] [1781532025.399927483] [move_group.moveit.moveit.ros.move_group.clear_octomap_service]: Execution completed: SUCCEEDED
[pick_and_place_demo-9] [INFO] [1781532025.400705203] [moveit_1717303578.moveit.ros.move_group_interface]: Execute request success!
[pick_and_place_demo-9] [INFO] [1781532025.401351644] [moveit_1717303578.moveit.ros.move_group_interface]: MoveGroup action client/server ready
[move_group-3] [INFO] [1781532025.402087667] [move_group.moveit.moveit.ros.move_group.move_action]: MoveGroupMoveAction: Received request
[pick_and_place_demo-9] [INFO] [1781532025.402561967] [moveit_1717303578.moveit.ros.move_group_interface]: Planning request accepted
[move_group-3] [INFO] [1781532025.402761470] [move_group.moveit.moveit.ros.move_group.move_action]: executing..
[move_group-3] [INFO] [1781532025.409852692] [move_group.moveit.moveit.ros.move_group.move_action]: Planning request received for MoveGroup action. Forwarding to planning pipeline.
[move_group-3] [INFO] [1781532025.410096751] [move_group]: Calling PlanningRequestAdapter 'ResolveConstraintFrames'
[move_group-3] [INFO] [1781532025.410151436] [move_group]: Calling PlanningRequestAdapter 'ValidateWorkspaceBounds'
[move_group-3] [WARN] [1781532025.410224857] [move_group.moveit.moveit.ros.validate_workspace_bounds]: It looks like the planning volume was not specified. Using default values.
[move_group-3] [INFO] [1781532025.410251438] [move_group]: Calling PlanningRequestAdapter 'CheckStartStateBounds'
[move_group-3] [INFO] [1781532025.410276045] [move_group]: Calling PlanningRequestAdapter 'CheckStartStateCollision'
[move_group-3] [INFO] [1781532025.410861609] [move_group.moveit.moveit.planners.ompl.model_based_planning_context]: Planner configuration 'manipulator' will use planner 'geometric::RRTConnect'. Additional configuration parameters will be set when the planner is constructed.
[move_group-3] [INFO] [1781532025.410932084] [move_group]: Calling Planner 'OMPL'
[rviz2-4] [INFO] [1781532025.487624478] [moveit_2895671773.moveit.ros.planning_scene_monitor]: Starting planning scene monitor
[rviz2-4] [INFO] [1781532025.488588829] [moveit_2895671773.moveit.ros.planning_scene_monitor]: Listening to '/monitored_planning_scene'
[rviz2-4] [INFO] [1781532026.688947517] [interactive_marker_display_94184384046800]: Connected on namespace: /rviz_moveit_motion_planning_display/robot_interaction_interactive_marker_topic
[rviz2-4] [INFO] [1781532026.692400415] [moveit_2895671773.moveit.ros.robot_interaction]: No active joints or end effectors found for group 'gripper'. Make sure that kinematics.yaml is loaded in this node's namespace.
[rviz2-4] [INFO] [1781532026.693072445] [moveit_2895671773.moveit.ros.robot_interaction]: No active joints or end effectors found for group 'gripper'. Make sure that kinematics.yaml is loaded in this node's namespace.
[rviz2-4] [INFO] [1781532026.699635196] [moveit_2895671773.moveit.ros.motion_planning_frame]: group gripper
[rviz2-4] [INFO] [1781532026.699727222] [moveit_2895671773.moveit.ros.motion_planning_frame]: Constructing new MoveGroup connection for group 'gripper' in namespace ''
[rviz2-4] [INFO] [1781532026.720028779] [moveit_2895671773.moveit.ros.move_group_interface]: Ready to take commands for planning group gripper.
[rviz2-4] [INFO] [1781532026.720762097] [moveit_2895671773.moveit.ros.motion_planning_frame]: group gripper
[rviz2-4] [INFO] [1781532026.741072995] [interactive_marker_display_94184384046800]: Sending request for interactive markers
[rviz2-4] [INFO] [1781532026.811758872] [interactive_marker_display_94184384046800]: Service response received for initialization
[move_group-3] [ERROR] [1781532030.413094731] [move_group.moveit.moveit.planners.ompl.planner_manager]: ./src/ompl/geometric/planners/rrt/src/RRTConnect.cpp:265 - manipulator/manipulator: Unable to sample any valid states for goal tree
[move_group-3] [WARN] [1781532030.413259868] [move_group.moveit.moveit.planners.ompl.model_based_planning_context]: Invalid goal state
[move_group-3] [ERROR] [1781532030.430880923] [move_group.moveit.moveit.planners.ompl.model_based_planning_context]: Unable to solve the planning problem
[move_group-3] [ERROR] [1781532030.431049116] [move_group]: Planner 'OMPL' failed with error code GOAL_STATE_INVALID
[move_group-3] [ERROR] [1781532030.431077610] [move_group.moveit.moveit.ros.move_group.move_action]: Generating a plan with planning pipeline failed.
[move_group-3] [INFO] [1781532030.431109311] [move_group.moveit.moveit.ros.move_group.move_action]: FAILURE
[pick_and_place_demo-9] [INFO] [1781532030.431478924] [moveit_1717303578.moveit.ros.move_group_interface]: Planning request aborted
[pick_and_place_demo-9] [ERROR] [1781532030.431856677] [moveit_1717303578.moveit.ros.move_group_interface]: MoveGroupInterface::plan() failed or timeout reached
[pick_and_place_demo-9] [ERROR] [1781532030.431919557] [robot_controller]: Planning failed
[pick_and_place_demo-9] [INFO] [1781532030.432074996] [moveit_1717303578.moveit.ros.move_group_interface]: MoveGroup action client/server ready
[move_group-3] [INFO] [1781532030.433120301] [move_group.moveit.moveit.ros.move_group.move_action]: MoveGroupMoveAction: Received request
[pick_and_place_demo-9] [INFO] [1781532030.434061768] [moveit_1717303578.moveit.ros.move_group_interface]: Planning request accepted
[move_group-3] [INFO] [1781532030.435779246] [move_group.moveit.moveit.ros.move_group.move_action]: executing..
[move_group-3] [INFO] [1781532030.439506741] [move_group.moveit.moveit.ros.move_group.move_action]: Planning request received for MoveGroup action. Forwarding to planning pipeline.
[move_group-3] [INFO] [1781532030.439687989] [move_group]: Calling PlanningRequestAdapter 'ResolveConstraintFrames'
[move_group-3] [INFO] [1781532030.439730520] [move_group]: Calling PlanningRequestAdapter 'ValidateWorkspaceBounds'
[move_group-3] [WARN] [1781532030.439746070] [move_group.moveit.moveit.ros.validate_workspace_bounds]: It looks like the planning volume was not specified. Using default values.
[move_group-3] [INFO] [1781532030.439775827] [move_group]: Calling PlanningRequestAdapter 'CheckStartStateBounds'
[move_group-3] [INFO] [1781532030.439799072] [move_group]: Calling PlanningRequestAdapter 'CheckStartStateCollision'
[move_group-3] [INFO] [1781532030.440208748] [move_group.moveit.moveit.planners.ompl.model_based_planning_context]: Planner configuration 'manipulator' will use planner 'geometric::RRTConnect'. Additional configuration parameters will be set when the planner is constructed.
[move_group-3] [INFO] [1781532030.440278742] [move_group]: Calling Planner 'OMPL'
[move_group-3] [ERROR] [1781532035.445046663] [move_group.moveit.moveit.planners.ompl.planner_manager]: ./src/ompl/geometric/planners/rrt/src/RRTConnect.cpp:265 - manipulator/manipulator: Unable to sample any valid states for goal tree
[move_group-3] [WARN] [1781532035.445269842] [move_group.moveit.moveit.planners.ompl.model_based_planning_context]: Invalid goal state
[move_group-3] [ERROR] [1781532035.466312728] [move_group.moveit.moveit.planners.ompl.model_based_planning_context]: Unable to solve the planning problem
[move_group-3] [ERROR] [1781532035.466508264] [move_group]: Planner 'OMPL' failed with error code GOAL_STATE_INVALID
[move_group-3] [ERROR] [1781532035.466539313] [move_group.moveit.moveit.ros.move_group.move_action]: Generating a plan with planning pipeline failed.
[move_group-3] [INFO] [1781532035.466565003] [move_group.moveit.moveit.ros.move_group.move_action]: FAILURE
[pick_and_place_demo-9] [INFO] [1781532035.466974881] [moveit_1717303578.moveit.ros.move_group_interface]: Planning request aborted
[pick_and_place_demo-9] [ERROR] [1781532035.467321417] [moveit_1717303578.moveit.ros.move_group_interface]: MoveGroupInterface::plan() failed or timeout reached
[pick_and_place_demo-9] [ERROR] [1781532035.467477196] [robot_controller]: Planning failed
[pick_and_place_demo-9] [INFO] [1781532035.468178475] [moveit_1717303578.moveit.ros.move_group_interface]: MoveGroup action client/server ready
[move_group-3] [INFO] [1781532035.468799028] [move_group.moveit.moveit.ros.move_group.move_action]: MoveGroupMoveAction: Received request
[move_group-3] [INFO] [1781532035.469397151] [move_group.moveit.moveit.ros.move_group.move_action]: executing..
[pick_and_place_demo-9] [INFO] [1781532035.471438873] [moveit_1717303578.moveit.ros.move_group_interface]: Planning request accepted
[move_group-3] [INFO] [1781532035.478814815] [move_group.moveit.moveit.ros.move_group.move_action]: Planning request received for MoveGroup action. Forwarding to planning pipeline.
[move_group-3] [INFO] [1781532035.478968831] [move_group]: Calling PlanningRequestAdapter 'ResolveConstraintFrames'
[move_group-3] [INFO] [1781532035.478996204] [move_group]: Calling PlanningRequestAdapter 'ValidateWorkspaceBounds'
[move_group-3] [WARN] [1781532035.479001825] [move_group.moveit.moveit.ros.validate_workspace_bounds]: It looks like the planning volume was not specified. Using default values.
[move_group-3] [INFO] [1781532035.479013157] [move_group]: Calling PlanningRequestAdapter 'CheckStartStateBounds'
[move_group-3] [INFO] [1781532035.479028646] [move_group]: Calling PlanningRequestAdapter 'CheckStartStateCollision'
[move_group-3] [INFO] [1781532035.479472890] [move_group.moveit.moveit.planners.ompl.model_based_planning_context]: Planner configuration 'manipulator' will use planner 'geometric::RRTConnect'. Additional configuration parameters will be set when the planner is constructed.
[move_group-3] [INFO] [1781532035.479531814] [move_group]: Calling Planner 'OMPL'
[move_group-3] [INFO] [1781532035.501493420] [move_group]: Calling PlanningResponseAdapter 'AddTimeOptimalParameterization'
[move_group-3] [INFO] [1781532035.501591148] [move_group]: Calling PlanningResponseAdapter 'ValidateSolution'
[move_group-3] [INFO] [1781532035.501642888] [move_group]: Calling PlanningResponseAdapter 'DisplayMotionPath'
[move_group-3] [WARN] [1781532035.501766776] [move_group.moveit.moveit.ros.planning_pipeline]: The planner plugin did not fill out the 'planner_id' field of the MotionPlanResponse. Setting it to the planner ID name of the MotionPlanRequest assuming that the planner plugin does warn you if it does not use the requested planner.
[move_group-3] [INFO] [1781532035.501811071] [move_group.moveit.moveit.ros.move_group.move_action]: Motion plan was computed successfully.
[pick_and_place_demo-9] [INFO] [1781532035.502141505] [moveit_1717303578.moveit.ros.move_group_interface]: Planning request complete!
[pick_and_place_demo-9] [INFO] [1781532035.502216510] [moveit_1717303578.moveit.ros.move_group_interface]: time taken to generate plan: 0.0218373 seconds
[move_group-3] [INFO] [1781532035.502796084] [move_group.moveit.moveit.ros.move_group.clear_octomap_service]: Execution request received
[move_group-3] [INFO] [1781532035.502836642] [move_group.moveit.moveit.plugins.simple_controller_manager]: Returned 2 controllers in list
[move_group-3] [INFO] [1781532035.502860588] [move_group.moveit.moveit.plugins.simple_controller_manager]: Returned 2 controllers in list
[move_group-3] [INFO] [1781532035.503004485] [move_group.moveit.moveit.ros.trajectory_execution_manager]: Validating trajectory with allowed_start_tolerance 0.01
[pick_and_place_demo-9] [INFO] [1781532035.502928178] [moveit_1717303578.moveit.ros.move_group_interface]: Execute request accepted
[move_group-3] [INFO] [1781532035.509825219] [move_group.moveit.moveit.ros.trajectory_execution_manager]: Starting trajectory execution ...
[move_group-3] [INFO] [1781532035.510130335] [move_group.moveit.moveit.plugins.simple_controller_manager]: Returned 2 controllers in list
[move_group-3] [INFO] [1781532035.510294972] [move_group.moveit.moveit.plugins.simple_controller_manager]: Returned 2 controllers in list
[move_group-3] [INFO] [1781532035.510454679] [moveit.simple_controller_manager.follow_joint_trajectory_controller_handle]: sending trajectory to joint_trajectory_controller
[ros2_control_node-5] [INFO] [1781532035.511884679] [joint_trajectory_controller]: Received new action goal
[ros2_control_node-5] [INFO] [1781532035.511963741] [joint_trajectory_controller]: Accepted new action goal
[move_group-3] [INFO] [1781532035.513090908] [moveit.simple_controller_manager.follow_joint_trajectory_controller_handle]: joint_trajectory_controller started execution
[move_group-3] [INFO] [1781532035.513243321] [moveit.simple_controller_manager.follow_joint_trajectory_controller_handle]: Goal request accepted!
[ros2_control_node-5] [INFO] [1781532035.518317837] [joint_trajectory_controller]: Goal reached, success!
[move_group-3] [INFO] [1781532035.564725561] [moveit.simple_controller_manager.follow_joint_trajectory_controller_handle]: Controller 'joint_trajectory_controller' successfully finished
[move_group-3] [INFO] [1781532035.588861557] [move_group.moveit.moveit.ros.trajectory_execution_manager]: Completed trajectory execution with status SUCCEEDED ...
[move_group-3] [INFO] [1781532035.589113411] [move_group.moveit.moveit.ros.move_group.clear_octomap_service]: Execution completed: SUCCEEDED
[pick_and_place_demo-9] [INFO] [1781532035.589712253] [moveit_1717303578.moveit.ros.move_group_interface]: Execute request success!
[INFO] [pick_and_place_demo-9]: process has finished cleanly [pid 19302]
[ros2_control_node-5] [WARN] [1781532093.976949683] [controller_manager]: Overrun detected! The controller manager missed its desired rate of 100 Hz. The loop took 10.575794 ms (missed cycles : 2).
