[INFO] [launch]: All log files can be found below /root/.ros/log/2026-06-15-16-43-16-938232-30f666a196dd-21608
[INFO] [launch]: Default logging verbosity is set to INFO
[INFO] [static_transform_publisher-1]: process started with pid [21612]
[INFO] [robot_state_publisher-2]: process started with pid [21613]
[INFO] [move_group-3]: process started with pid [21614]
[INFO] [rviz2-4]: process started with pid [21615]
[INFO] [ros2_control_node-5]: process started with pid [21616]
[INFO] [spawner-6]: process started with pid [21617]
[INFO] [spawner-7]: process started with pid [21618]
[INFO] [spawner-8]: process started with pid [21619]
[INFO] [pick_and_place_demo-9]: process started with pid [21620]
[static_transform_publisher-1] [INFO] [1781541801.612940118] [static_transform_publisher0]: Spinning until stopped - publishing transform
[static_transform_publisher-1] translation: ('0.000000', '0.000000', '0.000000')
[static_transform_publisher-1] rotation: ('0.000000', '0.000000', '0.000000', '1.000000')
[static_transform_publisher-1] from 'world' to 'base_link'
[rviz2-4] QStandardPaths: XDG_RUNTIME_DIR not set, defaulting to '/tmp/runtime-root'
[robot_state_publisher-2] [INFO] [1781541801.709667367] [robot_state_publisher]: Robot initialized
[move_group-3] [INFO] [1781541801.759539534] [move_group.moveit.moveit.ros.rdf_loader]: Loaded robot model in 0.0834914 seconds
[move_group-3] [INFO] [1781541801.759720227] [move_group.moveit.moveit.core.robot_model]: Loading robot model 'abb_irb140'...
[pick_and_place_demo-9] [INFO] [1781541801.812660340] [moveit_1506615601.moveit.ros.rdf_loader]: Loaded robot model in 0.074064 seconds
[pick_and_place_demo-9] [INFO] [1781541801.812891411] [moveit_1506615601.moveit.core.robot_model]: Loading robot model 'abb_irb140'...
[rviz2-4] [INFO] [1781541802.079254492] [rviz2]: Stereo is NOT SUPPORTED
[rviz2-4] [INFO] [1781541802.079388183] [rviz2]: OpenGl version: 4.5 (GLSL 4.5)
[rviz2-4] [INFO] [1781541802.157857022] [rviz2]: Stereo is NOT SUPPORTED
[move_group-3] [INFO] [1781541802.165302305] [move_group.moveit.moveit.kinematics.kdl_kinematics_plugin]: Joint weights for group 'manipulator': 1 1 1 1 1 1
[pick_and_place_demo-9] [INFO] [1781541802.206036315] [moveit_1506615601.moveit.kinematics.kdl_kinematics_plugin]: Joint weights for group 'manipulator': 1 1 1 1 1 1
[spawner-6] [INFO] [1781541802.224401324] [spawner_joint_trajectory_controller]: waiting for service /controller_manager/list_controllers to become available...
[move_group-3] [INFO] [1781541802.321942632] [move_group.moveit.moveit.ros.planning_scene_monitor]: Publishing maintained planning scene on 'monitored_planning_scene'
[move_group-3] [INFO] [1781541802.322220094] [move_group.moveit.moveit.ros.moveit_cpp]: Listening to 'joint_states' for joint states
[move_group-3] [INFO] [1781541802.324699944] [move_group.moveit.moveit.ros.current_state_monitor]: Listening to joint states on topic 'joint_states'
[move_group-3] [INFO] [1781541802.326452475] [move_group.moveit.moveit.ros.planning_scene_monitor]: Listening to '/attached_collision_object' for attached collision objects
[move_group-3] [INFO] [1781541802.326519556] [move_group.moveit.moveit.ros.planning_scene_monitor]: Stopping existing planning scene publisher.
[move_group-3] [INFO] [1781541802.326713204] [move_group.moveit.moveit.ros.planning_scene_monitor]: Stopped publishing maintained planning scene.
[move_group-3] [INFO] [1781541802.327479310] [move_group.moveit.moveit.ros.planning_scene_monitor]: Publishing maintained planning scene on 'monitored_planning_scene'
[move_group-3] [INFO] [1781541802.327632168] [move_group.moveit.moveit.ros.planning_scene_monitor]: Starting planning scene monitor
[move_group-3] [INFO] [1781541802.328224705] [move_group.moveit.moveit.ros.planning_scene_monitor]: Listening to '/planning_scene'
[move_group-3] [INFO] [1781541802.328251257] [move_group.moveit.moveit.ros.planning_scene_monitor]: Starting world geometry update monitor for collision objects, attached objects, octomap updates.
[move_group-3] [INFO] [1781541802.330050709] [move_group.moveit.moveit.ros.planning_scene_monitor]: Listening to 'collision_object'
[move_group-3] [INFO] [1781541802.331059699] [move_group.moveit.moveit.ros.planning_scene_monitor]: Listening to 'planning_scene_world' for planning scene world geometry
[move_group-3] [WARN] [1781541802.355049533] [move_group.moveit.moveit.ros.occupancy_map_monitor]: Resolution not specified for Octomap. Assuming resolution = 0.1 instead
[move_group-3] [ERROR] [1781541802.355181280] [move_group.moveit.moveit.ros.occupancy_map_monitor]: Exception while loading octomap updater 'occupancy_map_monitor/DepthImageOctomapUpdater': According to the loaded plugin descriptions the class occupancy_map_monitor/DepthImageOctomapUpdater with base class type occupancy_map_monitor::OccupancyMapUpdater does not exist. Declared types are 
[move_group-3] 
[move_group-3] [ERROR] [1781541802.355252529] [move_group.moveit.moveit.ros.occupancy_map_monitor]: Failed to load sensor: `default_sensor` of type: `occupancy_map_monitor/DepthImageOctomapUpdater`
[move_group-3] [ERROR] [1781541802.355286516] [move_group.moveit.moveit.ros.occupancy_map_monitor]: Exception while loading octomap updater 'occupancy_map_monitor/DepthImageOctomapUpdater': According to the loaded plugin descriptions the class occupancy_map_monitor/DepthImageOctomapUpdater with base class type occupancy_map_monitor::OccupancyMapUpdater does not exist. Declared types are 
[move_group-3] 
[move_group-3] [ERROR] [1781541802.355299431] [move_group.moveit.moveit.ros.occupancy_map_monitor]: Failed to load sensor: `kinect_depthimage` of type: `occupancy_map_monitor/DepthImageOctomapUpdater`
[ros2_control_node-5] [INFO] [1781541802.394919380] [controller_manager]: Using Steady (Monotonic) clock for triggering controller manager cycles.
[move_group-3] [INFO] [1781541802.494820848] [move_group.moveit.moveit.ros.planning_pipeline]: Successfully loaded planner 'STOMP'
[ros2_control_node-5] [INFO] [1781541802.515891539] [controller_manager]: Subscribing to '/robot_description' topic for robot description.
[ros2_control_node-5] [INFO] [1781541802.525375569] [controller_manager]: update rate is 100 Hz
[ros2_control_node-5] [INFO] [1781541802.525433482] [controller_manager]: Overruns handling is : enabled
[ros2_control_node-5] [INFO] [1781541802.525445375] [controller_manager]: Spawning controller_manager RT thread with scheduler priority: 50
[ros2_control_node-5] [WARN] [1781541802.525616048] [controller_manager]: Could not enable FIFO RT scheduling policy: with error number <1>(Operation not permitted). See [https://control.ros.org/master/doc/ros2_control/controller_manager/doc/userdoc.html] for details on how to enable realtime scheduling.
[ros2_control_node-5] [INFO] [1781541802.527224286] [controller_manager]: Received robot description from topic.
[ros2_control_node-5] [INFO] [1781541802.527304443] [controller_manager]: Enforcing command limits is disabled. Command limits from URDF will be ignored.
[ros2_control_node-5] [INFO] [1781541802.618252148] [controller_manager]: Loading hardware 'IRB140System' 
[move_group-3] [INFO] [1781541802.623271456] [move_group]: Try loading adapter 'default_planning_request_adapters/ResolveConstraintFrames'
[ros2_control_node-5] [INFO] [1781541802.634058522] [controller_manager]: Loaded hardware 'IRB140System' from plugin 'mock_components/GenericSystem'
[ros2_control_node-5] [INFO] [1781541802.634197163] [controller_manager]: Initialize hardware 'IRB140System' 
[move_group-3] [INFO] [1781541802.641025903] [move_group]: Loaded adapter 'default_planning_request_adapters/ResolveConstraintFrames'
[move_group-3] [INFO] [1781541802.641087132] [move_group]: Try loading adapter 'default_planning_request_adapters/ValidateWorkspaceBounds'
[move_group-3] [INFO] [1781541802.641555005] [move_group]: Loaded adapter 'default_planning_request_adapters/ValidateWorkspaceBounds'
[move_group-3] [INFO] [1781541802.641572620] [move_group]: Try loading adapter 'default_planning_request_adapters/CheckStartStateBounds'
[move_group-3] [INFO] [1781541802.641601647] [move_group]: Loaded adapter 'default_planning_request_adapters/CheckStartStateBounds'
[move_group-3] [INFO] [1781541802.641609452] [move_group]: Try loading adapter 'default_planning_request_adapters/CheckStartStateCollision'
[move_group-3] [INFO] [1781541802.641627908] [move_group]: Loaded adapter 'default_planning_request_adapters/CheckStartStateCollision'
[ros2_control_node-5] [INFO] [1781541802.654045197] [controller_manager]: Successful initialization of hardware 'IRB140System'
[ros2_control_node-5] [INFO] [1781541802.654262310] [controller_manager]: Activating component 'IRB140System'.
[ros2_control_node-5] [INFO] [1781541802.654280506] [resource_manager]: 'configure' hardware 'IRB140System' 
[ros2_control_node-5] [INFO] [1781541802.654294724] [resource_manager]: Successful 'configure' of hardware 'IRB140System'
[ros2_control_node-5] [INFO] [1781541802.654302729] [resource_manager]: 'activate' hardware 'IRB140System' 
[ros2_control_node-5] [INFO] [1781541802.654311266] [resource_manager]: Successful 'activate' of hardware 'IRB140System'
[ros2_control_node-5] [INFO] [1781541802.654378377] [controller_manager]: Registering statistics for : IRB140System
[ros2_control_node-5] [INFO] [1781541802.654578207] [controller_manager]: Resource Manager has been successfully initialized. Starting Controller Manager services...
[ros2_control_node-5] [INFO] [1781541802.727102201] [controller_manager]: Loading controller : 'joint_trajectory_controller' of type 'joint_trajectory_controller/JointTrajectoryController'
[ros2_control_node-5] [INFO] [1781541802.727174182] [controller_manager]: Loading controller 'joint_trajectory_controller'
[ros2_control_node-5] [INFO] [1781541802.741984141] [controller_manager]: Controller 'joint_trajectory_controller' node arguments: --ros-args --params-file /root/ros2_projects/abb_project/install/abb_irb140_moveit_config/share/abb_irb140_moveit_config/config/ros2_controllers.yaml 
[move_group-3] [INFO] [1781541802.764423135] [move_group]: Try loading adapter 'default_planning_response_adapters/AddTimeOptimalParameterization'
[move_group-3] [INFO] [1781541802.785558428] [move_group]: Loaded adapter 'default_planning_response_adapters/AddTimeOptimalParameterization'
[move_group-3] [INFO] [1781541802.785609027] [move_group]: Try loading adapter 'default_planning_response_adapters/ValidateSolution'
[move_group-3] [INFO] [1781541802.788403701] [move_group]: Loaded adapter 'default_planning_response_adapters/ValidateSolution'
[move_group-3] [INFO] [1781541802.788469510] [move_group]: Try loading adapter 'default_planning_response_adapters/DisplayMotionPath'
[move_group-3] [INFO] [1781541802.789754718] [move_group]: Loaded adapter 'default_planning_response_adapters/DisplayMotionPath'
[spawner-6] [INFO] [1781541802.857637485] [spawner_joint_trajectory_controller]: Loaded joint_trajectory_controller
[ros2_control_node-5] [INFO] [1781541802.859049323] [controller_manager]: Configuring controller: 'joint_trajectory_controller'
[ros2_control_node-5] [INFO] [1781541802.859402152] [joint_trajectory_controller]: No specific joint names are used for command interfaces. Using 'joints' parameter.
[ros2_control_node-5] [INFO] [1781541802.859463843] [joint_trajectory_controller]: Command interfaces are [position] and state interfaces are [position velocity].
[ros2_control_node-5] [INFO] [1781541802.859506446] [joint_trajectory_controller]: Using 'splines' interpolation method.
[ros2_control_node-5] [INFO] [1781541802.868808331] [joint_trajectory_controller]: Action status changes will be monitored at 20.00 Hz.
[ros2_control_node-5] [INFO] [1781541802.889415873] [joint_trajectory_controller]: Setting initial scaling factor to 1.000000
[ros2_control_node-5] [INFO] [1781541802.889511179] [joint_trajectory_controller]: No scaling interface set. This controller will not read speed scaling from the hardware.
[ros2_control_node-5] [INFO] [1781541802.901535233] [controller_manager]: Activating controllers: [ joint_trajectory_controller ]
[ros2_control_node-5] [INFO] [1781541802.906466586] [controller_manager]: Successfully switched controllers!
[spawner-6] [INFO] [1781541802.920027948] [spawner_joint_trajectory_controller]: Configured and activated joint_trajectory_controller
[move_group-3] [INFO] [1781541802.935987411] [move_group.moveit.moveit.planners.pilz.joint_limits_aggregator]: Reading limits from namespace robot_description_planning
[move_group-3] [INFO] [1781541802.989208977] [move_group.moveit.moveit.planners.pilz.command_planner]: Available plugins: pilz_industrial_motion_planner/PlanningContextLoaderCIRC pilz_industrial_motion_planner/PlanningContextLoaderLIN pilz_industrial_motion_planner/PlanningContextLoaderPTP 
[move_group-3] [INFO] [1781541802.989274915] [move_group.moveit.moveit.planners.pilz.command_planner]: About to load: pilz_industrial_motion_planner/PlanningContextLoaderCIRC
[move_group-3] [INFO] [1781541803.005610894] [move_group.moveit.moveit.planners.pilz.command_planner]: Registered Algorithm [CIRC]
[move_group-3] [INFO] [1781541803.005684267] [move_group.moveit.moveit.planners.pilz.command_planner]: About to load: pilz_industrial_motion_planner/PlanningContextLoaderLIN
[move_group-3] [INFO] [1781541803.021168756] [move_group.moveit.moveit.planners.pilz.command_planner]: Registered Algorithm [LIN]
[move_group-3] [INFO] [1781541803.021228933] [move_group.moveit.moveit.planners.pilz.command_planner]: About to load: pilz_industrial_motion_planner/PlanningContextLoaderPTP
[move_group-3] [INFO] [1781541803.036942827] [move_group.moveit.moveit.planners.pilz.command_planner]: Registered Algorithm [PTP]
[move_group-3] [INFO] [1781541803.037001582] [move_group.moveit.moveit.ros.planning_pipeline]: Successfully loaded planner 'Pilz Industrial Motion Planner'
[spawner-8] [INFO] [1781541803.054727927] [spawner_joint_state_broadcaster]: waiting for service /controller_manager/list_controllers to become available...
[INFO] [spawner-6]: process has finished cleanly [pid 21617]
[rviz2-4] Warning: class_loader.impl: SEVERE WARNING!!! A namespace collision has occurred with plugin factory for class rviz_default_plugins::displays::InteractiveMarkerDisplay. New factory will OVERWRITE existing one. This situation occurs when libraries containing plugins are directly linked against an executable (the one running right now generating this message). Please separate plugins out into their own library or just don't link against the library and use either class_loader::ClassLoader/MultiLibraryClassLoader to open.
[rviz2-4]          at line 321 in /opt/ros/jazzy/include/class_loader/class_loader/class_loader_core.hpp
[move_group-3] [INFO] [1781541803.160731497] [move_group]: Try loading adapter 'default_planning_request_adapters/ResolveConstraintFrames'
[move_group-3] [INFO] [1781541803.178222176] [move_group]: Loaded adapter 'default_planning_request_adapters/ResolveConstraintFrames'
[move_group-3] [INFO] [1781541803.178268958] [move_group]: Try loading adapter 'default_planning_request_adapters/ValidateWorkspaceBounds'
[move_group-3] [INFO] [1781541803.178783803] [move_group]: Loaded adapter 'default_planning_request_adapters/ValidateWorkspaceBounds'
[move_group-3] [INFO] [1781541803.178808952] [move_group]: Try loading adapter 'default_planning_request_adapters/CheckStartStateBounds'
[move_group-3] [INFO] [1781541803.178845583] [move_group]: Loaded adapter 'default_planning_request_adapters/CheckStartStateBounds'
[move_group-3] [INFO] [1781541803.178859440] [move_group]: Try loading adapter 'default_planning_request_adapters/CheckStartStateCollision'
[move_group-3] [INFO] [1781541803.178881593] [move_group]: Loaded adapter 'default_planning_request_adapters/CheckStartStateCollision'
[move_group-3] [INFO] [1781541803.310753423] [move_group]: Try loading adapter 'default_planning_response_adapters/ValidateSolution'
[move_group-3] [INFO] [1781541803.328618545] [move_group]: Loaded adapter 'default_planning_response_adapters/ValidateSolution'
[move_group-3] [INFO] [1781541803.328655747] [move_group]: Try loading adapter 'default_planning_response_adapters/DisplayMotionPath'
[move_group-3] [INFO] [1781541803.329290506] [move_group]: Loaded adapter 'default_planning_response_adapters/DisplayMotionPath'
[move_group-3] [INFO] [1781541803.480019298] [move_group.moveit.moveit.ros.planning_pipeline]: Successfully loaded planner 'CHOMP'
[move_group-3] [INFO] [1781541803.611420828] [move_group]: Try loading adapter 'default_planning_request_adapters/ResolveConstraintFrames'
[move_group-3] [INFO] [1781541803.627141445] [move_group]: Loaded adapter 'default_planning_request_adapters/ResolveConstraintFrames'
[move_group-3] [INFO] [1781541803.627190471] [move_group]: Try loading adapter 'default_planning_request_adapters/ValidateWorkspaceBounds'
[move_group-3] [INFO] [1781541803.627688303] [move_group]: Loaded adapter 'default_planning_request_adapters/ValidateWorkspaceBounds'
[move_group-3] [INFO] [1781541803.627711859] [move_group]: Try loading adapter 'default_planning_request_adapters/CheckStartStateBounds'
[move_group-3] [INFO] [1781541803.627749272] [move_group]: Loaded adapter 'default_planning_request_adapters/CheckStartStateBounds'
[move_group-3] [INFO] [1781541803.627762788] [move_group]: Try loading adapter 'default_planning_request_adapters/CheckStartStateCollision'
[move_group-3] [INFO] [1781541803.627780302] [move_group]: Loaded adapter 'default_planning_request_adapters/CheckStartStateCollision'
[move_group-3] [INFO] [1781541803.759760963] [move_group]: Try loading adapter 'default_planning_response_adapters/AddTimeOptimalParameterization'
[move_group-3] [INFO] [1781541803.776570926] [move_group]: Loaded adapter 'default_planning_response_adapters/AddTimeOptimalParameterization'
[move_group-3] [INFO] [1781541803.776622197] [move_group]: Try loading adapter 'default_planning_response_adapters/ValidateSolution'
[move_group-3] [INFO] [1781541803.777349647] [move_group]: Loaded adapter 'default_planning_response_adapters/ValidateSolution'
[move_group-3] [INFO] [1781541803.777378964] [move_group]: Try loading adapter 'default_planning_response_adapters/DisplayMotionPath'
[move_group-3] [INFO] [1781541803.777982822] [move_group]: Loaded adapter 'default_planning_response_adapters/DisplayMotionPath'
[move_group-3] [INFO] [1781541803.929490620] [move_group.moveit.moveit.ros.planning_pipeline]: Successfully loaded planner 'OMPL'
[move_group-3] [INFO] [1781541804.065929087] [move_group]: Try loading adapter 'default_planning_request_adapters/ResolveConstraintFrames'
[move_group-3] [INFO] [1781541804.082653414] [move_group]: Loaded adapter 'default_planning_request_adapters/ResolveConstraintFrames'
[move_group-3] [INFO] [1781541804.082719713] [move_group]: Try loading adapter 'default_planning_request_adapters/ValidateWorkspaceBounds'
[move_group-3] [INFO] [1781541804.083284245] [move_group]: Loaded adapter 'default_planning_request_adapters/ValidateWorkspaceBounds'
[move_group-3] [INFO] [1781541804.083304975] [move_group]: Try loading adapter 'default_planning_request_adapters/CheckStartStateBounds'
[move_group-3] [INFO] [1781541804.083345815] [move_group]: Loaded adapter 'default_planning_request_adapters/CheckStartStateBounds'
[move_group-3] [INFO] [1781541804.083361756] [move_group]: Try loading adapter 'default_planning_request_adapters/CheckStartStateCollision'
[move_group-3] [INFO] [1781541804.083391194] [move_group]: Loaded adapter 'default_planning_request_adapters/CheckStartStateCollision'
[move_group-3] [INFO] [1781541804.221546167] [move_group]: Try loading adapter 'default_planning_response_adapters/AddTimeOptimalParameterization'
[move_group-3] [INFO] [1781541804.238845095] [move_group]: Loaded adapter 'default_planning_response_adapters/AddTimeOptimalParameterization'
[move_group-3] [INFO] [1781541804.238896184] [move_group]: Try loading adapter 'default_planning_response_adapters/ValidateSolution'
[move_group-3] [INFO] [1781541804.239764429] [move_group]: Loaded adapter 'default_planning_response_adapters/ValidateSolution'
[move_group-3] [INFO] [1781541804.239791432] [move_group]: Try loading adapter 'default_planning_response_adapters/DisplayMotionPath'
[move_group-3] [INFO] [1781541804.240425239] [move_group]: Loaded adapter 'default_planning_response_adapters/DisplayMotionPath'
[move_group-3] [INFO] [1781541804.507513388] [move_group.moveit.moveit.plugins.simple_controller_manager]: Added FollowJointTrajectory controller for joint_trajectory_controller
[move_group-3] [INFO] [1781541804.507592864] [move_group.moveit.moveit.plugins.simple_controller_manager]: gripper_controller will command a max effort of: 0
[move_group-3] [INFO] [1781541804.513606785] [move_group.moveit.moveit.plugins.simple_controller_manager]: Added GripperCommand controller for gripper_controller
[move_group-3] [INFO] [1781541804.513909035] [move_group.moveit.moveit.plugins.simple_controller_manager]: Returned 2 controllers in list
[move_group-3] [INFO] [1781541804.514005864] [move_group.moveit.moveit.plugins.simple_controller_manager]: Returned 2 controllers in list
[move_group-3] [INFO] [1781541804.515087526] [move_group.moveit.moveit.ros.trajectory_execution_manager]: Trajectory execution is managing controllers
[move_group-3] [INFO] [1781541804.515126031] [move_group]: MoveGroup debug mode is ON
[pick_and_place_demo-9] [INFO] [1781541804.621998478] [moveit_1506615601.moveit.ros.move_group_interface]: Ready to take commands for planning group manipulator.
[pick_and_place_demo-9] [INFO] [1781541804.640686236] [moveit_1506615601.moveit.ros.move_group_interface]: Ready to take commands for planning group gripper.
[pick_and_place_demo-9] [INFO] [1781541804.640747886] [robot_controller]: Planning frame: base_link
[pick_and_place_demo-9] [INFO] [1781541804.640792995] [robot_controller]: End effector link: gripper_grasp_frame
[pick_and_place_demo-9] [INFO] [1781541804.640809286] [demo]: Starting side-grasp pick and place demo
[move_group-3] [INFO] [1781541804.640713259] [move_group.moveit.moveit.planners.pilz.move_group_sequence_action]: initialize move group sequence action
[pick_and_place_demo-9] [INFO] [1781541804.640992494] [moveit_1506615601.moveit.ros.move_group_interface]: MoveGroup action client/server ready
[move_group-3] [INFO] [1781541804.646967046] [move_group.moveit.moveit.planners.pilz.joint_limits_aggregator]: Reading limits from namespace robot_description_planning
[move_group-3] [INFO] [1781541804.647195573] [move_group.moveit.moveit.planners.pilz.joint_limits_aggregator]: Reading limits from namespace robot_description_planning
[move_group-3] [INFO] [1781541804.648697063] [move_group.moveit.moveit.ros.move_group.executable]: 
[move_group-3] 
[move_group-3] ********************************************************
[move_group-3] * MoveGroup using: 
[move_group-3] *     - apply_planning_scene_service
[move_group-3] *     - clear_octomap_service
[move_group-3] *     - get_group_urdf
[move_group-3] *     - load_geometry_from_file
[move_group-3] *     - CartesianPathService
[move_group-3] *     - execute_trajectory_action
[move_group-3] *     - get_planning_scene_service
[move_group-3] *     - kinematics_service
[move_group-3] *     - move_action
[move_group-3] *     - motion_plan_service
[move_group-3] *     - query_planners_service
[move_group-3] *     - state_validation_service
[move_group-3] *     - save_geometry_to_file
[move_group-3] *     - SequenceAction
[move_group-3] *     - SequenceService
[move_group-3] ********************************************************
[move_group-3] 
[move_group-3] [INFO] [1781541804.648773172] [move_group.moveit.moveit.ros.move_group.context]: MoveGroup context using pipeline ompl
[move_group-3] [INFO] [1781541804.648783252] [move_group.moveit.moveit.ros.move_group.context]: MoveGroup context initialization complete
[move_group-3] [96mLoading 'move_group/ApplyPlanningSceneService'...[0m
[move_group-3] [96mLoading 'move_group/ClearOctomapService'...[0m
[move_group-3] [96mLoading 'move_group/GetUrdfService'...[0m
[move_group-3] [96mLoading 'move_group/LoadGeometryFromFileService'...[0m
[move_group-3] [96mLoading 'move_group/MoveGroupCartesianPathService'...[0m
[move_group-3] [96mLoading 'move_group/MoveGroupExecuteTrajectoryAction'...[0m
[move_group-3] [96mLoading 'move_group/MoveGroupGetPlanningSceneService'...[0m
[move_group-3] [96mLoading 'move_group/MoveGroupKinematicsService'...[0m
[move_group-3] [96mLoading 'move_group/MoveGroupMoveAction'...[0m
[move_group-3] [96mLoading 'move_group/MoveGroupPlanService'...[0m
[move_group-3] [96mLoading 'move_group/MoveGroupQueryPlannersService'...[0m
[move_group-3] [96mLoading 'move_group/MoveGroupStateValidationService'...[0m
[move_group-3] [96mLoading 'move_group/SaveGeometryToFileService'...[0m
[move_group-3] [96mLoading 'pilz_industrial_motion_planner/MoveGroupSequenceAction'...[0m
[move_group-3] [96mLoading 'pilz_industrial_motion_planner/MoveGroupSequenceService'...[0m
[move_group-3] 
[move_group-3] [92mYou can start planning now![0m
[move_group-3] 
[move_group-3] [INFO] [1781541804.651230960] [move_group.moveit.moveit.ros.move_group.move_action]: MoveGroupMoveAction: Received request
[pick_and_place_demo-9] [INFO] [1781541804.652458115] [moveit_1506615601.moveit.ros.move_group_interface]: Planning request accepted
[move_group-3] [INFO] [1781541804.653018108] [move_group.moveit.moveit.ros.move_group.move_action]: executing..
[ros2_control_node-5] [INFO] [1781541805.558370665] [controller_manager]: Loading controller : 'joint_state_broadcaster' of type 'joint_state_broadcaster/JointStateBroadcaster'
[ros2_control_node-5] [INFO] [1781541805.558432654] [controller_manager]: Loading controller 'joint_state_broadcaster'
[ros2_control_node-5] [INFO] [1781541805.627651326] [controller_manager]: Controller 'joint_state_broadcaster' node arguments: --ros-args --params-file /root/ros2_projects/abb_project/install/abb_irb140_moveit_config/share/abb_irb140_moveit_config/config/ros2_controllers.yaml 
[move_group-3] [INFO] [1781541805.653372037] [move_group.moveit.moveit.ros.current_state_monitor]: Didn't receive robot state (joint angles) with recent timestamp within 1.000000 seconds. Requested time 1781541804.653220, but latest received state has time 0.000000.
[move_group-3] Check clock synchronization if your are running ROS across multiple machines!
[move_group-3] [WARN] [1781541805.653438104] [move_group.moveit.moveit.ros.planning_scene_monitor]: Failed to fetch current robot state.
[move_group-3] [INFO] [1781541805.653545872] [move_group.moveit.moveit.ros.move_group.move_action]: Planning request received for MoveGroup action. Forwarding to planning pipeline.
[move_group-3] [INFO] [1781541805.653845881] [move_group]: Calling PlanningRequestAdapter 'ResolveConstraintFrames'
[move_group-3] [INFO] [1781541805.653892491] [move_group]: Calling PlanningRequestAdapter 'ValidateWorkspaceBounds'
[move_group-3] [WARN] [1781541805.653909133] [move_group.moveit.moveit.ros.validate_workspace_bounds]: It looks like the planning volume was not specified. Using default values.
[move_group-3] [INFO] [1781541805.653936877] [move_group]: Calling PlanningRequestAdapter 'CheckStartStateBounds'
[move_group-3] [INFO] [1781541805.653978227] [move_group]: Calling PlanningRequestAdapter 'CheckStartStateCollision'
[move_group-3] [INFO] [1781541805.654809291] [move_group.moveit.moveit.planners.ompl.model_based_planning_context]: Planner configuration 'manipulator' will use planner 'geometric::RRTConnect'. Additional configuration parameters will be set when the planner is constructed.
[move_group-3] [INFO] [1781541805.655181049] [move_group]: Calling Planner 'OMPL'
[move_group-3] [INFO] [1781541805.657658942] [move_group]: Calling PlanningResponseAdapter 'AddTimeOptimalParameterization'
[spawner-8] [INFO] [1781541805.657688629] [spawner_joint_state_broadcaster]: Loaded joint_state_broadcaster
[move_group-3] [INFO] [1781541805.657797209] [move_group]: Calling PlanningResponseAdapter 'ValidateSolution'
[move_group-3] [INFO] [1781541805.657857094] [move_group]: Calling PlanningResponseAdapter 'DisplayMotionPath'
[move_group-3] [WARN] [1781541805.657960023] [move_group.moveit.moveit.ros.planning_pipeline]: The planner plugin did not fill out the 'planner_id' field of the MotionPlanResponse. Setting it to the planner ID name of the MotionPlanRequest assuming that the planner plugin does warn you if it does not use the requested planner.
[move_group-3] [INFO] [1781541805.658018696] [move_group.moveit.moveit.ros.move_group.move_action]: Motion plan was computed successfully.
[pick_and_place_demo-9] [INFO] [1781541805.658570241] [moveit_1506615601.moveit.ros.move_group_interface]: Planning request complete!
[pick_and_place_demo-9] [INFO] [1781541805.659187893] [moveit_1506615601.moveit.ros.move_group_interface]: time taken to generate plan: 0.0022712 seconds
[ros2_control_node-5] [INFO] [1781541805.659785928] [controller_manager]: Configuring controller: 'joint_state_broadcaster'
[ros2_control_node-5] [INFO] [1781541805.659890359] [joint_state_broadcaster]: 'joints' or 'interfaces' parameter is empty. All available state interfaces will be published
[move_group-3] [INFO] [1781541805.659912061] [move_group.moveit.moveit.ros.move_group.clear_octomap_service]: Execution request received
[move_group-3] [INFO] [1781541805.659981706] [move_group.moveit.moveit.plugins.simple_controller_manager]: Returned 2 controllers in list
[move_group-3] [INFO] [1781541805.660015621] [move_group.moveit.moveit.plugins.simple_controller_manager]: Returned 2 controllers in list
[move_group-3] [INFO] [1781541805.660142135] [move_group.moveit.moveit.ros.trajectory_execution_manager]: Validating trajectory with allowed_start_tolerance 0.01
[pick_and_place_demo-9] [INFO] [1781541805.660014619] [moveit_1506615601.moveit.ros.move_group_interface]: Execute request accepted
[ros2_control_node-5] [INFO] [1781541805.698350947] [controller_manager]: Activating controllers: [ joint_state_broadcaster ]
[ros2_control_node-5] [INFO] [1781541805.706193055] [controller_manager]: Successfully switched controllers!
[move_group-3] [INFO] [1781541805.716688866] [move_group.moveit.moveit.ros.trajectory_execution_manager]: Starting trajectory execution ...
[move_group-3] [INFO] [1781541805.716808757] [move_group.moveit.moveit.plugins.simple_controller_manager]: Returned 2 controllers in list
[move_group-3] [INFO] [1781541805.716832493] [move_group.moveit.moveit.plugins.simple_controller_manager]: Returned 2 controllers in list
[move_group-3] [INFO] [1781541805.716970910] [moveit.simple_controller_manager.follow_joint_trajectory_controller_handle]: sending trajectory to joint_trajectory_controller
[ros2_control_node-5] [INFO] [1781541805.717520854] [joint_trajectory_controller]: Received new action goal
[ros2_control_node-5] [INFO] [1781541805.717563667] [joint_trajectory_controller]: Accepted new action goal
[spawner-8] [INFO] [1781541805.717978044] [spawner_joint_state_broadcaster]: Configured and activated joint_state_broadcaster
[move_group-3] [INFO] [1781541805.717983184] [moveit.simple_controller_manager.follow_joint_trajectory_controller_handle]: joint_trajectory_controller started execution
[move_group-3] [INFO] [1781541805.718026308] [moveit.simple_controller_manager.follow_joint_trajectory_controller_handle]: Goal request accepted!
[ros2_control_node-5] [INFO] [1781541805.726124099] [joint_trajectory_controller]: Goal reached, success!
[move_group-3] [INFO] [1781541805.768294368] [moveit.simple_controller_manager.follow_joint_trajectory_controller_handle]: Controller 'joint_trajectory_controller' successfully finished
[move_group-3] [INFO] [1781541805.796327542] [move_group.moveit.moveit.ros.trajectory_execution_manager]: Completed trajectory execution with status SUCCEEDED ...
[move_group-3] [INFO] [1781541805.796484335] [move_group.moveit.moveit.ros.move_group.clear_octomap_service]: Execution completed: SUCCEEDED
[pick_and_place_demo-9] [INFO] [1781541805.796939634] [moveit_1506615601.moveit.ros.move_group_interface]: Execute request success!
[pick_and_place_demo-9] [INFO] [1781541805.831997057] [robot_controller]: Table added to planning scene
[INFO] [spawner-8]: process has finished cleanly [pid 21619]
[spawner-7] [INFO] [1781541805.894022226] [spawner_gripper_controller]: waiting for service /controller_manager/list_controllers to become available...
[ros2_control_node-5] [INFO] [1781541806.146483482] [controller_manager]: Loading controller : 'gripper_controller' of type 'position_controllers/GripperActionController'
[ros2_control_node-5] [INFO] [1781541806.146542937] [controller_manager]: Loading controller 'gripper_controller'
[ros2_control_node-5] [INFO] [1781541806.162663563] [controller_manager]: Controller 'gripper_controller' node arguments: --ros-args --params-file /root/ros2_projects/abb_project/install/abb_irb140_moveit_config/share/abb_irb140_moveit_config/config/ros2_controllers.yaml 
[ros2_control_node-5] [WARN] [1781541806.186405538] [gripper_controller]: [Deprecated]: the `position_controllers/GripperActionController` and `effort_controllers::GripperActionController` controllers are replaced by 'parallel_gripper_controllers/GripperActionController' controller
[spawner-7] [INFO] [1781541806.197475968] [spawner_gripper_controller]: Loaded gripper_controller
[ros2_control_node-5] [INFO] [1781541806.199244514] [controller_manager]: Configuring controller: 'gripper_controller'
[ros2_control_node-5] [INFO] [1781541806.199331893] [gripper_controller]: Action status changes will be monitored at 20.000000 Hz.
[ros2_control_node-5] [INFO] [1781541806.208511861] [controller_manager]: Activating controllers: [ gripper_controller ]
[ros2_control_node-5] [INFO] [1781541806.222007255] [controller_manager]: Successfully switched controllers!
[spawner-7] [INFO] [1781541806.227550763] [spawner_gripper_controller]: Configured and activated gripper_controller
[rviz2-4] [ERROR] [1781541806.240609193] [moveit_656357744.moveit.ros.motion_planning_frame]: Action server: /recognize_objects not available
[rviz2-4] [INFO] [1781541806.262679579] [moveit_656357744.moveit.ros.motion_planning_frame]: MoveGroup namespace changed: / -> . Reloading params.
[INFO] [spawner-7]: process has finished cleanly [pid 21618]
[rviz2-4] [ERROR] [1781541806.503230033] [moveit_656357744.moveit.ros.trajectory_visualization]: No robot state or robot model loaded
[rviz2-4] [INFO] [1781541806.721366405] [moveit_656357744.moveit.ros.rdf_loader]: Loaded robot model in 0.253313 seconds
[rviz2-4] [INFO] [1781541806.721498049] [moveit_656357744.moveit.core.robot_model]: Loading robot model 'abb_irb140'...
[rviz2-4] [INFO] [1781541807.255205070] [moveit_656357744.moveit.kinematics.kdl_kinematics_plugin]: Joint weights for group 'manipulator': 1 1 1 1 1 1
[rviz2-4] [INFO] [1781541807.556576331] [moveit_656357744.moveit.ros.planning_scene_monitor]: Starting planning scene monitor
[rviz2-4] [INFO] [1781541807.557608243] [moveit_656357744.moveit.ros.planning_scene_monitor]: Listening to '/monitored_planning_scene'
[pick_and_place_demo-9] [INFO] [1781541807.862769654] [robot_controller]: Box added
[pick_and_place_demo-9] [INFO] [1781541807.876245116] [moveit_1506615601.moveit.ros.move_group_interface]: MoveGroup action client/server ready
[move_group-3] [INFO] [1781541807.876805521] [move_group.moveit.moveit.ros.move_group.move_action]: MoveGroupMoveAction: Received request
[pick_and_place_demo-9] [INFO] [1781541807.877008259] [moveit_1506615601.moveit.ros.move_group_interface]: Planning request accepted
[move_group-3] [INFO] [1781541807.877120990] [move_group.moveit.moveit.ros.move_group.move_action]: executing..
[move_group-3] [INFO] [1781541807.886470245] [move_group.moveit.moveit.ros.move_group.move_action]: Planning request received for MoveGroup action. Forwarding to planning pipeline.
[move_group-3] [INFO] [1781541807.886604824] [move_group]: Calling PlanningRequestAdapter 'ResolveConstraintFrames'
[move_group-3] [INFO] [1781541807.886641836] [move_group]: Calling PlanningRequestAdapter 'ValidateWorkspaceBounds'
[move_group-3] [WARN] [1781541807.886651524] [move_group.moveit.moveit.ros.validate_workspace_bounds]: It looks like the planning volume was not specified. Using default values.
[move_group-3] [INFO] [1781541807.886672816] [move_group]: Calling PlanningRequestAdapter 'CheckStartStateBounds'
[move_group-3] [INFO] [1781541807.886715909] [move_group]: Calling PlanningRequestAdapter 'CheckStartStateCollision'
[move_group-3] [INFO] [1781541807.887107284] [move_group.moveit.moveit.planners.ompl.model_based_planning_context]: Planner configuration 'gripper' will use planner 'geometric::RRTConnect'. Additional configuration parameters will be set when the planner is constructed.
[move_group-3] [INFO] [1781541807.887196817] [move_group]: Calling Planner 'OMPL'
[move_group-3] [INFO] [1781541807.904087873] [move_group]: Calling PlanningResponseAdapter 'AddTimeOptimalParameterization'
[move_group-3] [INFO] [1781541807.906394146] [move_group]: Calling PlanningResponseAdapter 'ValidateSolution'
[move_group-3] [INFO] [1781541807.906571128] [move_group]: Calling PlanningResponseAdapter 'DisplayMotionPath'
[move_group-3] [WARN] [1781541807.906718011] [move_group.moveit.moveit.ros.planning_pipeline]: The planner plugin did not fill out the 'planner_id' field of the MotionPlanResponse. Setting it to the planner ID name of the MotionPlanRequest assuming that the planner plugin does warn you if it does not use the requested planner.
[move_group-3] [INFO] [1781541807.906769100] [move_group.moveit.moveit.ros.move_group.move_action]: Motion plan was computed successfully.
[pick_and_place_demo-9] [INFO] [1781541807.907148793] [moveit_1506615601.moveit.ros.move_group_interface]: Planning request complete!
[pick_and_place_demo-9] [INFO] [1781541807.908110580] [moveit_1506615601.moveit.ros.move_group_interface]: time taken to generate plan: 0.0163499 seconds
[move_group-3] [INFO] [1781541807.908675451] [move_group.moveit.moveit.ros.move_group.clear_octomap_service]: Execution request received
[move_group-3] [INFO] [1781541807.908720037] [move_group.moveit.moveit.plugins.simple_controller_manager]: Returned 2 controllers in list
[move_group-3] [INFO] [1781541807.908745005] [move_group.moveit.moveit.plugins.simple_controller_manager]: Returned 2 controllers in list
[move_group-3] [INFO] [1781541807.908821733] [move_group.moveit.moveit.ros.trajectory_execution_manager]: Validating trajectory with allowed_start_tolerance 0.01
[pick_and_place_demo-9] [INFO] [1781541807.908959890] [moveit_1506615601.moveit.ros.move_group_interface]: Execute request accepted
[move_group-3] [INFO] [1781541807.916597405] [move_group.moveit.moveit.ros.trajectory_execution_manager]: Starting trajectory execution ...
[move_group-3] [INFO] [1781541807.916686608] [move_group.moveit.moveit.plugins.simple_controller_manager]: Returned 2 controllers in list
[move_group-3] [INFO] [1781541807.916706937] [move_group.moveit.moveit.plugins.simple_controller_manager]: Returned 2 controllers in list
[ros2_control_node-5] [INFO] [1781541807.917279212] [gripper_controller]: Received & accepted new action goal
[move_group-3] [INFO] [1781541807.996254618] [move_group.moveit.moveit.ros.trajectory_execution_manager]: Completed trajectory execution with status SUCCEEDED ...
[move_group-3] [INFO] [1781541807.996398425] [move_group.moveit.moveit.ros.move_group.clear_octomap_service]: Execution completed: SUCCEEDED
[pick_and_place_demo-9] [INFO] [1781541807.996875366] [moveit_1506615601.moveit.ros.move_group_interface]: Execute request success!
[pick_and_place_demo-9] [INFO] [1781541807.997059982] [robot_controller]: moveToPose target x=0.345 y=0.200 z=0.120
[pick_and_place_demo-9] [INFO] [1781541807.997244388] [moveit_1506615601.moveit.ros.move_group_interface]: MoveGroup action client/server ready
[move_group-3] [INFO] [1781541807.997781966] [move_group.moveit.moveit.ros.move_group.move_action]: MoveGroupMoveAction: Received request
[pick_and_place_demo-9] [INFO] [1781541807.998051065] [moveit_1506615601.moveit.ros.move_group_interface]: Planning request accepted
[move_group-3] [INFO] [1781541807.998075232] [move_group.moveit.moveit.ros.move_group.move_action]: executing..
[move_group-3] [INFO] [1781541808.006423026] [move_group.moveit.moveit.ros.move_group.move_action]: Planning request received for MoveGroup action. Forwarding to planning pipeline.
[move_group-3] [INFO] [1781541808.006680794] [move_group]: Calling PlanningRequestAdapter 'ResolveConstraintFrames'
[move_group-3] [INFO] [1781541808.006716874] [move_group]: Calling PlanningRequestAdapter 'ValidateWorkspaceBounds'
[move_group-3] [WARN] [1781541808.006724709] [move_group.moveit.moveit.ros.validate_workspace_bounds]: It looks like the planning volume was not specified. Using default values.
[move_group-3] [INFO] [1781541808.006738585] [move_group]: Calling PlanningRequestAdapter 'CheckStartStateBounds'
[move_group-3] [INFO] [1781541808.006790626] [move_group]: Calling PlanningRequestAdapter 'CheckStartStateCollision'
[move_group-3] [INFO] [1781541808.007316972] [move_group.moveit.moveit.planners.ompl.model_based_planning_context]: Planner configuration 'manipulator' will use planner 'geometric::RRTConnect'. Additional configuration parameters will be set when the planner is constructed.
[move_group-3] [INFO] [1781541808.007426173] [move_group]: Calling Planner 'OMPL'
[move_group-3] [INFO] [1781541808.021554175] [move_group]: Calling PlanningResponseAdapter 'AddTimeOptimalParameterization'
[move_group-3] [INFO] [1781541808.026757249] [move_group]: Calling PlanningResponseAdapter 'ValidateSolution'
[move_group-3] [INFO] [1781541808.028058651] [move_group]: Calling PlanningResponseAdapter 'DisplayMotionPath'
[move_group-3] [WARN] [1781541808.028331778] [move_group.moveit.moveit.ros.planning_pipeline]: The planner plugin did not fill out the 'planner_id' field of the MotionPlanResponse. Setting it to the planner ID name of the MotionPlanRequest assuming that the planner plugin does warn you if it does not use the requested planner.
[move_group-3] [INFO] [1781541808.028442051] [move_group.moveit.moveit.ros.move_group.move_action]: Motion plan was computed successfully.
[pick_and_place_demo-9] [INFO] [1781541808.029035376] [moveit_1506615601.moveit.ros.move_group_interface]: Planning request complete!
[pick_and_place_demo-9] [INFO] [1781541808.030022785] [moveit_1506615601.moveit.ros.move_group_interface]: time taken to generate plan: 0.0139769 seconds
[move_group-3] [INFO] [1781541808.030678248] [move_group.moveit.moveit.ros.move_group.clear_octomap_service]: Execution request received
[move_group-3] [INFO] [1781541808.030767750] [move_group.moveit.moveit.plugins.simple_controller_manager]: Returned 2 controllers in list
[move_group-3] [INFO] [1781541808.030800935] [move_group.moveit.moveit.plugins.simple_controller_manager]: Returned 2 controllers in list
[move_group-3] [INFO] [1781541808.030960072] [move_group.moveit.moveit.ros.trajectory_execution_manager]: Validating trajectory with allowed_start_tolerance 0.01
[pick_and_place_demo-9] [INFO] [1781541808.030784373] [moveit_1506615601.moveit.ros.move_group_interface]: Execute request accepted
[move_group-3] [INFO] [1781541808.036610299] [move_group.moveit.moveit.ros.trajectory_execution_manager]: Starting trajectory execution ...
[move_group-3] [INFO] [1781541808.036699240] [move_group.moveit.moveit.plugins.simple_controller_manager]: Returned 2 controllers in list
[move_group-3] [INFO] [1781541808.036719089] [move_group.moveit.moveit.plugins.simple_controller_manager]: Returned 2 controllers in list
[move_group-3] [INFO] [1781541808.036853498] [moveit.simple_controller_manager.follow_joint_trajectory_controller_handle]: sending trajectory to joint_trajectory_controller
[ros2_control_node-5] [INFO] [1781541808.037312965] [joint_trajectory_controller]: Received new action goal
[ros2_control_node-5] [INFO] [1781541808.037358794] [joint_trajectory_controller]: Accepted new action goal
[move_group-3] [INFO] [1781541808.037639125] [moveit.simple_controller_manager.follow_joint_trajectory_controller_handle]: joint_trajectory_controller started execution
[move_group-3] [INFO] [1781541808.037651489] [moveit.simple_controller_manager.follow_joint_trajectory_controller_handle]: Goal request accepted!
[rviz2-4] [INFO] [1781541808.651096814] [interactive_marker_display_94653815518592]: Connected on namespace: /rviz_moveit_motion_planning_display/robot_interaction_interactive_marker_topic
[rviz2-4] [INFO] [1781541808.653325606] [moveit_656357744.moveit.ros.robot_interaction]: No active joints or end effectors found for group 'gripper'. Make sure that kinematics.yaml is loaded in this node's namespace.
[rviz2-4] [INFO] [1781541808.654215034] [moveit_656357744.moveit.ros.robot_interaction]: No active joints or end effectors found for group 'gripper'. Make sure that kinematics.yaml is loaded in this node's namespace.
[rviz2-4] [INFO] [1781541808.661805189] [moveit_656357744.moveit.ros.motion_planning_frame]: group gripper
[rviz2-4] [INFO] [1781541808.661857580] [moveit_656357744.moveit.ros.motion_planning_frame]: Constructing new MoveGroup connection for group 'gripper' in namespace ''
[rviz2-4] [INFO] [1781541808.683940950] [moveit_656357744.moveit.ros.move_group_interface]: Ready to take commands for planning group gripper.
[rviz2-4] [INFO] [1781541808.684880473] [moveit_656357744.moveit.ros.motion_planning_frame]: group gripper
[rviz2-4] [INFO] [1781541808.706004811] [interactive_marker_display_94653815518592]: Sending request for interactive markers
[rviz2-4] [INFO] [1781541808.763792617] [interactive_marker_display_94653815518592]: Service response received for initialization
[ros2_control_node-5] [INFO] [1781541816.343450866] [joint_trajectory_controller]: Goal reached, success!
[move_group-3] [INFO] [1781541816.385301573] [moveit.simple_controller_manager.follow_joint_trajectory_controller_handle]: Controller 'joint_trajectory_controller' successfully finished
[move_group-3] [INFO] [1781541816.414795866] [move_group.moveit.moveit.ros.trajectory_execution_manager]: Completed trajectory execution with status SUCCEEDED ...
[move_group-3] [INFO] [1781541816.414981568] [move_group.moveit.moveit.ros.move_group.clear_octomap_service]: Execution completed: SUCCEEDED
[pick_and_place_demo-9] [INFO] [1781541816.415888803] [moveit_1506615601.moveit.ros.move_group_interface]: Execute request success!
[pick_and_place_demo-9] [INFO] [1781541816.418147623] [moveit_1506615601.moveit.ros.current_state_monitor]: Listening to joint states on topic 'joint_states'
[pick_and_place_demo-9] [INFO] [1781541816.423922971] [robot_controller]: Current grasp frame pose: x=0.345 y=0.200 z=0.120
[pick_and_place_demo-9] [INFO] [1781541816.433825058] [robot_controller]: moveLinear from x=0.345 y=0.200 z=0.120 to x=0.465 y=0.200 z=0.120
[move_group-3] [INFO] [1781541816.444914742] [move_group.moveit.moveit.ros.move_group.cartesian_path_service_capability]: Received request to compute Cartesian path
[move_group-3] [INFO] [1781541816.445096976] [move_group.moveit.moveit.ros.move_group.cartesian_path_service_capability]: Attempting to follow 1 waypoints for link 'gripper_grasp_frame' using a step of 0.010000 m and jump threshold 0.000000 (in global reference frame)
[move_group-3] [INFO] [1781541816.451027709] [move_group.moveit.moveit.ros.move_group.cartesian_path_service_capability]: Computed Cartesian path with 14 points (followed 100.000000% of requested trajectory)
[pick_and_place_demo-9] [INFO] [1781541816.451937622] [robot_controller]: Cartesian fraction = 1.000
[move_group-3] [INFO] [1781541816.452780001] [move_group.moveit.moveit.ros.move_group.clear_octomap_service]: Execution request received
[move_group-3] [INFO] [1781541816.452835096] [move_group.moveit.moveit.plugins.simple_controller_manager]: Returned 2 controllers in list
[move_group-3] [INFO] [1781541816.452867206] [move_group.moveit.moveit.plugins.simple_controller_manager]: Returned 2 controllers in list
[move_group-3] [INFO] [1781541816.452957517] [move_group.moveit.moveit.ros.trajectory_execution_manager]: Validating trajectory with allowed_start_tolerance 0.01
[pick_and_place_demo-9] [INFO] [1781541816.453078035] [moveit_1506615601.moveit.ros.move_group_interface]: Execute request accepted
[move_group-3] [INFO] [1781541816.454156373] [move_group.moveit.moveit.ros.trajectory_execution_manager]: Starting trajectory execution ...
[move_group-3] [INFO] [1781541816.454236194] [move_group.moveit.moveit.plugins.simple_controller_manager]: Returned 2 controllers in list
[move_group-3] [INFO] [1781541816.454279446] [move_group.moveit.moveit.plugins.simple_controller_manager]: Returned 2 controllers in list
[move_group-3] [INFO] [1781541816.454459396] [moveit.simple_controller_manager.follow_joint_trajectory_controller_handle]: sending trajectory to joint_trajectory_controller
[ros2_control_node-5] [INFO] [1781541816.455611934] [joint_trajectory_controller]: Received new action goal
[ros2_control_node-5] [INFO] [1781541816.455698889] [joint_trajectory_controller]: Accepted new action goal
[move_group-3] [INFO] [1781541816.456808727] [moveit.simple_controller_manager.follow_joint_trajectory_controller_handle]: joint_trajectory_controller started execution
[move_group-3] [INFO] [1781541816.456991382] [moveit.simple_controller_manager.follow_joint_trajectory_controller_handle]: Goal request accepted!
[ros2_control_node-5] [INFO] [1781541818.853446235] [joint_trajectory_controller]: Goal reached, success!
[move_group-3] [INFO] [1781541818.856823328] [moveit.simple_controller_manager.follow_joint_trajectory_controller_handle]: Controller 'joint_trajectory_controller' successfully finished
[move_group-3] [INFO] [1781541818.883714964] [move_group.moveit.moveit.ros.trajectory_execution_manager]: Completed trajectory execution with status SUCCEEDED ...
[move_group-3] [INFO] [1781541818.883889023] [move_group.moveit.moveit.ros.move_group.clear_octomap_service]: Execution completed: SUCCEEDED
[pick_and_place_demo-9] [INFO] [1781541818.884329836] [moveit_1506615601.moveit.ros.move_group_interface]: Execute request success!
[pick_and_place_demo-9] [INFO] [1781541818.884780387] [robot_controller]: Before attachBox
[pick_and_place_demo-9] [INFO] [1781541820.909698468] [robot_controller]: Box attached
[pick_and_place_demo-9] [INFO] [1781541820.924213103] [robot_controller]: After attachBox
[pick_and_place_demo-9] [INFO] [1781541820.924269678] [robot_controller]: Before closeGripper
[pick_and_place_demo-9] [INFO] [1781541820.924378409] [moveit_1506615601.moveit.ros.move_group_interface]: MoveGroup action client/server ready
[move_group-3] [INFO] [1781541820.925241398] [move_group.moveit.moveit.ros.move_group.move_action]: MoveGroupMoveAction: Received request
[pick_and_place_demo-9] [INFO] [1781541820.925458569] [moveit_1506615601.moveit.ros.move_group_interface]: Planning request accepted
[move_group-3] [INFO] [1781541820.925555032] [move_group.moveit.moveit.ros.move_group.move_action]: executing..
[move_group-3] [INFO] [1781541820.933808315] [move_group.moveit.moveit.ros.move_group.move_action]: Planning request received for MoveGroup action. Forwarding to planning pipeline.
[move_group-3] [INFO] [1781541820.933948465] [move_group]: Calling PlanningRequestAdapter 'ResolveConstraintFrames'
[move_group-3] [INFO] [1781541820.933966836] [move_group]: Calling PlanningRequestAdapter 'ValidateWorkspaceBounds'
[move_group-3] [WARN] [1781541820.933971526] [move_group.moveit.moveit.ros.validate_workspace_bounds]: It looks like the planning volume was not specified. Using default values.
[move_group-3] [INFO] [1781541820.933981368] [move_group]: Calling PlanningRequestAdapter 'CheckStartStateBounds'
[move_group-3] [INFO] [1781541820.934014752] [move_group]: Calling PlanningRequestAdapter 'CheckStartStateCollision'
[move_group-3] [INFO] [1781541820.934488430] [move_group.moveit.moveit.planners.ompl.model_based_planning_context]: Planner configuration 'gripper' will use planner 'geometric::RRTConnect'. Additional configuration parameters will be set when the planner is constructed.
[move_group-3] [INFO] [1781541820.934567044] [move_group]: Calling Planner 'OMPL'
[move_group-3] [INFO] [1781541820.984545051] [move_group]: Calling PlanningResponseAdapter 'AddTimeOptimalParameterization'
[move_group-3] [INFO] [1781541820.986718320] [move_group]: Calling PlanningResponseAdapter 'ValidateSolution'
[move_group-3] [INFO] [1781541820.987283550] [move_group]: Calling PlanningResponseAdapter 'DisplayMotionPath'
[move_group-3] [WARN] [1781541820.987451302] [move_group.moveit.moveit.ros.planning_pipeline]: The planner plugin did not fill out the 'planner_id' field of the MotionPlanResponse. Setting it to the planner ID name of the MotionPlanRequest assuming that the planner plugin does warn you if it does not use the requested planner.
[move_group-3] [INFO] [1781541820.987521818] [move_group.moveit.moveit.ros.move_group.move_action]: Motion plan was computed successfully.
[pick_and_place_demo-9] [INFO] [1781541820.988138585] [moveit_1506615601.moveit.ros.move_group_interface]: Planning request complete!
[pick_and_place_demo-9] [INFO] [1781541820.988271346] [moveit_1506615601.moveit.ros.move_group_interface]: time taken to generate plan: 0.049715 seconds
[move_group-3] [INFO] [1781541820.989332544] [move_group.moveit.moveit.ros.move_group.clear_octomap_service]: Execution request received
[move_group-3] [INFO] [1781541820.989416721] [move_group.moveit.moveit.plugins.simple_controller_manager]: Returned 2 controllers in list
[move_group-3] [INFO] [1781541820.989446988] [move_group.moveit.moveit.plugins.simple_controller_manager]: Returned 2 controllers in list
[pick_and_place_demo-9] [INFO] [1781541820.989490544] [moveit_1506615601.moveit.ros.move_group_interface]: Execute request accepted
[move_group-3] [INFO] [1781541820.989990470] [move_group.moveit.moveit.ros.trajectory_execution_manager]: Validating trajectory with allowed_start_tolerance 0.01
[move_group-3] [INFO] [1781541820.993886381] [move_group.moveit.moveit.ros.trajectory_execution_manager]: Starting trajectory execution ...
[move_group-3] [INFO] [1781541820.994019516] [move_group.moveit.moveit.plugins.simple_controller_manager]: Returned 2 controllers in list
[move_group-3] [INFO] [1781541820.994045814] [move_group.moveit.moveit.plugins.simple_controller_manager]: Returned 2 controllers in list
[ros2_control_node-5] [INFO] [1781541820.994503306] [gripper_controller]: Received & accepted new action goal
[move_group-3] [INFO] [1781541821.073736346] [move_group.moveit.moveit.ros.trajectory_execution_manager]: Completed trajectory execution with status SUCCEEDED ...
[move_group-3] [INFO] [1781541821.073914310] [move_group.moveit.moveit.ros.move_group.clear_octomap_service]: Execution completed: SUCCEEDED
[pick_and_place_demo-9] [INFO] [1781541821.074663407] [moveit_1506615601.moveit.ros.move_group_interface]: Execute request success!
[pick_and_place_demo-9] [INFO] [1781541821.075277265] [robot_controller]: After closeGripper
[pick_and_place_demo-9] [INFO] [1781541821.083794652] [robot_controller]: moveLinear from x=0.465 y=0.200 z=0.120 to x=0.345 y=0.200 z=0.120
[move_group-3] [INFO] [1781541821.094620608] [move_group.moveit.moveit.ros.move_group.cartesian_path_service_capability]: Received request to compute Cartesian path
[move_group-3] [INFO] [1781541821.094751227] [move_group.moveit.moveit.ros.move_group.cartesian_path_service_capability]: Attempting to follow 1 waypoints for link 'gripper_grasp_frame' using a step of 0.010000 m and jump threshold 0.000000 (in global reference frame)
[move_group-3] [INFO] [1781541821.098655276] [move_group.moveit.moveit.ros.move_group.cartesian_path_service_capability]: Computed Cartesian path with 13 points (followed 100.000000% of requested trajectory)
[pick_and_place_demo-9] [INFO] [1781541821.099192254] [robot_controller]: Cartesian fraction = 1.000
[move_group-3] [INFO] [1781541821.099901816] [move_group.moveit.moveit.ros.move_group.clear_octomap_service]: Execution request received
[move_group-3] [INFO] [1781541821.099949452] [move_group.moveit.moveit.plugins.simple_controller_manager]: Returned 2 controllers in list
[move_group-3] [INFO] [1781541821.099980731] [move_group.moveit.moveit.plugins.simple_controller_manager]: Returned 2 controllers in list
[move_group-3] [INFO] [1781541821.100150056] [move_group.moveit.moveit.ros.trajectory_execution_manager]: Validating trajectory with allowed_start_tolerance 0.01
[pick_and_place_demo-9] [INFO] [1781541821.100162380] [moveit_1506615601.moveit.ros.move_group_interface]: Execute request accepted
[move_group-3] [INFO] [1781541821.104027383] [move_group.moveit.moveit.ros.trajectory_execution_manager]: Starting trajectory execution ...
[move_group-3] [INFO] [1781541821.104250880] [move_group.moveit.moveit.plugins.simple_controller_manager]: Returned 2 controllers in list
[move_group-3] [INFO] [1781541821.104361585] [move_group.moveit.moveit.plugins.simple_controller_manager]: Returned 2 controllers in list
[move_group-3] [INFO] [1781541821.105192992] [moveit.simple_controller_manager.follow_joint_trajectory_controller_handle]: sending trajectory to joint_trajectory_controller
[ros2_control_node-5] [INFO] [1781541821.105823447] [joint_trajectory_controller]: Received new action goal
[ros2_control_node-5] [INFO] [1781541821.105859968] [joint_trajectory_controller]: Accepted new action goal
[move_group-3] [INFO] [1781541821.106044757] [moveit.simple_controller_manager.follow_joint_trajectory_controller_handle]: joint_trajectory_controller started execution
[move_group-3] [INFO] [1781541821.106057375] [moveit.simple_controller_manager.follow_joint_trajectory_controller_handle]: Goal request accepted!
[ros2_control_node-5] [INFO] [1781541823.503432847] [joint_trajectory_controller]: Goal reached, success!
[move_group-3] [INFO] [1781541823.506797031] [moveit.simple_controller_manager.follow_joint_trajectory_controller_handle]: Controller 'joint_trajectory_controller' successfully finished
[move_group-3] [INFO] [1781541823.533780775] [move_group.moveit.moveit.ros.trajectory_execution_manager]: Completed trajectory execution with status SUCCEEDED ...
[move_group-3] [INFO] [1781541823.533961107] [move_group.moveit.moveit.ros.move_group.clear_octomap_service]: Execution completed: SUCCEEDED
[pick_and_place_demo-9] [INFO] [1781541823.534380673] [moveit_1506615601.moveit.ros.move_group_interface]: Execute request success!
[pick_and_place_demo-9] [INFO] [1781541823.534845421] [robot_controller]: moveToPose target x=0.345 y=0.200 z=0.220
[pick_and_place_demo-9] [INFO] [1781541823.535019797] [moveit_1506615601.moveit.ros.move_group_interface]: MoveGroup action client/server ready
[move_group-3] [INFO] [1781541823.535514675] [move_group.moveit.moveit.ros.move_group.move_action]: MoveGroupMoveAction: Received request
[move_group-3] [INFO] [1781541823.535841836] [move_group.moveit.moveit.ros.move_group.move_action]: executing..
[pick_and_place_demo-9] [INFO] [1781541823.535935363] [moveit_1506615601.moveit.ros.move_group_interface]: Planning request accepted
[move_group-3] [INFO] [1781541823.544704758] [move_group.moveit.moveit.ros.move_group.move_action]: Planning request received for MoveGroup action. Forwarding to planning pipeline.
[move_group-3] [INFO] [1781541823.544906825] [move_group]: Calling PlanningRequestAdapter 'ResolveConstraintFrames'
[move_group-3] [INFO] [1781541823.544946001] [move_group]: Calling PlanningRequestAdapter 'ValidateWorkspaceBounds'
[move_group-3] [WARN] [1781541823.544956384] [move_group.moveit.moveit.ros.validate_workspace_bounds]: It looks like the planning volume was not specified. Using default values.
[move_group-3] [INFO] [1781541823.544986341] [move_group]: Calling PlanningRequestAdapter 'CheckStartStateBounds'
[move_group-3] [INFO] [1781541823.545023503] [move_group]: Calling PlanningRequestAdapter 'CheckStartStateCollision'
[move_group-3] [INFO] [1781541823.545607716] [move_group.moveit.moveit.planners.ompl.model_based_planning_context]: Planner configuration 'manipulator' will use planner 'geometric::RRTConnect'. Additional configuration parameters will be set when the planner is constructed.
[move_group-3] [INFO] [1781541823.545666616] [move_group]: Calling Planner 'OMPL'
[move_group-3] [INFO] [1781541823.574587180] [move_group]: Calling PlanningResponseAdapter 'AddTimeOptimalParameterization'
[move_group-3] [INFO] [1781541823.576735304] [move_group]: Calling PlanningResponseAdapter 'ValidateSolution'
[move_group-3] [INFO] [1781541823.578585388] [move_group]: Calling PlanningResponseAdapter 'DisplayMotionPath'
[move_group-3] [WARN] [1781541823.578809393] [move_group.moveit.moveit.ros.planning_pipeline]: The planner plugin did not fill out the 'planner_id' field of the MotionPlanResponse. Setting it to the planner ID name of the MotionPlanRequest assuming that the planner plugin does warn you if it does not use the requested planner.
[move_group-3] [INFO] [1781541823.578893299] [move_group.moveit.moveit.ros.move_group.move_action]: Motion plan was computed successfully.
[pick_and_place_demo-9] [INFO] [1781541823.579295251] [moveit_1506615601.moveit.ros.move_group_interface]: Planning request complete!
[pick_and_place_demo-9] [INFO] [1781541823.579685321] [moveit_1506615601.moveit.ros.move_group_interface]: time taken to generate plan: 0.0286228 seconds
[pick_and_place_demo-9] [INFO] [1781541823.580292986] [moveit_1506615601.moveit.ros.move_group_interface]: Execute request accepted
[move_group-3] [INFO] [1781541823.580195390] [move_group.moveit.moveit.ros.move_group.clear_octomap_service]: Execution request received
[move_group-3] [INFO] [1781541823.580243948] [move_group.moveit.moveit.plugins.simple_controller_manager]: Returned 2 controllers in list
[move_group-3] [INFO] [1781541823.580266117] [move_group.moveit.moveit.plugins.simple_controller_manager]: Returned 2 controllers in list
[move_group-3] [INFO] [1781541823.580326280] [move_group.moveit.moveit.ros.trajectory_execution_manager]: Validating trajectory with allowed_start_tolerance 0.01
[move_group-3] [INFO] [1781541823.584358883] [move_group.moveit.moveit.ros.trajectory_execution_manager]: Starting trajectory execution ...
[move_group-3] [INFO] [1781541823.584517163] [move_group.moveit.moveit.plugins.simple_controller_manager]: Returned 2 controllers in list
[move_group-3] [INFO] [1781541823.584559597] [move_group.moveit.moveit.plugins.simple_controller_manager]: Returned 2 controllers in list
[move_group-3] [INFO] [1781541823.584698254] [moveit.simple_controller_manager.follow_joint_trajectory_controller_handle]: sending trajectory to joint_trajectory_controller
[ros2_control_node-5] [INFO] [1781541823.585450799] [joint_trajectory_controller]: Received new action goal
[ros2_control_node-5] [INFO] [1781541823.585500419] [joint_trajectory_controller]: Accepted new action goal
[move_group-3] [INFO] [1781541823.586056409] [moveit.simple_controller_manager.follow_joint_trajectory_controller_handle]: joint_trajectory_controller started execution
[move_group-3] [INFO] [1781541823.586072014] [moveit.simple_controller_manager.follow_joint_trajectory_controller_handle]: Goal request accepted!
[ros2_control_node-5] [INFO] [1781541826.383457692] [joint_trajectory_controller]: Goal reached, success!
[move_group-3] [INFO] [1781541826.386435878] [moveit.simple_controller_manager.follow_joint_trajectory_controller_handle]: Controller 'joint_trajectory_controller' successfully finished
[move_group-3] [INFO] [1781541826.413688822] [move_group.moveit.moveit.ros.trajectory_execution_manager]: Completed trajectory execution with status SUCCEEDED ...
[move_group-3] [INFO] [1781541826.413922777] [move_group.moveit.moveit.ros.move_group.clear_octomap_service]: Execution completed: SUCCEEDED
[pick_and_place_demo-9] [INFO] [1781541826.414484137] [moveit_1506615601.moveit.ros.move_group_interface]: Execute request success!
[pick_and_place_demo-9] [INFO] [1781541826.415093361] [robot_controller]: moveToPose target x=0.345 y=-0.200 z=0.220
[pick_and_place_demo-9] [INFO] [1781541826.415282127] [moveit_1506615601.moveit.ros.move_group_interface]: MoveGroup action client/server ready
[move_group-3] [INFO] [1781541826.415644070] [move_group.moveit.moveit.ros.move_group.move_action]: MoveGroupMoveAction: Received request
[move_group-3] [INFO] [1781541826.415929254] [move_group.moveit.moveit.ros.move_group.move_action]: executing..
[pick_and_place_demo-9] [INFO] [1781541826.415945977] [moveit_1506615601.moveit.ros.move_group_interface]: Planning request accepted
[move_group-3] [INFO] [1781541826.423755537] [move_group.moveit.moveit.ros.move_group.move_action]: Planning request received for MoveGroup action. Forwarding to planning pipeline.
[move_group-3] [INFO] [1781541826.423919676] [move_group]: Calling PlanningRequestAdapter 'ResolveConstraintFrames'
[move_group-3] [INFO] [1781541826.423940507] [move_group]: Calling PlanningRequestAdapter 'ValidateWorkspaceBounds'
[move_group-3] [WARN] [1781541826.423944865] [move_group.moveit.moveit.ros.validate_workspace_bounds]: It looks like the planning volume was not specified. Using default values.
[move_group-3] [INFO] [1781541826.423955426] [move_group]: Calling PlanningRequestAdapter 'CheckStartStateBounds'
[move_group-3] [INFO] [1781541826.423972319] [move_group]: Calling PlanningRequestAdapter 'CheckStartStateCollision'
[move_group-3] [INFO] [1781541826.424537066] [move_group.moveit.moveit.planners.ompl.model_based_planning_context]: Planner configuration 'manipulator' will use planner 'geometric::RRTConnect'. Additional configuration parameters will be set when the planner is constructed.
[move_group-3] [INFO] [1781541826.424595800] [move_group]: Calling Planner 'OMPL'
[move_group-3] [INFO] [1781541826.525066608] [move_group]: Calling PlanningResponseAdapter 'AddTimeOptimalParameterization'
[move_group-3] [INFO] [1781541826.542712904] [move_group]: Calling PlanningResponseAdapter 'ValidateSolution'
[move_group-3] [INFO] [1781541826.550135019] [move_group]: Calling PlanningResponseAdapter 'DisplayMotionPath'
[move_group-3] [WARN] [1781541826.550533313] [move_group.moveit.moveit.ros.planning_pipeline]: The planner plugin did not fill out the 'planner_id' field of the MotionPlanResponse. Setting it to the planner ID name of the MotionPlanRequest assuming that the planner plugin does warn you if it does not use the requested planner.
[move_group-3] [INFO] [1781541826.550781415] [move_group.moveit.moveit.ros.move_group.move_action]: Motion plan was computed successfully.
[pick_and_place_demo-9] [INFO] [1781541826.551318027] [moveit_1506615601.moveit.ros.move_group_interface]: Planning request complete!
[pick_and_place_demo-9] [INFO] [1781541826.551613642] [moveit_1506615601.moveit.ros.move_group_interface]: time taken to generate plan: 0.100301 seconds
[move_group-3] [INFO] [1781541826.552185472] [move_group.moveit.moveit.ros.move_group.clear_octomap_service]: Execution request received
[move_group-3] [INFO] [1781541826.552249537] [move_group.moveit.moveit.plugins.simple_controller_manager]: Returned 2 controllers in list
[move_group-3] [INFO] [1781541826.552284234] [move_group.moveit.moveit.plugins.simple_controller_manager]: Returned 2 controllers in list
[move_group-3] [INFO] [1781541826.552408676] [move_group.moveit.moveit.ros.trajectory_execution_manager]: Validating trajectory with allowed_start_tolerance 0.01
[pick_and_place_demo-9] [INFO] [1781541826.552401612] [moveit_1506615601.moveit.ros.move_group_interface]: Execute request accepted
[move_group-3] [INFO] [1781541826.554114780] [move_group.moveit.moveit.ros.trajectory_execution_manager]: Starting trajectory execution ...
[move_group-3] [INFO] [1781541826.554200447] [move_group.moveit.moveit.plugins.simple_controller_manager]: Returned 2 controllers in list
[move_group-3] [INFO] [1781541826.554235495] [move_group.moveit.moveit.plugins.simple_controller_manager]: Returned 2 controllers in list
[move_group-3] [INFO] [1781541826.554365437] [moveit.simple_controller_manager.follow_joint_trajectory_controller_handle]: sending trajectory to joint_trajectory_controller
[ros2_control_node-5] [INFO] [1781541826.554865418] [joint_trajectory_controller]: Received new action goal
[ros2_control_node-5] [INFO] [1781541826.554915405] [joint_trajectory_controller]: Accepted new action goal
[move_group-3] [INFO] [1781541826.555428783] [moveit.simple_controller_manager.follow_joint_trajectory_controller_handle]: joint_trajectory_controller started execution
[move_group-3] [INFO] [1781541826.555441648] [moveit.simple_controller_manager.follow_joint_trajectory_controller_handle]: Goal request accepted!
[ros2_control_node-5] [INFO] [1781541838.763446804] [joint_trajectory_controller]: Goal reached, success!
[move_group-3] [INFO] [1781541838.805707402] [moveit.simple_controller_manager.follow_joint_trajectory_controller_handle]: Controller 'joint_trajectory_controller' successfully finished
[move_group-3] [INFO] [1781541838.833714759] [move_group.moveit.moveit.ros.trajectory_execution_manager]: Completed trajectory execution with status SUCCEEDED ...
[move_group-3] [INFO] [1781541838.833912815] [move_group.moveit.moveit.ros.move_group.clear_octomap_service]: Execution completed: SUCCEEDED
[pick_and_place_demo-9] [INFO] [1781541838.834254020] [moveit_1506615601.moveit.ros.move_group_interface]: Execute request success!
[pick_and_place_demo-9] [INFO] [1781541838.834371409] [robot_controller]: moveToPose target x=0.345 y=-0.200 z=0.120
[pick_and_place_demo-9] [INFO] [1781541838.834602489] [moveit_1506615601.moveit.ros.move_group_interface]: MoveGroup action client/server ready
[move_group-3] [INFO] [1781541838.835000254] [move_group.moveit.moveit.ros.move_group.move_action]: MoveGroupMoveAction: Received request
[move_group-3] [INFO] [1781541838.835296171] [move_group.moveit.moveit.ros.move_group.move_action]: executing..
[pick_and_place_demo-9] [INFO] [1781541838.835299297] [moveit_1506615601.moveit.ros.move_group_interface]: Planning request accepted
[move_group-3] [INFO] [1781541838.843947394] [move_group.moveit.moveit.ros.move_group.move_action]: Planning request received for MoveGroup action. Forwarding to planning pipeline.
[move_group-3] [INFO] [1781541838.844118718] [move_group]: Calling PlanningRequestAdapter 'ResolveConstraintFrames'
[move_group-3] [INFO] [1781541838.844176029] [move_group]: Calling PlanningRequestAdapter 'ValidateWorkspaceBounds'
[move_group-3] [WARN] [1781541838.844184616] [move_group.moveit.moveit.ros.validate_workspace_bounds]: It looks like the planning volume was not specified. Using default values.
[move_group-3] [INFO] [1781541838.844252869] [move_group]: Calling PlanningRequestAdapter 'CheckStartStateBounds'
[move_group-3] [INFO] [1781541838.844274181] [move_group]: Calling PlanningRequestAdapter 'CheckStartStateCollision'
[move_group-3] [INFO] [1781541838.844765709] [move_group.moveit.moveit.planners.ompl.model_based_planning_context]: Planner configuration 'manipulator' will use planner 'geometric::RRTConnect'. Additional configuration parameters will be set when the planner is constructed.
[move_group-3] [INFO] [1781541838.845024974] [move_group]: Calling Planner 'OMPL'
[move_group-3] [INFO] [1781541838.871649393] [move_group]: Calling PlanningResponseAdapter 'AddTimeOptimalParameterization'
[move_group-3] [INFO] [1781541838.873006568] [move_group]: Calling PlanningResponseAdapter 'ValidateSolution'
[move_group-3] [INFO] [1781541838.874609252] [move_group]: Calling PlanningResponseAdapter 'DisplayMotionPath'
[move_group-3] [WARN] [1781541838.874822167] [move_group.moveit.moveit.ros.planning_pipeline]: The planner plugin did not fill out the 'planner_id' field of the MotionPlanResponse. Setting it to the planner ID name of the MotionPlanRequest assuming that the planner plugin does warn you if it does not use the requested planner.
[move_group-3] [INFO] [1781541838.874913334] [move_group.moveit.moveit.ros.move_group.move_action]: Motion plan was computed successfully.
[pick_and_place_demo-9] [INFO] [1781541838.875288616] [moveit_1506615601.moveit.ros.move_group_interface]: Planning request complete!
[pick_and_place_demo-9] [INFO] [1781541838.875688475] [moveit_1506615601.moveit.ros.move_group_interface]: time taken to generate plan: 0.0263907 seconds
[pick_and_place_demo-9] [INFO] [1781541838.876292231] [moveit_1506615601.moveit.ros.move_group_interface]: Execute request accepted
[move_group-3] [INFO] [1781541838.876479066] [move_group.moveit.moveit.ros.move_group.clear_octomap_service]: Execution request received
[move_group-3] [INFO] [1781541838.876546687] [move_group.moveit.moveit.plugins.simple_controller_manager]: Returned 2 controllers in list
[move_group-3] [INFO] [1781541838.876580123] [move_group.moveit.moveit.plugins.simple_controller_manager]: Returned 2 controllers in list
[move_group-3] [INFO] [1781541838.876654728] [move_group.moveit.moveit.ros.trajectory_execution_manager]: Validating trajectory with allowed_start_tolerance 0.01
[move_group-3] [INFO] [1781541838.883878417] [move_group.moveit.moveit.ros.trajectory_execution_manager]: Starting trajectory execution ...
[move_group-3] [INFO] [1781541838.883996417] [move_group.moveit.moveit.plugins.simple_controller_manager]: Returned 2 controllers in list
[move_group-3] [INFO] [1781541838.884016677] [move_group.moveit.moveit.plugins.simple_controller_manager]: Returned 2 controllers in list
[move_group-3] [INFO] [1781541838.884178302] [moveit.simple_controller_manager.follow_joint_trajectory_controller_handle]: sending trajectory to joint_trajectory_controller
[ros2_control_node-5] [INFO] [1781541838.884566749] [joint_trajectory_controller]: Received new action goal
[ros2_control_node-5] [INFO] [1781541838.884638188] [joint_trajectory_controller]: Accepted new action goal
[move_group-3] [INFO] [1781541838.884953172] [moveit.simple_controller_manager.follow_joint_trajectory_controller_handle]: joint_trajectory_controller started execution
[move_group-3] [INFO] [1781541838.884967029] [moveit.simple_controller_manager.follow_joint_trajectory_controller_handle]: Goal request accepted!
[ros2_control_node-5] [WARN] [1781541839.873429403] [controller_manager]: Overrun detected! The controller manager missed its desired rate of 100 Hz. The loop took 10.201558 ms (missed cycles : 2).
[ros2_control_node-5] [INFO] [1781541841.683425925] [joint_trajectory_controller]: Goal reached, success!
[move_group-3] [INFO] [1781541841.685270671] [moveit.simple_controller_manager.follow_joint_trajectory_controller_handle]: Controller 'joint_trajectory_controller' successfully finished
[move_group-3] [INFO] [1781541841.713815437] [move_group.moveit.moveit.ros.trajectory_execution_manager]: Completed trajectory execution with status SUCCEEDED ...
[move_group-3] [INFO] [1781541841.713978582] [move_group.moveit.moveit.ros.move_group.clear_octomap_service]: Execution completed: SUCCEEDED
[pick_and_place_demo-9] [INFO] [1781541841.714350988] [moveit_1506615601.moveit.ros.move_group_interface]: Execute request success!
[pick_and_place_demo-9] [INFO] [1781541841.724019407] [robot_controller]: moveLinear from x=0.345 y=-0.200 z=0.120 to x=0.465 y=-0.200 z=0.120
[move_group-3] [INFO] [1781541841.734063599] [move_group.moveit.moveit.ros.move_group.cartesian_path_service_capability]: Received request to compute Cartesian path
[move_group-3] [INFO] [1781541841.734248289] [move_group.moveit.moveit.ros.move_group.cartesian_path_service_capability]: Attempting to follow 1 waypoints for link 'gripper_grasp_frame' using a step of 0.010000 m and jump threshold 0.000000 (in global reference frame)
[move_group-3] [INFO] [1781541841.737555253] [move_group.moveit.moveit.ros.move_group.cartesian_path_service_capability]: Computed Cartesian path with 14 points (followed 100.000000% of requested trajectory)
[pick_and_place_demo-9] [INFO] [1781541841.738100346] [robot_controller]: Cartesian fraction = 1.000
[move_group-3] [INFO] [1781541841.738700636] [move_group.moveit.moveit.ros.move_group.clear_octomap_service]: Execution request received
[move_group-3] [INFO] [1781541841.738765893] [move_group.moveit.moveit.plugins.simple_controller_manager]: Returned 2 controllers in list
[move_group-3] [INFO] [1781541841.738799609] [move_group.moveit.moveit.plugins.simple_controller_manager]: Returned 2 controllers in list
[move_group-3] [INFO] [1781541841.738938159] [move_group.moveit.moveit.ros.trajectory_execution_manager]: Validating trajectory with allowed_start_tolerance 0.01
[pick_and_place_demo-9] [INFO] [1781541841.738789198] [moveit_1506615601.moveit.ros.move_group_interface]: Execute request accepted
[move_group-3] [INFO] [1781541841.743973385] [move_group.moveit.moveit.ros.trajectory_execution_manager]: Starting trajectory execution ...
[move_group-3] [INFO] [1781541841.744088530] [move_group.moveit.moveit.plugins.simple_controller_manager]: Returned 2 controllers in list
[move_group-3] [INFO] [1781541841.744114130] [move_group.moveit.moveit.plugins.simple_controller_manager]: Returned 2 controllers in list
[move_group-3] [INFO] [1781541841.744231719] [moveit.simple_controller_manager.follow_joint_trajectory_controller_handle]: sending trajectory to joint_trajectory_controller
[ros2_control_node-5] [INFO] [1781541841.744649300] [joint_trajectory_controller]: Received new action goal
[ros2_control_node-5] [INFO] [1781541841.744682926] [joint_trajectory_controller]: Accepted new action goal
[move_group-3] [INFO] [1781541841.744854951] [moveit.simple_controller_manager.follow_joint_trajectory_controller_handle]: joint_trajectory_controller started execution
[move_group-3] [INFO] [1781541841.744866223] [moveit.simple_controller_manager.follow_joint_trajectory_controller_handle]: Goal request accepted!
[ros2_control_node-5] [INFO] [1781541844.141522991] [joint_trajectory_controller]: Goal reached, success!
[move_group-3] [INFO] [1781541844.143337749] [moveit.simple_controller_manager.follow_joint_trajectory_controller_handle]: Controller 'joint_trajectory_controller' successfully finished
[move_group-3] [INFO] [1781541844.171839749] [move_group.moveit.moveit.ros.trajectory_execution_manager]: Completed trajectory execution with status SUCCEEDED ...
[move_group-3] [INFO] [1781541844.172064487] [move_group.moveit.moveit.ros.move_group.clear_octomap_service]: Execution completed: SUCCEEDED
[pick_and_place_demo-9] [INFO] [1781541844.172830921] [moveit_1506615601.moveit.ros.move_group_interface]: Execute request success!
[pick_and_place_demo-9] [INFO] [1781541844.173923824] [moveit_1506615601.moveit.ros.move_group_interface]: MoveGroup action client/server ready
[move_group-3] [INFO] [1781541844.174419919] [move_group.moveit.moveit.ros.move_group.move_action]: MoveGroupMoveAction: Received request
[pick_and_place_demo-9] [INFO] [1781541844.174771597] [moveit_1506615601.moveit.ros.move_group_interface]: Planning request accepted
[move_group-3] [INFO] [1781541844.175018776] [move_group.moveit.moveit.ros.move_group.move_action]: executing..
[move_group-3] [INFO] [1781541844.182075100] [move_group.moveit.moveit.ros.move_group.move_action]: Planning request received for MoveGroup action. Forwarding to planning pipeline.
[move_group-3] [INFO] [1781541844.182259960] [move_group]: Calling PlanningRequestAdapter 'ResolveConstraintFrames'
[move_group-3] [INFO] [1781541844.182297112] [move_group]: Calling PlanningRequestAdapter 'ValidateWorkspaceBounds'
[move_group-3] [WARN] [1781541844.182307763] [move_group.moveit.moveit.ros.validate_workspace_bounds]: It looks like the planning volume was not specified. Using default values.
[move_group-3] [INFO] [1781541844.182321600] [move_group]: Calling PlanningRequestAdapter 'CheckStartStateBounds'
[move_group-3] [INFO] [1781541844.182388721] [move_group]: Calling PlanningRequestAdapter 'CheckStartStateCollision'
[move_group-3] [INFO] [1781541844.182871742] [move_group.moveit.moveit.planners.ompl.model_based_planning_context]: Planner configuration 'gripper' will use planner 'geometric::RRTConnect'. Additional configuration parameters will be set when the planner is constructed.
[move_group-3] [INFO] [1781541844.182941368] [move_group]: Calling Planner 'OMPL'
[move_group-3] [INFO] [1781541844.201978871] [move_group]: Calling PlanningResponseAdapter 'AddTimeOptimalParameterization'
[move_group-3] [INFO] [1781541844.204161616] [move_group]: Calling PlanningResponseAdapter 'ValidateSolution'
[move_group-3] [INFO] [1781541844.204633796] [move_group]: Calling PlanningResponseAdapter 'DisplayMotionPath'
[move_group-3] [WARN] [1781541844.204807224] [move_group.moveit.moveit.ros.planning_pipeline]: The planner plugin did not fill out the 'planner_id' field of the MotionPlanResponse. Setting it to the planner ID name of the MotionPlanRequest assuming that the planner plugin does warn you if it does not use the requested planner.
[move_group-3] [INFO] [1781541844.204881489] [move_group.moveit.moveit.ros.move_group.move_action]: Motion plan was computed successfully.
[pick_and_place_demo-9] [INFO] [1781541844.205360873] [moveit_1506615601.moveit.ros.move_group_interface]: Planning request complete!
[pick_and_place_demo-9] [INFO] [1781541844.205424778] [moveit_1506615601.moveit.ros.move_group_interface]: time taken to generate plan: 0.0187192 seconds
[move_group-3] [INFO] [1781541844.205984890] [move_group.moveit.moveit.ros.move_group.clear_octomap_service]: Execution request received
[move_group-3] [INFO] [1781541844.206032162] [move_group.moveit.moveit.plugins.simple_controller_manager]: Returned 2 controllers in list
[move_group-3] [INFO] [1781541844.206103441] [move_group.moveit.moveit.plugins.simple_controller_manager]: Returned 2 controllers in list
[move_group-3] [INFO] [1781541844.206200650] [move_group.moveit.moveit.ros.trajectory_execution_manager]: Validating trajectory with allowed_start_tolerance 0.01
[pick_and_place_demo-9] [INFO] [1781541844.206508801] [moveit_1506615601.moveit.ros.move_group_interface]: Execute request accepted
[move_group-3] [INFO] [1781541844.211910241] [move_group.moveit.moveit.ros.trajectory_execution_manager]: Starting trajectory execution ...
[move_group-3] [INFO] [1781541844.212064151] [move_group.moveit.moveit.plugins.simple_controller_manager]: Returned 2 controllers in list
[move_group-3] [INFO] [1781541844.212105712] [move_group.moveit.moveit.plugins.simple_controller_manager]: Returned 2 controllers in list
[ros2_control_node-5] [INFO] [1781541844.212701524] [gripper_controller]: Received & accepted new action goal
[move_group-3] [INFO] [1781541844.291792602] [move_group.moveit.moveit.ros.trajectory_execution_manager]: Completed trajectory execution with status SUCCEEDED ...
[move_group-3] [INFO] [1781541844.291944265] [move_group.moveit.moveit.ros.move_group.clear_octomap_service]: Execution completed: SUCCEEDED
[pick_and_place_demo-9] [INFO] [1781541844.292281472] [moveit_1506615601.moveit.ros.move_group_interface]: Execute request success!
[pick_and_place_demo-9] [INFO] [1781541845.319227644] [robot_controller]: Box detached and placed in world
[pick_and_place_demo-9] [INFO] [1781541845.342177873] [robot_controller]: moveLinear from x=0.465 y=-0.200 z=0.120 to x=0.345 y=-0.200 z=0.120
[move_group-3] [INFO] [1781541845.352151851] [move_group.moveit.moveit.ros.move_group.cartesian_path_service_capability]: Received request to compute Cartesian path
[move_group-3] [INFO] [1781541845.352294660] [move_group.moveit.moveit.ros.move_group.cartesian_path_service_capability]: Attempting to follow 1 waypoints for link 'gripper_grasp_frame' using a step of 0.010000 m and jump threshold 0.000000 (in global reference frame)
[move_group-3] [INFO] [1781541845.355799113] [move_group.moveit.moveit.ros.move_group.cartesian_path_service_capability]: Computed Cartesian path with 13 points (followed 100.000000% of requested trajectory)
[pick_and_place_demo-9] [INFO] [1781541845.356759136] [robot_controller]: Cartesian fraction = 1.000
[move_group-3] [INFO] [1781541845.357406519] [move_group.moveit.moveit.ros.move_group.clear_octomap_service]: Execution request received
[move_group-3] [INFO] [1781541845.357468540] [move_group.moveit.moveit.plugins.simple_controller_manager]: Returned 2 controllers in list
[move_group-3] [INFO] [1781541845.357499771] [move_group.moveit.moveit.plugins.simple_controller_manager]: Returned 2 controllers in list
[move_group-3] [INFO] [1781541845.357629484] [move_group.moveit.moveit.ros.trajectory_execution_manager]: Validating trajectory with allowed_start_tolerance 0.01
[pick_and_place_demo-9] [INFO] [1781541845.357581741] [moveit_1506615601.moveit.ros.move_group_interface]: Execute request accepted
[move_group-3] [INFO] [1781541845.361980203] [move_group.moveit.moveit.ros.trajectory_execution_manager]: Starting trajectory execution ...
[move_group-3] [INFO] [1781541845.362093011] [move_group.moveit.moveit.plugins.simple_controller_manager]: Returned 2 controllers in list
[move_group-3] [INFO] [1781541845.362115424] [move_group.moveit.moveit.plugins.simple_controller_manager]: Returned 2 controllers in list
[move_group-3] [INFO] [1781541845.362224728] [moveit.simple_controller_manager.follow_joint_trajectory_controller_handle]: sending trajectory to joint_trajectory_controller
[ros2_control_node-5] [INFO] [1781541845.362655057] [joint_trajectory_controller]: Received new action goal
[ros2_control_node-5] [INFO] [1781541845.362688132] [joint_trajectory_controller]: Accepted new action goal
[move_group-3] [INFO] [1781541845.362898352] [moveit.simple_controller_manager.follow_joint_trajectory_controller_handle]: joint_trajectory_controller started execution
[move_group-3] [INFO] [1781541845.362911487] [moveit.simple_controller_manager.follow_joint_trajectory_controller_handle]: Goal request accepted!
[ros2_control_node-5] [INFO] [1781541847.761562285] [joint_trajectory_controller]: Goal reached, success!
[move_group-3] [INFO] [1781541847.764092861] [moveit.simple_controller_manager.follow_joint_trajectory_controller_handle]: Controller 'joint_trajectory_controller' successfully finished
[move_group-3] [INFO] [1781541847.791878843] [move_group.moveit.moveit.ros.trajectory_execution_manager]: Completed trajectory execution with status SUCCEEDED ...
[move_group-3] [INFO] [1781541847.792043043] [move_group.moveit.moveit.ros.move_group.clear_octomap_service]: Execution completed: SUCCEEDED
[pick_and_place_demo-9] [INFO] [1781541847.792452812] [moveit_1506615601.moveit.ros.move_group_interface]: Execute request success!
[pick_and_place_demo-9] [INFO] [1781541847.793162827] [robot_controller]: moveToPose target x=0.345 y=-0.200 z=0.220
[pick_and_place_demo-9] [INFO] [1781541847.793323401] [moveit_1506615601.moveit.ros.move_group_interface]: MoveGroup action client/server ready
[move_group-3] [INFO] [1781541847.793709143] [move_group.moveit.moveit.ros.move_group.move_action]: MoveGroupMoveAction: Received request
[move_group-3] [INFO] [1781541847.793941556] [move_group.moveit.moveit.ros.move_group.move_action]: executing..
[pick_and_place_demo-9] [INFO] [1781541847.794053585] [moveit_1506615601.moveit.ros.move_group_interface]: Planning request accepted
[move_group-3] [INFO] [1781541847.801849312] [move_group.moveit.moveit.ros.move_group.move_action]: Planning request received for MoveGroup action. Forwarding to planning pipeline.
[move_group-3] [INFO] [1781541847.802042399] [move_group]: Calling PlanningRequestAdapter 'ResolveConstraintFrames'
[move_group-3] [INFO] [1781541847.802088178] [move_group]: Calling PlanningRequestAdapter 'ValidateWorkspaceBounds'
[move_group-3] [WARN] [1781541847.802100241] [move_group.moveit.moveit.ros.validate_workspace_bounds]: It looks like the planning volume was not specified. Using default values.
[move_group-3] [INFO] [1781541847.802123978] [move_group]: Calling PlanningRequestAdapter 'CheckStartStateBounds'
[move_group-3] [INFO] [1781541847.802158184] [move_group]: Calling PlanningRequestAdapter 'CheckStartStateCollision'
[move_group-3] [INFO] [1781541847.802636487] [move_group.moveit.moveit.planners.ompl.model_based_planning_context]: Planner configuration 'manipulator' will use planner 'geometric::RRTConnect'. Additional configuration parameters will be set when the planner is constructed.
[move_group-3] [INFO] [1781541847.802699881] [move_group]: Calling Planner 'OMPL'
[move_group-3] [INFO] [1781541847.821548599] [move_group]: Calling PlanningResponseAdapter 'AddTimeOptimalParameterization'
[move_group-3] [INFO] [1781541847.823165282] [move_group]: Calling PlanningResponseAdapter 'ValidateSolution'
[move_group-3] [INFO] [1781541847.824630961] [move_group]: Calling PlanningResponseAdapter 'DisplayMotionPath'
[move_group-3] [WARN] [1781541847.824836322] [move_group.moveit.moveit.ros.planning_pipeline]: The planner plugin did not fill out the 'planner_id' field of the MotionPlanResponse. Setting it to the planner ID name of the MotionPlanRequest assuming that the planner plugin does warn you if it does not use the requested planner.
[move_group-3] [INFO] [1781541847.824908262] [move_group.moveit.moveit.ros.move_group.move_action]: Motion plan was computed successfully.
[pick_and_place_demo-9] [INFO] [1781541847.825537252] [moveit_1506615601.moveit.ros.move_group_interface]: Planning request complete!
[pick_and_place_demo-9] [INFO] [1781541847.825675038] [moveit_1506615601.moveit.ros.move_group_interface]: time taken to generate plan: 0.0186772 seconds
[move_group-3] [INFO] [1781541847.826835211] [move_group.moveit.moveit.ros.move_group.clear_octomap_service]: Execution request received
[move_group-3] [INFO] [1781541847.826881682] [move_group.moveit.moveit.plugins.simple_controller_manager]: Returned 2 controllers in list
[move_group-3] [INFO] [1781541847.826901510] [move_group.moveit.moveit.plugins.simple_controller_manager]: Returned 2 controllers in list
[move_group-3] [INFO] [1781541847.827291772] [move_group.moveit.moveit.ros.trajectory_execution_manager]: Validating trajectory with allowed_start_tolerance 0.01
[pick_and_place_demo-9] [INFO] [1781541847.827610343] [moveit_1506615601.moveit.ros.move_group_interface]: Execute request accepted
[move_group-3] [INFO] [1781541847.832227359] [move_group.moveit.moveit.ros.trajectory_execution_manager]: Starting trajectory execution ...
[move_group-3] [INFO] [1781541847.832398563] [move_group.moveit.moveit.plugins.simple_controller_manager]: Returned 2 controllers in list
[move_group-3] [INFO] [1781541847.832441337] [move_group.moveit.moveit.plugins.simple_controller_manager]: Returned 2 controllers in list
[move_group-3] [INFO] [1781541847.832601078] [moveit.simple_controller_manager.follow_joint_trajectory_controller_handle]: sending trajectory to joint_trajectory_controller
[ros2_control_node-5] [INFO] [1781541847.833082007] [joint_trajectory_controller]: Received new action goal
[ros2_control_node-5] [INFO] [1781541847.833116314] [joint_trajectory_controller]: Accepted new action goal
[move_group-3] [INFO] [1781541847.833372353] [moveit.simple_controller_manager.follow_joint_trajectory_controller_handle]: joint_trajectory_controller started execution
[move_group-3] [INFO] [1781541847.833384938] [moveit.simple_controller_manager.follow_joint_trajectory_controller_handle]: Goal request accepted!
[ros2_control_node-5] [INFO] [1781541850.631524304] [joint_trajectory_controller]: Goal reached, success!
[move_group-3] [INFO] [1781541850.633967300] [moveit.simple_controller_manager.follow_joint_trajectory_controller_handle]: Controller 'joint_trajectory_controller' successfully finished
[move_group-3] [INFO] [1781541850.661997538] [move_group.moveit.moveit.ros.trajectory_execution_manager]: Completed trajectory execution with status SUCCEEDED ...
[move_group-3] [INFO] [1781541850.662448417] [move_group.moveit.moveit.ros.move_group.clear_octomap_service]: Execution completed: SUCCEEDED
[pick_and_place_demo-9] [INFO] [1781541850.663138914] [moveit_1506615601.moveit.ros.move_group_interface]: Execute request success!
[pick_and_place_demo-9] [INFO] [1781541850.663737381] [moveit_1506615601.moveit.ros.move_group_interface]: MoveGroup action client/server ready
[move_group-3] [INFO] [1781541850.664193321] [move_group.moveit.moveit.ros.move_group.move_action]: MoveGroupMoveAction: Received request
[move_group-3] [INFO] [1781541850.664508699] [move_group.moveit.moveit.ros.move_group.move_action]: executing..
[pick_and_place_demo-9] [INFO] [1781541850.664701422] [moveit_1506615601.moveit.ros.move_group_interface]: Planning request accepted
[move_group-3] [INFO] [1781541850.671949253] [move_group.moveit.moveit.ros.move_group.move_action]: Planning request received for MoveGroup action. Forwarding to planning pipeline.
[move_group-3] [INFO] [1781541850.672222576] [move_group]: Calling PlanningRequestAdapter 'ResolveConstraintFrames'
[move_group-3] [INFO] [1781541850.672256292] [move_group]: Calling PlanningRequestAdapter 'ValidateWorkspaceBounds'
[move_group-3] [WARN] [1781541850.672264698] [move_group.moveit.moveit.ros.validate_workspace_bounds]: It looks like the planning volume was not specified. Using default values.
[move_group-3] [INFO] [1781541850.672283084] [move_group]: Calling PlanningRequestAdapter 'CheckStartStateBounds'
[move_group-3] [INFO] [1781541850.672304766] [move_group]: Calling PlanningRequestAdapter 'CheckStartStateCollision'
[move_group-3] [INFO] [1781541850.672811492] [move_group.moveit.moveit.planners.ompl.model_based_planning_context]: Planner configuration 'manipulator' will use planner 'geometric::RRTConnect'. Additional configuration parameters will be set when the planner is constructed.
[move_group-3] [INFO] [1781541850.672912619] [move_group]: Calling Planner 'OMPL'
[move_group-3] [INFO] [1781541850.686854565] [move_group]: Calling PlanningResponseAdapter 'AddTimeOptimalParameterization'
[move_group-3] [INFO] [1781541850.691409701] [move_group]: Calling PlanningResponseAdapter 'ValidateSolution'
[move_group-3] [INFO] [1781541850.692641053] [move_group]: Calling PlanningResponseAdapter 'DisplayMotionPath'
[move_group-3] [WARN] [1781541850.692958973] [move_group.moveit.moveit.ros.planning_pipeline]: The planner plugin did not fill out the 'planner_id' field of the MotionPlanResponse. Setting it to the planner ID name of the MotionPlanRequest assuming that the planner plugin does warn you if it does not use the requested planner.
[move_group-3] [INFO] [1781541850.693063036] [move_group.moveit.moveit.ros.move_group.move_action]: Motion plan was computed successfully.
[pick_and_place_demo-9] [INFO] [1781541850.693888025] [moveit_1506615601.moveit.ros.move_group_interface]: Planning request complete!
[pick_and_place_demo-9] [INFO] [1781541850.694292484] [moveit_1506615601.moveit.ros.move_group_interface]: time taken to generate plan: 0.0136975 seconds
[pick_and_place_demo-9] [INFO] [1781541850.695004203] [moveit_1506615601.moveit.ros.move_group_interface]: Execute request accepted
[move_group-3] [INFO] [1781541850.695010806] [move_group.moveit.moveit.ros.move_group.clear_octomap_service]: Execution request received
[move_group-3] [INFO] [1781541850.695061985] [move_group.moveit.moveit.plugins.simple_controller_manager]: Returned 2 controllers in list
[move_group-3] [INFO] [1781541850.695088678] [move_group.moveit.moveit.plugins.simple_controller_manager]: Returned 2 controllers in list
[move_group-3] [INFO] [1781541850.695206818] [move_group.moveit.moveit.ros.trajectory_execution_manager]: Validating trajectory with allowed_start_tolerance 0.01
[move_group-3] [INFO] [1781541850.701989491] [move_group.moveit.moveit.ros.trajectory_execution_manager]: Starting trajectory execution ...
[move_group-3] [INFO] [1781541850.702096971] [move_group.moveit.moveit.plugins.simple_controller_manager]: Returned 2 controllers in list
[move_group-3] [INFO] [1781541850.702123252] [move_group.moveit.moveit.plugins.simple_controller_manager]: Returned 2 controllers in list
[move_group-3] [INFO] [1781541850.702306139] [moveit.simple_controller_manager.follow_joint_trajectory_controller_handle]: sending trajectory to joint_trajectory_controller
[ros2_control_node-5] [INFO] [1781541850.702786226] [joint_trajectory_controller]: Received new action goal
[ros2_control_node-5] [INFO] [1781541850.702854318] [joint_trajectory_controller]: Accepted new action goal
[move_group-3] [INFO] [1781541850.703095616] [moveit.simple_controller_manager.follow_joint_trajectory_controller_handle]: joint_trajectory_controller started execution
[move_group-3] [INFO] [1781541850.703108161] [moveit.simple_controller_manager.follow_joint_trajectory_controller_handle]: Goal request accepted!
[ros2_control_node-5] [INFO] [1781541858.771499028] [joint_trajectory_controller]: Goal reached, success!
[move_group-3] [INFO] [1781541858.803689928] [moveit.simple_controller_manager.follow_joint_trajectory_controller_handle]: Controller 'joint_trajectory_controller' successfully finished
[move_group-3] [INFO] [1781541858.832856559] [move_group.moveit.moveit.ros.trajectory_execution_manager]: Completed trajectory execution with status SUCCEEDED ...
[move_group-3] [INFO] [1781541858.833045045] [move_group.moveit.moveit.ros.move_group.clear_octomap_service]: Execution completed: SUCCEEDED
[pick_and_place_demo-9] [INFO] [1781541858.833702980] [moveit_1506615601.moveit.ros.move_group_interface]: Execute request success!
[INFO] [pick_and_place_demo-9]: process has finished cleanly [pid 21620]
